[Thu Nov  6 13:42:29 2025] >> @@@@@@@@@@@@@@@@@@@@@@@@@@@@@@@@@@@@@@@@@@@@@@@@@@@@@@@@@@@@@@@@@@@@@@@@@@@@@@@@
[Thu Nov  6 13:42:29 2025] >> @@@@@@@@@@@@@@@@@@@@@@@@@@@@@@@@@@@@@@@@@@@@@@@@@@@@@@@@@@@@@@@@@@@@@@@@@@@@@@@@
[Thu Nov  6 13:42:29 2025] >> {'D_MODEL': 512, 'NUM_LAYERS': 1, 'SEQ_LEN': 50, 'NUM_EPOCHS': 31, 'PRECISION': 'ftp32', 'DEVICE': 'cuda:0', 'VALIDATE': 1}
[Thu Nov  6 13:42:32 2025] >> train: 
[Thu Nov  6 13:42:52 2025] >> epoch [ 0] saved in [opus_books_emb512_head2_de_fr_model_dense_enc/tmodel_00.pt], train loss [5.8736]
[Thu Nov  6 13:43:05 2025] >> epoch [ 1] saved in [opus_books_emb512_head2_de_fr_model_dense_enc/tmodel_01.pt], train loss [4.0746]
[Thu Nov  6 13:43:19 2025] >> validate loss: 4.277979212921935
[Thu Nov  6 13:43:31 2025] >> epoch [ 2] saved in [opus_books_emb512_head2_de_fr_model_dense_enc/tmodel_02.pt], train loss [5.0993]
[Thu Nov  6 13:43:47 2025] >> validate loss: 4.085641855113262
[Thu Nov  6 13:44:00 2025] >> epoch [ 3] saved in [opus_books_emb512_head2_de_fr_model_dense_enc/tmodel_03.pt], train loss [3.2535]
[Thu Nov  6 13:44:14 2025] >> validate loss: 3.963544761463677
[Thu Nov  6 13:44:27 2025] >> epoch [ 4] saved in [opus_books_emb512_head2_de_fr_model_dense_enc/tmodel_04.pt], train loss [3.1125]
[Thu Nov  6 13:44:42 2025] >> validate loss: 3.8582977892516497
[Thu Nov  6 13:44:55 2025] >> epoch [ 5] saved in [opus_books_emb512_head2_de_fr_model_dense_enc/tmodel_05.pt], train loss [5.1102]
[Thu Nov  6 13:45:11 2025] >> validate loss: 3.7741882290158952
[Thu Nov  6 13:45:23 2025] >> epoch [ 6] saved in [opus_books_emb512_head2_de_fr_model_dense_enc/tmodel_06.pt], train loss [4.2808]
[Thu Nov  6 13:45:38 2025] >> validate loss: 3.7018914854027662
[Thu Nov  6 13:45:52 2025] >> epoch [ 7] saved in [opus_books_emb512_head2_de_fr_model_dense_enc/tmodel_07.pt], train loss [3.8771]
[Thu Nov  6 13:46:10 2025] >> validate loss: 3.6545957084342
[Thu Nov  6 13:46:28 2025] >> epoch [ 8] saved in [opus_books_emb512_head2_de_fr_model_dense_enc/tmodel_08.pt], train loss [3.2840]
[Thu Nov  6 13:46:48 2025] >> validate loss: 3.6186710859273936
[Thu Nov  6 13:47:00 2025] >> epoch [ 9] saved in [opus_books_emb512_head2_de_fr_model_dense_enc/tmodel_09.pt], train loss [1.7148]
[Thu Nov  6 13:47:16 2025] >> validate loss: 3.5842226556197216
[Thu Nov  6 13:47:32 2025] >> epoch [10] saved in [opus_books_emb512_head2_de_fr_model_dense_enc/tmodel_10.pt], train loss [3.0713]
[Thu Nov  6 13:47:48 2025] >> validate loss: 3.555742442349851
[Thu Nov  6 13:48:02 2025] >> epoch [11] saved in [opus_books_emb512_head2_de_fr_model_dense_enc/tmodel_11.pt], train loss [3.3359]
[Thu Nov  6 13:48:17 2025] >> validate loss: 3.5225169548568616
[Thu Nov  6 13:48:28 2025] >> epoch [12] saved in [opus_books_emb512_head2_de_fr_model_dense_enc/tmodel_12.pt], train loss [3.7242]
[Thu Nov  6 13:48:43 2025] >> validate loss: 3.491098430249598
[Thu Nov  6 13:48:59 2025] >> epoch [13] saved in [opus_books_emb512_head2_de_fr_model_dense_enc/tmodel_13.pt], train loss [2.1957]
[Thu Nov  6 13:49:14 2025] >> validate loss: 3.48910928391791
[Thu Nov  6 13:49:26 2025] >> epoch [14] saved in [opus_books_emb512_head2_de_fr_model_dense_enc/tmodel_14.pt], train loss [2.7841]
[Thu Nov  6 13:49:43 2025] >> validate loss: 3.5070938336384763
[Thu Nov  6 13:49:55 2025] >> epoch [15] saved in [opus_books_emb512_head2_de_fr_model_dense_enc/tmodel_15.pt], train loss [2.3442]
[Thu Nov  6 13:50:11 2025] >> validate loss: 3.463899717702494
[Thu Nov  6 13:50:25 2025] >> epoch [16] saved in [opus_books_emb512_head2_de_fr_model_dense_enc/tmodel_16.pt], train loss [2.6007]
[Thu Nov  6 13:50:40 2025] >> validate loss: 3.46106833675379
[Thu Nov  6 13:50:52 2025] >> epoch [17] saved in [opus_books_emb512_head2_de_fr_model_dense_enc/tmodel_17.pt], train loss [1.8941]
[Thu Nov  6 13:51:08 2025] >> validate loss: 3.4549666901171467
[Thu Nov  6 13:51:24 2025] >> epoch [18] saved in [opus_books_emb512_head2_de_fr_model_dense_enc/tmodel_18.pt], train loss [1.7768]
[Thu Nov  6 13:51:39 2025] >> validate loss: 3.4396600570169533
[Thu Nov  6 13:51:53 2025] >> epoch [19] saved in [opus_books_emb512_head2_de_fr_model_dense_enc/tmodel_19.pt], train loss [3.9060]
[Thu Nov  6 13:52:09 2025] >> validate loss: 3.4155236363927006
[Thu Nov  6 13:52:21 2025] >> epoch [20] saved in [opus_books_emb512_head2_de_fr_model_dense_enc/tmodel_20.pt], train loss [2.2998]
[Thu Nov  6 13:52:39 2025] >> validate loss: 3.4230077060270103
[Thu Nov  6 13:52:53 2025] >> epoch [21] saved in [opus_books_emb512_head2_de_fr_model_dense_enc/tmodel_21.pt], train loss [1.4643]
[Thu Nov  6 13:53:07 2025] >> validate loss: 3.4173785411950313
[Thu Nov  6 13:53:23 2025] >> epoch [22] saved in [opus_books_emb512_head2_de_fr_model_dense_enc/tmodel_22.pt], train loss [2.9274]
[Thu Nov  6 13:53:39 2025] >> validate loss: 3.4304330744612614
[Thu Nov  6 13:53:50 2025] >> epoch [23] saved in [opus_books_emb512_head2_de_fr_model_dense_enc/tmodel_23.pt], train loss [2.5766]
[Thu Nov  6 13:54:06 2025] >> validate loss: 3.430346445431785
[Thu Nov  6 13:54:19 2025] >> epoch [24] saved in [opus_books_emb512_head2_de_fr_model_dense_enc/tmodel_24.pt], train loss [3.6236]
[Thu Nov  6 13:54:34 2025] >> validate loss: 3.4201001546427627
[Thu Nov  6 13:54:47 2025] >> epoch [25] saved in [opus_books_emb512_head2_de_fr_model_dense_enc/tmodel_25.pt], train loss [2.4444]
[Thu Nov  6 13:55:03 2025] >> validate loss: 3.431195298830668
[Thu Nov  6 13:55:15 2025] >> epoch [26] saved in [opus_books_emb512_head2_de_fr_model_dense_enc/tmodel_26.pt], train loss [1.4521]
[Thu Nov  6 13:55:29 2025] >> validate loss: 3.4279560285901267
[Thu Nov  6 13:55:42 2025] >> epoch [27] saved in [opus_books_emb512_head2_de_fr_model_dense_enc/tmodel_27.pt], train loss [2.7382]
[Thu Nov  6 13:55:58 2025] >> validate loss: 3.4283450255318293
[Thu Nov  6 13:56:10 2025] >> epoch [28] saved in [opus_books_emb512_head2_de_fr_model_dense_enc/tmodel_28.pt], train loss [2.4983]
[Thu Nov  6 13:56:25 2025] >> validate loss: 3.432069009000605
[Thu Nov  6 13:56:37 2025] >> epoch [29] saved in [opus_books_emb512_head2_de_fr_model_dense_enc/tmodel_29.pt], train loss [1.5898]
[Thu Nov  6 13:56:51 2025] >> validate loss: 3.43239801924294
[Thu Nov  6 13:57:04 2025] >> epoch [30] saved in [opus_books_emb512_head2_de_fr_model_dense_enc/tmodel_30.pt], train loss [2.6533]
[Thu Nov  6 13:57:19 2025] >> validate loss: 3.450016732511754
[Thu Nov  6 13:57:19 2025] >> 
[Thu Nov  6 13:57:22 2025] >> @@@@@@@@@@@@@@@@@@@@@@@@@@@@@@@@@@@@@@@@@@@@@@@@@@@@@@@@@@@@@@@@@@@@@@@@@@@@@@@@
[Thu Nov  6 13:57:22 2025] >> @@@@@@@@@@@@@@@@@@@@@@@@@@@@@@@@@@@@@@@@@@@@@@@@@@@@@@@@@@@@@@@@@@@@@@@@@@@@@@@@
[Thu Nov  6 13:57:22 2025] >> {'D_MODEL': 512, 'NUM_LAYERS': 2, 'SEQ_LEN': 50, 'NUM_EPOCHS': 31, 'PRECISION': 'ftp32', 'DEVICE': 'cuda:0', 'VALIDATE': 1}
[Thu Nov  6 13:57:25 2025] >> train: 
[Thu Nov  6 13:57:47 2025] >> epoch [ 0] saved in [opus_books_emb512_head2_de_fr_model_dense_enc/tmodel_00.pt], train loss [4.4003]
[Thu Nov  6 13:58:05 2025] >> epoch [ 1] saved in [opus_books_emb512_head2_de_fr_model_dense_enc/tmodel_01.pt], train loss [3.5290]
[Thu Nov  6 13:58:27 2025] >> validate loss: 4.228991156532651
[Thu Nov  6 13:58:44 2025] >> epoch [ 2] saved in [opus_books_emb512_head2_de_fr_model_dense_enc/tmodel_02.pt], train loss [4.8116]
[Thu Nov  6 13:59:06 2025] >> validate loss: 4.036185895897781
[Thu Nov  6 13:59:23 2025] >> epoch [ 3] saved in [opus_books_emb512_head2_de_fr_model_dense_enc/tmodel_03.pt], train loss [2.1552]
[Thu Nov  6 13:59:46 2025] >> validate loss: 3.8978235458398793
[Thu Nov  6 14:00:04 2025] >> epoch [ 4] saved in [opus_books_emb512_head2_de_fr_model_dense_enc/tmodel_04.pt], train loss [3.4047]
[Thu Nov  6 14:00:26 2025] >> validate loss: 3.826495266235924
[Thu Nov  6 14:00:44 2025] >> epoch [ 5] saved in [opus_books_emb512_head2_de_fr_model_dense_enc/tmodel_05.pt], train loss [3.6345]
[Thu Nov  6 14:01:07 2025] >> validate loss: 3.7240747211643455
[Thu Nov  6 14:01:25 2025] >> epoch [ 6] saved in [opus_books_emb512_head2_de_fr_model_dense_enc/tmodel_06.pt], train loss [5.2596]
[Thu Nov  6 14:01:48 2025] >> validate loss: 3.6430955961841183
[Thu Nov  6 14:02:06 2025] >> epoch [ 7] saved in [opus_books_emb512_head2_de_fr_model_dense_enc/tmodel_07.pt], train loss [4.1093]
[Thu Nov  6 14:02:29 2025] >> validate loss: 3.5971033932670715
[Thu Nov  6 14:02:47 2025] >> epoch [ 8] saved in [opus_books_emb512_head2_de_fr_model_dense_enc/tmodel_08.pt], train loss [2.9576]
[Thu Nov  6 14:03:11 2025] >> validate loss: 3.5531250434520443
[Thu Nov  6 14:03:28 2025] >> epoch [ 9] saved in [opus_books_emb512_head2_de_fr_model_dense_enc/tmodel_09.pt], train loss [3.2372]
[Thu Nov  6 14:03:54 2025] >> validate loss: 3.5148538180759976
[Thu Nov  6 14:04:11 2025] >> epoch [10] saved in [opus_books_emb512_head2_de_fr_model_dense_enc/tmodel_10.pt], train loss [2.8244]
[Thu Nov  6 14:04:35 2025] >> validate loss: 3.486961364058017
[Thu Nov  6 14:04:54 2025] >> epoch [11] saved in [opus_books_emb512_head2_de_fr_model_dense_enc/tmodel_11.pt], train loss [2.2440]
[Thu Nov  6 14:05:19 2025] >> validate loss: 3.465135813103438
[Thu Nov  6 14:05:38 2025] >> epoch [12] saved in [opus_books_emb512_head2_de_fr_model_dense_enc/tmodel_12.pt], train loss [4.4445]
[Thu Nov  6 14:06:06 2025] >> validate loss: 3.43993493850097
[Thu Nov  6 14:06:27 2025] >> epoch [13] saved in [opus_books_emb512_head2_de_fr_model_dense_enc/tmodel_13.pt], train loss [2.1975]
[Thu Nov  6 14:06:55 2025] >> validate loss: 3.4281020570455003
[Thu Nov  6 14:07:13 2025] >> epoch [14] saved in [opus_books_emb512_head2_de_fr_model_dense_enc/tmodel_14.pt], train loss [4.0462]
[Thu Nov  6 14:07:38 2025] >> validate loss: 3.4233234802537837
[Thu Nov  6 14:07:56 2025] >> epoch [15] saved in [opus_books_emb512_head2_de_fr_model_dense_enc/tmodel_15.pt], train loss [3.6469]
[Thu Nov  6 14:08:21 2025] >> validate loss: 3.39851882034566
[Thu Nov  6 14:08:38 2025] >> epoch [16] saved in [opus_books_emb512_head2_de_fr_model_dense_enc/tmodel_16.pt], train loss [3.0910]
[Thu Nov  6 14:09:03 2025] >> validate loss: 3.3907216964518008
[Thu Nov  6 14:09:21 2025] >> epoch [17] saved in [opus_books_emb512_head2_de_fr_model_dense_enc/tmodel_17.pt], train loss [2.9657]
[Thu Nov  6 14:09:45 2025] >> validate loss: 3.390352231771571
[Thu Nov  6 14:10:04 2025] >> epoch [18] saved in [opus_books_emb512_head2_de_fr_model_dense_enc/tmodel_18.pt], train loss [2.1761]
[Thu Nov  6 14:10:31 2025] >> validate loss: 3.379175573888451
[Thu Nov  6 14:10:49 2025] >> epoch [19] saved in [opus_books_emb512_head2_de_fr_model_dense_enc/tmodel_19.pt], train loss [3.1776]
[Thu Nov  6 14:11:15 2025] >> validate loss: 3.383780520887774
[Thu Nov  6 14:11:33 2025] >> epoch [20] saved in [opus_books_emb512_head2_de_fr_model_dense_enc/tmodel_20.pt], train loss [2.6250]
[Thu Nov  6 14:12:01 2025] >> validate loss: 3.3797911279989354
[Thu Nov  6 14:12:20 2025] >> epoch [21] saved in [opus_books_emb512_head2_de_fr_model_dense_enc/tmodel_21.pt], train loss [1.7645]
[Thu Nov  6 14:12:45 2025] >> validate loss: 3.3807682273707864
[Thu Nov  6 14:13:02 2025] >> epoch [22] saved in [opus_books_emb512_head2_de_fr_model_dense_enc/tmodel_22.pt], train loss [2.0390]
[Thu Nov  6 14:13:27 2025] >> validate loss: 3.3781511771558512
[Thu Nov  6 14:13:45 2025] >> epoch [23] saved in [opus_books_emb512_head2_de_fr_model_dense_enc/tmodel_23.pt], train loss [2.2375]
[Thu Nov  6 14:14:12 2025] >> validate loss: 3.3911632880848037
[Thu Nov  6 14:14:30 2025] >> epoch [24] saved in [opus_books_emb512_head2_de_fr_model_dense_enc/tmodel_24.pt], train loss [1.9938]
[Thu Nov  6 14:14:56 2025] >> validate loss: 3.3848031963964904
[Thu Nov  6 14:15:13 2025] >> epoch [25] saved in [opus_books_emb512_head2_de_fr_model_dense_enc/tmodel_25.pt], train loss [2.0267]
[Thu Nov  6 14:15:39 2025] >> validate loss: 3.3898437425687717
[Thu Nov  6 14:15:57 2025] >> epoch [26] saved in [opus_books_emb512_head2_de_fr_model_dense_enc/tmodel_26.pt], train loss [2.3289]
[Thu Nov  6 14:16:24 2025] >> validate loss: 3.398592986413755
[Thu Nov  6 14:16:42 2025] >> epoch [27] saved in [opus_books_emb512_head2_de_fr_model_dense_enc/tmodel_27.pt], train loss [1.8963]
[Thu Nov  6 14:17:09 2025] >> validate loss: 3.4042015278666224
[Thu Nov  6 14:17:27 2025] >> epoch [28] saved in [opus_books_emb512_head2_de_fr_model_dense_enc/tmodel_28.pt], train loss [2.1574]
[Thu Nov  6 14:17:52 2025] >> validate loss: 3.404628192019497
[Thu Nov  6 14:18:10 2025] >> epoch [29] saved in [opus_books_emb512_head2_de_fr_model_dense_enc/tmodel_29.pt], train loss [1.5468]
[Thu Nov  6 14:18:35 2025] >> validate loss: 3.4124028570896274
[Thu Nov  6 14:18:53 2025] >> epoch [30] saved in [opus_books_emb512_head2_de_fr_model_dense_enc/tmodel_30.pt], train loss [2.8160]
[Thu Nov  6 14:19:18 2025] >> validate loss: 3.428148587716778
[Thu Nov  6 14:19:18 2025] >> 
[Thu Nov  6 14:19:22 2025] >> @@@@@@@@@@@@@@@@@@@@@@@@@@@@@@@@@@@@@@@@@@@@@@@@@@@@@@@@@@@@@@@@@@@@@@@@@@@@@@@@
[Thu Nov  6 14:19:22 2025] >> @@@@@@@@@@@@@@@@@@@@@@@@@@@@@@@@@@@@@@@@@@@@@@@@@@@@@@@@@@@@@@@@@@@@@@@@@@@@@@@@
[Thu Nov  6 14:19:22 2025] >> {'D_MODEL': 512, 'NUM_LAYERS': 4, 'SEQ_LEN': 50, 'NUM_EPOCHS': 31, 'PRECISION': 'ftp32', 'DEVICE': 'cuda:0', 'VALIDATE': 1}
[Thu Nov  6 14:19:25 2025] >> train: 
[Thu Nov  6 14:20:02 2025] >> epoch [ 0] saved in [opus_books_emb512_head2_de_fr_model_dense_enc/tmodel_00.pt], train loss [3.5889]
[Thu Nov  6 14:20:34 2025] >> epoch [ 1] saved in [opus_books_emb512_head2_de_fr_model_dense_enc/tmodel_01.pt], train loss [5.8863]
[Thu Nov  6 14:21:11 2025] >> validate loss: 4.217922984779655
[Thu Nov  6 14:21:43 2025] >> epoch [ 2] saved in [opus_books_emb512_head2_de_fr_model_dense_enc/tmodel_02.pt], train loss [4.9926]
[Thu Nov  6 14:22:21 2025] >> validate loss: 4.025969617466562
[Thu Nov  6 14:22:50 2025] >> epoch [ 3] saved in [opus_books_emb512_head2_de_fr_model_dense_enc/tmodel_03.pt], train loss [4.4678]
[Thu Nov  6 14:23:31 2025] >> validate loss: 3.8881524281756357
[Thu Nov  6 14:24:00 2025] >> epoch [ 4] saved in [opus_books_emb512_head2_de_fr_model_dense_enc/tmodel_04.pt], train loss [2.7357]
[Thu Nov  6 14:24:43 2025] >> validate loss: 3.7894570375073697
[Thu Nov  6 14:25:12 2025] >> epoch [ 5] saved in [opus_books_emb512_head2_de_fr_model_dense_enc/tmodel_05.pt], train loss [2.7912]
[Thu Nov  6 14:25:53 2025] >> validate loss: 3.702015271950594
[Thu Nov  6 14:26:23 2025] >> epoch [ 6] saved in [opus_books_emb512_head2_de_fr_model_dense_enc/tmodel_06.pt], train loss [4.4030]
[Thu Nov  6 14:27:03 2025] >> validate loss: 3.635990751254094
[Thu Nov  6 14:27:34 2025] >> epoch [ 7] saved in [opus_books_emb512_head2_de_fr_model_dense_enc/tmodel_07.pt], train loss [4.1386]
[Thu Nov  6 14:28:16 2025] >> validate loss: 3.582458281929875
[Thu Nov  6 14:28:47 2025] >> epoch [ 8] saved in [opus_books_emb512_head2_de_fr_model_dense_enc/tmodel_08.pt], train loss [3.0681]
[Thu Nov  6 14:29:27 2025] >> validate loss: 3.541567440156813
[Thu Nov  6 14:29:59 2025] >> epoch [ 9] saved in [opus_books_emb512_head2_de_fr_model_dense_enc/tmodel_09.pt], train loss [3.0412]
[Thu Nov  6 14:30:40 2025] >> validate loss: 3.5027091176306873
[Thu Nov  6 14:31:11 2025] >> epoch [10] saved in [opus_books_emb512_head2_de_fr_model_dense_enc/tmodel_10.pt], train loss [1.7975]
[Thu Nov  6 14:31:52 2025] >> validate loss: 3.4700717950108078
[Thu Nov  6 14:32:23 2025] >> epoch [11] saved in [opus_books_emb512_head2_de_fr_model_dense_enc/tmodel_11.pt], train loss [2.1969]
[Thu Nov  6 14:33:04 2025] >> validate loss: 3.4454214543663233
[Thu Nov  6 14:33:34 2025] >> epoch [12] saved in [opus_books_emb512_head2_de_fr_model_dense_enc/tmodel_12.pt], train loss [1.4453]
[Thu Nov  6 14:34:17 2025] >> validate loss: 3.4365024463438885
[Thu Nov  6 14:34:47 2025] >> epoch [13] saved in [opus_books_emb512_head2_de_fr_model_dense_enc/tmodel_13.pt], train loss [2.8230]
[Thu Nov  6 14:35:29 2025] >> validate loss: 3.4002751920474386
[Thu Nov  6 14:35:58 2025] >> epoch [14] saved in [opus_books_emb512_head2_de_fr_model_dense_enc/tmodel_14.pt], train loss [2.3816]
[Thu Nov  6 14:36:41 2025] >> validate loss: 3.3993402091627685
[Thu Nov  6 14:37:09 2025] >> epoch [15] saved in [opus_books_emb512_head2_de_fr_model_dense_enc/tmodel_15.pt], train loss [3.1974]
[Thu Nov  6 14:37:54 2025] >> validate loss: 3.382661837348002
[Thu Nov  6 14:38:23 2025] >> epoch [16] saved in [opus_books_emb512_head2_de_fr_model_dense_enc/tmodel_16.pt], train loss [3.3214]
[Thu Nov  6 14:39:08 2025] >> validate loss: 3.384609736921467
[Thu Nov  6 14:39:38 2025] >> epoch [17] saved in [opus_books_emb512_head2_de_fr_model_dense_enc/tmodel_17.pt], train loss [1.8641]
[Thu Nov  6 14:40:22 2025] >> validate loss: 3.3825659232394174
[Thu Nov  6 14:40:53 2025] >> epoch [18] saved in [opus_books_emb512_head2_de_fr_model_dense_enc/tmodel_18.pt], train loss [2.6072]
[Thu Nov  6 14:41:35 2025] >> validate loss: 3.3668914100996514
[Thu Nov  6 14:42:06 2025] >> epoch [19] saved in [opus_books_emb512_head2_de_fr_model_dense_enc/tmodel_19.pt], train loss [3.1352]
[Thu Nov  6 14:42:49 2025] >> validate loss: 3.3609610281637394
[Thu Nov  6 14:43:21 2025] >> epoch [20] saved in [opus_books_emb512_head2_de_fr_model_dense_enc/tmodel_20.pt], train loss [2.3323]
[Thu Nov  6 14:44:05 2025] >> validate loss: 3.368396773482814
[Thu Nov  6 14:44:37 2025] >> epoch [21] saved in [opus_books_emb512_head2_de_fr_model_dense_enc/tmodel_21.pt], train loss [2.7483]
[Thu Nov  6 14:45:19 2025] >> validate loss: 3.3559833365945417
[Thu Nov  6 14:45:51 2025] >> epoch [22] saved in [opus_books_emb512_head2_de_fr_model_dense_enc/tmodel_22.pt], train loss [2.5829]
[Thu Nov  6 14:46:33 2025] >> validate loss: 3.367192477374882
[Thu Nov  6 14:47:05 2025] >> epoch [23] saved in [opus_books_emb512_head2_de_fr_model_dense_enc/tmodel_23.pt], train loss [2.3690]
[Thu Nov  6 14:47:48 2025] >> validate loss: 3.3710980239884676
[Thu Nov  6 14:48:19 2025] >> epoch [24] saved in [opus_books_emb512_head2_de_fr_model_dense_enc/tmodel_24.pt], train loss [1.4210]
[Thu Nov  6 14:49:03 2025] >> validate loss: 3.381027993873772
[Thu Nov  6 14:49:33 2025] >> epoch [25] saved in [opus_books_emb512_head2_de_fr_model_dense_enc/tmodel_25.pt], train loss [3.0624]
[Thu Nov  6 14:50:17 2025] >> validate loss: 3.384782942342552
[Thu Nov  6 14:50:46 2025] >> epoch [26] saved in [opus_books_emb512_head2_de_fr_model_dense_enc/tmodel_26.pt], train loss [2.1646]
[Thu Nov  6 14:51:31 2025] >> validate loss: 3.3931062556964493
[Thu Nov  6 14:52:00 2025] >> epoch [27] saved in [opus_books_emb512_head2_de_fr_model_dense_enc/tmodel_27.pt], train loss [2.1944]
[Thu Nov  6 14:52:46 2025] >> validate loss: 3.403712640937101
[Thu Nov  6 14:53:15 2025] >> epoch [28] saved in [opus_books_emb512_head2_de_fr_model_dense_enc/tmodel_28.pt], train loss [2.5336]
[Thu Nov  6 14:53:58 2025] >> validate loss: 3.40758627644521
[Thu Nov  6 14:54:28 2025] >> epoch [29] saved in [opus_books_emb512_head2_de_fr_model_dense_enc/tmodel_29.pt], train loss [2.1148]
[Thu Nov  6 14:55:12 2025] >> validate loss: 3.4222643857050423
[Thu Nov  6 14:55:42 2025] >> epoch [30] saved in [opus_books_emb512_head2_de_fr_model_dense_enc/tmodel_30.pt], train loss [1.2552]
[Thu Nov  6 14:56:25 2025] >> validate loss: 3.414606802907341
[Thu Nov  6 14:56:25 2025] >> 
[Thu Nov  6 14:56:29 2025] >> @@@@@@@@@@@@@@@@@@@@@@@@@@@@@@@@@@@@@@@@@@@@@@@@@@@@@@@@@@@@@@@@@@@@@@@@@@@@@@@@
[Thu Nov  6 14:56:29 2025] >> @@@@@@@@@@@@@@@@@@@@@@@@@@@@@@@@@@@@@@@@@@@@@@@@@@@@@@@@@@@@@@@@@@@@@@@@@@@@@@@@
[Thu Nov  6 14:56:29 2025] >> {'D_MODEL': 512, 'NUM_LAYERS': 6, 'SEQ_LEN': 50, 'NUM_EPOCHS': 31, 'PRECISION': 'ftp32', 'DEVICE': 'cuda:0', 'VALIDATE': 1}
[Thu Nov  6 14:56:33 2025] >> train: 
[Thu Nov  6 14:57:21 2025] >> epoch [ 0] saved in [opus_books_emb512_head2_de_fr_model_dense_enc/tmodel_00.pt], train loss [5.0872]
[Thu Nov  6 14:58:04 2025] >> epoch [ 1] saved in [opus_books_emb512_head2_de_fr_model_dense_enc/tmodel_01.pt], train loss [4.9269]
[Thu Nov  6 14:58:55 2025] >> validate loss: 4.220999590246192
[Thu Nov  6 14:59:40 2025] >> epoch [ 2] saved in [opus_books_emb512_head2_de_fr_model_dense_enc/tmodel_02.pt], train loss [3.8590]
[Thu Nov  6 15:00:33 2025] >> validate loss: 4.027967091762658
[Thu Nov  6 15:01:15 2025] >> epoch [ 3] saved in [opus_books_emb512_head2_de_fr_model_dense_enc/tmodel_03.pt], train loss [3.0447]
[Thu Nov  6 15:02:08 2025] >> validate loss: 3.8924061376467067
[Thu Nov  6 15:02:52 2025] >> epoch [ 4] saved in [opus_books_emb512_head2_de_fr_model_dense_enc/tmodel_04.pt], train loss [3.4313]
[Thu Nov  6 15:03:46 2025] >> validate loss: 3.798860437254197
[Thu Nov  6 15:04:29 2025] >> epoch [ 5] saved in [opus_books_emb512_head2_de_fr_model_dense_enc/tmodel_05.pt], train loss [4.0890]
[Thu Nov  6 15:05:24 2025] >> validate loss: 3.7252468703285095
[Thu Nov  6 15:06:08 2025] >> epoch [ 6] saved in [opus_books_emb512_head2_de_fr_model_dense_enc/tmodel_06.pt], train loss [2.8859]
[Thu Nov  6 15:07:06 2025] >> validate loss: 3.6420158622584817
[Thu Nov  6 15:07:49 2025] >> epoch [ 7] saved in [opus_books_emb512_head2_de_fr_model_dense_enc/tmodel_07.pt], train loss [4.3853]
[Thu Nov  6 15:08:48 2025] >> validate loss: 3.6014055818706363
[Thu Nov  6 15:09:31 2025] >> epoch [ 8] saved in [opus_books_emb512_head2_de_fr_model_dense_enc/tmodel_08.pt], train loss [3.2767]
[Thu Nov  6 15:10:28 2025] >> validate loss: 3.5522174955618504
[Thu Nov  6 15:11:12 2025] >> epoch [ 9] saved in [opus_books_emb512_head2_de_fr_model_dense_enc/tmodel_09.pt], train loss [4.4320]
[Thu Nov  6 15:12:11 2025] >> validate loss: 3.516277769599298
[Thu Nov  6 15:12:54 2025] >> epoch [10] saved in [opus_books_emb512_head2_de_fr_model_dense_enc/tmodel_10.pt], train loss [3.9379]
[Thu Nov  6 15:13:51 2025] >> validate loss: 3.4941788093008177
[Thu Nov  6 15:14:36 2025] >> epoch [11] saved in [opus_books_emb512_head2_de_fr_model_dense_enc/tmodel_11.pt], train loss [2.6741]
[Thu Nov  6 15:15:38 2025] >> validate loss: 3.4762403144464864
[Thu Nov  6 15:16:21 2025] >> epoch [12] saved in [opus_books_emb512_head2_de_fr_model_dense_enc/tmodel_12.pt], train loss [2.7364]
[Thu Nov  6 15:17:21 2025] >> validate loss: 3.4596762829184704
[Thu Nov  6 15:18:05 2025] >> epoch [13] saved in [opus_books_emb512_head2_de_fr_model_dense_enc/tmodel_13.pt], train loss [2.9856]
[Thu Nov  6 15:19:05 2025] >> validate loss: 3.439084793582107
[Thu Nov  6 15:19:45 2025] >> epoch [14] saved in [opus_books_emb512_head2_de_fr_model_dense_enc/tmodel_14.pt], train loss [2.3801]
[Thu Nov  6 15:20:43 2025] >> validate loss: 3.4301299658344595
[Thu Nov  6 15:21:26 2025] >> epoch [15] saved in [opus_books_emb512_head2_de_fr_model_dense_enc/tmodel_15.pt], train loss [3.3948]
[Thu Nov  6 15:22:24 2025] >> validate loss: 3.4168560033580784
[Thu Nov  6 15:23:06 2025] >> epoch [16] saved in [opus_books_emb512_head2_de_fr_model_dense_enc/tmodel_16.pt], train loss [3.0387]
[Thu Nov  6 15:24:05 2025] >> validate loss: 3.4040388823587655
[Thu Nov  6 15:24:47 2025] >> epoch [17] saved in [opus_books_emb512_head2_de_fr_model_dense_enc/tmodel_17.pt], train loss [2.9554]
[Thu Nov  6 15:25:49 2025] >> validate loss: 3.4085801812305423
[Thu Nov  6 15:26:30 2025] >> epoch [18] saved in [opus_books_emb512_head2_de_fr_model_dense_enc/tmodel_18.pt], train loss [1.7419]
[Thu Nov  6 15:27:30 2025] >> validate loss: 3.3909507563275865
[Thu Nov  6 15:28:10 2025] >> epoch [19] saved in [opus_books_emb512_head2_de_fr_model_dense_enc/tmodel_19.pt], train loss [2.2646]
[Thu Nov  6 15:29:10 2025] >> validate loss: 3.3907655107682575
[Thu Nov  6 15:29:51 2025] >> epoch [20] saved in [opus_books_emb512_head2_de_fr_model_dense_enc/tmodel_20.pt], train loss [2.1527]
[Thu Nov  6 15:30:50 2025] >> validate loss: 3.397649773271569
[Thu Nov  6 15:31:32 2025] >> epoch [21] saved in [opus_books_emb512_head2_de_fr_model_dense_enc/tmodel_21.pt], train loss [1.9211]
[Thu Nov  6 15:32:30 2025] >> validate loss: 3.3946215005492064
[Thu Nov  6 15:33:13 2025] >> epoch [22] saved in [opus_books_emb512_head2_de_fr_model_dense_enc/tmodel_22.pt], train loss [2.2416]
[Thu Nov  6 15:34:11 2025] >> validate loss: 3.408473994308736
[Thu Nov  6 15:34:53 2025] >> epoch [23] saved in [opus_books_emb512_head2_de_fr_model_dense_enc/tmodel_23.pt], train loss [1.8039]
[Thu Nov  6 15:35:53 2025] >> validate loss: 3.4032033342991728
[Thu Nov  6 15:36:36 2025] >> epoch [24] saved in [opus_books_emb512_head2_de_fr_model_dense_enc/tmodel_24.pt], train loss [1.8367]
[Thu Nov  6 15:37:35 2025] >> validate loss: 3.418680581179532
[Thu Nov  6 15:38:19 2025] >> epoch [25] saved in [opus_books_emb512_head2_de_fr_model_dense_enc/tmodel_25.pt], train loss [1.7632]
[Thu Nov  6 15:39:18 2025] >> validate loss: 3.435318161914875
[Thu Nov  6 15:40:01 2025] >> epoch [26] saved in [opus_books_emb512_head2_de_fr_model_dense_enc/tmodel_26.pt], train loss [3.0162]
[Thu Nov  6 15:41:01 2025] >> validate loss: 3.4464651217192284
[Thu Nov  6 15:41:44 2025] >> epoch [27] saved in [opus_books_emb512_head2_de_fr_model_dense_enc/tmodel_27.pt], train loss [2.3068]
[Thu Nov  6 15:42:45 2025] >> validate loss: 3.441121280967415
[Thu Nov  6 15:43:26 2025] >> epoch [28] saved in [opus_books_emb512_head2_de_fr_model_dense_enc/tmodel_28.pt], train loss [1.9892]
[Thu Nov  6 15:44:27 2025] >> validate loss: 3.452832797561029
[Thu Nov  6 15:45:08 2025] >> epoch [29] saved in [opus_books_emb512_head2_de_fr_model_dense_enc/tmodel_29.pt], train loss [1.8054]
[Thu Nov  6 15:46:07 2025] >> validate loss: 3.462675228435412
[Thu Nov  6 15:46:47 2025] >> epoch [30] saved in [opus_books_emb512_head2_de_fr_model_dense_enc/tmodel_30.pt], train loss [1.6771]
[Thu Nov  6 15:47:49 2025] >> validate loss: 3.4781931671401294
[Thu Nov  6 15:47:49 2025] >> 
[Thu Nov  6 15:47:54 2025] >> @@@@@@@@@@@@@@@@@@@@@@@@@@@@@@@@@@@@@@@@@@@@@@@@@@@@@@@@@@@@@@@@@@@@@@@@@@@@@@@@
[Thu Nov  6 15:47:54 2025] >> @@@@@@@@@@@@@@@@@@@@@@@@@@@@@@@@@@@@@@@@@@@@@@@@@@@@@@@@@@@@@@@@@@@@@@@@@@@@@@@@
[Thu Nov  6 15:47:54 2025] >> {'D_MODEL': 512, 'NUM_LAYERS': 8, 'SEQ_LEN': 50, 'NUM_EPOCHS': 31, 'PRECISION': 'ftp32', 'DEVICE': 'cuda:0', 'VALIDATE': 1}
[Thu Nov  6 15:47:57 2025] >> train: 
[Thu Nov  6 15:48:56 2025] >> epoch [ 0] saved in [opus_books_emb512_head2_de_fr_model_dense_enc/tmodel_00.pt], train loss [3.8781]
[Thu Nov  6 15:49:51 2025] >> epoch [ 1] saved in [opus_books_emb512_head2_de_fr_model_dense_enc/tmodel_01.pt], train loss [4.0712]
[Thu Nov  6 15:51:03 2025] >> validate loss: 4.215729680240241
[Thu Nov  6 15:51:58 2025] >> epoch [ 2] saved in [opus_books_emb512_head2_de_fr_model_dense_enc/tmodel_02.pt], train loss [3.3097]
[Thu Nov  6 15:53:07 2025] >> validate loss: 4.0538404964953445
[Thu Nov  6 15:54:04 2025] >> epoch [ 3] saved in [opus_books_emb512_head2_de_fr_model_dense_enc/tmodel_03.pt], train loss [4.3631]
[Thu Nov  6 15:55:12 2025] >> validate loss: 3.916594314712811
[Thu Nov  6 15:56:07 2025] >> epoch [ 4] saved in [opus_books_emb512_head2_de_fr_model_dense_enc/tmodel_04.pt], train loss [4.7475]
[Thu Nov  6 15:57:20 2025] >> validate loss: 3.812981653179097
[Thu Nov  6 15:58:16 2025] >> epoch [ 5] saved in [opus_books_emb512_head2_de_fr_model_dense_enc/tmodel_05.pt], train loss [3.7860]
[Thu Nov  6 15:59:27 2025] >> validate loss: 3.7258295582830474
[Thu Nov  6 16:00:23 2025] >> epoch [ 6] saved in [opus_books_emb512_head2_de_fr_model_dense_enc/tmodel_06.pt], train loss [5.5635]
[Thu Nov  6 16:01:32 2025] >> validate loss: 3.6640245167896
[Thu Nov  6 16:02:27 2025] >> epoch [ 7] saved in [opus_books_emb512_head2_de_fr_model_dense_enc/tmodel_07.pt], train loss [2.1988]
[Thu Nov  6 16:03:42 2025] >> validate loss: 3.6218510781875763
[Thu Nov  6 16:04:38 2025] >> epoch [ 8] saved in [opus_books_emb512_head2_de_fr_model_dense_enc/tmodel_08.pt], train loss [2.5207]
[Thu Nov  6 16:05:51 2025] >> validate loss: 3.579199371915875
[Thu Nov  6 16:06:48 2025] >> epoch [ 9] saved in [opus_books_emb512_head2_de_fr_model_dense_enc/tmodel_09.pt], train loss [2.5679]
[Thu Nov  6 16:07:58 2025] >> validate loss: 3.5403375794189147
[Thu Nov  6 16:08:53 2025] >> epoch [10] saved in [opus_books_emb512_head2_de_fr_model_dense_enc/tmodel_10.pt], train loss [2.7821]
[Thu Nov  6 16:10:06 2025] >> validate loss: 3.493720427392021
[Thu Nov  6 16:11:02 2025] >> epoch [11] saved in [opus_books_emb512_head2_de_fr_model_dense_enc/tmodel_11.pt], train loss [2.2384]
[Thu Nov  6 16:12:19 2025] >> validate loss: 3.491410513116856
[Thu Nov  6 16:13:16 2025] >> epoch [12] saved in [opus_books_emb512_head2_de_fr_model_dense_enc/tmodel_12.pt], train loss [3.8798]
[Thu Nov  6 16:14:30 2025] >> validate loss: 3.446984001912424
[Thu Nov  6 16:15:25 2025] >> epoch [13] saved in [opus_books_emb512_head2_de_fr_model_dense_enc/tmodel_13.pt], train loss [2.0349]
[Thu Nov  6 16:16:39 2025] >> validate loss: 3.434980416882778
[Thu Nov  6 16:17:36 2025] >> epoch [14] saved in [opus_books_emb512_head2_de_fr_model_dense_enc/tmodel_14.pt], train loss [4.2498]
[Thu Nov  6 16:18:50 2025] >> validate loss: 3.4383676022850245
[Thu Nov  6 16:19:46 2025] >> epoch [15] saved in [opus_books_emb512_head2_de_fr_model_dense_enc/tmodel_15.pt], train loss [3.2365]
[Thu Nov  6 16:21:04 2025] >> validate loss: 3.4219046872415584
[Thu Nov  6 16:21:59 2025] >> epoch [16] saved in [opus_books_emb512_head2_de_fr_model_dense_enc/tmodel_16.pt], train loss [1.3762]
[Thu Nov  6 16:23:14 2025] >> validate loss: 3.4074254004986253
[Thu Nov  6 16:24:11 2025] >> epoch [17] saved in [opus_books_emb512_head2_de_fr_model_dense_enc/tmodel_17.pt], train loss [2.3281]
[Thu Nov  6 16:25:28 2025] >> validate loss: 3.392726196355118
[Thu Nov  6 16:26:23 2025] >> epoch [18] saved in [opus_books_emb512_head2_de_fr_model_dense_enc/tmodel_18.pt], train loss [2.9660]
[Thu Nov  6 16:27:42 2025] >> validate loss: 3.398179789642235
[Thu Nov  6 16:28:37 2025] >> epoch [19] saved in [opus_books_emb512_head2_de_fr_model_dense_enc/tmodel_19.pt], train loss [2.8513]
[Thu Nov  6 16:29:52 2025] >> validate loss: 3.3999359532008095
[Thu Nov  6 16:30:49 2025] >> epoch [20] saved in [opus_books_emb512_head2_de_fr_model_dense_enc/tmodel_20.pt], train loss [2.2772]
[Thu Nov  6 16:32:06 2025] >> validate loss: 3.413131689096426
[Thu Nov  6 16:33:01 2025] >> epoch [21] saved in [opus_books_emb512_head2_de_fr_model_dense_enc/tmodel_21.pt], train loss [2.4718]
[Thu Nov  6 16:34:17 2025] >> validate loss: 3.409140157493162
[Thu Nov  6 16:35:13 2025] >> epoch [22] saved in [opus_books_emb512_head2_de_fr_model_dense_enc/tmodel_22.pt], train loss [1.4281]
[Thu Nov  6 16:36:28 2025] >> validate loss: 3.4150098207881094
[Thu Nov  6 16:37:25 2025] >> epoch [23] saved in [opus_books_emb512_head2_de_fr_model_dense_enc/tmodel_23.pt], train loss [2.2593]
[Thu Nov  6 16:38:42 2025] >> validate loss: 3.408936341603597
[Thu Nov  6 16:39:36 2025] >> epoch [24] saved in [opus_books_emb512_head2_de_fr_model_dense_enc/tmodel_24.pt], train loss [3.3322]
[Thu Nov  6 16:40:50 2025] >> validate loss: 3.431536801277645
[Thu Nov  6 16:41:45 2025] >> epoch [25] saved in [opus_books_emb512_head2_de_fr_model_dense_enc/tmodel_25.pt], train loss [1.9529]
[Thu Nov  6 16:43:02 2025] >> validate loss: 3.4394161025167027
[Thu Nov  6 16:43:57 2025] >> epoch [26] saved in [opus_books_emb512_head2_de_fr_model_dense_enc/tmodel_26.pt], train loss [2.4673]
[Thu Nov  6 16:45:12 2025] >> validate loss: 3.4351806150370345
[Thu Nov  6 16:46:06 2025] >> epoch [27] saved in [opus_books_emb512_head2_de_fr_model_dense_enc/tmodel_27.pt], train loss [1.8021]
[Thu Nov  6 16:47:21 2025] >> validate loss: 3.4439139299062425
[Thu Nov  6 16:48:15 2025] >> epoch [28] saved in [opus_books_emb512_head2_de_fr_model_dense_enc/tmodel_28.pt], train loss [2.6230]
[Thu Nov  6 16:49:32 2025] >> validate loss: 3.4734983091574554
[Thu Nov  6 16:50:26 2025] >> epoch [29] saved in [opus_books_emb512_head2_de_fr_model_dense_enc/tmodel_29.pt], train loss [2.4831]
[Thu Nov  6 16:51:43 2025] >> validate loss: 3.4736091337162693
[Thu Nov  6 16:52:38 2025] >> epoch [30] saved in [opus_books_emb512_head2_de_fr_model_dense_enc/tmodel_30.pt], train loss [1.4567]
[Thu Nov  6 16:53:56 2025] >> validate loss: 3.498596175924524
[Thu Nov  6 16:53:56 2025] >> 
[Thu Nov  6 16:54:01 2025] >> @@@@@@@@@@@@@@@@@@@@@@@@@@@@@@@@@@@@@@@@@@@@@@@@@@@@@@@@@@@@@@@@@@@@@@@@@@@@@@@@
[Thu Nov  6 16:54:01 2025] >> @@@@@@@@@@@@@@@@@@@@@@@@@@@@@@@@@@@@@@@@@@@@@@@@@@@@@@@@@@@@@@@@@@@@@@@@@@@@@@@@
[Thu Nov  6 16:54:01 2025] >> {'D_MODEL': 1024, 'NUM_LAYERS': 1, 'SEQ_LEN': 50, 'NUM_EPOCHS': 31, 'PRECISION': 'ftp32', 'DEVICE': 'cuda:0', 'VALIDATE': 1}
[Thu Nov  6 16:54:04 2025] >> train: 
[Thu Nov  6 16:54:19 2025] >> epoch [ 0] saved in [opus_books_emb1024_head2_de_fr_model_dense_enc/tmodel_00.pt], train loss [3.2300]
[Thu Nov  6 16:54:31 2025] >> epoch [ 1] saved in [opus_books_emb1024_head2_de_fr_model_dense_enc/tmodel_01.pt], train loss [5.4762]
[Thu Nov  6 16:54:44 2025] >> validate loss: 3.9796600508655477
[Thu Nov  6 16:54:55 2025] >> epoch [ 2] saved in [opus_books_emb1024_head2_de_fr_model_dense_enc/tmodel_02.pt], train loss [4.1549]
[Thu Nov  6 16:55:08 2025] >> validate loss: 3.7975100397547603
[Thu Nov  6 16:55:19 2025] >> epoch [ 3] saved in [opus_books_emb1024_head2_de_fr_model_dense_enc/tmodel_03.pt], train loss [4.5039]
[Thu Nov  6 16:55:32 2025] >> validate loss: 3.6686596027528395
[Thu Nov  6 16:55:43 2025] >> epoch [ 4] saved in [opus_books_emb1024_head2_de_fr_model_dense_enc/tmodel_04.pt], train loss [2.7991]
[Thu Nov  6 16:55:56 2025] >> validate loss: 3.5786377802211655
[Thu Nov  6 16:56:08 2025] >> epoch [ 5] saved in [opus_books_emb1024_head2_de_fr_model_dense_enc/tmodel_05.pt], train loss [3.1511]
[Thu Nov  6 16:56:21 2025] >> validate loss: 3.5256743095653915
[Thu Nov  6 16:56:33 2025] >> epoch [ 6] saved in [opus_books_emb1024_head2_de_fr_model_dense_enc/tmodel_06.pt], train loss [1.2053]
[Thu Nov  6 16:56:46 2025] >> validate loss: 3.4886384555615733
[Thu Nov  6 16:56:58 2025] >> epoch [ 7] saved in [opus_books_emb1024_head2_de_fr_model_dense_enc/tmodel_07.pt], train loss [4.5348]
[Thu Nov  6 16:57:11 2025] >> validate loss: 3.4601338528967522
[Thu Nov  6 16:57:23 2025] >> epoch [ 8] saved in [opus_books_emb1024_head2_de_fr_model_dense_enc/tmodel_08.pt], train loss [2.5693]
[Thu Nov  6 16:57:37 2025] >> validate loss: 3.445220884994683
[Thu Nov  6 16:57:48 2025] >> epoch [ 9] saved in [opus_books_emb1024_head2_de_fr_model_dense_enc/tmodel_09.pt], train loss [2.1175]
[Thu Nov  6 16:58:01 2025] >> validate loss: 3.4191734070041653
[Thu Nov  6 16:58:12 2025] >> epoch [10] saved in [opus_books_emb1024_head2_de_fr_model_dense_enc/tmodel_10.pt], train loss [2.1814]
[Thu Nov  6 16:58:26 2025] >> validate loss: 3.4099313371625297
[Thu Nov  6 16:58:38 2025] >> epoch [11] saved in [opus_books_emb1024_head2_de_fr_model_dense_enc/tmodel_11.pt], train loss [2.2478]
[Thu Nov  6 16:58:52 2025] >> validate loss: 3.4094154320409977
[Thu Nov  6 16:59:03 2025] >> epoch [12] saved in [opus_books_emb1024_head2_de_fr_model_dense_enc/tmodel_12.pt], train loss [1.6458]
[Thu Nov  6 16:59:17 2025] >> validate loss: 3.4144523004432776
[Thu Nov  6 16:59:29 2025] >> epoch [13] saved in [opus_books_emb1024_head2_de_fr_model_dense_enc/tmodel_13.pt], train loss [2.4080]
[Thu Nov  6 16:59:43 2025] >> validate loss: 3.419128665160307
[Thu Nov  6 16:59:54 2025] >> epoch [14] saved in [opus_books_emb1024_head2_de_fr_model_dense_enc/tmodel_14.pt], train loss [1.8658]
[Thu Nov  6 17:00:08 2025] >> validate loss: 3.439262676376629
[Thu Nov  6 17:00:19 2025] >> epoch [15] saved in [opus_books_emb1024_head2_de_fr_model_dense_enc/tmodel_15.pt], train loss [2.2015]
[Thu Nov  6 17:00:33 2025] >> validate loss: 3.4406434443777947
[Thu Nov  6 17:00:45 2025] >> epoch [16] saved in [opus_books_emb1024_head2_de_fr_model_dense_enc/tmodel_16.pt], train loss [1.9476]
[Thu Nov  6 17:00:59 2025] >> validate loss: 3.4436299818074723
[Thu Nov  6 17:01:11 2025] >> epoch [17] saved in [opus_books_emb1024_head2_de_fr_model_dense_enc/tmodel_17.pt], train loss [1.7344]
[Thu Nov  6 17:01:25 2025] >> validate loss: 3.4648059317559907
[Thu Nov  6 17:01:36 2025] >> epoch [18] saved in [opus_books_emb1024_head2_de_fr_model_dense_enc/tmodel_18.pt], train loss [1.9554]
[Thu Nov  6 17:01:50 2025] >> validate loss: 3.491847192914283
[Thu Nov  6 17:02:01 2025] >> epoch [19] saved in [opus_books_emb1024_head2_de_fr_model_dense_enc/tmodel_19.pt], train loss [1.7168]
[Thu Nov  6 17:02:15 2025] >> validate loss: 3.5045721615203704
[Thu Nov  6 17:02:26 2025] >> epoch [20] saved in [opus_books_emb1024_head2_de_fr_model_dense_enc/tmodel_20.pt], train loss [2.1677]
[Thu Nov  6 17:02:40 2025] >> validate loss: 3.5043379021929457
[Thu Nov  6 17:02:52 2025] >> epoch [21] saved in [opus_books_emb1024_head2_de_fr_model_dense_enc/tmodel_21.pt], train loss [1.2645]
[Thu Nov  6 17:03:06 2025] >> validate loss: 3.538540971399558
[Thu Nov  6 17:03:18 2025] >> epoch [22] saved in [opus_books_emb1024_head2_de_fr_model_dense_enc/tmodel_22.pt], train loss [1.7963]
[Thu Nov  6 17:03:32 2025] >> validate loss: 3.545713866255844
[Thu Nov  6 17:03:44 2025] >> epoch [23] saved in [opus_books_emb1024_head2_de_fr_model_dense_enc/tmodel_23.pt], train loss [1.4844]
[Thu Nov  6 17:03:58 2025] >> validate loss: 3.5559962817600796
[Thu Nov  6 17:04:09 2025] >> epoch [24] saved in [opus_books_emb1024_head2_de_fr_model_dense_enc/tmodel_24.pt], train loss [2.6895]
[Thu Nov  6 17:04:23 2025] >> validate loss: 3.5802574721937743
[Thu Nov  6 17:04:34 2025] >> epoch [25] saved in [opus_books_emb1024_head2_de_fr_model_dense_enc/tmodel_25.pt], train loss [1.3982]
[Thu Nov  6 17:04:48 2025] >> validate loss: 3.5886440246136155
[Thu Nov  6 17:05:00 2025] >> epoch [26] saved in [opus_books_emb1024_head2_de_fr_model_dense_enc/tmodel_26.pt], train loss [1.7661]
[Thu Nov  6 17:05:14 2025] >> validate loss: 3.6213331382512015
[Thu Nov  6 17:05:26 2025] >> epoch [27] saved in [opus_books_emb1024_head2_de_fr_model_dense_enc/tmodel_27.pt], train loss [1.2764]
[Thu Nov  6 17:05:40 2025] >> validate loss: 3.6285207512402775
[Thu Nov  6 17:05:52 2025] >> epoch [28] saved in [opus_books_emb1024_head2_de_fr_model_dense_enc/tmodel_28.pt], train loss [1.8500]
[Thu Nov  6 17:06:06 2025] >> validate loss: 3.6396231797522454
[Thu Nov  6 17:06:17 2025] >> epoch [29] saved in [opus_books_emb1024_head2_de_fr_model_dense_enc/tmodel_29.pt], train loss [1.3288]
[Thu Nov  6 17:06:31 2025] >> validate loss: 3.6264224224448376
[Thu Nov  6 17:06:43 2025] >> epoch [30] saved in [opus_books_emb1024_head2_de_fr_model_dense_enc/tmodel_30.pt], train loss [1.7454]
[Thu Nov  6 17:06:57 2025] >> validate loss: 3.642736337057612
[Thu Nov  6 17:06:57 2025] >> 
[Thu Nov  6 17:07:01 2025] >> @@@@@@@@@@@@@@@@@@@@@@@@@@@@@@@@@@@@@@@@@@@@@@@@@@@@@@@@@@@@@@@@@@@@@@@@@@@@@@@@
[Thu Nov  6 17:07:01 2025] >> @@@@@@@@@@@@@@@@@@@@@@@@@@@@@@@@@@@@@@@@@@@@@@@@@@@@@@@@@@@@@@@@@@@@@@@@@@@@@@@@
[Thu Nov  6 17:07:01 2025] >> {'D_MODEL': 1024, 'NUM_LAYERS': 2, 'SEQ_LEN': 50, 'NUM_EPOCHS': 31, 'PRECISION': 'ftp32', 'DEVICE': 'cuda:0', 'VALIDATE': 1}
[Thu Nov  6 17:07:04 2025] >> train: 
[Thu Nov  6 17:07:27 2025] >> epoch [ 0] saved in [opus_books_emb1024_head2_de_fr_model_dense_enc/tmodel_00.pt], train loss [3.6373]
[Thu Nov  6 17:07:46 2025] >> epoch [ 1] saved in [opus_books_emb1024_head2_de_fr_model_dense_enc/tmodel_01.pt], train loss [3.0440]
[Thu Nov  6 17:08:07 2025] >> validate loss: 3.871201656253479
[Thu Nov  6 17:08:25 2025] >> epoch [ 2] saved in [opus_books_emb1024_head2_de_fr_model_dense_enc/tmodel_02.pt], train loss [2.6162]
[Thu Nov  6 17:08:46 2025] >> validate loss: 3.691519312012247
[Thu Nov  6 17:09:04 2025] >> epoch [ 3] saved in [opus_books_emb1024_head2_de_fr_model_dense_enc/tmodel_03.pt], train loss [2.4971]
[Thu Nov  6 17:09:26 2025] >> validate loss: 3.5733589541172397
[Thu Nov  6 17:09:45 2025] >> epoch [ 4] saved in [opus_books_emb1024_head2_de_fr_model_dense_enc/tmodel_04.pt], train loss [4.6107]
[Thu Nov  6 17:10:08 2025] >> validate loss: 3.4970041437754555
[Thu Nov  6 17:10:27 2025] >> epoch [ 5] saved in [opus_books_emb1024_head2_de_fr_model_dense_enc/tmodel_05.pt], train loss [3.1781]
[Thu Nov  6 17:10:49 2025] >> validate loss: 3.4574804075524574
[Thu Nov  6 17:11:07 2025] >> epoch [ 6] saved in [opus_books_emb1024_head2_de_fr_model_dense_enc/tmodel_06.pt], train loss [2.6178]
[Thu Nov  6 17:11:30 2025] >> validate loss: 3.407945738554345
[Thu Nov  6 17:11:49 2025] >> epoch [ 7] saved in [opus_books_emb1024_head2_de_fr_model_dense_enc/tmodel_07.pt], train loss [2.4490]
[Thu Nov  6 17:12:12 2025] >> validate loss: 3.3854023534670192
[Thu Nov  6 17:12:31 2025] >> epoch [ 8] saved in [opus_books_emb1024_head2_de_fr_model_dense_enc/tmodel_08.pt], train loss [3.4226]
[Thu Nov  6 17:12:54 2025] >> validate loss: 3.3721570896379873
[Thu Nov  6 17:13:12 2025] >> epoch [ 9] saved in [opus_books_emb1024_head2_de_fr_model_dense_enc/tmodel_09.pt], train loss [3.3519]
[Thu Nov  6 17:13:35 2025] >> validate loss: 3.369386483580519
[Thu Nov  6 17:13:54 2025] >> epoch [10] saved in [opus_books_emb1024_head2_de_fr_model_dense_enc/tmodel_10.pt], train loss [2.5038]
[Thu Nov  6 17:14:18 2025] >> validate loss: 3.3672001403131526
[Thu Nov  6 17:14:37 2025] >> epoch [11] saved in [opus_books_emb1024_head2_de_fr_model_dense_enc/tmodel_11.pt], train loss [2.0733]
[Thu Nov  6 17:14:59 2025] >> validate loss: 3.365896147222918
[Thu Nov  6 17:15:17 2025] >> epoch [12] saved in [opus_books_emb1024_head2_de_fr_model_dense_enc/tmodel_12.pt], train loss [2.2400]
[Thu Nov  6 17:15:40 2025] >> validate loss: 3.386258853978409
[Thu Nov  6 17:16:00 2025] >> epoch [13] saved in [opus_books_emb1024_head2_de_fr_model_dense_enc/tmodel_13.pt], train loss [2.2710]
[Thu Nov  6 17:16:23 2025] >> validate loss: 3.3865125523329125
[Thu Nov  6 17:16:42 2025] >> epoch [14] saved in [opus_books_emb1024_head2_de_fr_model_dense_enc/tmodel_14.pt], train loss [1.8296]
[Thu Nov  6 17:17:06 2025] >> validate loss: 3.4142724982587804
[Thu Nov  6 17:17:23 2025] >> epoch [15] saved in [opus_books_emb1024_head2_de_fr_model_dense_enc/tmodel_15.pt], train loss [1.7232]
[Thu Nov  6 17:17:47 2025] >> validate loss: 3.4242816803947327
[Thu Nov  6 17:18:06 2025] >> epoch [16] saved in [opus_books_emb1024_head2_de_fr_model_dense_enc/tmodel_16.pt], train loss [1.8965]
[Thu Nov  6 17:18:30 2025] >> validate loss: 3.4423575487315743
[Thu Nov  6 17:18:50 2025] >> epoch [17] saved in [opus_books_emb1024_head2_de_fr_model_dense_enc/tmodel_17.pt], train loss [1.7218]
[Thu Nov  6 17:19:12 2025] >> validate loss: 3.4504189425904683
[Thu Nov  6 17:19:30 2025] >> epoch [18] saved in [opus_books_emb1024_head2_de_fr_model_dense_enc/tmodel_18.pt], train loss [1.7336]
[Thu Nov  6 17:19:53 2025] >> validate loss: 3.461561318943855
[Thu Nov  6 17:20:12 2025] >> epoch [19] saved in [opus_books_emb1024_head2_de_fr_model_dense_enc/tmodel_19.pt], train loss [1.3833]
[Thu Nov  6 17:20:36 2025] >> validate loss: 3.46623214464339
[Thu Nov  6 17:20:56 2025] >> epoch [20] saved in [opus_books_emb1024_head2_de_fr_model_dense_enc/tmodel_20.pt], train loss [1.4376]
[Thu Nov  6 17:21:19 2025] >> validate loss: 3.483327677927664
[Thu Nov  6 17:21:37 2025] >> epoch [21] saved in [opus_books_emb1024_head2_de_fr_model_dense_enc/tmodel_21.pt], train loss [1.2500]
[Thu Nov  6 17:22:00 2025] >> validate loss: 3.5076206956934963
[Thu Nov  6 17:22:19 2025] >> epoch [22] saved in [opus_books_emb1024_head2_de_fr_model_dense_enc/tmodel_22.pt], train loss [1.4875]
[Thu Nov  6 17:22:42 2025] >> validate loss: 3.527439653959453
[Thu Nov  6 17:23:02 2025] >> epoch [23] saved in [opus_books_emb1024_head2_de_fr_model_dense_enc/tmodel_23.pt], train loss [1.5320]
[Thu Nov  6 17:23:25 2025] >> validate loss: 3.5313055162649993
[Thu Nov  6 17:23:44 2025] >> epoch [24] saved in [opus_books_emb1024_head2_de_fr_model_dense_enc/tmodel_24.pt], train loss [1.3298]
[Thu Nov  6 17:24:07 2025] >> validate loss: 3.5358423508950985
[Thu Nov  6 17:24:26 2025] >> epoch [25] saved in [opus_books_emb1024_head2_de_fr_model_dense_enc/tmodel_25.pt], train loss [1.3181]
[Thu Nov  6 17:24:50 2025] >> validate loss: 3.5573809711104003
[Thu Nov  6 17:25:09 2025] >> epoch [26] saved in [opus_books_emb1024_head2_de_fr_model_dense_enc/tmodel_26.pt], train loss [1.4481]
[Thu Nov  6 17:25:32 2025] >> validate loss: 3.5702914467449656
[Thu Nov  6 17:25:50 2025] >> epoch [27] saved in [opus_books_emb1024_head2_de_fr_model_dense_enc/tmodel_27.pt], train loss [1.4523]
[Thu Nov  6 17:26:14 2025] >> validate loss: 3.5750603615635574
[Thu Nov  6 17:26:33 2025] >> epoch [28] saved in [opus_books_emb1024_head2_de_fr_model_dense_enc/tmodel_28.pt], train loss [1.3327]
[Thu Nov  6 17:26:56 2025] >> validate loss: 3.5938356478320914
[Thu Nov  6 17:27:16 2025] >> epoch [29] saved in [opus_books_emb1024_head2_de_fr_model_dense_enc/tmodel_29.pt], train loss [1.2004]
[Thu Nov  6 17:27:39 2025] >> validate loss: 3.5882730497770323
[Thu Nov  6 17:27:57 2025] >> epoch [30] saved in [opus_books_emb1024_head2_de_fr_model_dense_enc/tmodel_30.pt], train loss [1.3595]
[Thu Nov  6 17:28:20 2025] >> validate loss: 3.5984514150096567
[Thu Nov  6 17:28:20 2025] >> 
[Thu Nov  6 17:28:24 2025] >> @@@@@@@@@@@@@@@@@@@@@@@@@@@@@@@@@@@@@@@@@@@@@@@@@@@@@@@@@@@@@@@@@@@@@@@@@@@@@@@@
[Thu Nov  6 17:28:24 2025] >> @@@@@@@@@@@@@@@@@@@@@@@@@@@@@@@@@@@@@@@@@@@@@@@@@@@@@@@@@@@@@@@@@@@@@@@@@@@@@@@@
[Thu Nov  6 17:28:24 2025] >> {'D_MODEL': 1024, 'NUM_LAYERS': 4, 'SEQ_LEN': 50, 'NUM_EPOCHS': 31, 'PRECISION': 'ftp32', 'DEVICE': 'cuda:0', 'VALIDATE': 1}
[Thu Nov  6 17:28:28 2025] >> train: 
[Thu Nov  6 17:29:06 2025] >> epoch [ 0] saved in [opus_books_emb1024_head2_de_fr_model_dense_enc/tmodel_00.pt], train loss [3.4789]
[Thu Nov  6 17:29:40 2025] >> epoch [ 1] saved in [opus_books_emb1024_head2_de_fr_model_dense_enc/tmodel_01.pt], train loss [3.8615]
[Thu Nov  6 17:30:23 2025] >> validate loss: 3.8827300045913433
[Thu Nov  6 17:30:57 2025] >> epoch [ 2] saved in [opus_books_emb1024_head2_de_fr_model_dense_enc/tmodel_02.pt], train loss [3.2855]
[Thu Nov  6 17:31:37 2025] >> validate loss: 3.664270667974739
[Thu Nov  6 17:32:10 2025] >> epoch [ 3] saved in [opus_books_emb1024_head2_de_fr_model_dense_enc/tmodel_03.pt], train loss [3.3603]
[Thu Nov  6 17:32:49 2025] >> validate loss: 3.5516014733871857
[Thu Nov  6 17:33:24 2025] >> epoch [ 4] saved in [opus_books_emb1024_head2_de_fr_model_dense_enc/tmodel_04.pt], train loss [2.7490]
[Thu Nov  6 17:34:06 2025] >> validate loss: 3.488411273447122
[Thu Nov  6 17:34:39 2025] >> epoch [ 5] saved in [opus_books_emb1024_head2_de_fr_model_dense_enc/tmodel_05.pt], train loss [2.0837]
[Thu Nov  6 17:35:20 2025] >> validate loss: 3.4306643662858662
[Thu Nov  6 17:35:54 2025] >> epoch [ 6] saved in [opus_books_emb1024_head2_de_fr_model_dense_enc/tmodel_06.pt], train loss [1.6252]
[Thu Nov  6 17:36:35 2025] >> validate loss: 3.3859238612531413
[Thu Nov  6 17:37:08 2025] >> epoch [ 7] saved in [opus_books_emb1024_head2_de_fr_model_dense_enc/tmodel_07.pt], train loss [3.3168]
[Thu Nov  6 17:37:48 2025] >> validate loss: 3.3691326918196025
[Thu Nov  6 17:38:22 2025] >> epoch [ 8] saved in [opus_books_emb1024_head2_de_fr_model_dense_enc/tmodel_08.pt], train loss [3.1363]
[Thu Nov  6 17:39:02 2025] >> validate loss: 3.340264993140536
[Thu Nov  6 17:39:37 2025] >> epoch [ 9] saved in [opus_books_emb1024_head2_de_fr_model_dense_enc/tmodel_09.pt], train loss [1.9122]
[Thu Nov  6 17:40:20 2025] >> validate loss: 3.352504032342809
[Thu Nov  6 17:40:53 2025] >> epoch [10] saved in [opus_books_emb1024_head2_de_fr_model_dense_enc/tmodel_10.pt], train loss [2.2710]
[Thu Nov  6 17:41:34 2025] >> validate loss: 3.3424281671449734
[Thu Nov  6 17:42:08 2025] >> epoch [11] saved in [opus_books_emb1024_head2_de_fr_model_dense_enc/tmodel_11.pt], train loss [1.4796]
[Thu Nov  6 17:42:50 2025] >> validate loss: 3.347007264306535
[Thu Nov  6 17:43:23 2025] >> epoch [12] saved in [opus_books_emb1024_head2_de_fr_model_dense_enc/tmodel_12.pt], train loss [2.1194]
[Thu Nov  6 17:44:06 2025] >> validate loss: 3.362568017380234
[Thu Nov  6 17:44:41 2025] >> epoch [13] saved in [opus_books_emb1024_head2_de_fr_model_dense_enc/tmodel_13.pt], train loss [2.1784]
[Thu Nov  6 17:45:21 2025] >> validate loss: 3.359310421420726
[Thu Nov  6 17:45:55 2025] >> epoch [14] saved in [opus_books_emb1024_head2_de_fr_model_dense_enc/tmodel_14.pt], train loss [2.2006]
[Thu Nov  6 17:46:38 2025] >> validate loss: 3.385328318477537
[Thu Nov  6 17:47:12 2025] >> epoch [15] saved in [opus_books_emb1024_head2_de_fr_model_dense_enc/tmodel_15.pt], train loss [1.8427]
[Thu Nov  6 17:47:53 2025] >> validate loss: 3.38613282550465
[Thu Nov  6 17:48:28 2025] >> epoch [16] saved in [opus_books_emb1024_head2_de_fr_model_dense_enc/tmodel_16.pt], train loss [1.5689]
[Thu Nov  6 17:49:09 2025] >> validate loss: 3.4105866316593056
[Thu Nov  6 17:49:42 2025] >> epoch [17] saved in [opus_books_emb1024_head2_de_fr_model_dense_enc/tmodel_17.pt], train loss [1.6771]
[Thu Nov  6 17:50:24 2025] >> validate loss: 3.423361723557179
[Thu Nov  6 17:50:59 2025] >> epoch [18] saved in [opus_books_emb1024_head2_de_fr_model_dense_enc/tmodel_18.pt], train loss [1.6055]
[Thu Nov  6 17:51:41 2025] >> validate loss: 3.4505561904989794
[Thu Nov  6 17:52:14 2025] >> epoch [19] saved in [opus_books_emb1024_head2_de_fr_model_dense_enc/tmodel_19.pt], train loss [1.6263]
[Thu Nov  6 17:52:58 2025] >> validate loss: 3.4669550994429925
[Thu Nov  6 17:53:31 2025] >> epoch [20] saved in [opus_books_emb1024_head2_de_fr_model_dense_enc/tmodel_20.pt], train loss [1.4785]
[Thu Nov  6 17:54:12 2025] >> validate loss: 3.456170099466222
[Thu Nov  6 17:54:46 2025] >> epoch [21] saved in [opus_books_emb1024_head2_de_fr_model_dense_enc/tmodel_21.pt], train loss [1.4008]
[Thu Nov  6 17:55:29 2025] >> validate loss: 3.4710101677053764
[Thu Nov  6 17:56:02 2025] >> epoch [22] saved in [opus_books_emb1024_head2_de_fr_model_dense_enc/tmodel_22.pt], train loss [2.0145]
[Thu Nov  6 17:56:45 2025] >> validate loss: 3.485420061568333
[Thu Nov  6 17:57:19 2025] >> epoch [23] saved in [opus_books_emb1024_head2_de_fr_model_dense_enc/tmodel_23.pt], train loss [1.2196]
[Thu Nov  6 17:58:01 2025] >> validate loss: 3.510265930218442
[Thu Nov  6 17:58:34 2025] >> epoch [24] saved in [opus_books_emb1024_head2_de_fr_model_dense_enc/tmodel_24.pt], train loss [1.4390]
[Thu Nov  6 17:59:17 2025] >> validate loss: 3.516482098278029
[Thu Nov  6 17:59:51 2025] >> epoch [25] saved in [opus_books_emb1024_head2_de_fr_model_dense_enc/tmodel_25.pt], train loss [1.4409]
[Thu Nov  6 18:00:31 2025] >> validate loss: 3.533349791818539
[Thu Nov  6 18:01:05 2025] >> epoch [26] saved in [opus_books_emb1024_head2_de_fr_model_dense_enc/tmodel_26.pt], train loss [1.2920]
[Thu Nov  6 18:01:48 2025] >> validate loss: 3.5409013944614847
[Thu Nov  6 18:02:21 2025] >> epoch [27] saved in [opus_books_emb1024_head2_de_fr_model_dense_enc/tmodel_27.pt], train loss [1.2155]
[Thu Nov  6 18:03:01 2025] >> validate loss: 3.5507159393071097
[Thu Nov  6 18:03:36 2025] >> epoch [28] saved in [opus_books_emb1024_head2_de_fr_model_dense_enc/tmodel_28.pt], train loss [1.4229]
[Thu Nov  6 18:04:18 2025] >> validate loss: 3.548971775978331
[Thu Nov  6 18:04:50 2025] >> epoch [29] saved in [opus_books_emb1024_head2_de_fr_model_dense_enc/tmodel_29.pt], train loss [1.2826]
[Thu Nov  6 18:05:32 2025] >> validate loss: 3.5478340079430035
[Thu Nov  6 18:06:06 2025] >> epoch [30] saved in [opus_books_emb1024_head2_de_fr_model_dense_enc/tmodel_30.pt], train loss [1.3337]
[Thu Nov  6 18:06:48 2025] >> validate loss: 3.571865147498435
[Thu Nov  6 18:06:48 2025] >> 
[Thu Nov  6 18:06:54 2025] >> @@@@@@@@@@@@@@@@@@@@@@@@@@@@@@@@@@@@@@@@@@@@@@@@@@@@@@@@@@@@@@@@@@@@@@@@@@@@@@@@
[Thu Nov  6 18:06:54 2025] >> @@@@@@@@@@@@@@@@@@@@@@@@@@@@@@@@@@@@@@@@@@@@@@@@@@@@@@@@@@@@@@@@@@@@@@@@@@@@@@@@
[Thu Nov  6 18:06:54 2025] >> {'D_MODEL': 1024, 'NUM_LAYERS': 6, 'SEQ_LEN': 50, 'NUM_EPOCHS': 31, 'PRECISION': 'ftp32', 'DEVICE': 'cuda:0', 'VALIDATE': 1}
[Thu Nov  6 18:06:57 2025] >> train: 
[Thu Nov  6 18:07:52 2025] >> epoch [ 0] saved in [opus_books_emb1024_head2_de_fr_model_dense_enc/tmodel_00.pt], train loss [5.1854]
[Thu Nov  6 18:08:43 2025] >> epoch [ 1] saved in [opus_books_emb1024_head2_de_fr_model_dense_enc/tmodel_01.pt], train loss [3.5178]
[Thu Nov  6 18:09:38 2025] >> validate loss: 3.8796879890849234
[Thu Nov  6 18:10:30 2025] >> epoch [ 2] saved in [opus_books_emb1024_head2_de_fr_model_dense_enc/tmodel_02.pt], train loss [2.6839]
[Thu Nov  6 18:11:24 2025] >> validate loss: 3.6839812808222585
[Thu Nov  6 18:12:15 2025] >> epoch [ 3] saved in [opus_books_emb1024_head2_de_fr_model_dense_enc/tmodel_03.pt], train loss [4.4308]
[Thu Nov  6 18:13:15 2025] >> validate loss: 3.556672622803142
[Thu Nov  6 18:14:05 2025] >> epoch [ 4] saved in [opus_books_emb1024_head2_de_fr_model_dense_enc/tmodel_04.pt], train loss [2.8964]
[Thu Nov  6 18:14:59 2025] >> validate loss: 3.456988735632463
[Thu Nov  6 18:15:49 2025] >> epoch [ 5] saved in [opus_books_emb1024_head2_de_fr_model_dense_enc/tmodel_05.pt], train loss [2.1222]
[Thu Nov  6 18:16:48 2025] >> validate loss: 3.4261811209619477
[Thu Nov  6 18:17:38 2025] >> epoch [ 6] saved in [opus_books_emb1024_head2_de_fr_model_dense_enc/tmodel_06.pt], train loss [2.4109]
[Thu Nov  6 18:18:38 2025] >> validate loss: 3.385255843013912
[Thu Nov  6 18:19:28 2025] >> epoch [ 7] saved in [opus_books_emb1024_head2_de_fr_model_dense_enc/tmodel_07.pt], train loss [1.6579]
[Thu Nov  6 18:20:26 2025] >> validate loss: 3.3707526419929956
[Thu Nov  6 18:21:16 2025] >> epoch [ 8] saved in [opus_books_emb1024_head2_de_fr_model_dense_enc/tmodel_08.pt], train loss [2.5357]
[Thu Nov  6 18:22:12 2025] >> validate loss: 3.3268537445673867
[Thu Nov  6 18:23:03 2025] >> epoch [ 9] saved in [opus_books_emb1024_head2_de_fr_model_dense_enc/tmodel_09.pt], train loss [2.6667]
[Thu Nov  6 18:24:00 2025] >> validate loss: 3.3303765364711593
[Thu Nov  6 18:24:51 2025] >> epoch [10] saved in [opus_books_emb1024_head2_de_fr_model_dense_enc/tmodel_10.pt], train loss [2.3568]
[Thu Nov  6 18:25:51 2025] >> validate loss: 3.347768273016419
[Thu Nov  6 18:26:45 2025] >> epoch [11] saved in [opus_books_emb1024_head2_de_fr_model_dense_enc/tmodel_11.pt], train loss [2.2289]
[Thu Nov  6 18:27:49 2025] >> validate loss: 3.3377821878953413
[Thu Nov  6 18:28:45 2025] >> epoch [12] saved in [opus_books_emb1024_head2_de_fr_model_dense_enc/tmodel_12.pt], train loss [2.0792]
[Thu Nov  6 18:29:47 2025] >> validate loss: 3.3584565916790763
[Thu Nov  6 18:30:43 2025] >> epoch [13] saved in [opus_books_emb1024_head2_de_fr_model_dense_enc/tmodel_13.pt], train loss [2.4242]
[Thu Nov  6 18:31:47 2025] >> validate loss: 3.374650237192151
[Thu Nov  6 18:32:43 2025] >> epoch [14] saved in [opus_books_emb1024_head2_de_fr_model_dense_enc/tmodel_14.pt], train loss [1.9110]
[Thu Nov  6 18:33:48 2025] >> validate loss: 3.382038961585294
[Thu Nov  6 18:34:44 2025] >> epoch [15] saved in [opus_books_emb1024_head2_de_fr_model_dense_enc/tmodel_15.pt], train loss [1.6471]
[Thu Nov  6 18:35:48 2025] >> validate loss: 3.3997979024788
[Thu Nov  6 18:36:45 2025] >> epoch [16] saved in [opus_books_emb1024_head2_de_fr_model_dense_enc/tmodel_16.pt], train loss [2.1571]
[Thu Nov  6 18:37:50 2025] >> validate loss: 3.406315691371329
[Thu Nov  6 18:38:46 2025] >> epoch [17] saved in [opus_books_emb1024_head2_de_fr_model_dense_enc/tmodel_17.pt], train loss [1.5117]
[Thu Nov  6 18:39:52 2025] >> validate loss: 3.438248592537719
[Thu Nov  6 18:40:48 2025] >> epoch [18] saved in [opus_books_emb1024_head2_de_fr_model_dense_enc/tmodel_18.pt], train loss [2.0727]
[Thu Nov  6 18:41:54 2025] >> validate loss: 3.4427029513693475
[Thu Nov  6 18:42:50 2025] >> epoch [19] saved in [opus_books_emb1024_head2_de_fr_model_dense_enc/tmodel_19.pt], train loss [1.4161]
[Thu Nov  6 18:43:55 2025] >> validate loss: 3.4733242790764374
[Thu Nov  6 18:44:51 2025] >> epoch [20] saved in [opus_books_emb1024_head2_de_fr_model_dense_enc/tmodel_20.pt], train loss [1.4080]
[Thu Nov  6 18:45:55 2025] >> validate loss: 3.4646830163132747
[Thu Nov  6 18:46:47 2025] >> epoch [21] saved in [opus_books_emb1024_head2_de_fr_model_dense_enc/tmodel_21.pt], train loss [1.5079]
[Thu Nov  6 18:47:51 2025] >> validate loss: 3.4795808972734394
[Thu Nov  6 18:48:46 2025] >> epoch [22] saved in [opus_books_emb1024_head2_de_fr_model_dense_enc/tmodel_22.pt], train loss [1.7283]
[Thu Nov  6 18:49:48 2025] >> validate loss: 3.504060276314982
[Thu Nov  6 18:50:42 2025] >> epoch [23] saved in [opus_books_emb1024_head2_de_fr_model_dense_enc/tmodel_23.pt], train loss [1.5822]
[Thu Nov  6 18:51:47 2025] >> validate loss: 3.514434116743344
[Thu Nov  6 18:52:41 2025] >> epoch [24] saved in [opus_books_emb1024_head2_de_fr_model_dense_enc/tmodel_24.pt], train loss [1.3210]
[Thu Nov  6 18:53:45 2025] >> validate loss: 3.524740035571749
[Thu Nov  6 18:54:39 2025] >> epoch [25] saved in [opus_books_emb1024_head2_de_fr_model_dense_enc/tmodel_25.pt], train loss [1.6689]
[Thu Nov  6 18:55:41 2025] >> validate loss: 3.5264736352028785
[Thu Nov  6 18:56:36 2025] >> epoch [26] saved in [opus_books_emb1024_head2_de_fr_model_dense_enc/tmodel_26.pt], train loss [2.5106]
[Thu Nov  6 18:57:39 2025] >> validate loss: 3.5458962999897086
[Thu Nov  6 18:58:34 2025] >> epoch [27] saved in [opus_books_emb1024_head2_de_fr_model_dense_enc/tmodel_27.pt], train loss [1.2786]
[Thu Nov  6 18:59:36 2025] >> validate loss: 3.5468736603146507
[Thu Nov  6 19:00:31 2025] >> epoch [28] saved in [opus_books_emb1024_head2_de_fr_model_dense_enc/tmodel_28.pt], train loss [1.2201]
[Thu Nov  6 19:01:34 2025] >> validate loss: 3.524772713194678
[Thu Nov  6 19:02:28 2025] >> epoch [29] saved in [opus_books_emb1024_head2_de_fr_model_dense_enc/tmodel_29.pt], train loss [1.3029]
[Thu Nov  6 19:03:30 2025] >> validate loss: 3.5260215627854694
[Thu Nov  6 19:04:25 2025] >> epoch [30] saved in [opus_books_emb1024_head2_de_fr_model_dense_enc/tmodel_30.pt], train loss [1.2405]
[Thu Nov  6 19:05:27 2025] >> validate loss: 3.527328881694469
[Thu Nov  6 19:05:27 2025] >> 
[Thu Nov  6 19:05:36 2025] >> @@@@@@@@@@@@@@@@@@@@@@@@@@@@@@@@@@@@@@@@@@@@@@@@@@@@@@@@@@@@@@@@@@@@@@@@@@@@@@@@
[Thu Nov  6 19:05:36 2025] >> @@@@@@@@@@@@@@@@@@@@@@@@@@@@@@@@@@@@@@@@@@@@@@@@@@@@@@@@@@@@@@@@@@@@@@@@@@@@@@@@
[Thu Nov  6 19:05:36 2025] >> {'D_MODEL': 1024, 'NUM_LAYERS': 8, 'SEQ_LEN': 50, 'NUM_EPOCHS': 31, 'PRECISION': 'ftp32', 'DEVICE': 'cuda:0', 'VALIDATE': 1}
[Thu Nov  6 19:05:40 2025] >> train: 
[Thu Nov  6 19:06:57 2025] >> epoch [ 0] saved in [opus_books_emb1024_head2_de_fr_model_dense_enc/tmodel_00.pt], train loss [4.3605]
[Thu Nov  6 19:08:08 2025] >> epoch [ 1] saved in [opus_books_emb1024_head2_de_fr_model_dense_enc/tmodel_01.pt], train loss [5.5223]
[Thu Nov  6 19:09:20 2025] >> validate loss: 3.9230990745288468
[Thu Nov  6 19:10:31 2025] >> epoch [ 2] saved in [opus_books_emb1024_head2_de_fr_model_dense_enc/tmodel_02.pt], train loss [4.8646]
[Thu Nov  6 19:11:47 2025] >> validate loss: 3.7256702669771204
[Thu Nov  6 19:12:57 2025] >> epoch [ 3] saved in [opus_books_emb1024_head2_de_fr_model_dense_enc/tmodel_03.pt], train loss [3.1349]
[Thu Nov  6 19:14:19 2025] >> validate loss: 3.603325793065378
[Thu Nov  6 19:15:29 2025] >> epoch [ 4] saved in [opus_books_emb1024_head2_de_fr_model_dense_enc/tmodel_04.pt], train loss [3.1808]
[Thu Nov  6 19:16:49 2025] >> validate loss: 3.511758990102
[Thu Nov  6 19:18:00 2025] >> epoch [ 5] saved in [opus_books_emb1024_head2_de_fr_model_dense_enc/tmodel_05.pt], train loss [4.4706]
[Thu Nov  6 19:19:16 2025] >> validate loss: 3.439946748649575
[Thu Nov  6 19:20:23 2025] >> epoch [ 6] saved in [opus_books_emb1024_head2_de_fr_model_dense_enc/tmodel_06.pt], train loss [2.2641]
[Thu Nov  6 19:21:40 2025] >> validate loss: 3.402582030791741
[Thu Nov  6 19:22:49 2025] >> epoch [ 7] saved in [opus_books_emb1024_head2_de_fr_model_dense_enc/tmodel_07.pt], train loss [2.4425]
[Thu Nov  6 19:24:04 2025] >> validate loss: 3.3907872846116236
[Thu Nov  6 19:25:13 2025] >> epoch [ 8] saved in [opus_books_emb1024_head2_de_fr_model_dense_enc/tmodel_08.pt], train loss [1.4530]
[Thu Nov  6 19:26:31 2025] >> validate loss: 3.3706565579294643
[Thu Nov  6 19:27:40 2025] >> epoch [ 9] saved in [opus_books_emb1024_head2_de_fr_model_dense_enc/tmodel_09.pt], train loss [2.4726]
[Thu Nov  6 19:29:01 2025] >> validate loss: 3.3621626359559755
[Thu Nov  6 19:30:10 2025] >> epoch [10] saved in [opus_books_emb1024_head2_de_fr_model_dense_enc/tmodel_10.pt], train loss [2.7528]
[Thu Nov  6 19:31:28 2025] >> validate loss: 3.361823842811034
[Thu Nov  6 19:32:37 2025] >> epoch [11] saved in [opus_books_emb1024_head2_de_fr_model_dense_enc/tmodel_11.pt], train loss [2.2329]
[Thu Nov  6 19:33:59 2025] >> validate loss: 3.3861876610897665
[Thu Nov  6 19:35:07 2025] >> epoch [12] saved in [opus_books_emb1024_head2_de_fr_model_dense_enc/tmodel_12.pt], train loss [1.4866]
[Thu Nov  6 19:36:27 2025] >> validate loss: 3.387840017439827
[Thu Nov  6 19:37:35 2025] >> epoch [13] saved in [opus_books_emb1024_head2_de_fr_model_dense_enc/tmodel_13.pt], train loss [2.1938]
[Thu Nov  6 19:38:55 2025] >> validate loss: 3.3943007766426385
[Thu Nov  6 19:40:04 2025] >> epoch [14] saved in [opus_books_emb1024_head2_de_fr_model_dense_enc/tmodel_14.pt], train loss [1.9822]
[Thu Nov  6 19:41:23 2025] >> validate loss: 3.4065693986708294
[Thu Nov  6 19:42:32 2025] >> epoch [15] saved in [opus_books_emb1024_head2_de_fr_model_dense_enc/tmodel_15.pt], train loss [1.3028]
[Thu Nov  6 19:43:53 2025] >> validate loss: 3.4309636552268463
[Thu Nov  6 19:45:02 2025] >> epoch [16] saved in [opus_books_emb1024_head2_de_fr_model_dense_enc/tmodel_16.pt], train loss [2.4987]
[Thu Nov  6 19:46:22 2025] >> validate loss: 3.4681181881850933
[Thu Nov  6 19:47:32 2025] >> epoch [17] saved in [opus_books_emb1024_head2_de_fr_model_dense_enc/tmodel_17.pt], train loss [1.4168]
[Thu Nov  6 19:48:51 2025] >> validate loss: 3.452988701293307
[Thu Nov  6 19:50:01 2025] >> epoch [18] saved in [opus_books_emb1024_head2_de_fr_model_dense_enc/tmodel_18.pt], train loss [1.6271]
[Thu Nov  6 19:51:21 2025] >> validate loss: 3.482601194670706
[Thu Nov  6 19:52:30 2025] >> epoch [19] saved in [opus_books_emb1024_head2_de_fr_model_dense_enc/tmodel_19.pt], train loss [1.3140]
[Thu Nov  6 19:53:50 2025] >> validate loss: 3.4913312456480523
[Thu Nov  6 19:55:00 2025] >> epoch [20] saved in [opus_books_emb1024_head2_de_fr_model_dense_enc/tmodel_20.pt], train loss [1.3740]
[Thu Nov  6 19:56:20 2025] >> validate loss: 3.498427438529539
[Thu Nov  6 19:57:29 2025] >> epoch [21] saved in [opus_books_emb1024_head2_de_fr_model_dense_enc/tmodel_21.pt], train loss [1.2031]
[Thu Nov  6 19:58:50 2025] >> validate loss: 3.5028843449651763
[Thu Nov  6 19:59:59 2025] >> epoch [22] saved in [opus_books_emb1024_head2_de_fr_model_dense_enc/tmodel_22.pt], train loss [1.5824]
[Thu Nov  6 20:01:20 2025] >> validate loss: 3.513002975678547
[Thu Nov  6 20:02:29 2025] >> epoch [23] saved in [opus_books_emb1024_head2_de_fr_model_dense_enc/tmodel_23.pt], train loss [1.2318]
[Thu Nov  6 20:03:51 2025] >> validate loss: 3.534908429540769
[Thu Nov  6 20:05:00 2025] >> epoch [24] saved in [opus_books_emb1024_head2_de_fr_model_dense_enc/tmodel_24.pt], train loss [1.1835]
[Thu Nov  6 20:06:22 2025] >> validate loss: 3.536134148744966
[Thu Nov  6 20:07:31 2025] >> epoch [25] saved in [opus_books_emb1024_head2_de_fr_model_dense_enc/tmodel_25.pt], train loss [1.5248]
[Thu Nov  6 20:08:51 2025] >> validate loss: 3.556126872010389
[Thu Nov  6 20:10:00 2025] >> epoch [26] saved in [opus_books_emb1024_head2_de_fr_model_dense_enc/tmodel_26.pt], train loss [1.5224]
[Thu Nov  6 20:11:22 2025] >> validate loss: 3.5545370000781435
[Thu Nov  6 20:12:32 2025] >> epoch [27] saved in [opus_books_emb1024_head2_de_fr_model_dense_enc/tmodel_27.pt], train loss [1.4348]
[Thu Nov  6 20:13:52 2025] >> validate loss: 3.5482521569746055
[Thu Nov  6 20:15:01 2025] >> epoch [28] saved in [opus_books_emb1024_head2_de_fr_model_dense_enc/tmodel_28.pt], train loss [1.3166]
[Thu Nov  6 20:16:22 2025] >> validate loss: 3.5493099319642414
[Thu Nov  6 20:17:30 2025] >> epoch [29] saved in [opus_books_emb1024_head2_de_fr_model_dense_enc/tmodel_29.pt], train loss [1.3095]
[Thu Nov  6 20:18:46 2025] >> validate loss: 3.5467294466615926
[Thu Nov  6 20:19:53 2025] >> epoch [30] saved in [opus_books_emb1024_head2_de_fr_model_dense_enc/tmodel_30.pt], train loss [1.7213]
[Thu Nov  6 20:21:09 2025] >> validate loss: 3.548037533636217
[Thu Nov  6 20:21:09 2025] >> 
[Mon Nov 10 09:32:11 2025] >> @@@@@@@@@@@@@@@@@@@@@@@@@@@@@@@@@@@@@@@@@@@@@@@@@@@@@@@@@@@@@@@@@@@@@@@@@@@@@@@@
[Mon Nov 10 09:32:11 2025] >> @@@@@@@@@@@@@@@@@@@@@@@@@@@@@@@@@@@@@@@@@@@@@@@@@@@@@@@@@@@@@@@@@@@@@@@@@@@@@@@@
[Mon Nov 10 09:32:11 2025] >> {'D_MODEL': 512, 'NUM_LAYERS': 6, 'SEQ_LEN': 50, 'NUM_EPOCHS': 51, 'PRECISION': 'ftp32', 'DEVICE': 'cuda:0', 'VALIDATE': 1}
[Mon Nov 10 09:32:15 2025] >> train: 
[Mon Nov 10 09:32:59 2025] >> epoch [ 0] saved in [opus_books_emb512_head2_de_fr_model_dense_enc/tmodel_00.pt], train loss [5.3101]
[Mon Nov 10 09:33:40 2025] >> epoch [ 1] saved in [opus_books_emb512_head2_de_fr_model_dense_enc/tmodel_01.pt], train loss [3.8340]
[Mon Nov 10 09:34:23 2025] >> validate loss: 4.503438650271593
[Mon Nov 10 09:35:05 2025] >> epoch [ 2] saved in [opus_books_emb512_head2_de_fr_model_dense_enc/tmodel_02.pt], train loss [5.2264]
[Mon Nov 10 09:35:51 2025] >> validate loss: 4.325371924932901
[Mon Nov 10 09:36:33 2025] >> epoch [ 3] saved in [opus_books_emb512_head2_de_fr_model_dense_enc/tmodel_03.pt], train loss [4.7081]
[Mon Nov 10 09:37:18 2025] >> validate loss: 4.198738585474859
[Mon Nov 10 09:38:00 2025] >> epoch [ 4] saved in [opus_books_emb512_head2_de_fr_model_dense_enc/tmodel_04.pt], train loss [4.1204]
[Mon Nov 10 09:38:51 2025] >> validate loss: 4.0998167513424875
[Mon Nov 10 09:39:31 2025] >> epoch [ 5] saved in [opus_books_emb512_head2_de_fr_model_dense_enc/tmodel_05.pt], train loss [3.7107]
[Mon Nov 10 09:40:21 2025] >> validate loss: 4.026170709948519
[Mon Nov 10 09:41:02 2025] >> epoch [ 6] saved in [opus_books_emb512_head2_de_fr_model_dense_enc/tmodel_06.pt], train loss [3.8689]
[Mon Nov 10 09:41:54 2025] >> validate loss: 3.952348793567861
[Mon Nov 10 09:42:35 2025] >> epoch [ 7] saved in [opus_books_emb512_head2_de_fr_model_dense_enc/tmodel_07.pt], train loss [3.6114]
[Mon Nov 10 09:43:26 2025] >> validate loss: 3.8988099786282273
[Mon Nov 10 09:44:06 2025] >> epoch [ 8] saved in [opus_books_emb512_head2_de_fr_model_dense_enc/tmodel_08.pt], train loss [4.4578]
[Mon Nov 10 09:45:00 2025] >> validate loss: 3.8511276360370035
[Mon Nov 10 09:45:40 2025] >> epoch [ 9] saved in [opus_books_emb512_head2_de_fr_model_dense_enc/tmodel_09.pt], train loss [3.4350]
[Mon Nov 10 09:46:32 2025] >> validate loss: 3.7958235656372223
[Mon Nov 10 09:47:13 2025] >> epoch [10] saved in [opus_books_emb512_head2_de_fr_model_dense_enc/tmodel_10.pt], train loss [3.3658]
[Mon Nov 10 09:48:08 2025] >> validate loss: 3.7674613241509443
[Mon Nov 10 09:48:48 2025] >> epoch [11] saved in [opus_books_emb512_head2_de_fr_model_dense_enc/tmodel_11.pt], train loss [4.1185]
[Mon Nov 10 09:49:41 2025] >> validate loss: 3.7244232175670144
[Mon Nov 10 09:50:22 2025] >> epoch [12] saved in [opus_books_emb512_head2_de_fr_model_dense_enc/tmodel_12.pt], train loss [3.2988]
[Mon Nov 10 09:51:16 2025] >> validate loss: 3.7031533234735243
[Mon Nov 10 09:51:56 2025] >> epoch [13] saved in [opus_books_emb512_head2_de_fr_model_dense_enc/tmodel_13.pt], train loss [2.8319]
[Mon Nov 10 09:52:48 2025] >> validate loss: 3.6591002215210664
[Mon Nov 10 09:53:27 2025] >> epoch [14] saved in [opus_books_emb512_head2_de_fr_model_dense_enc/tmodel_14.pt], train loss [2.4860]
[Mon Nov 10 09:54:19 2025] >> validate loss: 3.6346011469718524
[Mon Nov 10 09:54:58 2025] >> epoch [15] saved in [opus_books_emb512_head2_de_fr_model_dense_enc/tmodel_15.pt], train loss [4.5236]
[Mon Nov 10 09:55:54 2025] >> validate loss: 3.6189666248503185
[Mon Nov 10 09:56:34 2025] >> epoch [16] saved in [opus_books_emb512_head2_de_fr_model_dense_enc/tmodel_16.pt], train loss [3.9890]
[Mon Nov 10 09:57:27 2025] >> validate loss: 3.5938513502586114
[Mon Nov 10 09:58:06 2025] >> epoch [17] saved in [opus_books_emb512_head2_de_fr_model_dense_enc/tmodel_17.pt], train loss [3.5870]
[Mon Nov 10 09:59:00 2025] >> validate loss: 3.5756399025992742
[Mon Nov 10 09:59:39 2025] >> epoch [18] saved in [opus_books_emb512_head2_de_fr_model_dense_enc/tmodel_18.pt], train loss [1.8299]
[Mon Nov 10 10:00:33 2025] >> validate loss: 3.5569814032462426
[Mon Nov 10 10:01:15 2025] >> epoch [19] saved in [opus_books_emb512_head2_de_fr_model_dense_enc/tmodel_19.pt], train loss [2.7082]
[Mon Nov 10 10:02:13 2025] >> validate loss: 3.53343952940656
[Mon Nov 10 10:02:53 2025] >> epoch [20] saved in [opus_books_emb512_head2_de_fr_model_dense_enc/tmodel_20.pt], train loss [2.7004]
[Mon Nov 10 10:03:49 2025] >> validate loss: 3.5184138672692433
[Mon Nov 10 10:04:31 2025] >> epoch [21] saved in [opus_books_emb512_head2_de_fr_model_dense_enc/tmodel_21.pt], train loss [2.7290]
[Mon Nov 10 10:05:26 2025] >> validate loss: 3.5161719038372947
[Mon Nov 10 10:06:09 2025] >> epoch [22] saved in [opus_books_emb512_head2_de_fr_model_dense_enc/tmodel_22.pt], train loss [3.7627]
[Mon Nov 10 10:07:04 2025] >> validate loss: 3.493326789028889
[Mon Nov 10 10:07:45 2025] >> epoch [23] saved in [opus_books_emb512_head2_de_fr_model_dense_enc/tmodel_23.pt], train loss [2.9139]
[Mon Nov 10 10:08:39 2025] >> validate loss: 3.4851866896878416
[Mon Nov 10 10:09:20 2025] >> epoch [24] saved in [opus_books_emb512_head2_de_fr_model_dense_enc/tmodel_24.pt], train loss [2.4083]
[Mon Nov 10 10:10:16 2025] >> validate loss: 3.4872033475625392
[Mon Nov 10 10:10:55 2025] >> epoch [25] saved in [opus_books_emb512_head2_de_fr_model_dense_enc/tmodel_25.pt], train loss [2.5784]
[Mon Nov 10 10:11:51 2025] >> validate loss: 3.4722174055132515
[Mon Nov 10 10:12:31 2025] >> epoch [26] saved in [opus_books_emb512_head2_de_fr_model_dense_enc/tmodel_26.pt], train loss [2.9304]
[Mon Nov 10 10:13:25 2025] >> validate loss: 3.4673441600317907
[Mon Nov 10 10:14:05 2025] >> epoch [27] saved in [opus_books_emb512_head2_de_fr_model_dense_enc/tmodel_27.pt], train loss [2.7169]
[Mon Nov 10 10:14:59 2025] >> validate loss: 3.4505210796647945
[Mon Nov 10 10:15:40 2025] >> epoch [28] saved in [opus_books_emb512_head2_de_fr_model_dense_enc/tmodel_28.pt], train loss [3.1803]
[Mon Nov 10 10:16:37 2025] >> validate loss: 3.4467755748768045
[Mon Nov 10 10:17:18 2025] >> epoch [29] saved in [opus_books_emb512_head2_de_fr_model_dense_enc/tmodel_29.pt], train loss [3.1532]
[Mon Nov 10 10:18:16 2025] >> validate loss: 3.450885906708017
[Mon Nov 10 10:18:56 2025] >> epoch [30] saved in [opus_books_emb512_head2_de_fr_model_dense_enc/tmodel_30.pt], train loss [2.1719]
[Mon Nov 10 10:19:52 2025] >> validate loss: 3.43370514377027
[Mon Nov 10 10:20:32 2025] >> epoch [31] saved in [opus_books_emb512_head2_de_fr_model_dense_enc/tmodel_31.pt], train loss [3.4654]
[Mon Nov 10 10:21:28 2025] >> validate loss: 3.429619481725266
[Mon Nov 10 10:22:10 2025] >> epoch [32] saved in [opus_books_emb512_head2_de_fr_model_dense_enc/tmodel_32.pt], train loss [2.5771]
[Mon Nov 10 10:23:07 2025] >> validate loss: 3.432693501055499
[Mon Nov 10 10:23:47 2025] >> epoch [33] saved in [opus_books_emb512_head2_de_fr_model_dense_enc/tmodel_33.pt], train loss [3.2215]
[Mon Nov 10 10:24:43 2025] >> validate loss: 3.4319352880012763
[Mon Nov 10 10:25:23 2025] >> epoch [34] saved in [opus_books_emb512_head2_de_fr_model_dense_enc/tmodel_34.pt], train loss [3.2950]
[Mon Nov 10 10:26:19 2025] >> validate loss: 3.4318465169890104
[Mon Nov 10 10:26:59 2025] >> epoch [35] saved in [opus_books_emb512_head2_de_fr_model_dense_enc/tmodel_35.pt], train loss [2.1531]
[Mon Nov 10 10:27:54 2025] >> validate loss: 3.4320534818616264
[Mon Nov 10 10:28:34 2025] >> epoch [36] saved in [opus_books_emb512_head2_de_fr_model_dense_enc/tmodel_36.pt], train loss [3.6907]
[Mon Nov 10 10:29:30 2025] >> validate loss: 3.4286871059632404
[Mon Nov 10 10:30:09 2025] >> epoch [37] saved in [opus_books_emb512_head2_de_fr_model_dense_enc/tmodel_37.pt], train loss [1.5025]
[Mon Nov 10 10:31:04 2025] >> validate loss: 3.42680743143156
[Mon Nov 10 10:31:44 2025] >> epoch [38] saved in [opus_books_emb512_head2_de_fr_model_dense_enc/tmodel_38.pt], train loss [2.7016]
[Mon Nov 10 10:32:41 2025] >> validate loss: 3.4252102333745915
[Mon Nov 10 10:33:23 2025] >> epoch [39] saved in [opus_books_emb512_head2_de_fr_model_dense_enc/tmodel_39.pt], train loss [1.6161]
[Mon Nov 10 10:34:20 2025] >> validate loss: 3.434714396622618
[Mon Nov 10 10:35:00 2025] >> epoch [40] saved in [opus_books_emb512_head2_de_fr_model_dense_enc/tmodel_40.pt], train loss [2.5708]
[Mon Nov 10 10:35:55 2025] >> validate loss: 3.4454975116132487
[Mon Nov 10 10:36:35 2025] >> epoch [41] saved in [opus_books_emb512_head2_de_fr_model_dense_enc/tmodel_41.pt], train loss [2.0751]
[Mon Nov 10 10:37:32 2025] >> validate loss: 3.432988966182197
[Mon Nov 10 10:38:12 2025] >> epoch [42] saved in [opus_books_emb512_head2_de_fr_model_dense_enc/tmodel_42.pt], train loss [1.9808]
[Mon Nov 10 10:39:07 2025] >> validate loss: 3.4388828372198437
[Mon Nov 10 10:39:48 2025] >> epoch [43] saved in [opus_books_emb512_head2_de_fr_model_dense_enc/tmodel_43.pt], train loss [2.8793]
[Mon Nov 10 10:40:45 2025] >> validate loss: 3.448828702021127
[Mon Nov 10 10:41:26 2025] >> epoch [44] saved in [opus_books_emb512_head2_de_fr_model_dense_enc/tmodel_44.pt], train loss [2.2713]
[Mon Nov 10 10:42:26 2025] >> validate loss: 3.455237613267885
[Mon Nov 10 10:43:08 2025] >> epoch [45] saved in [opus_books_emb512_head2_de_fr_model_dense_enc/tmodel_45.pt], train loss [2.4510]
[Mon Nov 10 10:44:06 2025] >> validate loss: 3.4529305811740274
[Mon Nov 10 10:44:45 2025] >> epoch [46] saved in [opus_books_emb512_head2_de_fr_model_dense_enc/tmodel_46.pt], train loss [2.0697]
[Mon Nov 10 10:45:40 2025] >> validate loss: 3.4473742576904627
[Mon Nov 10 10:46:20 2025] >> epoch [47] saved in [opus_books_emb512_head2_de_fr_model_dense_enc/tmodel_47.pt], train loss [2.4014]
[Mon Nov 10 10:47:17 2025] >> validate loss: 3.465098102543433
[Mon Nov 10 10:47:59 2025] >> epoch [48] saved in [opus_books_emb512_head2_de_fr_model_dense_enc/tmodel_48.pt], train loss [2.7260]
[Mon Nov 10 10:48:58 2025] >> validate loss: 3.46522167819575
[Mon Nov 10 10:49:39 2025] >> epoch [49] saved in [opus_books_emb512_head2_de_fr_model_dense_enc/tmodel_49.pt], train loss [1.7993]
[Mon Nov 10 10:50:36 2025] >> validate loss: 3.468350975716441
[Mon Nov 10 10:51:16 2025] >> epoch [50] saved in [opus_books_emb512_head2_de_fr_model_dense_enc/tmodel_50.pt], train loss [2.4187]
[Mon Nov 10 10:52:14 2025] >> validate loss: 3.465827302843289
[Mon Nov 10 10:52:14 2025] >> 
