[Wed Sep  3 14:08:34 2025] >> getting alpha for bit_len [16]
[Wed Sep  3 14:08:57 2025] >> getting alpha for bit_len [16]
[Wed Sep  3 14:09:03 2025] >> getting alpha for bit_len [8]
[Wed Sep  3 14:09:04 2025] >> alpha, bit [8]: 
[[0.5019455252918288, 0.4980544747081712, 0.4980544747081712, 0.5019455252918288, 0.5019455252918288, 0.4980544747081712], [0.5038910505836576, 0.4961089494163424, 0.4980544747081712, 0.5019455252918288, 0.5019455252918288, 0.4980544747081712], [0.5077821011673151, 0.49221789883268485, 0.4980544747081712, 0.5019455252918288, 0.5019455252918288, 0.4980544747081712], [0.5155642023346303, 0.4844357976653697, 0.4980544747081712, 0.5019455252918288, 0.5019455252918288, 0.4980544747081712], [0.5311284046692607, 0.4688715953307393, 0.4980544747081712, 0.5019455252918288, 0.5019455252918288, 0.4980544747081712], [0.5622568093385214, 0.4377431906614786, 0.4980544747081712, 0.5019455252918288, 0.5019455252918288, 0.4980544747081712], [0.6245136186770428, 0.3754863813229572, 0.4980544747081712, 0.5019455252918288, 0.5019455252918288, 0.4980544747081712], [0.7490272373540856, 0.2509727626459144, 0.4980544747081712, 0.5019455252918288, 0.5019455252918288, 0.4980544747081712]]
[Wed Sep  3 14:09:08 2025] >> getting alpha for bit_len [12]
[Wed Sep  3 14:09:20 2025] >> getting alpha for bit_len [10]
[Wed Sep  3 14:09:46 2025] >> alpha, bit [10]: 
[[0.5004878048780488, 0.4995121951219512, 0.4995121951219512, 0.5004878048780488, 0.5004878048780488, 0.4995121951219512], [0.5009756097560976, 0.49902439024390244, 0.4995121951219512, 0.5004878048780488, 0.5004878048780488, 0.4995121951219512], [0.5019512195121951, 0.4980487804878049, 0.4995121951219512, 0.5004878048780488, 0.5004878048780488, 0.4995121951219512], [0.5039024390243902, 0.49609756097560975, 0.4995121951219512, 0.5004878048780488, 0.5004878048780488, 0.4995121951219512], [0.5078048780487805, 0.4921951219512195, 0.4995121951219512, 0.5004878048780488, 0.5004878048780488, 0.4995121951219512], [0.515609756097561, 0.484390243902439, 0.4995121951219512, 0.5004878048780488, 0.5004878048780488, 0.4995121951219512], [0.531219512195122, 0.468780487804878, 0.4995121951219512, 0.5004878048780488, 0.5004878048780488, 0.4995121951219512], [0.562439024390244, 0.43756097560975604, 0.4995121951219512, 0.5004878048780488, 0.5004878048780488, 0.4995121951219512], [0.6248780487804878, 0.3751219512195122, 0.4995121951219512, 0.5004878048780488, 0.5004878048780488, 0.4995121951219512], [0.7497560975609756, 0.2502439024390244, 0.4995121951219512, 0.5004878048780488, 0.5004878048780488, 0.4995121951219512]]
[Wed Sep  3 14:17:05 2025] >> alpha, bit [12]: 
[[0.5001220405174518, 0.4998779594825482, 0.4998779594825482, 0.5001220405174518, 0.5001220405174518, 0.4998779594825482], [0.5002440810349036, 0.4997559189650964, 0.4998779594825482, 0.5001220405174518, 0.5001220405174518, 0.4998779594825482], [0.5004881620698072, 0.4995118379301928, 0.4998779594825482, 0.5001220405174518, 0.5001220405174518, 0.4998779594825482], [0.5009763241396143, 0.49902367586038565, 0.4998779594825482, 0.5001220405174518, 0.5001220405174518, 0.4998779594825482], [0.5019526482792287, 0.4980473517207713, 0.4998779594825482, 0.5001220405174518, 0.5001220405174518, 0.4998779594825482], [0.5039052965584574, 0.4960947034415426, 0.4998779594825482, 0.5001220405174518, 0.5001220405174518, 0.4998779594825482], [0.5078105931169148, 0.4921894068830852, 0.4998779594825482, 0.5001220405174518, 0.5001220405174518, 0.4998779594825482], [0.5156211862338296, 0.4843788137661704, 0.4998779594825482, 0.5001220405174518, 0.5001220405174518, 0.4998779594825482], [0.5312423724676593, 0.46875762753234074, 0.4998779594825482, 0.5001220405174518, 0.5001220405174518, 0.4998779594825482], [0.5624847449353185, 0.4375152550646815, 0.4998779594825482, 0.5001220405174518, 0.5001220405174518, 0.4998779594825482], [0.624969489870637, 0.37503051012936295, 0.4998779594825482, 0.5001220405174518, 0.5001220405174518, 0.4998779594825482], [0.7499389797412741, 0.2500610202587259, 0.4998779594825482, 0.5001220405174518, 0.5001220405174518, 0.4998779594825482]]
[Thu Sep  4 11:14:04 2025] >> getting alpha for bit_len [10]
[Thu Sep  4 11:53:12 2025] >> getting alpha for bit_len [10]
[Thu Sep  4 11:53:19 2025] >> getting alpha for bit_len [8]
[Thu Sep  4 11:53:21 2025] >> alpha, bit [8]: 
[[0.5, 0.5, 0.5, 0.5, 0.5, 0.5], [0.5, 0.5, 0.5, 0.5, 0.5, 0.5], [0.5, 0.5, 0.5, 0.5, 0.5, 0.5], [0.5, 0.5, 0.5, 0.5, 0.5, 0.5], [0.5, 0.5, 0.5, 0.5, 0.5, 0.5], [0.5, 0.5, 0.5, 0.5, 0.5, 0.5], [0.5, 0.5, 0.5, 0.5, 0.5, 0.5], [0.5, 0.5, 0.5, 0.5, 0.5, 0.5]]
[Thu Sep  4 11:54:04 2025] >> RippleAdder - getting alpha for bit_len [8]
[Thu Sep  4 11:54:05 2025] >> alpha, bit [8]: 
[[0.5, 0.5, 0.5, 0.5, 0.5, 0.5], [0.5, 0.5, 0.5, 0.5, 0.5, 0.5], [0.5, 0.5, 0.5, 0.5, 0.5, 0.5], [0.5, 0.5, 0.5, 0.5, 0.5, 0.5], [0.5, 0.5, 0.5, 0.5, 0.5, 0.5], [0.5, 0.5, 0.5, 0.5, 0.5, 0.5], [0.5, 0.5, 0.5, 0.5, 0.5, 0.5], [0.5, 0.5, 0.5, 0.5, 0.5, 0.5]]
[Thu Sep  4 11:54:05 2025] >> CarrySkipAdder - getting alpha for bit_len [8]
[Thu Sep  4 11:54:07 2025] >> alpha, bit [8]: 
[[0.5, 0.5, 0.5, 0.5, 0.5, 0.5], [0.5, 0.5, 0.5, 0.5, 0.5, 0.5], [0.5, 0.5, 0.5, 0.5, 0.5, 0.5], [0.5, 0.5, 0.5, 0.5, 0.5, 0.5], [0.5, 0.5, 0.5, 0.5, 0.5, 0.5], [0.5, 0.5, 0.5, 0.5, 0.5, 0.5], [0.5, 0.5, 0.5, 0.5, 0.5, 0.5], [0.5, 0.5, 0.5, 0.5, 0.5, 0.5]]
[Thu Sep  4 12:38:15 2025] >> RippleAdder - getting alpha for bit_len [8]
[Thu Sep  4 12:38:17 2025] >> alpha, bit [8]: 
[[0.5, 0.5, 0.5, 0.5, 0.5, 0.5], [0.5, 0.5, 0.5, 0.5, 0.5, 0.5], [0.5, 0.5, 0.5, 0.5, 0.5, 0.5], [0.5, 0.5, 0.5, 0.5, 0.5, 0.5], [0.5, 0.5, 0.5, 0.5, 0.5, 0.5], [0.5, 0.5, 0.5, 0.5, 0.5, 0.5], [0.5, 0.5, 0.5, 0.5, 0.5, 0.5], [0.5, 0.5, 0.5, 0.5, 0.5, 0.5]]
[Thu Sep  4 12:38:17 2025] >> CarrySkipAdder - getting alpha for bit_len [8]
[Thu Sep  4 12:38:19 2025] >> alpha, bit [8]: 
[[0.5, 0.5, 0.5, 0.5, 0.5, 0.5], [0.5, 0.5, 0.5, 0.5, 0.5, 0.5], [0.5, 0.5, 0.5, 0.5, 0.5, 0.5], [0.5, 0.5, 0.5, 0.5, 0.5, 0.5], [0.5, 0.5, 0.5, 0.5, 0.5, 0.5], [0.5, 0.5, 0.5, 0.5, 0.5, 0.5], [0.5, 0.5, 0.5, 0.5, 0.5, 0.5], [0.5, 0.5, 0.5, 0.5, 0.5, 0.5]]
[Thu Sep  4 12:38:19 2025] >> CarrySaveAdder - getting alpha for bit_len [8]
[Thu Sep  4 12:41:30 2025] >> RippleAdder - getting alpha for bit_len [8]
[Thu Sep  4 12:41:31 2025] >> alpha, bit [8]: 
[[0.5, 0.5, 0.5, 0.5, 0.5, 0.5], [0.5, 0.5, 0.5, 0.5, 0.5, 0.5], [0.5, 0.5, 0.5, 0.5, 0.5, 0.5], [0.5, 0.5, 0.5, 0.5, 0.5, 0.5], [0.5, 0.5, 0.5, 0.5, 0.5, 0.5], [0.5, 0.5, 0.5, 0.5, 0.5, 0.5], [0.5, 0.5, 0.5, 0.5, 0.5, 0.5], [0.5, 0.5, 0.5, 0.5, 0.5, 0.5]]
[Thu Sep  4 12:41:31 2025] >> CarrySkipAdder - getting alpha for bit_len [8]
[Thu Sep  4 12:41:33 2025] >> alpha, bit [8]: 
[[0.5, 0.5, 0.5, 0.5, 0.5, 0.5], [0.5, 0.5, 0.5, 0.5, 0.5, 0.5], [0.5, 0.5, 0.5, 0.5, 0.5, 0.5], [0.5, 0.5, 0.5, 0.5, 0.5, 0.5], [0.5, 0.5, 0.5, 0.5, 0.5, 0.5], [0.5, 0.5, 0.5, 0.5, 0.5, 0.5], [0.5, 0.5, 0.5, 0.5, 0.5, 0.5], [0.5, 0.5, 0.5, 0.5, 0.5, 0.5]]
[Thu Sep  4 12:41:33 2025] >> CarrySaveAdder - getting alpha for bit_len [8]
[Thu Sep  4 12:41:42 2025] >> RippleAdder - getting alpha for bit_len [8]
[Thu Sep  4 12:41:44 2025] >> alpha, bit [8]: 
[[0.5, 0.5, 0.5, 0.5, 0.5, 0.5], [0.5, 0.5, 0.5, 0.5, 0.5, 0.5], [0.5, 0.5, 0.5, 0.5, 0.5, 0.5], [0.5, 0.5, 0.5, 0.5, 0.5, 0.5], [0.5, 0.5, 0.5, 0.5, 0.5, 0.5], [0.5, 0.5, 0.5, 0.5, 0.5, 0.5], [0.5, 0.5, 0.5, 0.5, 0.5, 0.5], [0.5, 0.5, 0.5, 0.5, 0.5, 0.5]]
[Thu Sep  4 12:41:44 2025] >> CarrySkipAdder - getting alpha for bit_len [8]
[Thu Sep  4 12:41:46 2025] >> alpha, bit [8]: 
[[0.5, 0.5, 0.5, 0.5, 0.5, 0.5], [0.5, 0.5, 0.5, 0.5, 0.5, 0.5], [0.5, 0.5, 0.5, 0.5, 0.5, 0.5], [0.5, 0.5, 0.5, 0.5, 0.5, 0.5], [0.5, 0.5, 0.5, 0.5, 0.5, 0.5], [0.5, 0.5, 0.5, 0.5, 0.5, 0.5], [0.5, 0.5, 0.5, 0.5, 0.5, 0.5], [0.5, 0.5, 0.5, 0.5, 0.5, 0.5]]
[Thu Sep  4 12:41:46 2025] >> CarrySaveAdder - getting alpha for bit_len [8]
[Thu Sep  4 12:42:02 2025] >> RippleAdder - getting alpha for bit_len [8]
[Thu Sep  4 12:42:03 2025] >> alpha, bit [8]: 
[[0.5, 0.5, 0.5, 0.5, 0.5, 0.5], [0.5, 0.5, 0.5, 0.5, 0.5, 0.5], [0.5, 0.5, 0.5, 0.5, 0.5, 0.5], [0.5, 0.5, 0.5, 0.5, 0.5, 0.5], [0.5, 0.5, 0.5, 0.5, 0.5, 0.5], [0.5, 0.5, 0.5, 0.5, 0.5, 0.5], [0.5, 0.5, 0.5, 0.5, 0.5, 0.5], [0.5, 0.5, 0.5, 0.5, 0.5, 0.5]]
[Thu Sep  4 12:42:03 2025] >> CarrySkipAdder - getting alpha for bit_len [8]
[Thu Sep  4 12:42:05 2025] >> alpha, bit [8]: 
[[0.5, 0.5, 0.5, 0.5, 0.5, 0.5], [0.5, 0.5, 0.5, 0.5, 0.5, 0.5], [0.5, 0.5, 0.5, 0.5, 0.5, 0.5], [0.5, 0.5, 0.5, 0.5, 0.5, 0.5], [0.5, 0.5, 0.5, 0.5, 0.5, 0.5], [0.5, 0.5, 0.5, 0.5, 0.5, 0.5], [0.5, 0.5, 0.5, 0.5, 0.5, 0.5], [0.5, 0.5, 0.5, 0.5, 0.5, 0.5]]
[Thu Sep  4 12:42:05 2025] >> CarrySaveAdder - getting alpha for bit_len [8]
[Thu Sep  4 12:42:08 2025] >> alpha, bit [8]: 
[[[0.5, 0.5, 0.5, 0.5, 0.5, 0.5], [0.5, 0.5, 0.5, 0.5, 0.5, 0.5], [0.5, 0.5, 0.5, 0.5, 0.5, 0.5], [0.5, 0.5, 0.5, 0.5, 0.5, 0.5], [0.5, 0.5, 0.5, 0.5, 0.5, 0.5], [0.5, 0.5, 0.5, 0.5, 0.5, 0.5], [0.5, 0.5, 0.5, 0.5, 0.5, 0.5], [0.5, 0.5, 0.5, 0.5, 0.5, 0.5]], [[0.5, 0.5, 0.5, 0.5, 0.5, 0.5], [0.5, 0.5, 0.5, 0.5, 0.5, 0.5], [0.5, 0.5, 0.5, 0.5, 0.5, 0.5], [0.5, 0.5, 0.5, 0.5, 0.5, 0.5], [0.5, 0.5, 0.5, 0.5, 0.5, 0.5], [0.5, 0.5, 0.5, 0.5, 0.5, 0.5], [0.5, 0.5, 0.5, 0.5, 0.5, 0.5], [1.0, 0.0, 0.75, 0.25, 0.25, 0.75]]]
[Thu Sep  4 12:54:13 2025] >> RippleAdder - getting alpha for bit_len [8]
[Thu Sep  4 12:54:15 2025] >> alpha, bit [8]: 
[[0.5, 0.5, 0.5, 0.5, 0.5, 0.5], [0.5, 0.5, 0.5, 0.5, 0.5, 0.5], [0.5, 0.5, 0.5, 0.5, 0.5, 0.5], [0.5, 0.5, 0.5, 0.5, 0.5, 0.5], [0.5, 0.5, 0.5, 0.5, 0.5, 0.5], [0.5, 0.5, 0.5, 0.5, 0.5, 0.5], [0.5, 0.5, 0.5, 0.5, 0.5, 0.5], [0.5, 0.5, 0.5, 0.5, 0.5, 0.5]]
[Thu Sep  4 12:54:15 2025] >> CarrySkipAdder - getting alpha for bit_len [8]
[Thu Sep  4 12:54:16 2025] >> alpha, bit [8]: 
[[0.5, 0.5, 0.5, 0.5, 0.5, 0.5], [0.5, 0.5, 0.5, 0.5, 0.5, 0.5], [0.5, 0.5, 0.5, 0.5, 0.5, 0.5], [0.5, 0.5, 0.5, 0.5, 0.5, 0.5], [0.5, 0.5, 0.5, 0.5, 0.5, 0.5], [0.5, 0.5, 0.5, 0.5, 0.5, 0.5], [0.5, 0.5, 0.5, 0.5, 0.5, 0.5], [0.5, 0.5, 0.5, 0.5, 0.5, 0.5]]
[Thu Sep  4 12:54:16 2025] >> CarrySaveAdder - getting alpha for bit_len [8]
[Thu Sep  4 12:54:19 2025] >> alpha, bit [8]: 
[[[0.5, 0.5, 0.5, 0.5, 0.5, 0.5], [0.5, 0.5, 0.5, 0.5, 0.5, 0.5], [0.5, 0.5, 0.5, 0.5, 0.5, 0.5], [0.5, 0.5, 0.5, 0.5, 0.5, 0.5], [0.5, 0.5, 0.5, 0.5, 0.5, 0.5], [0.5, 0.5, 0.5, 0.5, 0.5, 0.5], [0.5, 0.5, 0.5, 0.5, 0.5, 0.5], [0.5, 0.5, 0.5, 0.5, 0.5, 0.5]], [[0.5, 0.5, 0.5, 0.5, 0.5, 0.5], [0.5, 0.5, 0.5, 0.5, 0.5, 0.5], [0.5, 0.5, 0.5, 0.5, 0.5, 0.5], [0.5, 0.5, 0.5, 0.5, 0.5, 0.5], [0.5, 0.5, 0.5, 0.5, 0.5, 0.5], [0.5, 0.5, 0.5, 0.5, 0.5, 0.5], [0.5, 0.5, 0.5, 0.5, 0.5, 0.5], [1.0, 0.0, 0.75, 0.25, 0.25, 0.75]]]
[Thu Sep  4 13:03:35 2025] >> RippleAdder - getting alpha for bit_len [8]
[Thu Sep  4 13:03:37 2025] >> alpha, bit [8]: 
[[0.5, 0.5, 0.5, 0.5, 0.5, 0.5], [0.5, 0.5, 0.5, 0.5, 0.5, 0.5], [0.5, 0.5, 0.5, 0.5, 0.5, 0.5], [0.5, 0.5, 0.5, 0.5, 0.5, 0.5], [0.5, 0.5, 0.5, 0.5, 0.5, 0.5], [0.5, 0.5, 0.5, 0.5, 0.5, 0.5], [0.5, 0.5, 0.5, 0.5, 0.5, 0.5], [0.5, 0.5, 0.5, 0.5, 0.5, 0.5]]
[Thu Sep  4 13:03:37 2025] >> CarrySkipAdder - getting alpha for bit_len [8]
[Thu Sep  4 13:03:39 2025] >> alpha, bit [8]: 
[[0.5, 0.5, 0.5, 0.5, 0.5, 0.5], [0.5, 0.5, 0.5, 0.5, 0.5, 0.5], [0.5, 0.5, 0.5, 0.5, 0.5, 0.5], [0.5, 0.5, 0.5, 0.5, 0.5, 0.5], [0.5, 0.5, 0.5, 0.5, 0.5, 0.5], [0.5, 0.5, 0.5, 0.5, 0.5, 0.5], [0.5, 0.5, 0.5, 0.5, 0.5, 0.5], [0.5, 0.5, 0.5, 0.5, 0.5, 0.5]]
[Thu Sep  4 13:03:39 2025] >> CarrySaveAdder - getting alpha for bit_len [8]
[Thu Sep  4 13:14:12 2025] >> RippleAdder - getting alpha for bit_len [4]
[Thu Sep  4 13:14:12 2025] >> alpha, bit [4]: 
[[0.5, 0.5, 0.5, 0.5, 0.5, 0.5], [0.5, 0.5, 0.5, 0.5, 0.5, 0.5], [0.5, 0.5, 0.5, 0.5, 0.5, 0.5], [0.5, 0.5, 0.5, 0.5, 0.5, 0.5]]
[Thu Sep  4 13:14:12 2025] >> CarrySkipAdder - getting alpha for bit_len [4]
[Thu Sep  4 13:14:12 2025] >> alpha, bit [4]: 
[[0.5, 0.5, 0.5, 0.5, 0.5, 0.5], [0.5, 0.5, 0.5, 0.5, 0.5, 0.5], [0.5, 0.5, 0.5, 0.5, 0.5, 0.5], [0.5, 0.5, 0.5, 0.5, 0.5, 0.5]]
[Thu Sep  4 13:14:12 2025] >> CarrySaveAdder - getting alpha for bit_len [4]
[Thu Sep  4 13:14:13 2025] >> alpha, bit [4]: 
[[[0.5, 0.5, 0.5, 0.5, 0.5, 0.5], [0.5, 0.5, 0.5, 0.5, 0.5, 0.5], [0.5, 0.5, 0.5, 0.5, 0.5, 0.5], [0.5, 0.5, 0.5, 0.5, 0.5, 0.5]], [[0.5, 0.5, 0.5, 0.5, 0.5, 0.5], [0.5, 0.5, 0.5, 0.5, 0.5, 0.5], [0.5, 0.5, 0.5, 0.5, 0.5, 0.5], [1.0, 0.0, 0.5, 0.5, 0.5, 0.5]]]
[Thu Sep  4 13:17:06 2025] >> alpha, bit [8]: 
[[[0.5, 0.5, 0.5, 0.5, 0.5, 0.5], [0.5, 0.5, 0.5, 0.5, 0.5, 0.5], [0.5, 0.5, 0.5, 0.5, 0.5, 0.5], [0.5, 0.5, 0.5, 0.5, 0.5, 0.5], [0.5, 0.5, 0.5, 0.5, 0.5, 0.5], [0.5, 0.5, 0.5, 0.5, 0.5, 0.5], [0.5, 0.5, 0.5, 0.5, 0.5, 0.5], [0.5, 0.5, 0.5, 0.5, 0.5, 0.5]], [[0.5, 0.5, 0.5, 0.5, 0.5, 0.5], [0.5, 0.5, 0.5, 0.5, 0.5, 0.5], [0.5, 0.5, 0.5, 0.5, 0.5, 0.5], [0.5, 0.5, 0.5, 0.5, 0.5, 0.5], [0.5, 0.5, 0.5, 0.5, 0.5, 0.5], [0.5, 0.5, 0.5, 0.5, 0.5, 0.5], [0.5, 0.5, 0.5, 0.5, 0.5, 0.5], [1.0, 0.0, 0.5, 0.5, 0.5, 0.5]]]
[Fri Sep  5 08:51:30 2025] >> alpha, bit [16]: 
[[0.5000076292781177, 0.4999923707218823, 0.4999923707218823, 0.5000076292781177, 0.5000076292781177, 0.4999923707218823], [0.5000152585562354, 0.4999847414437646, 0.4999923707218823, 0.5000076292781177, 0.5000076292781177, 0.4999923707218823], [0.5000305171124708, 0.4999694828875292, 0.4999923707218823, 0.5000076292781177, 0.5000076292781177, 0.4999923707218823], [0.5000610342249416, 0.49993896577505836, 0.4999923707218823, 0.5000076292781177, 0.5000076292781177, 0.4999923707218823], [0.5001220684498833, 0.4998779315501167, 0.4999923707218823, 0.5000076292781177, 0.5000076292781177, 0.4999923707218823], [0.5002441368997665, 0.49975586310023346, 0.4999923707218823, 0.5000076292781177, 0.5000076292781177, 0.4999923707218823], [0.5004882737995331, 0.4995117262004669, 0.4999923707218823, 0.5000076292781177, 0.5000076292781177, 0.4999923707218823], [0.5009765475990662, 0.4990234524009338, 0.4999923707218823, 0.5000076292781177, 0.5000076292781177, 0.4999923707218823], [0.5019530951981324, 0.49804690480186764, 0.4999923707218823, 0.5000076292781177, 0.5000076292781177, 0.4999923707218823], [0.5039061903962647, 0.4960938096037353, 0.4999923707218823, 0.5000076292781177, 0.5000076292781177, 0.4999923707218823], [0.5078123807925294, 0.49218761920747056, 0.4999923707218823, 0.5000076292781177, 0.5000076292781177, 0.4999923707218823], [0.5156247615850589, 0.4843752384149411, 0.4999923707218823, 0.5000076292781177, 0.5000076292781177, 0.4999923707218823], [0.5312495231701176, 0.46875047682988236, 0.4999923707218823, 0.5000076292781177, 0.5000076292781177, 0.4999923707218823], [0.5624990463402353, 0.4375009536597647, 0.4999923707218823, 0.5000076292781177, 0.5000076292781177, 0.4999923707218823], [0.6249980926804706, 0.3750019073195294, 0.4999923707218823, 0.5000076292781177, 0.5000076292781177, 0.4999923707218823], [0.7499961853609411, 0.25000381463905885, 0.4999923707218823, 0.5000076292781177, 0.5000076292781177, 0.4999923707218823]]
