A>0

[Tue Apr  8 13:34:24 2025] >> final result [1000] samples, bias 0.0: 	 97.842 weeks
[Tue Apr  8 13:34:30 2025] >> final result [1000] samples, bias 0.05: 	 99.942 weeks
[Tue Apr  8 13:34:38 2025] >> final result [1000] samples, bias 0.1: 	 101.751 weeks
[Tue Apr  8 13:34:44 2025] >> final result [1000] samples, bias 0.15: 	 105.192 weeks
[Tue Apr  8 13:34:45 2025] >> final result [1000] samples, bias 0.2: 	 106.926 weeks
[Tue Apr  8 13:43:06 2025] >> final result [1000] samples, bias 0.25: 	 109.815 weeks
[Tue Apr  8 13:43:06 2025] >> final result [1000] samples, bias 0.3: 	 111.232 weeks
[Tue Apr  8 13:43:11 2025] >> final result [1000] samples, bias 0.35: 	 113.594 weeks
[Tue Apr  8 13:43:15 2025] >> final result [1000] samples, bias 0.4: 	 115.936 weeks
[Tue Apr  8 13:43:22 2025] >> final result [1000] samples, bias 0.45: 	 118.369 weeks
[Tue Apr  8 13:52:11 2025] >> final result [1000] samples, bias 0.5: 	 119.308 weeks
[Tue Apr  8 13:52:10 2025] >> final result [1000] samples, bias 0.55: 	 120.793 weeks
[Tue Apr  8 13:52:19 2025] >> final result [1000] samples, bias 0.6: 	 124.35 weeks
[Tue Apr  8 13:52:16 2025] >> final result [1000] samples, bias 0.65: 	 124.388 weeks
[Tue Apr  8 13:52:21 2025] >> final result [1000] samples, bias 0.7: 	 127.503 weeks
[Tue Apr  8 14:01:18 2025] >> final result [1000] samples, bias 0.75: 	 128.502 weeks
[Tue Apr  8 14:01:26 2025] >> final result [1000] samples, bias 0.8: 	 128.764 weeks
[Tue Apr  8 14:01:26 2025] >> final result [1000] samples, bias 0.85: 	 130.759 weeks
[Tue Apr  8 14:01:26 2025] >> final result [1000] samples, bias 0.9: 	 131.126 weeks
[Tue Apr  8 14:01:28 2025] >> final result [1000] samples, bias 0.95: 	 131.851 weeks
[Tue Apr  8 14:07:14 2025] >> final result [1000] samples, bias 1.0: 	 133.3 weeks


##########################
##########################
##########################

[Tue Apr  8 14:23:13 2025] >> final result [1000] samples, bias 0.05: 	 95.648 weeks
[Tue Apr  8 14:23:13 2025] >> 

[Tue Apr  8 14:23:17 2025] >> final result [1000] samples, bias 0.15: 	 96.162 weeks
[Tue Apr  8 14:23:17 2025] >> 

[Tue Apr  8 14:23:22 2025] >> final result [1000] samples, bias 0.0: 	 96.795 weeks
[Tue Apr  8 14:23:22 2025] >> 

[Tue Apr  8 14:23:22 2025] >> final result [1000] samples, bias 0.2: 	 96.651 weeks
[Tue Apr  8 14:23:22 2025] >> 

[Tue Apr  8 14:23:23 2025] >> final result [1000] samples, bias 0.1: 	 96.935 weeks
[Tue Apr  8 14:23:23 2025] >> 

[Tue Apr  8 14:32:50 2025] >> final result [1000] samples, bias 0.45: 	 82.931 weeks
[Tue Apr  8 14:32:50 2025] >> 

[Tue Apr  8 14:33:02 2025] >> final result [1000] samples, bias 0.4: 	 86.873 weeks
[Tue Apr  8 14:33:02 2025] >> 

[Tue Apr  8 14:33:06 2025] >> final result [1000] samples, bias 0.35: 	 89.283 weeks
[Tue Apr  8 14:33:06 2025] >> 

[Tue Apr  8 14:33:10 2025] >> final result [1000] samples, bias 0.3: 	 92.206 weeks
[Tue Apr  8 14:33:10 2025] >> 

[Tue Apr  8 14:33:21 2025] >> final result [1000] samples, bias 0.25: 	 94.476 weeks
[Tue Apr  8 14:33:21 2025] >> 

[Tue Apr  8 14:46:57 2025] >> final result [1000] samples, bias 0.7: 	 51.714 weeks
[Tue Apr  8 14:46:57 2025] >> 

[Tue Apr  8 14:47:29 2025] >> final result [1000] samples, bias 0.65: 	 58.244 weeks
[Tue Apr  8 14:47:29 2025] >> 

[Tue Apr  8 14:47:43 2025] >> final result [1000] samples, bias 0.6: 	 64.851 weeks
[Tue Apr  8 14:47:43 2025] >> 

[Tue Apr  8 14:48:07 2025] >> final result [1000] samples, bias 0.55: 	 72.108 weeks
[Tue Apr  8 14:48:07 2025] >> 

[Tue Apr  8 14:48:18 2025] >> final result [1000] samples, bias 0.5: 	 77.742 weeks
[Tue Apr  8 14:48:18 2025] >> 

[Tue Apr  8 15:00:15 2025] >> final result [1000] samples, bias 0.95: 	 18.897 weeks
[Tue Apr  8 15:00:15 2025] >> 

[Tue Apr  8 15:00:36 2025] >> final result [1000] samples, bias 0.9: 	 25.149 weeks
[Tue Apr  8 15:00:36 2025] >> 

[Tue Apr  8 15:00:57 2025] >> final result [1000] samples, bias 0.85: 	 31.527 weeks
[Tue Apr  8 15:00:57 2025] >> 

[Tue Apr  8 15:01:17 2025] >> final result [1000] samples, bias 0.8: 	 37.794 weeks
[Tue Apr  8 15:01:17 2025] >> 

[Tue Apr  8 15:01:36 2025] >> final result [1000] samples, bias 0.75: 	 44.462 weeks
[Tue Apr  8 15:01:36 2025] >> 

[Tue Apr  8 15:08:06 2025] >> final result [1000] samples, bias 1.0: 	 12.792 weeks
[Tue Apr  8 15:08:06 2025] >> 




################


[Wed Apr  9 10:03:10 2025] >> final result [1000] samples, bias 0.0: 	 97.726 weeks
[Wed Apr  9 10:03:14 2025] >> final result [1000] samples, bias 0.05: 	 102.575 weeks
[Wed Apr  9 10:09:26 2025] >> final result [1000] samples, bias 0.1: 	 107.096 weeks
[Wed Apr  9 10:09:32 2025] >> final result [1000] samples, bias 0.15: 	 112.557 weeks
[Wed Apr  9 10:16:02 2025] >> final result [1000] samples, bias 0.2: 	 116.285 weeks
[Wed Apr  9 10:16:01 2025] >> final result [1000] samples, bias 0.25: 	 121.712 weeks
[Wed Apr  9 10:22:32 2025] >> final result [1000] samples, bias 0.3: 	 124.911 weeks
[Wed Apr  9 10:22:37 2025] >> final result [1000] samples, bias 0.35: 	 128.196 weeks
[Wed Apr  9 10:29:29 2025] >> final result [1000] samples, bias 0.4: 	 130.456 weeks
[Wed Apr  9 10:29:28 2025] >> final result [1000] samples, bias 0.45: 	 134.022 weeks
[Wed Apr  9 10:36:22 2025] >> final result [1000] samples, bias 0.5: 	 135.18 weeks
[Wed Apr  9 10:36:19 2025] >> final result [1000] samples, bias 0.55: 	 135.669 weeks
[Wed Apr  9 10:43:08 2025] >> final result [1000] samples, bias 0.6: 	 135.38 weeks
[Wed Apr  9 10:43:10 2025] >> final result [1000] samples, bias 0.65: 	 130.916 weeks
[Wed Apr  9 10:49:56 2025] >> final result [1000] samples, bias 0.7: 	 122.864 weeks
[Wed Apr  9 10:49:37 2025] >> final result [1000] samples, bias 0.75: 	 109.561 weeks
[Wed Apr  9 10:56:00 2025] >> final result [1000] samples, bias 0.8: 	 94.404 weeks
[Wed Apr  9 10:55:41 2025] >> final result [1000] samples, bias 0.85: 	 79.175 weeks
[Wed Apr  9 11:01:10 2025] >> final result [1000] samples, bias 0.9: 	 62.662 weeks
[Wed Apr  9 11:00:55 2025] >> final result [1000] samples, bias 0.95: 	 47.415 weeks
[Wed Apr  9 11:05:10 2025] >> final result [1000] samples, bias 1.0: 	 31.381 weeks

