[Tue Mar 18 14:52:11 2025] >> preload_alpha DONE + equations alphas
[Tue Mar 18 15:43:26 2025] >> conf index: 0
[Tue Mar 18 15:43:26 2025] >> final result [336000] samples: 	 96.83804166666667 

[Tue Mar 18 15:43:26 2025] >> preload_alpha DONE + equations alphas
[Tue Mar 18 16:59:33 2025] >> conf index: 1
[Tue Mar 18 16:59:33 2025] >> final result [336000] samples: 	 139.02944345238095 

[Tue Mar 18 16:59:33 2025] >> preload_alpha DONE + equations alphas
[Tue Mar 18 19:30:51 2025] >> conf index: 2
[Tue Mar 18 19:30:51 2025] >> final result [336000] samples: 	 144.2788095238095 

[Tue Mar 18 19:30:51 2025] >> preload_alpha DONE + equations alphas
[Tue Mar 18 23:24:12 2025] >> conf index: 3
[Tue Mar 18 23:24:12 2025] >> final result [336000] samples: 	 152.18248214285714 

[Tue Mar 18 23:24:12 2025] >> preload_alpha DONE + equations alphas
[Wed Mar 19 04:09:51 2025] >> conf index: 4
[Wed Mar 19 04:09:51 2025] >> final result [336000] samples: 	 152.28116666666668 

[Wed Mar 19 04:09:51 2025] >> preload_alpha DONE + equations alphas
[Wed Mar 19 09:58:56 2025] >> conf index: 5
[Wed Mar 19 09:58:56 2025] >> final result [336000] samples: 	 152.31965178571429 

[Wed Mar 19 09:58:56 2025] >> preload_alpha DONE + equations alphas
[Wed Mar 19 16:58:50 2025] >> conf index: 6
[Wed Mar 19 16:58:50 2025] >> final result [336000] samples: 	 152.33847916666667 

