[Fri Dec 20 12:30:12 2024] >> START...
[Fri Dec 20 12:30:12 2024] >> faulty transistor: (0, 0, 0)
[Fri Dec 20 12:30:38 2024] >> START...
[Fri Dec 20 12:30:38 2024] >> faulty transistor: (0, 0, 0)
[Fri Dec 20 12:31:35 2024] >> dataset lifetime: {'fa_i': 0, 'fa_j': 0, 't_index': 0, 't_week': 38}
[Fri Dec 20 12:31:35 2024] >> faulty transistor: (0, 0, 1)
[Fri Dec 20 12:32:32 2024] >> dataset lifetime: {'fa_i': 1, 'fa_j': 5, 't_index': 1, 't_week': 99}
[Fri Dec 20 12:32:32 2024] >> faulty transistor: (0, 0, 2)
[Fri Dec 20 12:33:29 2024] >> dataset lifetime: {'fa_i': 0, 'fa_j': 0, 't_index': 2, 't_week': 68}
[Fri Dec 20 12:33:29 2024] >> faulty transistor: (0, 0, 3)





[Fri Dec 20 12:34:11 2024] >> START...
[Fri Dec 20 12:34:11 2024] >> faulty transistor: {'fa_i': 0, 'fa_j': 0, 't_index': 0, 'x_vth_base': 1.1, 'x_vth_growth': 1.1}
[Fri Dec 20 12:34:11 2024] >> optimization list: []
[Fri Dec 20 12:36:34 2024] >> optimization list: [{'fa_i': 0, 'fa_j': 0, 't_index': 0, 't_week': 38}]
[Fri Dec 20 12:39:51 2024] >> optimization list: [{'fa_i': 0, 'fa_j': 0, 't_index': 0, 't_week': 38}, {'fa_i': 0, 'fa_j': 0, 't_index': 0, 't_week': 68}]
[Fri Dec 20 12:43:09 2024] >> faulty transistor: {'fa_i': 0, 'fa_j': 0, 't_index': 1, 'x_vth_base': 1.1, 'x_vth_growth': 1.1}
[Fri Dec 20 12:43:09 2024] >> optimization list: []
[Fri Dec 20 12:45:26 2024] >> optimization list: [{'fa_i': 1, 'fa_j': 7, 't_index': 1, 't_week': 98}]
[Fri Dec 20 12:48:18 2024] >> START...
[Fri Dec 20 12:48:18 2024] >> faulty transistor: (0, 0, 0)
[Fri Dec 20 12:48:19 2024] >> dataset lifetime: None 

[Fri Dec 20 12:48:19 2024] >> faulty transistor: (0, 0, 1)
[Fri Dec 20 12:48:20 2024] >> dataset lifetime: None 

[Fri Dec 20 12:48:20 2024] >> faulty transistor: (0, 0, 2)
[Fri Dec 20 12:48:21 2024] >> dataset lifetime: None 

[Fri Dec 20 12:48:21 2024] >> faulty transistor: (0, 0, 3)
[Fri Dec 20 12:48:22 2024] >> dataset lifetime: None 

[Fri Dec 20 12:48:22 2024] >> faulty transistor: (0, 0, 4)
[Fri Dec 20 12:49:30 2024] >> START...
[Fri Dec 20 12:49:30 2024] >> faulty transistor: (0, 0, 0)
[Fri Dec 20 12:49:31 2024] >> dataset lifetime: None 

[Fri Dec 20 12:49:31 2024] >> faulty transistor: (0, 0, 1)
[Fri Dec 20 12:49:32 2024] >> dataset lifetime: None 

[Fri Dec 20 12:49:32 2024] >> faulty transistor: (0, 0, 2)
[Fri Dec 20 12:49:38 2024] >> START...
[Fri Dec 20 12:49:38 2024] >> faulty transistor: (0, 0, 0)
[Fri Dec 20 12:49:39 2024] >> dataset lifetime: None 

[Fri Dec 20 12:49:39 2024] >> faulty transistor: (0, 0, 1)
[Fri Dec 20 12:49:56 2024] >> START...
[Fri Dec 20 12:49:56 2024] >> faulty transistor: (0, 0, 0)
[Fri Dec 20 12:49:58 2024] >> dataset lifetime: None 

[Fri Dec 20 12:49:58 2024] >> faulty transistor: (0, 0, 1)
[Fri Dec 20 12:50:09 2024] >> START...
[Fri Dec 20 12:50:09 2024] >> faulty transistor: (0, 0, 0)
[Fri Dec 20 12:50:10 2024] >> dataset lifetime: None 

[Fri Dec 20 12:50:10 2024] >> faulty transistor: (0, 0, 1)
[Fri Dec 20 12:53:05 2024] >> START...
[Fri Dec 20 12:53:05 2024] >> faulty transistor: (0, 0, 0)
[Fri Dec 20 12:53:06 2024] >> dataset lifetime: None 

[Fri Dec 20 12:53:06 2024] >> faulty transistor: (0, 0, 1)
[Fri Dec 20 12:53:07 2024] >> dataset lifetime: None 

[Fri Dec 20 12:53:07 2024] >> faulty transistor: (0, 0, 2)
[Fri Dec 20 12:53:08 2024] >> dataset lifetime: None 

[Fri Dec 20 12:53:08 2024] >> faulty transistor: (0, 0, 3)
[Fri Dec 20 12:53:09 2024] >> dataset lifetime: None 

[Fri Dec 20 12:53:09 2024] >> faulty transistor: (0, 0, 4)
[Fri Dec 20 12:53:22 2024] >> START...
[Fri Dec 20 12:53:22 2024] >> faulty transistor: (0, 0, 0)
[Fri Dec 20 12:53:23 2024] >> dataset lifetime: None 

[Fri Dec 20 12:53:23 2024] >> faulty transistor: (0, 0, 1)
[Fri Dec 20 12:53:46 2024] >> START...
[Fri Dec 20 12:53:46 2024] >> faulty transistor: (0, 0, 0)
[Fri Dec 20 12:53:47 2024] >> dataset lifetime: None 

[Fri Dec 20 12:53:47 2024] >> faulty transistor: (0, 0, 1)
[Fri Dec 20 12:55:59 2024] >> START...
[Fri Dec 20 12:55:59 2024] >> faulty transistor: (0, 0, 0)
[Fri Dec 20 12:59:15 2024] >> START...
[Fri Dec 20 12:59:15 2024] >> faulty transistor: (0, 0, 0)
[Fri Dec 20 13:01:13 2024] >> START...
[Fri Dec 20 13:01:13 2024] >> faulty transistor: (0, 0, 0)
[Fri Dec 20 13:02:04 2024] >> START...
[Fri Dec 20 13:02:04 2024] >> faulty transistor: (0, 0, 0)
[Fri Dec 20 13:03:01 2024] >> START...
[Fri Dec 20 13:03:01 2024] >> faulty transistor: (0, 0, 0)
[Fri Dec 20 13:05:38 2024] >> dataset lifetime: {'fa_i': 0, 'fa_j': 0, 't_index': 0, 't_week': 68} 

[Fri Dec 20 13:05:38 2024] >> faulty transistor: (0, 0, 1)
[Fri Dec 20 13:08:13 2024] >> START...
[Fri Dec 20 13:08:13 2024] >> faulty transistor: (0, 0, 0)
[Fri Dec 20 13:09:43 2024] >> START...
[Fri Dec 20 13:09:43 2024] >> faulty transistor: (0, 0, 0)
[Fri Dec 20 13:10:10 2024] >> START...
[Fri Dec 20 13:10:10 2024] >> faulty transistor: (0, 0, 0)
[Fri Dec 20 13:11:32 2024] >> lifetime: 38
[Fri Dec 20 13:14:08 2024] >> dataset lifetime: 68 (maximum optimization) 

[Fri Dec 20 13:14:08 2024] >> faulty transistor: (0, 0, 1)
[Fri Dec 20 13:15:38 2024] >> lifetime: 98
