[Wed Dec 18 11:32:04 2024] >> dataset/fa_i-6-fa_j-0-t_index-0.txt
[Wed Dec 18 11:48:57 2024] >> {'A': ['b', 'x', 'x', 'x', 'x', 'b', 'b', 'b'], 'B': ['b', 'x', 'x', 'x', 'x', 'x', 'x', 'x'], 'accu': 0.6268768310546875, 'TP': 21580, 'TN': 19503, 'FP': 11188, 'FN': 13265}
[Wed Dec 18 11:48:57 2024] >> max bit:	5
[Wed Dec 18 11:48:57 2024] >> accuracy:	0.6268768310546875	+0.84[FALSE]
[Wed Dec 18 11:48:57 2024] >> exe time:	1013.65s 

[Wed Dec 18 11:48:57 2024] >> dataset/fa_i-6-fa_j-0-t_index-1.txt
[Wed Dec 18 12:05:55 2024] >> {'A': ['b', 'x', 'x', 'x', 'x', 'x', 'b', 'b'], 'B': ['b', 'b', 'x', 'x', 'x', 'x', 'x', 'x'], 'accu': 0.63043212890625, 'TP': 18692, 'TN': 22624, 'FP': 7932, 'FN': 16288}
[Wed Dec 18 12:05:55 2024] >> max bit:	5
[Wed Dec 18 12:05:55 2024] >> accuracy:	0.63043212890625	+0.84[FALSE]
[Wed Dec 18 12:05:55 2024] >> exe time:	1017.67s 

[Wed Dec 18 12:05:55 2024] >> dataset/fa_i-6-fa_j-0-t_index-2.txt
[Wed Dec 18 12:22:59 2024] >> {'A': ['x', 'x', 'x', 'x', 'x', 'x', 'b', 'b'], 'B': ['b', 'b', 'x', 'x', 'x', 'x', 'x', 'b'], 'accu': 0.658447265625, 'TP': 17320, 'TN': 25832, 'FP': 7256, 'FN': 15128}
[Wed Dec 18 12:22:59 2024] >> max bit:	5
[Wed Dec 18 12:22:59 2024] >> accuracy:	0.658447265625	+0.84[FALSE]
[Wed Dec 18 12:22:59 2024] >> exe time:	1024.20s 

[Wed Dec 18 12:22:59 2024] >> dataset/fa_i-6-fa_j-0-t_index-3.txt
[Wed Dec 18 12:40:02 2024] >> {'A': ['x', 'x', 'x', 'x', 'x', 'b', 'x', 'b'], 'B': ['b', 'b', 'x', 'x', 'x', 'x', 'b', 'x'], 'accu': 0.6596832275390625, 'TP': 21521, 'TN': 21712, 'FP': 11247, 'FN': 11056}
[Wed Dec 18 12:40:02 2024] >> max bit:	5
[Wed Dec 18 12:40:02 2024] >> accuracy:	0.6596832275390625	+0.84[FALSE]
[Wed Dec 18 12:40:02 2024] >> exe time:	1022.92s 

[Wed Dec 18 12:40:02 2024] >> dataset/fa_i-6-fa_j-0-t_index-4.txt
[Wed Dec 18 12:57:11 2024] >> {'A': ['x', 'x', 'x', 'x', 'x', 'b', 'x', 'b'], 'B': ['b', 'b', 'x', 'x', 'x', 'x', 'b', 'x'], 'accu': 0.6596832275390625, 'TP': 21521, 'TN': 21712, 'FP': 11247, 'FN': 11056}
[Wed Dec 18 12:57:11 2024] >> max bit:	5
[Wed Dec 18 12:57:11 2024] >> accuracy:	0.6596832275390625	+0.84[FALSE]
[Wed Dec 18 12:57:11 2024] >> exe time:	1028.89s 

[Wed Dec 18 12:57:11 2024] >> dataset/fa_i-6-fa_j-0-t_index-5.txt
[Wed Dec 18 13:14:14 2024] >> {'A': ['x', 'x', 'x', 'x', 'x', 'x', 'b', 'b'], 'B': ['b', 'b', 'x', 'x', 'x', 'x', 'x', 'b'], 'accu': 0.658447265625, 'TP': 17320, 'TN': 25832, 'FP': 7256, 'FN': 15128}
[Wed Dec 18 13:14:14 2024] >> max bit:	5
[Wed Dec 18 13:14:14 2024] >> accuracy:	0.658447265625	+0.84[FALSE]
[Wed Dec 18 13:14:14 2024] >> exe time:	1022.83s 

[Wed Dec 18 13:14:14 2024] >> dataset/fa_i-6-fa_j-1-t_index-0.txt
[Wed Dec 18 13:31:14 2024] >> {'A': ['x', 'b', 'x', 'x', 'x', 'x', 'b', 'b'], 'B': ['b', 'b', 'x', 'x', 'x', 'x', 'x', 'x'], 'accu': 0.628692626953125, 'TP': 19322, 'TN': 21880, 'FP': 9350, 'FN': 14984}
[Wed Dec 18 13:31:14 2024] >> max bit:	5
[Wed Dec 18 13:31:14 2024] >> accuracy:	0.628692626953125	+0.84[FALSE]
[Wed Dec 18 13:31:14 2024] >> exe time:	1020.14s 

[Wed Dec 18 13:31:14 2024] >> dataset/fa_i-6-fa_j-1-t_index-1.txt
[Wed Dec 18 13:48:09 2024] >> {'A': ['x', 'b', 'x', 'x', 'x', 'b', 'b', 'b'], 'B': ['x', 'x', 'x', 'b', 'x', 'x', 'x', 'x'], 'accu': 0.6293487548828125, 'TP': 23026, 'TN': 18219, 'FP': 11790, 'FN': 12501}
[Wed Dec 18 13:48:09 2024] >> max bit:	5
[Wed Dec 18 13:48:09 2024] >> accuracy:	0.6293487548828125	+0.84[FALSE]
[Wed Dec 18 13:48:09 2024] >> exe time:	1015.05s 

[Wed Dec 18 13:48:09 2024] >> dataset/fa_i-6-fa_j-1-t_index-2.txt
[Wed Dec 18 14:05:06 2024] >> {'A': ['x', 'b', 'x', 'x', 'x', 'b', 'b', 'b'], 'B': ['x', 'x', 'x', 'x', 'x', 'x', 'x', 'b'], 'accu': 0.638458251953125, 'TP': 21610, 'TN': 20232, 'FP': 11158, 'FN': 12536}
[Wed Dec 18 14:05:06 2024] >> max bit:	5
[Wed Dec 18 14:05:06 2024] >> accuracy:	0.638458251953125	+0.84[FALSE]
[Wed Dec 18 14:05:06 2024] >> exe time:	1017.51s 

[Wed Dec 18 14:05:06 2024] >> dataset/fa_i-6-fa_j-1-t_index-3.txt
[Wed Dec 18 14:22:10 2024] >> {'A': ['x', 'x', 'x', 'x', 'x', 'x', 'b', 'b'], 'B': ['b', 'b', 'x', 'x', 'x', 'x', 'x', 'b'], 'accu': 0.6414031982421875, 'TP': 17177, 'TN': 24858, 'FP': 7399, 'FN': 16102}
[Wed Dec 18 14:22:10 2024] >> max bit:	5
[Wed Dec 18 14:22:10 2024] >> accuracy:	0.6414031982421875	+0.84[FALSE]
[Wed Dec 18 14:22:10 2024] >> exe time:	1023.14s 

[Wed Dec 18 14:22:10 2024] >> dataset/fa_i-6-fa_j-1-t_index-4.txt
[Wed Dec 18 14:39:03 2024] >> {'A': ['x', 'x', 'x', 'x', 'x', 'x', 'b', 'b'], 'B': ['b', 'b', 'x', 'x', 'x', 'x', 'x', 'b'], 'accu': 0.6414031982421875, 'TP': 17177, 'TN': 24858, 'FP': 7399, 'FN': 16102}
[Wed Dec 18 14:39:03 2024] >> max bit:	5
[Wed Dec 18 14:39:03 2024] >> accuracy:	0.6414031982421875	+0.84[FALSE]
[Wed Dec 18 14:39:03 2024] >> exe time:	1013.59s 

[Wed Dec 18 14:39:03 2024] >> dataset/fa_i-6-fa_j-1-t_index-5.txt
[Wed Dec 18 14:55:58 2024] >> {'A': ['x', 'b', 'x', 'x', 'x', 'b', 'b', 'b'], 'B': ['x', 'x', 'x', 'x', 'x', 'x', 'x', 'b'], 'accu': 0.638458251953125, 'TP': 21610, 'TN': 20232, 'FP': 11158, 'FN': 12536}
[Wed Dec 18 14:55:58 2024] >> max bit:	5
[Wed Dec 18 14:55:58 2024] >> accuracy:	0.638458251953125	+0.84[FALSE]
[Wed Dec 18 14:55:58 2024] >> exe time:	1015.30s 

[Wed Dec 18 14:55:58 2024] >> dataset/fa_i-6-fa_j-2-t_index-0.txt
[Wed Dec 18 15:12:52 2024] >> {'A': ['x', 'x', 'b', 'b', 'x', 'x', 'b', 'b'], 'B': ['x', 'x', 'x', 'x', 'x', 'x', 'b', 'x'], 'accu': 0.6435546875, 'TP': 20764, 'TN': 21412, 'FP': 9956, 'FN': 13404}
[Wed Dec 18 15:12:52 2024] >> max bit:	5
[Wed Dec 18 15:12:52 2024] >> accuracy:	0.6435546875	+0.84[FALSE]
[Wed Dec 18 15:12:52 2024] >> exe time:	1013.30s 

[Wed Dec 18 15:12:52 2024] >> dataset/fa_i-6-fa_j-2-t_index-1.txt
[Wed Dec 18 15:29:38 2024] >> {'A': ['x', 'x', 'b', 'x', 'x', 'b', 'b', 'b'], 'B': ['x', 'x', 'x', 'x', 'b', 'x', 'x', 'x'], 'accu': 0.6360321044921875, 'TP': 22262, 'TN': 19421, 'FP': 10506, 'FN': 13347}
[Wed Dec 18 15:29:38 2024] >> max bit:	5
[Wed Dec 18 15:29:38 2024] >> accuracy:	0.6360321044921875	+0.84[FALSE]
[Wed Dec 18 15:29:38 2024] >> exe time:	1006.44s 

[Wed Dec 18 15:29:38 2024] >> dataset/fa_i-6-fa_j-2-t_index-2.txt
[Wed Dec 18 15:46:23 2024] >> {'A': ['x', 'x', 'b', 'x', 'x', 'b', 'b', 'b'], 'B': ['b', 'x', 'x', 'x', 'x', 'x', 'x', 'x'], 'accu': 0.6325225830078125, 'TP': 20748, 'TN': 20705, 'FP': 9972, 'FN': 14111}
[Wed Dec 18 15:46:23 2024] >> max bit:	5
[Wed Dec 18 15:46:23 2024] >> accuracy:	0.6325225830078125	+0.84[FALSE]
[Wed Dec 18 15:46:23 2024] >> exe time:	1004.59s 

[Wed Dec 18 15:46:23 2024] >> dataset/fa_i-6-fa_j-2-t_index-3.txt
[Wed Dec 18 16:03:08 2024] >> {'A': ['x', 'x', 'x', 'x', 'x', 'x', 'x', 'b'], 'B': ['b', 'b', 'b', 'x', 'x', 'x', 'x', 'b'], 'accu': 0.63885498046875, 'TP': 19377, 'TN': 22491, 'FP': 9295, 'FN': 14373}
[Wed Dec 18 16:03:08 2024] >> max bit:	5
[Wed Dec 18 16:03:08 2024] >> accuracy:	0.63885498046875	+0.84[FALSE]
[Wed Dec 18 16:03:08 2024] >> exe time:	1005.40s 

[Wed Dec 18 16:03:08 2024] >> dataset/fa_i-6-fa_j-2-t_index-4.txt
[Wed Dec 18 16:19:55 2024] >> {'A': ['x', 'x', 'x', 'x', 'x', 'x', 'x', 'b'], 'B': ['b', 'b', 'b', 'x', 'x', 'x', 'x', 'b'], 'accu': 0.63885498046875, 'TP': 19377, 'TN': 22491, 'FP': 9295, 'FN': 14373}
[Wed Dec 18 16:19:55 2024] >> max bit:	5
[Wed Dec 18 16:19:55 2024] >> accuracy:	0.63885498046875	+0.84[FALSE]
[Wed Dec 18 16:19:55 2024] >> exe time:	1006.89s 

[Wed Dec 18 16:19:55 2024] >> dataset/fa_i-6-fa_j-2-t_index-5.txt
[Wed Dec 18 16:36:43 2024] >> {'A': ['x', 'x', 'b', 'x', 'x', 'b', 'b', 'b'], 'B': ['b', 'x', 'x', 'x', 'x', 'x', 'x', 'x'], 'accu': 0.6325225830078125, 'TP': 20748, 'TN': 20705, 'FP': 9972, 'FN': 14111}
[Wed Dec 18 16:36:43 2024] >> max bit:	5
[Wed Dec 18 16:36:43 2024] >> accuracy:	0.6325225830078125	+0.84[FALSE]
[Wed Dec 18 16:36:43 2024] >> exe time:	1008.03s 

[Wed Dec 18 16:36:43 2024] >> dataset/fa_i-6-fa_j-3-t_index-0.txt
[Wed Dec 18 16:53:34 2024] >> {'A': ['x', 'x', 'x', 'b', 'x', 'b', 'b', 'b'], 'B': ['x', 'x', 'x', 'x', 'x', 'b', 'x', 'x'], 'accu': 0.676361083984375, 'TP': 21688, 'TN': 22638, 'FP': 9032, 'FN': 12178}
[Wed Dec 18 16:53:34 2024] >> max bit:	5
[Wed Dec 18 16:53:34 2024] >> accuracy:	0.676361083984375	+0.84[FALSE]
[Wed Dec 18 16:53:34 2024] >> exe time:	1011.05s 

[Wed Dec 18 16:53:34 2024] >> dataset/fa_i-6-fa_j-3-t_index-1.txt
[Wed Dec 18 17:10:21 2024] >> {'A': ['x', 'x', 'x', 'b', 'x', 'b', 'b', 'b'], 'B': ['x', 'x', 'x', 'x', 'x', 'b', 'x', 'x'], 'accu': 0.6574859619140625, 'TP': 23086, 'TN': 20003, 'FP': 9682, 'FN': 12765}
[Wed Dec 18 17:10:21 2024] >> max bit:	5
[Wed Dec 18 17:10:21 2024] >> accuracy:	0.6574859619140625	+0.84[FALSE]
[Wed Dec 18 17:10:21 2024] >> exe time:	1006.44s 

[Wed Dec 18 17:10:21 2024] >> dataset/fa_i-6-fa_j-3-t_index-2.txt
[Wed Dec 18 17:27:06 2024] >> {'A': ['x', 'x', 'x', 'x', 'x', 'b', 'b', 'b'], 'B': ['x', 'x', 'x', 'x', 'b', 'b', 'x', 'x'], 'accu': 0.6405181884765625, 'TP': 25438, 'TN': 16539, 'FP': 13474, 'FN': 10085}
[Wed Dec 18 17:27:06 2024] >> max bit:	5
[Wed Dec 18 17:27:06 2024] >> accuracy:	0.6405181884765625	+0.84[FALSE]
[Wed Dec 18 17:27:06 2024] >> exe time:	1005.27s 

[Wed Dec 18 17:27:06 2024] >> dataset/fa_i-6-fa_j-3-t_index-3.txt
[Wed Dec 18 17:43:53 2024] >> {'A': ['x', 'x', 'x', 'b', 'x', 'x', 'b', 'b'], 'B': ['x', 'x', 'x', 'x', 'b', 'x', 'x', 'b'], 'accu': 0.656219482421875, 'TP': 22990, 'TN': 20016, 'FP': 11826, 'FN': 10704}
[Wed Dec 18 17:43:53 2024] >> max bit:	5
[Wed Dec 18 17:43:53 2024] >> accuracy:	0.656219482421875	+0.84[FALSE]
[Wed Dec 18 17:43:53 2024] >> exe time:	1006.86s 

[Wed Dec 18 17:43:53 2024] >> dataset/fa_i-6-fa_j-3-t_index-4.txt
[Wed Dec 18 18:00:39 2024] >> {'A': ['x', 'x', 'x', 'b', 'x', 'x', 'b', 'b'], 'B': ['x', 'x', 'x', 'x', 'b', 'x', 'x', 'b'], 'accu': 0.656219482421875, 'TP': 22990, 'TN': 20016, 'FP': 11826, 'FN': 10704}
[Wed Dec 18 18:00:39 2024] >> max bit:	5
[Wed Dec 18 18:00:39 2024] >> accuracy:	0.656219482421875	+0.84[FALSE]
[Wed Dec 18 18:00:39 2024] >> exe time:	1006.54s 

[Wed Dec 18 18:00:39 2024] >> dataset/fa_i-6-fa_j-3-t_index-5.txt
[Wed Dec 18 18:17:27 2024] >> {'A': ['x', 'x', 'x', 'x', 'x', 'b', 'b', 'b'], 'B': ['x', 'x', 'x', 'x', 'b', 'b', 'x', 'x'], 'accu': 0.6405181884765625, 'TP': 25438, 'TN': 16539, 'FP': 13474, 'FN': 10085}
[Wed Dec 18 18:17:27 2024] >> max bit:	5
[Wed Dec 18 18:17:27 2024] >> accuracy:	0.6405181884765625	+0.84[FALSE]
[Wed Dec 18 18:17:27 2024] >> exe time:	1008.16s 

[Wed Dec 18 18:17:27 2024] >> dataset/fa_i-6-fa_j-4-t_index-0.txt
[Wed Dec 18 18:34:14 2024] >> {'A': ['x', 'x', 'x', 'x', 'b', 'b', 'b', 'b'], 'B': ['x', 'x', 'x', 'x', 'x', 'x', 'b', 'x'], 'accu': 0.731597900390625, 'TP': 24350, 'TN': 23596, 'FP': 8418, 'FN': 9172}
[Wed Dec 18 18:34:14 2024] >> max bit:	5
[Wed Dec 18 18:34:14 2024] >> accuracy:	0.731597900390625	+0.84[FALSE]
[Wed Dec 18 18:34:14 2024] >> exe time:	1006.59s 

[Wed Dec 18 18:34:14 2024] >> dataset/fa_i-6-fa_j-4-t_index-1.txt
[Wed Dec 18 18:51:00 2024] >> {'A': ['x', 'x', 'x', 'x', 'x', 'b', 'b', 'x'], 'B': ['x', 'x', 'x', 'x', 'b', 'b', 'b', 'x'], 'accu': 0.6982269287109375, 'TP': 28777, 'TN': 16982, 'FP': 12183, 'FN': 7594}
[Wed Dec 18 18:51:00 2024] >> max bit:	5
[Wed Dec 18 18:51:00 2024] >> accuracy:	0.6982269287109375	+0.84[FALSE]
[Wed Dec 18 18:51:00 2024] >> exe time:	1005.48s 

[Wed Dec 18 18:51:00 2024] >> dataset/fa_i-6-fa_j-4-t_index-2.txt
[Wed Dec 18 19:07:44 2024] >> {'A': ['x', 'x', 'x', 'x', 'b', 'x', 'b', 'b'], 'B': ['x', 'x', 'x', 'x', 'x', 'b', 'x', 'b'], 'accu': 0.679473876953125, 'TP': 26175, 'TN': 18355, 'FP': 10689, 'FN': 10317}
[Wed Dec 18 19:07:44 2024] >> max bit:	5
[Wed Dec 18 19:07:44 2024] >> accuracy:	0.679473876953125	+0.84[FALSE]
[Wed Dec 18 19:07:44 2024] >> exe time:	1004.68s 

[Wed Dec 18 19:07:44 2024] >> dataset/fa_i-6-fa_j-4-t_index-3.txt
[Wed Dec 18 19:24:38 2024] >> {'A': ['x', 'x', 'x', 'x', 'b', 'x', 'b', 'b'], 'B': ['x', 'x', 'x', 'x', 'x', 'b', 'x', 'b'], 'accu': 0.7043914794921875, 'TP': 23204, 'TN': 22959, 'FP': 9564, 'FN': 9809}
[Wed Dec 18 19:24:38 2024] >> max bit:	5
[Wed Dec 18 19:24:38 2024] >> accuracy:	0.7043914794921875	+0.84[FALSE]
[Wed Dec 18 19:24:38 2024] >> exe time:	1013.83s 

[Wed Dec 18 19:24:38 2024] >> dataset/fa_i-6-fa_j-4-t_index-4.txt
[Wed Dec 18 19:41:28 2024] >> {'A': ['x', 'x', 'x', 'x', 'b', 'x', 'b', 'b'], 'B': ['x', 'x', 'x', 'x', 'x', 'b', 'x', 'b'], 'accu': 0.7043914794921875, 'TP': 23204, 'TN': 22959, 'FP': 9564, 'FN': 9809}
[Wed Dec 18 19:41:28 2024] >> max bit:	5
[Wed Dec 18 19:41:28 2024] >> accuracy:	0.7043914794921875	+0.84[FALSE]
[Wed Dec 18 19:41:28 2024] >> exe time:	1010.36s 

[Wed Dec 18 19:41:28 2024] >> dataset/fa_i-6-fa_j-4-t_index-5.txt
[Wed Dec 18 19:58:16 2024] >> {'A': ['x', 'x', 'x', 'x', 'b', 'x', 'b', 'b'], 'B': ['x', 'x', 'x', 'x', 'x', 'b', 'x', 'b'], 'accu': 0.679473876953125, 'TP': 26175, 'TN': 18355, 'FP': 10689, 'FN': 10317}
[Wed Dec 18 19:58:16 2024] >> max bit:	5
[Wed Dec 18 19:58:16 2024] >> accuracy:	0.679473876953125	+0.84[FALSE]
[Wed Dec 18 19:58:16 2024] >> exe time:	1007.30s 

[Wed Dec 18 19:58:16 2024] >> dataset/fa_i-6-fa_j-5-t_index-0.txt
[Wed Dec 18 20:15:08 2024] >> {'A': ['x', 'x', 'x', 'x', 'x', 'b', 'b', 'b'], 'B': ['x', 'x', 'x', 'x', 'x', 'b', 'b', 'x'], 'accu': 0.82489013671875, 'TP': 29090, 'TN': 24970, 'FP': 7774, 'FN': 3702}
[Wed Dec 18 20:15:08 2024] >> max bit:	5
[Wed Dec 18 20:15:08 2024] >> accuracy:	0.82489013671875	+0.84[FALSE]
[Wed Dec 18 20:15:08 2024] >> exe time:	1012.24s 

[Wed Dec 18 20:15:08 2024] >> dataset/fa_i-6-fa_j-5-t_index-1.txt
[Wed Dec 18 20:31:56 2024] >> {'A': ['x', 'x', 'x', 'x', 'x', 'b', 'b', 'b'], 'B': ['x', 'x', 'x', 'x', 'x', 'b', 'b', 'x'], 'accu': 0.7857818603515625, 'TP': 30790, 'TN': 20707, 'FP': 8122, 'FN': 5917}
[Wed Dec 18 20:31:56 2024] >> max bit:	5
[Wed Dec 18 20:31:56 2024] >> accuracy:	0.7857818603515625	+0.84[FALSE]
[Wed Dec 18 20:31:56 2024] >> exe time:	1008.56s 

[Wed Dec 18 20:31:56 2024] >> dataset/fa_i-6-fa_j-5-t_index-2.txt
[Wed Dec 18 20:48:45 2024] >> {'A': ['x', 'x', 'x', 'x', 'x', 'b', 'b', 'b'], 'B': ['x', 'x', 'x', 'x', 'x', 'x', 'b', 'b'], 'accu': 0.75531005859375, 'TP': 31527, 'TN': 17973, 'FP': 9433, 'FN': 6603}
[Wed Dec 18 20:48:45 2024] >> max bit:	5
[Wed Dec 18 20:48:45 2024] >> accuracy:	0.75531005859375	+0.84[FALSE]
[Wed Dec 18 20:48:45 2024] >> exe time:	1008.86s 

[Wed Dec 18 20:48:45 2024] >> dataset/fa_i-6-fa_j-5-t_index-3.txt
[Wed Dec 18 21:05:37 2024] >> {'A': ['x', 'x', 'x', 'x', 'x', 'b', 'b', 'b'], 'B': ['x', 'x', 'x', 'x', 'x', 'x', 'b', 'b'], 'accu': 0.7818756103515625, 'TP': 25004, 'TN': 26237, 'FP': 7764, 'FN': 6531}
[Wed Dec 18 21:05:37 2024] >> max bit:	5
[Wed Dec 18 21:05:37 2024] >> accuracy:	0.7818756103515625	+0.84[FALSE]
[Wed Dec 18 21:05:37 2024] >> exe time:	1011.22s 

[Wed Dec 18 21:05:37 2024] >> dataset/fa_i-6-fa_j-5-t_index-4.txt
[Wed Dec 18 21:22:29 2024] >> {'A': ['x', 'x', 'x', 'x', 'x', 'b', 'b', 'b'], 'B': ['x', 'x', 'x', 'x', 'x', 'x', 'b', 'b'], 'accu': 0.7818756103515625, 'TP': 25004, 'TN': 26237, 'FP': 7764, 'FN': 6531}
[Wed Dec 18 21:22:29 2024] >> max bit:	5
[Wed Dec 18 21:22:29 2024] >> accuracy:	0.7818756103515625	+0.84[FALSE]
[Wed Dec 18 21:22:29 2024] >> exe time:	1012.12s 

[Wed Dec 18 21:22:29 2024] >> dataset/fa_i-6-fa_j-5-t_index-5.txt
[Wed Dec 18 21:39:17 2024] >> {'A': ['x', 'x', 'x', 'x', 'x', 'b', 'b', 'b'], 'B': ['x', 'x', 'x', 'x', 'x', 'x', 'b', 'b'], 'accu': 0.75531005859375, 'TP': 31527, 'TN': 17973, 'FP': 9433, 'FN': 6603}
[Wed Dec 18 21:39:17 2024] >> max bit:	5
[Wed Dec 18 21:39:17 2024] >> accuracy:	0.75531005859375	+0.84[FALSE]
[Wed Dec 18 21:39:17 2024] >> exe time:	1008.53s 

[Wed Dec 18 21:39:17 2024] >> dataset/fa_i-6-fa_j-6-t_index-0.txt
[Wed Dec 18 21:39:18 2024] >> {'A': ['x', 'x', 'x', 'x', 'x', 'x', 'x', 'b'], 'B': ['x', 'x', 'x', 'x', 'x', 'x', 'x', 'x'], 'accu': 0.89874267578125, 'TP': 28676, 'TN': 30224, 'FP': 4092, 'FN': 2544}
[Wed Dec 18 21:39:18 2024] >> max bit:	1
[Wed Dec 18 21:39:18 2024] >> accuracy:	0.89874267578125	+0.84[TRUE]
[Wed Dec 18 21:39:18 2024] >> exe time:	0.83s 

[Wed Dec 18 21:39:18 2024] >> dataset/fa_i-6-fa_j-6-t_index-1.txt
[Wed Dec 18 21:56:03 2024] >> {'A': ['x', 'x', 'x', 'x', 'x', 'x', 'b', 'b'], 'B': ['b', 'b', 'x', 'x', 'x', 'x', 'b', 'x'], 'accu': 0.8564300537109375, 'TP': 30834, 'TN': 25293, 'FP': 1934, 'FN': 7475}
[Wed Dec 18 21:56:03 2024] >> max bit:	5
[Wed Dec 18 21:56:03 2024] >> accuracy:	0.8564300537109375	+0.84[TRUE]
[Wed Dec 18 21:56:03 2024] >> exe time:	1004.72s 

[Wed Dec 18 21:56:03 2024] >> dataset/fa_i-6-fa_j-6-t_index-2.txt
[Wed Dec 18 22:12:46 2024] >> {'A': ['x', 'x', 'x', 'x', 'x', 'x', 'b', 'b'], 'B': ['b', 'b', 'x', 'x', 'x', 'x', 'x', 'b'], 'accu': 0.8324737548828125, 'TP': 33962, 'TN': 20595, 'FP': 2902, 'FN': 8077}
[Wed Dec 18 22:12:46 2024] >> max bit:	5
[Wed Dec 18 22:12:46 2024] >> accuracy:	0.8324737548828125	+0.84[FALSE]
[Wed Dec 18 22:12:46 2024] >> exe time:	1003.39s 

[Wed Dec 18 22:12:46 2024] >> dataset/fa_i-6-fa_j-6-t_index-3.txt
[Wed Dec 18 22:13:23 2024] >> {'A': ['x', 'x', 'x', 'x', 'x', 'x', 'b', 'b'], 'B': ['x', 'x', 'x', 'x', 'x', 'x', 'x', 'b'], 'accu': 0.848297119140625, 'TP': 21162, 'TN': 34432, 'FP': 3414, 'FN': 6528}
[Wed Dec 18 22:13:23 2024] >> max bit:	3
[Wed Dec 18 22:13:23 2024] >> accuracy:	0.848297119140625	+0.84[TRUE]
[Wed Dec 18 22:13:23 2024] >> exe time:	37.17s 

[Wed Dec 18 22:13:23 2024] >> dataset/fa_i-6-fa_j-6-t_index-4.txt
[Wed Dec 18 22:14:00 2024] >> {'A': ['x', 'x', 'x', 'x', 'x', 'x', 'b', 'b'], 'B': ['x', 'x', 'x', 'x', 'x', 'x', 'x', 'b'], 'accu': 0.848297119140625, 'TP': 21162, 'TN': 34432, 'FP': 3414, 'FN': 6528}
[Wed Dec 18 22:14:00 2024] >> max bit:	3
[Wed Dec 18 22:14:00 2024] >> accuracy:	0.848297119140625	+0.84[TRUE]
[Wed Dec 18 22:14:00 2024] >> exe time:	37.13s 

[Wed Dec 18 22:14:00 2024] >> dataset/fa_i-6-fa_j-6-t_index-5.txt
[Wed Dec 18 22:30:43 2024] >> {'A': ['x', 'x', 'x', 'x', 'x', 'x', 'b', 'b'], 'B': ['b', 'b', 'x', 'x', 'x', 'x', 'x', 'b'], 'accu': 0.8324737548828125, 'TP': 33962, 'TN': 20595, 'FP': 2902, 'FN': 8077}
[Wed Dec 18 22:30:43 2024] >> max bit:	5
[Wed Dec 18 22:30:43 2024] >> accuracy:	0.8324737548828125	+0.84[FALSE]
[Wed Dec 18 22:30:43 2024] >> exe time:	1002.15s 

[Wed Dec 18 22:30:43 2024] >> dataset/fa_i-6-fa_j-7-t_index-0.txt
[Wed Dec 18 22:31:19 2024] >> {'A': ['x', 'x', 'x', 'x', 'x', 'x', 'x', 'b'], 'B': ['b', 'b', 'x', 'x', 'x', 'x', 'x', 'x'], 'accu': 0.8850250244140625, 'TP': 42571, 'TN': 15430, 'FP': 6581, 'FN': 954}
[Wed Dec 18 22:31:19 2024] >> max bit:	3
[Wed Dec 18 22:31:19 2024] >> accuracy:	0.8850250244140625	+0.84[TRUE]
[Wed Dec 18 22:31:19 2024] >> exe time:	36.29s 

[Wed Dec 18 22:31:19 2024] >> dataset/fa_i-6-fa_j-7-t_index-1.txt
[Wed Dec 18 22:31:24 2024] >> {'A': ['x', 'x', 'x', 'x', 'x', 'x', 'b', 'x'], 'B': ['b', 'x', 'x', 'x', 'x', 'x', 'x', 'x'], 'accu': 0.8701171875, 'TP': 16128, 'TN': 40896, 'FP': 256, 'FN': 8256}
[Wed Dec 18 22:31:24 2024] >> max bit:	2
[Wed Dec 18 22:31:24 2024] >> accuracy:	0.8701171875	+0.84[TRUE]
[Wed Dec 18 22:31:24 2024] >> exe time:	4.90s 

[Wed Dec 18 22:31:24 2024] >> dataset/fa_i-6-fa_j-7-t_index-2.txt
[Wed Dec 18 22:31:29 2024] >> {'A': ['x', 'x', 'x', 'x', 'x', 'x', 'b', 'x'], 'B': ['b', 'x', 'x', 'x', 'x', 'x', 'x', 'x'], 'accu': 0.8701171875, 'TP': 16128, 'TN': 40896, 'FP': 256, 'FN': 8256}
[Wed Dec 18 22:31:29 2024] >> max bit:	2
[Wed Dec 18 22:31:29 2024] >> accuracy:	0.8701171875	+0.84[TRUE]
[Wed Dec 18 22:31:29 2024] >> exe time:	4.97s 

[Wed Dec 18 22:31:29 2024] >> dataset/fa_i-6-fa_j-7-t_index-3.txt
[Wed Dec 18 22:31:34 2024] >> {'A': ['x', 'x', 'x', 'x', 'x', 'x', 'x', 'b'], 'B': ['x', 'x', 'x', 'x', 'x', 'x', 'x', 'b'], 'accu': 0.9764862060546875, 'TP': 15486, 'TN': 48509, 'FP': 898, 'FN': 643}
[Wed Dec 18 22:31:34 2024] >> max bit:	2
[Wed Dec 18 22:31:34 2024] >> accuracy:	0.9764862060546875	+0.84[TRUE]
[Wed Dec 18 22:31:34 2024] >> exe time:	5.02s 

[Wed Dec 18 22:31:34 2024] >> dataset/fa_i-6-fa_j-7-t_index-4.txt
[Wed Dec 18 22:31:39 2024] >> {'A': ['x', 'x', 'x', 'x', 'x', 'x', 'x', 'b'], 'B': ['x', 'x', 'x', 'x', 'x', 'x', 'x', 'b'], 'accu': 0.9764862060546875, 'TP': 15486, 'TN': 48509, 'FP': 898, 'FN': 643}
[Wed Dec 18 22:31:39 2024] >> max bit:	2
[Wed Dec 18 22:31:39 2024] >> accuracy:	0.9764862060546875	+0.84[TRUE]
[Wed Dec 18 22:31:39 2024] >> exe time:	5.08s 

[Wed Dec 18 22:31:39 2024] >> dataset/fa_i-6-fa_j-7-t_index-5.txt
[Wed Dec 18 22:31:44 2024] >> {'A': ['x', 'x', 'x', 'x', 'x', 'x', 'b', 'x'], 'B': ['b', 'x', 'x', 'x', 'x', 'x', 'x', 'x'], 'accu': 0.8701171875, 'TP': 16128, 'TN': 40896, 'FP': 256, 'FN': 8256}
[Wed Dec 18 22:31:44 2024] >> max bit:	2
[Wed Dec 18 22:31:44 2024] >> accuracy:	0.8701171875	+0.84[TRUE]
[Wed Dec 18 22:31:44 2024] >> exe time:	4.86s 

