[Wed Dec 11 16:18:06 2024] >> dataset/fa_i-0-fa_j-0-t_index-0.txt
[Wed Dec 11 16:19:54 2024] >> {'A': ['b', 'b', 'x', 'x', 'x', 'x', 'x', 'x'], 'B': ['b', 'x', 'x', 'x', 'x', 'x', 'x', 'x'], 'accu': 1.0, 'TP': 8192, 'TN': 57344, 'FP': 0, 'FN': 0}
[Wed Dec 11 16:19:54 2024] >> 
[Wed Dec 11 16:19:54 2024] >> dataset/fa_i-0-fa_j-0-t_index-1.txt
[Wed Dec 11 16:21:39 2024] >> {'A': ['x', 'x', 'x', 'x', 'x', 'x', 'b', 'b'], 'B': ['b', 'b', 'x', 'x', 'x', 'x', 'x', 'x'], 'accu': 0.9931640625, 'TP': 24256, 'TN': 40832, 'FP': 320, 'FN': 128}
[Wed Dec 11 16:21:39 2024] >> 
[Wed Dec 11 16:21:39 2024] >> dataset/fa_i-0-fa_j-0-t_index-2.txt
[Wed Dec 11 16:23:28 2024] >> {'A': ['x', 'x', 'x', 'x', 'x', 'x', 'x', 'x'], 'B': ['x', 'x', 'x', 'x', 'x', 'x', 'x', 'x'], 'accu': 1.0, 'TP': 0, 'TN': 65536, 'FP': 0, 'FN': 0}
[Wed Dec 11 16:23:28 2024] >> 
[Wed Dec 11 16:23:28 2024] >> dataset/fa_i-0-fa_j-0-t_index-3.txt
[Wed Dec 11 16:25:14 2024] >> {'A': ['x', 'x', 'x', 'x', 'x', 'x', 'b', 'b'], 'B': ['b', 'b', 'x', 'x', 'x', 'x', 'x', 'x'], 'accu': 0.9931640625, 'TP': 24256, 'TN': 40832, 'FP': 320, 'FN': 128}
[Wed Dec 11 16:25:14 2024] >> 
[Wed Dec 11 16:25:14 2024] >> dataset/fa_i-0-fa_j-0-t_index-4.txt
[Wed Dec 11 16:27:00 2024] >> {'A': ['x', 'x', 'x', 'x', 'x', 'x', 'b', 'b'], 'B': ['b', 'b', 'x', 'x', 'x', 'x', 'x', 'x'], 'accu': 0.9931640625, 'TP': 24256, 'TN': 40832, 'FP': 320, 'FN': 128}
[Wed Dec 11 16:27:00 2024] >> 
[Wed Dec 11 16:27:00 2024] >> dataset/fa_i-0-fa_j-0-t_index-5.txt
[Wed Dec 11 16:28:49 2024] >> {'A': ['x', 'x', 'x', 'x', 'x', 'x', 'x', 'x'], 'B': ['x', 'x', 'x', 'x', 'x', 'x', 'x', 'x'], 'accu': 1.0, 'TP': 0, 'TN': 65536, 'FP': 0, 'FN': 0}
[Wed Dec 11 16:28:49 2024] >> 
[Wed Dec 11 16:28:49 2024] >> dataset/fa_i-0-fa_j-1-t_index-0.txt
[Wed Dec 11 16:30:37 2024] >> {'A': ['x', 'x', 'b', 'x', 'x', 'x', 'x', 'x'], 'B': ['b', 'x', 'x', 'x', 'x', 'x', 'x', 'x'], 'accu': 0.9375, 'TP': 12288, 'TN': 49152, 'FP': 4096, 'FN': 0}
[Wed Dec 11 16:30:37 2024] >> 
[Wed Dec 11 16:30:37 2024] >> dataset/fa_i-0-fa_j-1-t_index-1.txt
[Wed Dec 11 16:32:24 2024] >> {'A': ['x', 'x', 'x', 'x', 'x', 'x', 'b', 'b'], 'B': ['b', 'b', 'x', 'x', 'x', 'x', 'x', 'x'], 'accu': 0.9931640625, 'TP': 24256, 'TN': 40832, 'FP': 320, 'FN': 128}
[Wed Dec 11 16:32:24 2024] >> 
[Wed Dec 11 16:32:24 2024] >> dataset/fa_i-0-fa_j-1-t_index-2.txt
[Wed Dec 11 16:34:10 2024] >> {'A': ['x', 'x', 'b', 'x', 'x', 'x', 'x', 'b'], 'B': ['b', 'b', 'x', 'x', 'x', 'x', 'x', 'x'], 'accu': 0.8056640625, 'TP': 18944, 'TN': 33856, 'FP': 5632, 'FN': 7104}
[Wed Dec 11 16:34:10 2024] >> 
[Wed Dec 11 16:34:10 2024] >> dataset/fa_i-0-fa_j-1-t_index-3.txt
[Wed Dec 11 16:35:57 2024] >> {'A': ['x', 'x', 'x', 'x', 'x', 'x', 'b', 'b'], 'B': ['b', 'b', 'x', 'x', 'x', 'x', 'x', 'x'], 'accu': 0.9931640625, 'TP': 24256, 'TN': 40832, 'FP': 320, 'FN': 128}
[Wed Dec 11 16:35:57 2024] >> 
[Wed Dec 11 16:35:57 2024] >> dataset/fa_i-0-fa_j-1-t_index-4.txt
[Wed Dec 11 16:37:43 2024] >> {'A': ['x', 'x', 'x', 'x', 'x', 'x', 'b', 'b'], 'B': ['b', 'b', 'x', 'x', 'x', 'x', 'x', 'x'], 'accu': 0.9931640625, 'TP': 24256, 'TN': 40832, 'FP': 320, 'FN': 128}
[Wed Dec 11 16:37:43 2024] >> 
[Wed Dec 11 16:37:43 2024] >> dataset/fa_i-0-fa_j-1-t_index-5.txt
[Wed Dec 11 16:39:29 2024] >> {'A': ['x', 'x', 'b', 'x', 'x', 'x', 'x', 'b'], 'B': ['b', 'b', 'x', 'x', 'x', 'x', 'x', 'x'], 'accu': 0.8056640625, 'TP': 18944, 'TN': 33856, 'FP': 5632, 'FN': 7104}
[Wed Dec 11 16:39:29 2024] >> 
[Wed Dec 11 16:39:29 2024] >> dataset/fa_i-0-fa_j-2-t_index-0.txt
[Wed Dec 11 16:41:16 2024] >> {'A': ['x', 'x', 'x', 'b', 'x', 'x', 'x', 'b'], 'B': ['b', 'b', 'x', 'x', 'x', 'x', 'x', 'x'], 'accu': 0.8779296875, 'TP': 17728, 'TN': 39808, 'FP': 2752, 'FN': 5248}
[Wed Dec 11 16:41:16 2024] >> 
[Wed Dec 11 16:41:16 2024] >> dataset/fa_i-0-fa_j-2-t_index-1.txt
[Wed Dec 11 16:43:03 2024] >> {'A': ['x', 'x', 'x', 'x', 'x', 'x', 'b', 'b'], 'B': ['b', 'b', 'x', 'x', 'x', 'x', 'x', 'x'], 'accu': 0.9931640625, 'TP': 24256, 'TN': 40832, 'FP': 320, 'FN': 128}
[Wed Dec 11 16:43:03 2024] >> 
[Wed Dec 11 16:43:03 2024] >> dataset/fa_i-0-fa_j-2-t_index-2.txt
[Wed Dec 11 16:44:49 2024] >> {'A': ['x', 'x', 'b', 'b', 'x', 'x', 'x', 'x'], 'B': ['b', 'b', 'x', 'x', 'x', 'x', 'x', 'x'], 'accu': 0.8212890625, 'TP': 22016, 'TN': 31808, 'FP': 6656, 'FN': 5056}
[Wed Dec 11 16:44:49 2024] >> 
[Wed Dec 11 16:44:49 2024] >> dataset/fa_i-0-fa_j-2-t_index-3.txt
[Wed Dec 11 16:46:35 2024] >> {'A': ['x', 'x', 'x', 'x', 'x', 'x', 'b', 'b'], 'B': ['b', 'b', 'x', 'x', 'x', 'x', 'x', 'x'], 'accu': 0.9931640625, 'TP': 24256, 'TN': 40832, 'FP': 320, 'FN': 128}
[Wed Dec 11 16:46:35 2024] >> 
[Wed Dec 11 16:46:35 2024] >> dataset/fa_i-0-fa_j-2-t_index-4.txt
[Wed Dec 11 16:48:22 2024] >> {'A': ['x', 'x', 'x', 'x', 'x', 'x', 'b', 'b'], 'B': ['b', 'b', 'x', 'x', 'x', 'x', 'x', 'x'], 'accu': 0.9931640625, 'TP': 24256, 'TN': 40832, 'FP': 320, 'FN': 128}
[Wed Dec 11 16:48:22 2024] >> 
[Wed Dec 11 16:48:22 2024] >> dataset/fa_i-0-fa_j-2-t_index-5.txt
[Wed Dec 11 16:50:08 2024] >> {'A': ['x', 'x', 'b', 'b', 'x', 'x', 'x', 'x'], 'B': ['b', 'b', 'x', 'x', 'x', 'x', 'x', 'x'], 'accu': 0.8212890625, 'TP': 22016, 'TN': 31808, 'FP': 6656, 'FN': 5056}
[Wed Dec 11 16:50:08 2024] >> 
[Wed Dec 11 16:50:08 2024] >> dataset/fa_i-0-fa_j-3-t_index-0.txt
[Wed Dec 11 16:51:55 2024] >> {'A': ['x', 'x', 'x', 'x', 'b', 'x', 'x', 'b'], 'B': ['b', 'b', 'x', 'x', 'x', 'x', 'x', 'x'], 'accu': 0.9013671875, 'TP': 18624, 'TN': 40448, 'FP': 1856, 'FN': 4608}
[Wed Dec 11 16:51:55 2024] >> 
[Wed Dec 11 16:51:55 2024] >> dataset/fa_i-0-fa_j-3-t_index-1.txt
[Wed Dec 11 16:53:41 2024] >> {'A': ['x', 'x', 'x', 'x', 'x', 'x', 'b', 'b'], 'B': ['b', 'b', 'x', 'x', 'x', 'x', 'x', 'x'], 'accu': 0.9931640625, 'TP': 24256, 'TN': 40832, 'FP': 320, 'FN': 128}
[Wed Dec 11 16:53:41 2024] >> 
[Wed Dec 11 16:53:41 2024] >> dataset/fa_i-0-fa_j-3-t_index-2.txt
[Wed Dec 11 16:55:28 2024] >> {'A': ['x', 'x', 'x', 'b', 'b', 'x', 'x', 'x'], 'B': ['b', 'b', 'x', 'x', 'x', 'x', 'x', 'x'], 'accu': 0.8623046875, 'TP': 21312, 'TN': 35200, 'FP': 3264, 'FN': 5760}
[Wed Dec 11 16:55:28 2024] >> 
[Wed Dec 11 16:55:28 2024] >> dataset/fa_i-0-fa_j-3-t_index-3.txt
[Wed Dec 11 16:57:14 2024] >> {'A': ['x', 'x', 'x', 'x', 'x', 'x', 'b', 'b'], 'B': ['b', 'b', 'x', 'x', 'x', 'x', 'x', 'x'], 'accu': 0.9931640625, 'TP': 24256, 'TN': 40832, 'FP': 320, 'FN': 128}
[Wed Dec 11 16:57:14 2024] >> 
[Wed Dec 11 16:57:14 2024] >> dataset/fa_i-0-fa_j-3-t_index-4.txt
[Wed Dec 11 16:59:01 2024] >> {'A': ['x', 'x', 'x', 'x', 'x', 'x', 'b', 'b'], 'B': ['b', 'b', 'x', 'x', 'x', 'x', 'x', 'x'], 'accu': 0.9931640625, 'TP': 24256, 'TN': 40832, 'FP': 320, 'FN': 128}
[Wed Dec 11 16:59:01 2024] >> 
[Wed Dec 11 16:59:01 2024] >> dataset/fa_i-0-fa_j-3-t_index-5.txt
[Wed Dec 11 17:00:47 2024] >> {'A': ['x', 'x', 'x', 'b', 'b', 'x', 'x', 'x'], 'B': ['b', 'b', 'x', 'x', 'x', 'x', 'x', 'x'], 'accu': 0.8623046875, 'TP': 21312, 'TN': 35200, 'FP': 3264, 'FN': 5760}
[Wed Dec 11 17:00:47 2024] >> 
[Wed Dec 11 17:00:47 2024] >> dataset/fa_i-0-fa_j-4-t_index-0.txt
[Wed Dec 11 17:02:34 2024] >> {'A': ['x', 'x', 'x', 'x', 'x', 'b', 'x', 'b'], 'B': ['b', 'b', 'x', 'x', 'x', 'x', 'x', 'x'], 'accu': 0.9169921875, 'TP': 19392, 'TN': 40704, 'FP': 1088, 'FN': 4352}
[Wed Dec 11 17:02:34 2024] >> 
[Wed Dec 11 17:02:34 2024] >> dataset/fa_i-0-fa_j-4-t_index-1.txt
[Wed Dec 11 17:04:21 2024] >> {'A': ['x', 'x', 'x', 'x', 'x', 'x', 'b', 'b'], 'B': ['b', 'b', 'x', 'x', 'x', 'x', 'x', 'x'], 'accu': 0.9931640625, 'TP': 24256, 'TN': 40832, 'FP': 320, 'FN': 128}
[Wed Dec 11 17:04:21 2024] >> 
[Wed Dec 11 17:04:21 2024] >> dataset/fa_i-0-fa_j-4-t_index-2.txt
[Wed Dec 11 17:06:07 2024] >> {'A': ['x', 'x', 'x', 'x', 'b', 'b', 'x', 'x'], 'B': ['b', 'b', 'x', 'x', 'x', 'x', 'x', 'x'], 'accu': 0.8818359375, 'TP': 24448, 'TN': 33344, 'FP': 4224, 'FN': 3520}
[Wed Dec 11 17:06:07 2024] >> 
[Wed Dec 11 17:06:07 2024] >> dataset/fa_i-0-fa_j-4-t_index-3.txt
[Wed Dec 11 17:07:53 2024] >> {'A': ['x', 'x', 'x', 'x', 'x', 'x', 'b', 'b'], 'B': ['b', 'b', 'x', 'x', 'x', 'x', 'x', 'x'], 'accu': 0.9931640625, 'TP': 24256, 'TN': 40832, 'FP': 320, 'FN': 128}
[Wed Dec 11 17:07:53 2024] >> 
[Wed Dec 11 17:07:53 2024] >> dataset/fa_i-0-fa_j-4-t_index-4.txt
[Wed Dec 11 17:09:40 2024] >> {'A': ['x', 'x', 'x', 'x', 'x', 'x', 'b', 'b'], 'B': ['b', 'b', 'x', 'x', 'x', 'x', 'x', 'x'], 'accu': 0.9931640625, 'TP': 24256, 'TN': 40832, 'FP': 320, 'FN': 128}
[Wed Dec 11 17:09:40 2024] >> 
[Wed Dec 11 17:09:40 2024] >> dataset/fa_i-0-fa_j-4-t_index-5.txt
[Wed Dec 11 17:11:26 2024] >> {'A': ['x', 'x', 'x', 'x', 'b', 'b', 'x', 'x'], 'B': ['b', 'b', 'x', 'x', 'x', 'x', 'x', 'x'], 'accu': 0.8818359375, 'TP': 24448, 'TN': 33344, 'FP': 4224, 'FN': 3520}
[Wed Dec 11 17:11:26 2024] >> 
[Wed Dec 11 17:11:26 2024] >> dataset/fa_i-0-fa_j-5-t_index-0.txt
[Wed Dec 11 17:13:13 2024] >> {'A': ['x', 'x', 'x', 'x', 'x', 'x', 'b', 'b'], 'B': ['b', 'b', 'x', 'x', 'x', 'x', 'x', 'x'], 'accu': 0.9931640625, 'TP': 24256, 'TN': 40832, 'FP': 320, 'FN': 128}
[Wed Dec 11 17:13:13 2024] >> 
[Wed Dec 11 17:13:13 2024] >> dataset/fa_i-0-fa_j-5-t_index-1.txt
[Wed Dec 11 17:15:00 2024] >> {'A': ['x', 'x', 'x', 'x', 'x', 'x', 'b', 'b'], 'B': ['b', 'b', 'x', 'x', 'x', 'x', 'x', 'x'], 'accu': 0.9931640625, 'TP': 24256, 'TN': 40832, 'FP': 320, 'FN': 128}
[Wed Dec 11 17:15:00 2024] >> 
[Wed Dec 11 17:15:00 2024] >> dataset/fa_i-0-fa_j-5-t_index-2.txt
[Wed Dec 11 17:16:47 2024] >> {'A': ['x', 'x', 'x', 'x', 'x', 'b', 'b', 'x'], 'B': ['b', 'b', 'x', 'x', 'x', 'x', 'x', 'x'], 'accu': 0.8984375, 'TP': 24192, 'TN': 34688, 'FP': 4480, 'FN': 2176}
[Wed Dec 11 17:16:47 2024] >> 
[Wed Dec 11 17:16:47 2024] >> dataset/fa_i-0-fa_j-5-t_index-3.txt
[Wed Dec 11 17:18:33 2024] >> {'A': ['x', 'x', 'x', 'x', 'x', 'x', 'b', 'b'], 'B': ['b', 'b', 'x', 'x', 'x', 'x', 'x', 'x'], 'accu': 0.9931640625, 'TP': 24256, 'TN': 40832, 'FP': 320, 'FN': 128}
[Wed Dec 11 17:18:33 2024] >> 
[Wed Dec 11 17:18:33 2024] >> dataset/fa_i-0-fa_j-5-t_index-4.txt
[Wed Dec 11 17:20:21 2024] >> {'A': ['x', 'x', 'x', 'x', 'x', 'x', 'b', 'b'], 'B': ['b', 'b', 'x', 'x', 'x', 'x', 'x', 'x'], 'accu': 0.9931640625, 'TP': 24256, 'TN': 40832, 'FP': 320, 'FN': 128}
[Wed Dec 11 17:20:21 2024] >> 
[Wed Dec 11 17:20:21 2024] >> dataset/fa_i-0-fa_j-5-t_index-5.txt
[Wed Dec 11 17:22:07 2024] >> {'A': ['x', 'x', 'x', 'x', 'x', 'b', 'b', 'x'], 'B': ['b', 'b', 'x', 'x', 'x', 'x', 'x', 'x'], 'accu': 0.8984375, 'TP': 24192, 'TN': 34688, 'FP': 4480, 'FN': 2176}
[Wed Dec 11 17:22:07 2024] >> 
[Wed Dec 11 17:22:07 2024] >> dataset/fa_i-0-fa_j-6-t_index-0.txt
[Wed Dec 11 17:23:54 2024] >> {'A': ['x', 'x', 'x', 'x', 'x', 'x', 'b', 'b'], 'B': ['b', 'b', 'x', 'x', 'x', 'x', 'x', 'x'], 'accu': 0.9931640625, 'TP': 24256, 'TN': 40832, 'FP': 320, 'FN': 128}
[Wed Dec 11 17:23:54 2024] >> 
[Wed Dec 11 17:23:54 2024] >> dataset/fa_i-0-fa_j-6-t_index-1.txt
[Wed Dec 11 17:25:41 2024] >> {'A': ['x', 'x', 'x', 'x', 'x', 'x', 'x', 'b'], 'B': ['b', 'x', 'x', 'x', 'x', 'x', 'x', 'x'], 'accu': 0.998046875, 'TP': 16256, 'TN': 49152, 'FP': 128, 'FN': 0}
[Wed Dec 11 17:25:41 2024] >> 
[Wed Dec 11 17:25:41 2024] >> dataset/fa_i-0-fa_j-6-t_index-2.txt
[Wed Dec 11 17:27:28 2024] >> {'A': ['x', 'x', 'x', 'x', 'x', 'x', 'b', 'b'], 'B': ['b', 'b', 'x', 'x', 'x', 'x', 'x', 'x'], 'accu': 0.9931640625, 'TP': 24256, 'TN': 40832, 'FP': 320, 'FN': 128}
[Wed Dec 11 17:27:28 2024] >> 
[Wed Dec 11 17:27:28 2024] >> dataset/fa_i-0-fa_j-6-t_index-3.txt
[Wed Dec 11 17:29:14 2024] >> {'A': ['x', 'x', 'x', 'x', 'x', 'x', 'b', 'b'], 'B': ['b', 'b', 'x', 'x', 'x', 'x', 'x', 'x'], 'accu': 0.9736328125, 'TP': 28416, 'TN': 35392, 'FP': 256, 'FN': 1472}
[Wed Dec 11 17:29:14 2024] >> 
[Wed Dec 11 17:29:14 2024] >> dataset/fa_i-0-fa_j-6-t_index-4.txt
[Wed Dec 11 17:31:01 2024] >> {'A': ['x', 'x', 'x', 'x', 'x', 'x', 'b', 'b'], 'B': ['b', 'b', 'x', 'x', 'x', 'x', 'x', 'x'], 'accu': 0.9736328125, 'TP': 28416, 'TN': 35392, 'FP': 256, 'FN': 1472}
[Wed Dec 11 17:31:01 2024] >> 
[Wed Dec 11 17:31:01 2024] >> dataset/fa_i-0-fa_j-6-t_index-5.txt
[Wed Dec 11 17:32:48 2024] >> {'A': ['x', 'x', 'x', 'x', 'x', 'x', 'b', 'b'], 'B': ['b', 'b', 'x', 'x', 'x', 'x', 'x', 'x'], 'accu': 0.9931640625, 'TP': 24256, 'TN': 40832, 'FP': 320, 'FN': 128}
[Wed Dec 11 17:32:48 2024] >> 
[Wed Dec 11 17:32:48 2024] >> dataset/fa_i-0-fa_j-7-t_index-0.txt
[Wed Dec 11 17:34:35 2024] >> {'A': ['x', 'x', 'x', 'x', 'x', 'x', 'b', 'b'], 'B': ['b', 'b', 'x', 'x', 'x', 'x', 'x', 'x'], 'accu': 0.9931640625, 'TP': 24256, 'TN': 40832, 'FP': 320, 'FN': 128}
[Wed Dec 11 17:34:35 2024] >> 
[Wed Dec 11 17:34:35 2024] >> dataset/fa_i-0-fa_j-7-t_index-1.txt
[Wed Dec 11 17:36:23 2024] >> {'A': ['x', 'x', 'x', 'x', 'x', 'x', 'b', 'b'], 'B': ['b', 'b', 'x', 'x', 'x', 'x', 'x', 'x'], 'accu': 0.978515625, 'TP': 8128, 'TN': 56000, 'FP': 64, 'FN': 1344}
[Wed Dec 11 17:36:23 2024] >> 
[Wed Dec 11 17:36:23 2024] >> dataset/fa_i-0-fa_j-7-t_index-2.txt
[Wed Dec 11 17:38:11 2024] >> {'A': ['x', 'x', 'x', 'x', 'x', 'x', 'x', 'b'], 'B': ['b', 'b', 'x', 'x', 'x', 'x', 'x', 'x'], 'accu': 0.998046875, 'TP': 16256, 'TN': 49152, 'FP': 128, 'FN': 0}
[Wed Dec 11 17:38:11 2024] >> 
[Wed Dec 11 17:38:11 2024] >> dataset/fa_i-0-fa_j-7-t_index-3.txt
[Wed Dec 11 17:39:57 2024] >> {'A': ['x', 'x', 'x', 'x', 'x', 'x', 'b', 'b'], 'B': ['b', 'b', 'x', 'x', 'x', 'x', 'x', 'x'], 'accu': 0.9931640625, 'TP': 24256, 'TN': 40832, 'FP': 320, 'FN': 128}
[Wed Dec 11 17:39:57 2024] >> 
[Wed Dec 11 17:39:57 2024] >> dataset/fa_i-0-fa_j-7-t_index-4.txt
[Wed Dec 11 17:41:45 2024] >> {'A': ['x', 'x', 'x', 'x', 'x', 'x', 'b', 'b'], 'B': ['b', 'b', 'x', 'x', 'x', 'x', 'x', 'x'], 'accu': 0.9931640625, 'TP': 24256, 'TN': 40832, 'FP': 320, 'FN': 128}
[Wed Dec 11 17:41:45 2024] >> 
[Wed Dec 11 17:41:45 2024] >> dataset/fa_i-0-fa_j-7-t_index-5.txt
[Wed Dec 11 17:43:32 2024] >> {'A': ['x', 'x', 'x', 'x', 'x', 'x', 'x', 'b'], 'B': ['b', 'b', 'x', 'x', 'x', 'x', 'x', 'x'], 'accu': 0.998046875, 'TP': 16256, 'TN': 49152, 'FP': 128, 'FN': 0}
[Wed Dec 11 17:43:32 2024] >> 
[Wed Dec 11 17:43:32 2024] >> dataset/fa_i-1-fa_j-0-t_index-0.txt
[Wed Dec 11 17:45:19 2024] >> {'A': ['b', 'x', 'b', 'x', 'x', 'x', 'x', 'x'], 'B': ['b', 'b', 'x', 'x', 'x', 'x', 'x', 'x'], 'accu': 0.8095703125, 'TP': 17408, 'TN': 35648, 'FP': 3072, 'FN': 9408}
[Wed Dec 11 17:45:19 2024] >> 
[Wed Dec 11 17:45:19 2024] >> dataset/fa_i-1-fa_j-0-t_index-1.txt
[Wed Dec 11 17:47:06 2024] >> {'A': ['x', 'x', 'x', 'x', 'x', 'x', 'b', 'b'], 'B': ['b', 'b', 'x', 'x', 'x', 'x', 'x', 'x'], 'accu': 0.9931640625, 'TP': 24256, 'TN': 40832, 'FP': 320, 'FN': 128}
[Wed Dec 11 17:47:06 2024] >> 
[Wed Dec 11 17:47:06 2024] >> dataset/fa_i-1-fa_j-0-t_index-2.txt
[Wed Dec 11 17:48:55 2024] >> {'A': ['x', 'x', 'x', 'x', 'x', 'x', 'x', 'x'], 'B': ['x', 'x', 'x', 'x', 'x', 'x', 'x', 'x'], 'accu': 1.0, 'TP': 0, 'TN': 65536, 'FP': 0, 'FN': 0}
[Wed Dec 11 17:48:55 2024] >> 
[Wed Dec 11 17:48:55 2024] >> dataset/fa_i-1-fa_j-0-t_index-3.txt
[Wed Dec 11 17:50:41 2024] >> {'A': ['b', 'x', 'x', 'x', 'x', 'x', 'x', 'b'], 'B': ['x', 'b', 'b', 'x', 'x', 'x', 'x', 'x'], 'accu': 0.7451324462890625, 'TP': 30401, 'TN': 18432, 'FP': 10559, 'FN': 6144}
[Wed Dec 11 17:50:41 2024] >> 
[Wed Dec 11 17:50:41 2024] >> dataset/fa_i-1-fa_j-0-t_index-4.txt
[Wed Dec 11 17:52:27 2024] >> {'A': ['b', 'x', 'x', 'x', 'x', 'x', 'x', 'b'], 'B': ['x', 'b', 'b', 'x', 'x', 'x', 'x', 'x'], 'accu': 0.7451324462890625, 'TP': 30401, 'TN': 18432, 'FP': 10559, 'FN': 6144}
[Wed Dec 11 17:52:27 2024] >> 
[Wed Dec 11 17:52:27 2024] >> dataset/fa_i-1-fa_j-0-t_index-5.txt
[Wed Dec 11 17:54:16 2024] >> {'A': ['x', 'x', 'x', 'x', 'x', 'x', 'x', 'x'], 'B': ['x', 'x', 'x', 'x', 'x', 'x', 'x', 'x'], 'accu': 1.0, 'TP': 0, 'TN': 65536, 'FP': 0, 'FN': 0}
[Wed Dec 11 17:54:16 2024] >> 
[Wed Dec 11 17:54:16 2024] >> dataset/fa_i-1-fa_j-1-t_index-0.txt
[Wed Dec 11 17:56:03 2024] >> {'A': ['x', 'x', 'b', 'b', 'x', 'x', 'x', 'x'], 'B': ['b', 'b', 'x', 'x', 'x', 'x', 'x', 'x'], 'accu': 0.80078125, 'TP': 23488, 'TN': 28992, 'FP': 9280, 'FN': 3776}
[Wed Dec 11 17:56:03 2024] >> 
[Wed Dec 11 17:56:03 2024] >> dataset/fa_i-1-fa_j-1-t_index-1.txt
[Wed Dec 11 17:57:49 2024] >> {'A': ['x', 'x', 'x', 'x', 'x', 'x', 'b', 'b'], 'B': ['b', 'b', 'x', 'x', 'x', 'x', 'x', 'x'], 'accu': 0.9931640625, 'TP': 24256, 'TN': 40832, 'FP': 320, 'FN': 128}
[Wed Dec 11 17:57:49 2024] >> 
[Wed Dec 11 17:57:49 2024] >> dataset/fa_i-1-fa_j-1-t_index-2.txt
[Wed Dec 11 17:59:36 2024] >> {'A': ['x', 'x', 'x', 'b', 'x', 'x', 'x', 'b'], 'B': ['b', 'b', 'x', 'x', 'x', 'x', 'x', 'x'], 'accu': 0.72021484375, 'TP': 17984, 'TN': 29216, 'FP': 6592, 'FN': 11744}
[Wed Dec 11 17:59:36 2024] >> 
[Wed Dec 11 17:59:36 2024] >> dataset/fa_i-1-fa_j-1-t_index-3.txt
[Wed Dec 11 18:01:21 2024] >> {'A': ['x', 'x', 'x', 'b', 'x', 'x', 'x', 'b'], 'B': ['b', 'b', 'x', 'x', 'x', 'x', 'x', 'x'], 'accu': 0.7158355712890625, 'TP': 30017, 'TN': 16896, 'FP': 10943, 'FN': 7680}
[Wed Dec 11 18:01:21 2024] >> 
[Wed Dec 11 18:01:21 2024] >> dataset/fa_i-1-fa_j-1-t_index-4.txt
[Wed Dec 11 18:03:07 2024] >> {'A': ['x', 'x', 'x', 'b', 'x', 'x', 'x', 'b'], 'B': ['b', 'b', 'x', 'x', 'x', 'x', 'x', 'x'], 'accu': 0.7158355712890625, 'TP': 30017, 'TN': 16896, 'FP': 10943, 'FN': 7680}
[Wed Dec 11 18:03:07 2024] >> 
[Wed Dec 11 18:03:07 2024] >> dataset/fa_i-1-fa_j-1-t_index-5.txt
[Wed Dec 11 18:04:53 2024] >> {'A': ['x', 'x', 'x', 'b', 'x', 'x', 'x', 'b'], 'B': ['b', 'b', 'x', 'x', 'x', 'x', 'x', 'x'], 'accu': 0.72021484375, 'TP': 17984, 'TN': 29216, 'FP': 6592, 'FN': 11744}
[Wed Dec 11 18:04:53 2024] >> 
[Wed Dec 11 18:04:53 2024] >> dataset/fa_i-1-fa_j-2-t_index-0.txt
[Wed Dec 11 18:06:40 2024] >> {'A': ['x', 'x', 'x', 'b', 'b', 'x', 'x', 'x'], 'B': ['b', 'b', 'x', 'x', 'x', 'x', 'x', 'x'], 'accu': 0.8369140625, 'TP': 24960, 'TN': 29888, 'FP': 7808, 'FN': 2880}
[Wed Dec 11 18:06:40 2024] >> 
[Wed Dec 11 18:06:40 2024] >> dataset/fa_i-1-fa_j-2-t_index-1.txt
[Wed Dec 11 18:08:26 2024] >> {'A': ['x', 'x', 'x', 'x', 'x', 'x', 'b', 'b'], 'B': ['b', 'b', 'x', 'x', 'x', 'x', 'x', 'x'], 'accu': 0.9931640625, 'TP': 24256, 'TN': 40832, 'FP': 320, 'FN': 128}
[Wed Dec 11 18:08:26 2024] >> 
[Wed Dec 11 18:08:26 2024] >> dataset/fa_i-1-fa_j-2-t_index-2.txt
[Wed Dec 11 18:10:13 2024] >> {'A': ['x', 'x', 'x', 'x', 'b', 'x', 'x', 'b'], 'B': ['b', 'b', 'x', 'x', 'x', 'x', 'x', 'x'], 'accu': 0.7041015625, 'TP': 15616, 'TN': 30528, 'FP': 4864, 'FN': 14528}
[Wed Dec 11 18:10:13 2024] >> 
[Wed Dec 11 18:10:13 2024] >> dataset/fa_i-1-fa_j-2-t_index-3.txt
[Wed Dec 11 18:11:58 2024] >> {'A': ['x', 'x', 'x', 'x', 'b', 'x', 'x', 'b'], 'B': ['b', 'b', 'x', 'x', 'x', 'x', 'x', 'x'], 'accu': 0.7002105712890625, 'TP': 27841, 'TN': 18048, 'FP': 9023, 'FN': 10624}
[Wed Dec 11 18:11:58 2024] >> 
[Wed Dec 11 18:11:58 2024] >> dataset/fa_i-1-fa_j-2-t_index-4.txt
[Wed Dec 11 18:13:44 2024] >> {'A': ['x', 'x', 'x', 'x', 'b', 'x', 'x', 'b'], 'B': ['b', 'b', 'x', 'x', 'x', 'x', 'x', 'x'], 'accu': 0.7002105712890625, 'TP': 27841, 'TN': 18048, 'FP': 9023, 'FN': 10624}
[Wed Dec 11 18:13:44 2024] >> 
[Wed Dec 11 18:13:44 2024] >> dataset/fa_i-1-fa_j-2-t_index-5.txt
[Wed Dec 11 18:15:30 2024] >> {'A': ['x', 'x', 'x', 'x', 'b', 'x', 'x', 'b'], 'B': ['b', 'b', 'x', 'x', 'x', 'x', 'x', 'x'], 'accu': 0.7041015625, 'TP': 15616, 'TN': 30528, 'FP': 4864, 'FN': 14528}
[Wed Dec 11 18:15:30 2024] >> 
[Wed Dec 11 18:15:30 2024] >> dataset/fa_i-1-fa_j-3-t_index-0.txt
[Wed Dec 11 18:17:17 2024] >> {'A': ['x', 'x', 'x', 'x', 'b', 'b', 'x', 'x'], 'B': ['b', 'b', 'x', 'x', 'x', 'x', 'x', 'x'], 'accu': 0.845703125, 'TP': 25152, 'TN': 30272, 'FP': 7616, 'FN': 2496}
[Wed Dec 11 18:17:17 2024] >> 
[Wed Dec 11 18:17:17 2024] >> dataset/fa_i-1-fa_j-3-t_index-1.txt
[Wed Dec 11 18:19:04 2024] >> {'A': ['x', 'x', 'x', 'x', 'x', 'x', 'b', 'b'], 'B': ['b', 'b', 'x', 'x', 'x', 'x', 'x', 'x'], 'accu': 0.9931640625, 'TP': 24256, 'TN': 40832, 'FP': 320, 'FN': 128}
[Wed Dec 11 18:19:04 2024] >> 
[Wed Dec 11 18:19:04 2024] >> dataset/fa_i-1-fa_j-3-t_index-2.txt
[Wed Dec 11 18:20:50 2024] >> {'A': ['x', 'x', 'x', 'b', 'x', 'b', 'x', 'x'], 'B': ['b', 'x', 'b', 'x', 'x', 'x', 'x', 'x'], 'accu': 0.71630859375, 'TP': 18304, 'TN': 28640, 'FP': 6272, 'FN': 12320}
[Wed Dec 11 18:20:50 2024] >> 
[Wed Dec 11 18:20:50 2024] >> dataset/fa_i-1-fa_j-3-t_index-3.txt
[Wed Dec 11 18:22:35 2024] >> {'A': ['x', 'x', 'x', 'b', 'x', 'b', 'x', 'x'], 'B': ['b', 'x', 'b', 'x', 'x', 'x', 'x', 'x'], 'accu': 0.7285308837890625, 'TP': 30881, 'TN': 16864, 'FP': 10079, 'FN': 7712}
[Wed Dec 11 18:22:35 2024] >> 
[Wed Dec 11 18:22:35 2024] >> dataset/fa_i-1-fa_j-3-t_index-4.txt
[Wed Dec 11 18:24:21 2024] >> {'A': ['x', 'x', 'x', 'b', 'x', 'b', 'x', 'x'], 'B': ['b', 'x', 'b', 'x', 'x', 'x', 'x', 'x'], 'accu': 0.7285308837890625, 'TP': 30881, 'TN': 16864, 'FP': 10079, 'FN': 7712}
[Wed Dec 11 18:24:21 2024] >> 
[Wed Dec 11 18:24:21 2024] >> dataset/fa_i-1-fa_j-3-t_index-5.txt
[Wed Dec 11 18:26:07 2024] >> {'A': ['x', 'x', 'x', 'b', 'x', 'b', 'x', 'x'], 'B': ['b', 'x', 'b', 'x', 'x', 'x', 'x', 'x'], 'accu': 0.71630859375, 'TP': 18304, 'TN': 28640, 'FP': 6272, 'FN': 12320}
[Wed Dec 11 18:26:07 2024] >> 
[Wed Dec 11 18:26:07 2024] >> dataset/fa_i-1-fa_j-4-t_index-0.txt
[Wed Dec 11 18:27:54 2024] >> {'A': ['x', 'x', 'x', 'x', 'x', 'b', 'b', 'x'], 'B': ['b', 'b', 'x', 'x', 'x', 'x', 'x', 'x'], 'accu': 0.857421875, 'TP': 27648, 'TN': 28544, 'FP': 9216, 'FN': 128}
[Wed Dec 11 18:27:54 2024] >> 
[Wed Dec 11 18:27:54 2024] >> dataset/fa_i-1-fa_j-4-t_index-1.txt
[Wed Dec 11 18:29:40 2024] >> {'A': ['x', 'x', 'x', 'x', 'x', 'x', 'b', 'b'], 'B': ['b', 'b', 'x', 'x', 'x', 'x', 'x', 'x'], 'accu': 0.9931640625, 'TP': 24256, 'TN': 40832, 'FP': 320, 'FN': 128}
[Wed Dec 11 18:29:40 2024] >> 
[Wed Dec 11 18:29:40 2024] >> dataset/fa_i-1-fa_j-4-t_index-2.txt
[Wed Dec 11 18:31:27 2024] >> {'A': ['x', 'x', 'x', 'x', 'b', 'x', 'b', 'x'], 'B': ['b', 'x', 'b', 'x', 'x', 'x', 'x', 'x'], 'accu': 0.71875, 'TP': 18112, 'TN': 28992, 'FP': 6464, 'FN': 11968}
[Wed Dec 11 18:31:27 2024] >> 
[Wed Dec 11 18:31:27 2024] >> dataset/fa_i-1-fa_j-4-t_index-3.txt
[Wed Dec 11 18:33:14 2024] >> {'A': ['x', 'x', 'x', 'x', 'x', 'x', 'b', 'b'], 'B': ['b', 'b', 'x', 'x', 'x', 'x', 'x', 'x'], 'accu': 0.9931640625, 'TP': 24256, 'TN': 40832, 'FP': 320, 'FN': 128}
[Wed Dec 11 18:33:14 2024] >> 
[Wed Dec 11 18:33:14 2024] >> dataset/fa_i-1-fa_j-4-t_index-4.txt
[Wed Dec 11 18:35:01 2024] >> {'A': ['x', 'x', 'x', 'x', 'x', 'x', 'b', 'b'], 'B': ['b', 'b', 'x', 'x', 'x', 'x', 'x', 'x'], 'accu': 0.9931640625, 'TP': 24256, 'TN': 40832, 'FP': 320, 'FN': 128}
[Wed Dec 11 18:35:01 2024] >> 
[Wed Dec 11 18:35:01 2024] >> dataset/fa_i-1-fa_j-4-t_index-5.txt
[Wed Dec 11 18:36:47 2024] >> {'A': ['x', 'x', 'x', 'x', 'b', 'x', 'b', 'x'], 'B': ['b', 'x', 'b', 'x', 'x', 'x', 'x', 'x'], 'accu': 0.71875, 'TP': 18112, 'TN': 28992, 'FP': 6464, 'FN': 11968}
[Wed Dec 11 18:36:47 2024] >> 
[Wed Dec 11 18:36:47 2024] >> dataset/fa_i-1-fa_j-5-t_index-0.txt
[Wed Dec 11 18:38:35 2024] >> {'A': ['x', 'x', 'x', 'x', 'x', 'x', 'b', 'b'], 'B': ['b', 'b', 'x', 'x', 'x', 'x', 'x', 'x'], 'accu': 0.9931640625, 'TP': 24256, 'TN': 40832, 'FP': 320, 'FN': 128}
[Wed Dec 11 18:38:35 2024] >> 
[Wed Dec 11 18:38:35 2024] >> dataset/fa_i-1-fa_j-5-t_index-1.txt
[Wed Dec 11 18:40:21 2024] >> {'A': ['x', 'x', 'x', 'x', 'x', 'x', 'b', 'b'], 'B': ['b', 'b', 'x', 'x', 'x', 'x', 'x', 'x'], 'accu': 0.953125, 'TP': 28416, 'TN': 34048, 'FP': 256, 'FN': 2816}
[Wed Dec 11 18:40:21 2024] >> 
[Wed Dec 11 18:40:21 2024] >> dataset/fa_i-1-fa_j-5-t_index-2.txt
[Wed Dec 11 18:42:08 2024] >> {'A': ['x', 'x', 'x', 'x', 'x', 'x', 'b', 'b'], 'B': ['b', 'b', 'x', 'x', 'x', 'x', 'x', 'x'], 'accu': 0.9931640625, 'TP': 24256, 'TN': 40832, 'FP': 320, 'FN': 128}
[Wed Dec 11 18:42:08 2024] >> 
[Wed Dec 11 18:42:08 2024] >> dataset/fa_i-1-fa_j-5-t_index-3.txt
[Wed Dec 11 18:43:54 2024] >> {'A': ['x', 'x', 'x', 'x', 'x', 'b', 'x', 'b'], 'B': ['b', 'x', 'b', 'x', 'x', 'x', 'x', 'x'], 'accu': 0.794921875, 'TP': 23584, 'TN': 28512, 'FP': 5088, 'FN': 8352}
[Wed Dec 11 18:43:54 2024] >> 
[Wed Dec 11 18:43:54 2024] >> dataset/fa_i-1-fa_j-5-t_index-4.txt
[Wed Dec 11 18:45:41 2024] >> {'A': ['x', 'x', 'x', 'x', 'x', 'b', 'x', 'b'], 'B': ['b', 'x', 'b', 'x', 'x', 'x', 'x', 'x'], 'accu': 0.794921875, 'TP': 23584, 'TN': 28512, 'FP': 5088, 'FN': 8352}
[Wed Dec 11 18:45:41 2024] >> 
[Wed Dec 11 18:45:41 2024] >> dataset/fa_i-1-fa_j-5-t_index-5.txt
[Wed Dec 11 18:47:27 2024] >> {'A': ['x', 'x', 'x', 'x', 'x', 'x', 'b', 'b'], 'B': ['b', 'b', 'x', 'x', 'x', 'x', 'x', 'x'], 'accu': 0.9931640625, 'TP': 24256, 'TN': 40832, 'FP': 320, 'FN': 128}
[Wed Dec 11 18:47:27 2024] >> 
[Wed Dec 11 18:47:27 2024] >> dataset/fa_i-1-fa_j-6-t_index-0.txt
[Wed Dec 11 18:49:16 2024] >> {'A': ['x', 'x', 'x', 'x', 'x', 'x', 'b', 'b'], 'B': ['b', 'b', 'x', 'x', 'x', 'x', 'x', 'x'], 'accu': 0.9560546875, 'TP': 8128, 'TN': 54528, 'FP': 64, 'FN': 2816}
[Wed Dec 11 18:49:16 2024] >> 
[Wed Dec 11 18:49:16 2024] >> dataset/fa_i-1-fa_j-6-t_index-1.txt
[Wed Dec 11 18:51:02 2024] >> {'A': ['x', 'x', 'x', 'x', 'x', 'x', 'b', 'b'], 'B': ['b', 'b', 'x', 'x', 'x', 'x', 'x', 'x'], 'accu': 0.9931640625, 'TP': 24256, 'TN': 40832, 'FP': 320, 'FN': 128}
[Wed Dec 11 18:51:02 2024] >> 
[Wed Dec 11 18:51:02 2024] >> dataset/fa_i-1-fa_j-6-t_index-2.txt
[Wed Dec 11 18:52:50 2024] >> {'A': ['x', 'x', 'x', 'x', 'x', 'b', 'x', 'b'], 'B': ['b', 'b', 'x', 'x', 'x', 'x', 'x', 'x'], 'accu': 0.81005859375, 'TP': 15232, 'TN': 37856, 'FP': 5248, 'FN': 7200}
[Wed Dec 11 18:52:50 2024] >> 
[Wed Dec 11 18:52:50 2024] >> dataset/fa_i-1-fa_j-6-t_index-3.txt
[Wed Dec 11 18:54:34 2024] >> {'A': ['x', 'x', 'x', 'x', 'x', 'x', 'b', 'b'], 'B': ['x', 'b', 'b', 'x', 'x', 'x', 'x', 'x'], 'accu': 0.8466949462890625, 'TP': 43201, 'TN': 12288, 'FP': 5951, 'FN': 4096}
[Wed Dec 11 18:54:34 2024] >> 
[Wed Dec 11 18:54:34 2024] >> dataset/fa_i-1-fa_j-6-t_index-4.txt
[Wed Dec 11 18:56:19 2024] >> {'A': ['x', 'x', 'x', 'x', 'x', 'x', 'b', 'b'], 'B': ['x', 'b', 'b', 'x', 'x', 'x', 'x', 'x'], 'accu': 0.8466949462890625, 'TP': 43201, 'TN': 12288, 'FP': 5951, 'FN': 4096}
[Wed Dec 11 18:56:19 2024] >> 
[Wed Dec 11 18:56:19 2024] >> dataset/fa_i-1-fa_j-6-t_index-5.txt
[Wed Dec 11 18:58:06 2024] >> {'A': ['x', 'x', 'x', 'x', 'x', 'b', 'x', 'b'], 'B': ['b', 'b', 'x', 'x', 'x', 'x', 'x', 'x'], 'accu': 0.81005859375, 'TP': 15232, 'TN': 37856, 'FP': 5248, 'FN': 7200}
[Wed Dec 11 18:58:06 2024] >> 
[Wed Dec 11 18:58:06 2024] >> dataset/fa_i-1-fa_j-7-t_index-0.txt
[Wed Dec 11 18:59:53 2024] >> {'A': ['x', 'x', 'x', 'x', 'x', 'x', 'b', 'b'], 'B': ['b', 'b', 'x', 'x', 'x', 'x', 'x', 'x'], 'accu': 0.9931640625, 'TP': 24256, 'TN': 40832, 'FP': 320, 'FN': 128}
[Wed Dec 11 18:59:53 2024] >> 
[Wed Dec 11 18:59:53 2024] >> dataset/fa_i-1-fa_j-7-t_index-1.txt
[Wed Dec 11 19:01:42 2024] >> {'A': ['x', 'x', 'x', 'x', 'x', 'x', 'b', 'b'], 'B': ['b', 'b', 'x', 'x', 'x', 'x', 'x', 'x'], 'accu': 0.978515625, 'TP': 8128, 'TN': 56000, 'FP': 64, 'FN': 1344}
[Wed Dec 11 19:01:42 2024] >> 
[Wed Dec 11 19:01:42 2024] >> dataset/fa_i-1-fa_j-7-t_index-2.txt
[Wed Dec 11 19:03:30 2024] >> {'A': ['x', 'x', 'x', 'x', 'x', 'x', 'x', 'b'], 'B': ['x', 'b', 'b', 'x', 'x', 'x', 'x', 'x'], 'accu': 0.8955078125, 'TP': 12896, 'TN': 45792, 'FP': 3488, 'FN': 3360}
[Wed Dec 11 19:03:30 2024] >> 
[Wed Dec 11 19:03:30 2024] >> dataset/fa_i-1-fa_j-7-t_index-3.txt
[Wed Dec 11 19:05:17 2024] >> {'A': ['x', 'x', 'x', 'x', 'x', 'x', 'b', 'b'], 'B': ['b', 'b', 'x', 'x', 'x', 'x', 'x', 'x'], 'accu': 0.9931640625, 'TP': 24256, 'TN': 40832, 'FP': 320, 'FN': 128}
[Wed Dec 11 19:05:17 2024] >> 
[Wed Dec 11 19:05:17 2024] >> dataset/fa_i-1-fa_j-7-t_index-4.txt
[Wed Dec 11 19:07:04 2024] >> {'A': ['x', 'x', 'x', 'x', 'x', 'x', 'b', 'b'], 'B': ['b', 'b', 'x', 'x', 'x', 'x', 'x', 'x'], 'accu': 0.9931640625, 'TP': 24256, 'TN': 40832, 'FP': 320, 'FN': 128}
[Wed Dec 11 19:07:04 2024] >> 
[Wed Dec 11 19:07:04 2024] >> dataset/fa_i-1-fa_j-7-t_index-5.txt
[Wed Dec 11 19:08:52 2024] >> {'A': ['x', 'x', 'x', 'x', 'x', 'x', 'x', 'b'], 'B': ['x', 'b', 'b', 'x', 'x', 'x', 'x', 'x'], 'accu': 0.8955078125, 'TP': 12896, 'TN': 45792, 'FP': 3488, 'FN': 3360}
[Wed Dec 11 19:08:52 2024] >> 
[Wed Dec 11 19:08:52 2024] >> dataset/fa_i-2-fa_j-0-t_index-0.txt
[Wed Dec 11 19:10:38 2024] >> {'A': ['b', 'x', 'b', 'x', 'x', 'x', 'x', 'x'], 'B': ['b', 'b', 'x', 'x', 'x', 'x', 'x', 'x'], 'accu': 0.6884765625, 'TP': 17568, 'TN': 27552, 'FP': 7008, 'FN': 13408}
[Wed Dec 11 19:10:38 2024] >> 
[Wed Dec 11 19:10:38 2024] >> dataset/fa_i-2-fa_j-0-t_index-1.txt
[Wed Dec 11 19:12:24 2024] >> {'A': ['x', 'x', 'x', 'b', 'x', 'x', 'x', 'b'], 'B': ['b', 'b', 'x', 'x', 'x', 'x', 'x', 'x'], 'accu': 0.6836090087890625, 'TP': 27489, 'TN': 17312, 'FP': 9375, 'FN': 11360}
[Wed Dec 11 19:12:24 2024] >> 
[Wed Dec 11 19:12:24 2024] >> dataset/fa_i-2-fa_j-0-t_index-2.txt
[Wed Dec 11 19:14:10 2024] >> {'A': ['x', 'x', 'x', 'b', 'x', 'x', 'x', 'b'], 'B': ['b', 'b', 'x', 'x', 'x', 'x', 'x', 'x'], 'accu': 0.69140625, 'TP': 15424, 'TN': 29888, 'FP': 5056, 'FN': 15168}
[Wed Dec 11 19:14:10 2024] >> 
[Wed Dec 11 19:14:10 2024] >> dataset/fa_i-2-fa_j-0-t_index-3.txt
[Wed Dec 11 19:15:56 2024] >> {'A': ['b', 'x', 'x', 'x', 'x', 'x', 'x', 'b'], 'B': ['x', 'b', 'x', 'b', 'x', 'x', 'x', 'x'], 'accu': 0.6875152587890625, 'TP': 29505, 'TN': 15552, 'FP': 15551, 'FN': 4928}
[Wed Dec 11 19:15:56 2024] >> 
[Wed Dec 11 19:15:56 2024] >> dataset/fa_i-2-fa_j-0-t_index-4.txt
[Wed Dec 11 19:17:42 2024] >> {'A': ['b', 'x', 'x', 'x', 'x', 'x', 'x', 'b'], 'B': ['x', 'b', 'x', 'b', 'x', 'x', 'x', 'x'], 'accu': 0.6875152587890625, 'TP': 29505, 'TN': 15552, 'FP': 15551, 'FN': 4928}
[Wed Dec 11 19:17:42 2024] >> 
[Wed Dec 11 19:17:42 2024] >> dataset/fa_i-2-fa_j-0-t_index-5.txt
[Wed Dec 11 19:19:27 2024] >> {'A': ['x', 'x', 'x', 'b', 'x', 'x', 'x', 'b'], 'B': ['b', 'b', 'x', 'x', 'x', 'x', 'x', 'x'], 'accu': 0.69140625, 'TP': 15424, 'TN': 29888, 'FP': 5056, 'FN': 15168}
[Wed Dec 11 19:19:27 2024] >> 
[Wed Dec 11 19:19:27 2024] >> dataset/fa_i-2-fa_j-1-t_index-0.txt
[Wed Dec 11 19:21:14 2024] >> {'A': ['x', 'x', 'x', 'x', 'b', 'x', 'x', 'b'], 'B': ['b', 'b', 'x', 'x', 'x', 'x', 'x', 'x'], 'accu': 0.712890625, 'TP': 20352, 'TN': 26368, 'FP': 8320, 'FN': 10496}
[Wed Dec 11 19:21:14 2024] >> 
[Wed Dec 11 19:21:14 2024] >> dataset/fa_i-2-fa_j-1-t_index-1.txt
[Wed Dec 11 19:22:59 2024] >> {'A': ['x', 'x', 'x', 'x', 'b', 'x', 'x', 'b'], 'B': ['b', 'b', 'x', 'x', 'x', 'x', 'x', 'x'], 'accu': 0.7158355712890625, 'TP': 32705, 'TN': 14208, 'FP': 12351, 'FN': 6272}
[Wed Dec 11 19:22:59 2024] >> 
[Wed Dec 11 19:22:59 2024] >> dataset/fa_i-2-fa_j-1-t_index-2.txt
[Wed Dec 11 19:24:46 2024] >> {'A': ['x', 'x', 'x', 'x', 'b', 'x', 'x', 'b'], 'B': ['b', 'b', 'x', 'x', 'x', 'x', 'x', 'x'], 'accu': 0.67333984375, 'TP': 17408, 'TN': 26720, 'FP': 7168, 'FN': 14240}
[Wed Dec 11 19:24:46 2024] >> 
[Wed Dec 11 19:24:46 2024] >> dataset/fa_i-2-fa_j-1-t_index-3.txt
[Wed Dec 11 19:26:32 2024] >> {'A': ['x', 'x', 'x', 'x', 'b', 'x', 'x', 'b'], 'B': ['b', 'b', 'x', 'x', 'x', 'x', 'x', 'x'], 'accu': 0.6689605712890625, 'TP': 27521, 'TN': 16320, 'FP': 13439, 'FN': 8256}
[Wed Dec 11 19:26:32 2024] >> 
[Wed Dec 11 19:26:32 2024] >> dataset/fa_i-2-fa_j-1-t_index-4.txt
[Wed Dec 11 19:28:18 2024] >> {'A': ['x', 'x', 'x', 'x', 'b', 'x', 'x', 'b'], 'B': ['b', 'b', 'x', 'x', 'x', 'x', 'x', 'x'], 'accu': 0.6689605712890625, 'TP': 27521, 'TN': 16320, 'FP': 13439, 'FN': 8256}
[Wed Dec 11 19:28:18 2024] >> 
[Wed Dec 11 19:28:18 2024] >> dataset/fa_i-2-fa_j-1-t_index-5.txt
[Wed Dec 11 19:30:04 2024] >> {'A': ['x', 'x', 'x', 'x', 'b', 'x', 'x', 'b'], 'B': ['b', 'b', 'x', 'x', 'x', 'x', 'x', 'x'], 'accu': 0.67333984375, 'TP': 17408, 'TN': 26720, 'FP': 7168, 'FN': 14240}
[Wed Dec 11 19:30:04 2024] >> 
[Wed Dec 11 19:30:04 2024] >> dataset/fa_i-2-fa_j-2-t_index-0.txt
[Wed Dec 11 19:31:50 2024] >> {'A': ['x', 'x', 'x', 'x', 'b', 'b', 'x', 'x'], 'B': ['b', 'b', 'x', 'x', 'x', 'x', 'x', 'x'], 'accu': 0.7138671875, 'TP': 22528, 'TN': 24256, 'FP': 10240, 'FN': 8512}
[Wed Dec 11 19:31:50 2024] >> 
[Wed Dec 11 19:31:50 2024] >> dataset/fa_i-2-fa_j-2-t_index-1.txt
[Wed Dec 11 19:33:36 2024] >> {'A': ['x', 'x', 'x', 'x', 'b', 'b', 'x', 'x'], 'B': ['b', 'b', 'x', 'x', 'x', 'x', 'x', 'x'], 'accu': 0.7202301025390625, 'TP': 35041, 'TN': 12160, 'FP': 14111, 'FN': 4224}
[Wed Dec 11 19:33:36 2024] >> 
[Wed Dec 11 19:33:36 2024] >> dataset/fa_i-2-fa_j-2-t_index-2.txt
[Wed Dec 11 19:35:22 2024] >> {'A': ['x', 'x', 'x', 'x', 'x', 'b', 'x', 'b'], 'B': ['b', 'b', 'x', 'x', 'x', 'x', 'x', 'x'], 'accu': 0.665771484375, 'TP': 15488, 'TN': 28144, 'FP': 4992, 'FN': 16912}
[Wed Dec 11 19:35:22 2024] >> 
[Wed Dec 11 19:35:22 2024] >> dataset/fa_i-2-fa_j-2-t_index-3.txt
[Wed Dec 11 19:37:08 2024] >> {'A': ['x', 'x', 'x', 'x', 'x', 'b', 'b', 'x'], 'B': ['b', 'b', 'x', 'x', 'x', 'x', 'x', 'x'], 'accu': 0.6604156494140625, 'TP': 27457, 'TN': 15824, 'FP': 13503, 'FN': 8752}
[Wed Dec 11 19:37:08 2024] >> 
[Wed Dec 11 19:37:08 2024] >> dataset/fa_i-2-fa_j-2-t_index-4.txt
[Wed Dec 11 19:38:54 2024] >> {'A': ['x', 'x', 'x', 'x', 'x', 'b', 'b', 'x'], 'B': ['b', 'b', 'x', 'x', 'x', 'x', 'x', 'x'], 'accu': 0.6604156494140625, 'TP': 27457, 'TN': 15824, 'FP': 13503, 'FN': 8752}
[Wed Dec 11 19:38:54 2024] >> 
[Wed Dec 11 19:38:54 2024] >> dataset/fa_i-2-fa_j-2-t_index-5.txt
[Wed Dec 11 19:40:40 2024] >> {'A': ['x', 'x', 'x', 'x', 'x', 'b', 'x', 'b'], 'B': ['b', 'b', 'x', 'x', 'x', 'x', 'x', 'x'], 'accu': 0.665771484375, 'TP': 15488, 'TN': 28144, 'FP': 4992, 'FN': 16912}
[Wed Dec 11 19:40:40 2024] >> 
[Wed Dec 11 19:40:40 2024] >> dataset/fa_i-2-fa_j-3-t_index-0.txt
[Wed Dec 11 19:42:26 2024] >> {'A': ['x', 'x', 'x', 'x', 'x', 'b', 'b', 'x'], 'B': ['b', 'b', 'x', 'x', 'x', 'x', 'x', 'x'], 'accu': 0.7294921875, 'TP': 25088, 'TN': 22720, 'FP': 11776, 'FN': 5952}
[Wed Dec 11 19:42:26 2024] >> 
[Wed Dec 11 19:42:26 2024] >> dataset/fa_i-2-fa_j-3-t_index-1.txt
[Wed Dec 11 19:44:13 2024] >> {'A': ['x', 'x', 'x', 'x', 'x', 'x', 'b', 'b'], 'B': ['b', 'b', 'x', 'x', 'x', 'x', 'x', 'x'], 'accu': 0.9931640625, 'TP': 24256, 'TN': 40832, 'FP': 320, 'FN': 128}
[Wed Dec 11 19:44:13 2024] >> 
[Wed Dec 11 19:44:13 2024] >> dataset/fa_i-2-fa_j-3-t_index-2.txt
[Wed Dec 11 19:45:59 2024] >> {'A': ['x', 'x', 'x', 'x', 'x', 'x', 'b', 'b'], 'B': ['b', 'b', 'x', 'x', 'x', 'x', 'x', 'x'], 'accu': 0.667724609375, 'TP': 15488, 'TN': 28272, 'FP': 4992, 'FN': 16784}
[Wed Dec 11 19:45:59 2024] >> 
[Wed Dec 11 19:45:59 2024] >> dataset/fa_i-2-fa_j-3-t_index-3.txt
[Wed Dec 11 19:47:45 2024] >> {'A': ['x', 'x', 'x', 'x', 'b', 'x', 'b', 'x'], 'B': ['x', 'b', 'x', 'b', 'x', 'x', 'x', 'x'], 'accu': 0.6799468994140625, 'TP': 30513, 'TN': 14048, 'FP': 14543, 'FN': 6432}
[Wed Dec 11 19:47:45 2024] >> 
[Wed Dec 11 19:47:45 2024] >> dataset/fa_i-2-fa_j-3-t_index-4.txt
[Wed Dec 11 19:49:31 2024] >> {'A': ['x', 'x', 'x', 'x', 'b', 'x', 'b', 'x'], 'B': ['x', 'b', 'x', 'b', 'x', 'x', 'x', 'x'], 'accu': 0.6799468994140625, 'TP': 30513, 'TN': 14048, 'FP': 14543, 'FN': 6432}
[Wed Dec 11 19:49:31 2024] >> 
[Wed Dec 11 19:49:31 2024] >> dataset/fa_i-2-fa_j-3-t_index-5.txt
[Wed Dec 11 19:51:17 2024] >> {'A': ['x', 'x', 'x', 'x', 'x', 'x', 'b', 'b'], 'B': ['b', 'b', 'x', 'x', 'x', 'x', 'x', 'x'], 'accu': 0.667724609375, 'TP': 15488, 'TN': 28272, 'FP': 4992, 'FN': 16784}
[Wed Dec 11 19:51:17 2024] >> 
[Wed Dec 11 19:51:17 2024] >> dataset/fa_i-2-fa_j-4-t_index-0.txt
[Wed Dec 11 19:53:04 2024] >> {'A': ['x', 'x', 'x', 'x', 'x', 'x', 'b', 'b'], 'B': ['b', 'b', 'x', 'x', 'x', 'x', 'x', 'x'], 'accu': 0.9931640625, 'TP': 24256, 'TN': 40832, 'FP': 320, 'FN': 128}
[Wed Dec 11 19:53:04 2024] >> 
[Wed Dec 11 19:53:04 2024] >> dataset/fa_i-2-fa_j-4-t_index-1.txt
[Wed Dec 11 19:54:50 2024] >> {'A': ['x', 'x', 'x', 'x', 'x', 'x', 'b', 'b'], 'B': ['b', 'b', 'x', 'x', 'x', 'x', 'x', 'x'], 'accu': 0.79248046875, 'TP': 24160, 'TN': 27776, 'FP': 4512, 'FN': 9088}
[Wed Dec 11 19:54:50 2024] >> 
[Wed Dec 11 19:54:50 2024] >> dataset/fa_i-2-fa_j-4-t_index-2.txt
[Wed Dec 11 19:56:36 2024] >> {'A': ['x', 'x', 'x', 'x', 'x', 'x', 'b', 'b'], 'B': ['b', 'b', 'x', 'x', 'x', 'x', 'x', 'x'], 'accu': 0.6809234619140625, 'TP': 26081, 'TN': 18544, 'FP': 10783, 'FN': 10128}
[Wed Dec 11 19:56:36 2024] >> 
[Wed Dec 11 19:56:36 2024] >> dataset/fa_i-2-fa_j-4-t_index-3.txt
[Wed Dec 11 19:58:22 2024] >> {'A': ['x', 'x', 'x', 'x', 'x', 'x', 'b', 'b'], 'B': ['b', 'b', 'x', 'x', 'x', 'x', 'x', 'x'], 'accu': 0.697998046875, 'TP': 21088, 'TN': 24656, 'FP': 7584, 'FN': 12208}
[Wed Dec 11 19:58:22 2024] >> 
[Wed Dec 11 19:58:22 2024] >> dataset/fa_i-2-fa_j-4-t_index-4.txt
[Wed Dec 11 20:00:09 2024] >> {'A': ['x', 'x', 'x', 'x', 'x', 'x', 'b', 'b'], 'B': ['b', 'b', 'x', 'x', 'x', 'x', 'x', 'x'], 'accu': 0.697998046875, 'TP': 21088, 'TN': 24656, 'FP': 7584, 'FN': 12208}
[Wed Dec 11 20:00:09 2024] >> 
[Wed Dec 11 20:00:09 2024] >> dataset/fa_i-2-fa_j-4-t_index-5.txt
[Wed Dec 11 20:01:54 2024] >> {'A': ['x', 'x', 'x', 'x', 'x', 'x', 'b', 'b'], 'B': ['b', 'b', 'x', 'x', 'x', 'x', 'x', 'x'], 'accu': 0.6809234619140625, 'TP': 26081, 'TN': 18544, 'FP': 10783, 'FN': 10128}
[Wed Dec 11 20:01:54 2024] >> 
[Wed Dec 11 20:01:54 2024] >> dataset/fa_i-2-fa_j-5-t_index-0.txt
[Wed Dec 11 20:03:41 2024] >> {'A': ['x', 'x', 'x', 'x', 'x', 'x', 'b', 'b'], 'B': ['b', 'b', 'x', 'x', 'x', 'x', 'x', 'x'], 'accu': 0.76904296875, 'TP': 13440, 'TN': 36960, 'FP': 2944, 'FN': 12192}
[Wed Dec 11 20:03:41 2024] >> 
[Wed Dec 11 20:03:41 2024] >> dataset/fa_i-2-fa_j-5-t_index-1.txt
[Wed Dec 11 20:05:26 2024] >> {'A': ['x', 'x', 'x', 'x', 'x', 'x', 'b', 'b'], 'B': ['x', 'b', 'b', 'x', 'x', 'x', 'x', 'x'], 'accu': 0.7812652587890625, 'TP': 40033, 'TN': 11168, 'FP': 9119, 'FN': 5216}
[Wed Dec 11 20:05:26 2024] >> 
[Wed Dec 11 20:05:26 2024] >> dataset/fa_i-2-fa_j-5-t_index-2.txt
[Wed Dec 11 20:07:13 2024] >> {'A': ['x', 'x', 'x', 'x', 'x', 'x', 'b', 'b'], 'B': ['b', 'b', 'x', 'x', 'x', 'x', 'x', 'x'], 'accu': 0.7099609375, 'TP': 12992, 'TN': 33536, 'FP': 3392, 'FN': 15616}
[Wed Dec 11 20:07:13 2024] >> 
[Wed Dec 11 20:07:13 2024] >> dataset/fa_i-2-fa_j-5-t_index-3.txt
[Wed Dec 11 20:08:58 2024] >> {'A': ['x', 'x', 'x', 'x', 'x', 'x', 'b', 'b'], 'B': ['x', 'x', 'b', 'b', 'x', 'x', 'x', 'x'], 'accu': 0.7290191650390625, 'TP': 30081, 'TN': 17696, 'FP': 6783, 'FN': 10976}
[Wed Dec 11 20:08:58 2024] >> 
[Wed Dec 11 20:08:58 2024] >> dataset/fa_i-2-fa_j-5-t_index-4.txt
[Wed Dec 11 20:10:44 2024] >> {'A': ['x', 'x', 'x', 'x', 'x', 'x', 'b', 'b'], 'B': ['x', 'x', 'b', 'b', 'x', 'x', 'x', 'x'], 'accu': 0.7290191650390625, 'TP': 30081, 'TN': 17696, 'FP': 6783, 'FN': 10976}
[Wed Dec 11 20:10:44 2024] >> 
[Wed Dec 11 20:10:44 2024] >> dataset/fa_i-2-fa_j-5-t_index-5.txt
[Wed Dec 11 20:12:30 2024] >> {'A': ['x', 'x', 'x', 'x', 'x', 'x', 'b', 'b'], 'B': ['b', 'b', 'x', 'x', 'x', 'x', 'x', 'x'], 'accu': 0.7099609375, 'TP': 12992, 'TN': 33536, 'FP': 3392, 'FN': 15616}
[Wed Dec 11 20:12:30 2024] >> 
[Wed Dec 11 20:12:30 2024] >> dataset/fa_i-2-fa_j-6-t_index-0.txt
[Wed Dec 11 20:14:19 2024] >> {'A': ['x', 'x', 'x', 'x', 'x', 'x', 'x', 'b'], 'B': ['x', 'b', 'b', 'x', 'x', 'x', 'x', 'x'], 'accu': 0.84716796875, 'TP': 5984, 'TN': 49536, 'FP': 2208, 'FN': 7808}
[Wed Dec 11 20:14:19 2024] >> 
[Wed Dec 11 20:14:19 2024] >> dataset/fa_i-2-fa_j-6-t_index-1.txt
[Wed Dec 11 20:16:06 2024] >> {'A': ['x', 'x', 'x', 'x', 'x', 'x', 'b', 'b'], 'B': ['b', 'b', 'x', 'x', 'x', 'x', 'x', 'x'], 'accu': 0.9931640625, 'TP': 24256, 'TN': 40832, 'FP': 320, 'FN': 128}
[Wed Dec 11 20:16:06 2024] >> 
[Wed Dec 11 20:16:06 2024] >> dataset/fa_i-2-fa_j-6-t_index-2.txt
[Wed Dec 11 20:17:53 2024] >> {'A': ['x', 'x', 'x', 'x', 'x', 'x', 'b', 'b'], 'B': ['x', 'x', 'b', 'b', 'x', 'x', 'x', 'x'], 'accu': 0.808349609375, 'TP': 21216, 'TN': 31760, 'FP': 7456, 'FN': 5104}
[Wed Dec 11 20:17:53 2024] >> 
[Wed Dec 11 20:17:53 2024] >> dataset/fa_i-2-fa_j-6-t_index-3.txt
[Wed Dec 11 20:19:38 2024] >> {'A': ['x', 'x', 'x', 'x', 'x', 'x', 'b', 'x'], 'B': ['x', 'x', 'b', 'b', 'x', 'x', 'x', 'x'], 'accu': 0.8200836181640625, 'TP': 40385, 'TN': 13360, 'FP': 8767, 'FN': 3024}
[Wed Dec 11 20:19:38 2024] >> 
[Wed Dec 11 20:19:38 2024] >> dataset/fa_i-2-fa_j-6-t_index-4.txt
[Wed Dec 11 20:21:23 2024] >> {'A': ['x', 'x', 'x', 'x', 'x', 'x', 'b', 'x'], 'B': ['x', 'x', 'b', 'b', 'x', 'x', 'x', 'x'], 'accu': 0.8200836181640625, 'TP': 40385, 'TN': 13360, 'FP': 8767, 'FN': 3024}
[Wed Dec 11 20:21:23 2024] >> 
[Wed Dec 11 20:21:23 2024] >> dataset/fa_i-2-fa_j-6-t_index-5.txt
[Wed Dec 11 20:23:10 2024] >> {'A': ['x', 'x', 'x', 'x', 'x', 'x', 'b', 'b'], 'B': ['x', 'x', 'b', 'b', 'x', 'x', 'x', 'x'], 'accu': 0.808349609375, 'TP': 21216, 'TN': 31760, 'FP': 7456, 'FN': 5104}
[Wed Dec 11 20:23:10 2024] >> 
[Wed Dec 11 20:23:10 2024] >> dataset/fa_i-2-fa_j-7-t_index-0.txt
[Wed Dec 11 20:24:57 2024] >> {'A': ['x', 'x', 'x', 'x', 'x', 'x', 'b', 'b'], 'B': ['b', 'b', 'x', 'x', 'x', 'x', 'x', 'x'], 'accu': 0.9931640625, 'TP': 24256, 'TN': 40832, 'FP': 320, 'FN': 128}
[Wed Dec 11 20:24:57 2024] >> 
[Wed Dec 11 20:24:57 2024] >> dataset/fa_i-2-fa_j-7-t_index-1.txt
[Wed Dec 11 20:26:44 2024] >> {'A': ['x', 'x', 'x', 'x', 'x', 'x', 'b', 'b'], 'B': ['b', 'x', 'b', 'x', 'x', 'x', 'x', 'x'], 'accu': 0.869140625, 'TP': 10816, 'TN': 46144, 'FP': 1472, 'FN': 7104}
[Wed Dec 11 20:26:44 2024] >> 
[Wed Dec 11 20:26:44 2024] >> dataset/fa_i-2-fa_j-7-t_index-2.txt
[Wed Dec 11 20:28:33 2024] >> {'A': ['x', 'x', 'x', 'x', 'x', 'x', 'b', 'b'], 'B': ['x', 'x', 'b', 'b', 'x', 'x', 'x', 'x'], 'accu': 0.90966796875, 'TP': 13360, 'TN': 46256, 'FP': 3024, 'FN': 2896}
[Wed Dec 11 20:28:33 2024] >> 
[Wed Dec 11 20:28:33 2024] >> dataset/fa_i-2-fa_j-7-t_index-3.txt
[Wed Dec 11 20:30:20 2024] >> {'A': ['x', 'x', 'x', 'x', 'x', 'x', 'b', 'b'], 'B': ['b', 'b', 'x', 'x', 'x', 'x', 'x', 'x'], 'accu': 0.9931640625, 'TP': 24256, 'TN': 40832, 'FP': 320, 'FN': 128}
[Wed Dec 11 20:30:20 2024] >> 
[Wed Dec 11 20:30:20 2024] >> dataset/fa_i-2-fa_j-7-t_index-4.txt
[Wed Dec 11 20:32:07 2024] >> {'A': ['x', 'x', 'x', 'x', 'x', 'x', 'b', 'b'], 'B': ['b', 'b', 'x', 'x', 'x', 'x', 'x', 'x'], 'accu': 0.9931640625, 'TP': 24256, 'TN': 40832, 'FP': 320, 'FN': 128}
[Wed Dec 11 20:32:07 2024] >> 
[Wed Dec 11 20:32:07 2024] >> dataset/fa_i-2-fa_j-7-t_index-5.txt
[Wed Dec 11 20:33:55 2024] >> {'A': ['x', 'x', 'x', 'x', 'x', 'x', 'b', 'b'], 'B': ['x', 'x', 'b', 'b', 'x', 'x', 'x', 'x'], 'accu': 0.90966796875, 'TP': 13360, 'TN': 46256, 'FP': 3024, 'FN': 2896}
[Wed Dec 11 20:33:55 2024] >> 
[Wed Dec 11 20:33:55 2024] >> dataset/fa_i-3-fa_j-0-t_index-0.txt
[Wed Dec 11 20:35:41 2024] >> {'A': ['x', 'x', 'x', 'x', 'b', 'x', 'x', 'b'], 'B': ['b', 'b', 'x', 'x', 'x', 'x', 'x', 'x'], 'accu': 0.66357421875, 'TP': 17760, 'TN': 25728, 'FP': 6816, 'FN': 15232}
[Wed Dec 11 20:35:41 2024] >> 
[Wed Dec 11 20:35:41 2024] >> dataset/fa_i-3-fa_j-0-t_index-1.txt
[Wed Dec 11 20:37:27 2024] >> {'A': ['x', 'x', 'x', 'x', 'b', 'x', 'x', 'b'], 'B': ['b', 'b', 'x', 'x', 'x', 'x', 'x', 'x'], 'accu': 0.6596832275390625, 'TP': 27745, 'TN': 15488, 'FP': 13215, 'FN': 9088}
[Wed Dec 11 20:37:27 2024] >> 
[Wed Dec 11 20:37:27 2024] >> dataset/fa_i-3-fa_j-0-t_index-2.txt
[Wed Dec 11 20:39:14 2024] >> {'A': ['x', 'x', 'x', 'x', 'b', 'x', 'x', 'b'], 'B': ['b', 'b', 'x', 'x', 'x', 'x', 'x', 'x'], 'accu': 0.66796875, 'TP': 15136, 'TN': 28640, 'FP': 5344, 'FN': 16416}
[Wed Dec 11 20:39:14 2024] >> 
[Wed Dec 11 20:39:14 2024] >> dataset/fa_i-3-fa_j-0-t_index-3.txt
[Wed Dec 11 20:41:00 2024] >> {'A': ['x', 'x', 'b', 'x', 'x', 'x', 'x', 'b'], 'B': ['x', 'b', 'x', 'x', 'b', 'x', 'x', 'x'], 'accu': 0.6679840087890625, 'TP': 26337, 'TN': 17440, 'FP': 14623, 'FN': 7136}
[Wed Dec 11 20:41:00 2024] >> 
[Wed Dec 11 20:41:00 2024] >> dataset/fa_i-3-fa_j-0-t_index-4.txt
[Wed Dec 11 20:42:46 2024] >> {'A': ['x', 'x', 'b', 'x', 'x', 'x', 'x', 'b'], 'B': ['x', 'b', 'x', 'x', 'b', 'x', 'x', 'x'], 'accu': 0.6679840087890625, 'TP': 26337, 'TN': 17440, 'FP': 14623, 'FN': 7136}
[Wed Dec 11 20:42:46 2024] >> 
[Wed Dec 11 20:42:46 2024] >> dataset/fa_i-3-fa_j-0-t_index-5.txt
[Wed Dec 11 20:44:32 2024] >> {'A': ['x', 'x', 'x', 'x', 'b', 'x', 'x', 'b'], 'B': ['b', 'b', 'x', 'x', 'x', 'x', 'x', 'x'], 'accu': 0.66796875, 'TP': 15136, 'TN': 28640, 'FP': 5344, 'FN': 16416}
[Wed Dec 11 20:44:32 2024] >> 
[Wed Dec 11 20:44:32 2024] >> dataset/fa_i-3-fa_j-1-t_index-0.txt
[Wed Dec 11 20:46:19 2024] >> {'A': ['x', 'x', 'x', 'x', 'x', 'b', 'x', 'b'], 'B': ['b', 'b', 'x', 'x', 'x', 'x', 'x', 'x'], 'accu': 0.664794921875, 'TP': 17760, 'TN': 25808, 'FP': 6816, 'FN': 15152}
[Wed Dec 11 20:46:19 2024] >> 
[Wed Dec 11 20:46:19 2024] >> dataset/fa_i-3-fa_j-1-t_index-1.txt
[Wed Dec 11 20:48:04 2024] >> {'A': ['x', 'x', 'x', 'x', 'x', 'b', 'x', 'b'], 'B': ['b', 'b', 'x', 'x', 'x', 'x', 'x', 'x'], 'accu': 0.6604156494140625, 'TP': 29825, 'TN': 13456, 'FP': 15231, 'FN': 7024}
[Wed Dec 11 20:48:04 2024] >> 
[Wed Dec 11 20:48:04 2024] >> dataset/fa_i-3-fa_j-1-t_index-2.txt
[Wed Dec 11 20:49:51 2024] >> {'A': ['x', 'x', 'x', 'x', 'x', 'b', 'x', 'b'], 'B': ['b', 'b', 'x', 'x', 'x', 'x', 'x', 'x'], 'accu': 0.6519775390625, 'TP': 17280, 'TN': 25448, 'FP': 7296, 'FN': 15512}
[Wed Dec 11 20:49:51 2024] >> 
[Wed Dec 11 20:49:51 2024] >> dataset/fa_i-3-fa_j-1-t_index-3.txt
[Wed Dec 11 20:51:37 2024] >> {'A': ['x', 'x', 'x', 'x', 'x', 'b', 'x', 'b'], 'B': ['b', 'b', 'x', 'x', 'x', 'x', 'x', 'x'], 'accu': 0.6473541259765625, 'TP': 26241, 'TN': 16184, 'FP': 14719, 'FN': 8392}
[Wed Dec 11 20:51:37 2024] >> 
[Wed Dec 11 20:51:37 2024] >> dataset/fa_i-3-fa_j-1-t_index-4.txt
[Wed Dec 11 20:53:23 2024] >> {'A': ['x', 'x', 'x', 'x', 'x', 'b', 'x', 'b'], 'B': ['b', 'b', 'x', 'x', 'x', 'x', 'x', 'x'], 'accu': 0.6473541259765625, 'TP': 26241, 'TN': 16184, 'FP': 14719, 'FN': 8392}
[Wed Dec 11 20:53:23 2024] >> 
[Wed Dec 11 20:53:23 2024] >> dataset/fa_i-3-fa_j-1-t_index-5.txt
[Wed Dec 11 20:55:09 2024] >> {'A': ['x', 'x', 'x', 'x', 'x', 'b', 'x', 'b'], 'B': ['b', 'b', 'x', 'x', 'x', 'x', 'x', 'x'], 'accu': 0.6519775390625, 'TP': 17280, 'TN': 25448, 'FP': 7296, 'FN': 15512}
[Wed Dec 11 20:55:09 2024] >> 
[Wed Dec 11 20:55:09 2024] >> dataset/fa_i-3-fa_j-2-t_index-0.txt
[Wed Dec 11 20:56:55 2024] >> {'A': ['x', 'x', 'x', 'x', 'x', 'x', 'b', 'b'], 'B': ['b', 'b', 'x', 'x', 'x', 'x', 'x', 'x'], 'accu': 0.669677734375, 'TP': 15872, 'TN': 28016, 'FP': 4608, 'FN': 17040}
[Wed Dec 11 20:56:55 2024] >> 
[Wed Dec 11 20:56:55 2024] >> dataset/fa_i-3-fa_j-2-t_index-1.txt
[Wed Dec 11 20:58:41 2024] >> {'A': ['x', 'x', 'x', 'x', 'b', 'x', 'b', 'x'], 'B': ['x', 'b', 'b', 'x', 'x', 'x', 'x', 'x'], 'accu': 0.6814117431640625, 'TP': 28529, 'TN': 16128, 'FP': 12431, 'FN': 8448}
[Wed Dec 11 20:58:41 2024] >> 
[Wed Dec 11 20:58:41 2024] >> dataset/fa_i-3-fa_j-2-t_index-2.txt
[Wed Dec 11 21:00:27 2024] >> {'A': ['x', 'x', 'x', 'x', 'x', 'x', 'b', 'b'], 'B': ['b', 'b', 'x', 'x', 'x', 'x', 'x', 'x'], 'accu': 0.642822265625, 'TP': 15136, 'TN': 26992, 'FP': 5344, 'FN': 18064}
[Wed Dec 11 21:00:27 2024] >> 
[Wed Dec 11 21:00:27 2024] >> dataset/fa_i-3-fa_j-2-t_index-3.txt
[Wed Dec 11 21:02:13 2024] >> {'A': ['x', 'x', 'x', 'x', 'x', 'x', 'b', 'b'], 'B': ['x', 'b', 'x', 'x', 'b', 'x', 'x', 'x'], 'accu': 0.6460113525390625, 'TP': 28633, 'TN': 13704, 'FP': 16423, 'FN': 6776}
[Wed Dec 11 21:02:13 2024] >> 
[Wed Dec 11 21:02:13 2024] >> dataset/fa_i-3-fa_j-2-t_index-4.txt
[Wed Dec 11 21:03:59 2024] >> {'A': ['x', 'x', 'x', 'x', 'x', 'x', 'b', 'b'], 'B': ['x', 'b', 'x', 'x', 'b', 'x', 'x', 'x'], 'accu': 0.6460113525390625, 'TP': 28633, 'TN': 13704, 'FP': 16423, 'FN': 6776}
[Wed Dec 11 21:03:59 2024] >> 
[Wed Dec 11 21:03:59 2024] >> dataset/fa_i-3-fa_j-2-t_index-5.txt
[Wed Dec 11 21:05:45 2024] >> {'A': ['x', 'x', 'x', 'x', 'x', 'x', 'b', 'b'], 'B': ['b', 'b', 'x', 'x', 'x', 'x', 'x', 'x'], 'accu': 0.642822265625, 'TP': 15136, 'TN': 26992, 'FP': 5344, 'FN': 18064}
[Wed Dec 11 21:05:45 2024] >> 
[Wed Dec 11 21:05:45 2024] >> dataset/fa_i-3-fa_j-3-t_index-0.txt
[Wed Dec 11 21:07:32 2024] >> {'A': ['x', 'x', 'x', 'x', 'x', 'b', 'b', 'x'], 'B': ['b', 'b', 'x', 'x', 'x', 'x', 'x', 'x'], 'accu': 0.6909027099609375, 'TP': 22048, 'TN': 23231, 'FP': 6624, 'FN': 13633}
[Wed Dec 11 21:07:32 2024] >> 
[Wed Dec 11 21:07:32 2024] >> dataset/fa_i-3-fa_j-3-t_index-1.txt
[Wed Dec 11 21:09:18 2024] >> {'A': ['x', 'x', 'x', 'x', 'x', 'b', 'x', 'b'], 'B': ['b', 'b', 'x', 'x', 'x', 'x', 'x', 'x'], 'accu': 0.709716796875, 'TP': 23904, 'TN': 22608, 'FP': 8864, 'FN': 10160}
[Wed Dec 11 21:09:18 2024] >> 
[Wed Dec 11 21:09:18 2024] >> dataset/fa_i-3-fa_j-3-t_index-2.txt
[Wed Dec 11 21:11:04 2024] >> {'A': ['x', 'x', 'x', 'x', 'x', 'b', 'b', 'x'], 'B': ['b', 'b', 'x', 'x', 'x', 'x', 'x', 'x'], 'accu': 0.6491546630859375, 'TP': 20384, 'TN': 22159, 'FP': 8288, 'FN': 14705}
[Wed Dec 11 21:11:04 2024] >> 
[Wed Dec 11 21:11:04 2024] >> dataset/fa_i-3-fa_j-3-t_index-3.txt
[Wed Dec 11 21:12:50 2024] >> {'A': ['x', 'x', 'x', 'x', 'x', 'x', 'b', 'b'], 'B': ['b', 'b', 'x', 'x', 'x', 'x', 'x', 'x'], 'accu': 0.658447265625, 'TP': 20208, 'TN': 22944, 'FP': 8464, 'FN': 13920}
[Wed Dec 11 21:12:50 2024] >> 
[Wed Dec 11 21:12:50 2024] >> dataset/fa_i-3-fa_j-3-t_index-4.txt
[Wed Dec 11 21:14:37 2024] >> {'A': ['x', 'x', 'x', 'x', 'x', 'x', 'b', 'b'], 'B': ['b', 'b', 'x', 'x', 'x', 'x', 'x', 'x'], 'accu': 0.658447265625, 'TP': 20208, 'TN': 22944, 'FP': 8464, 'FN': 13920}
[Wed Dec 11 21:14:37 2024] >> 
[Wed Dec 11 21:14:37 2024] >> dataset/fa_i-3-fa_j-3-t_index-5.txt
[Wed Dec 11 21:16:23 2024] >> {'A': ['x', 'x', 'x', 'x', 'x', 'b', 'b', 'x'], 'B': ['b', 'b', 'x', 'x', 'x', 'x', 'x', 'x'], 'accu': 0.6491546630859375, 'TP': 20384, 'TN': 22159, 'FP': 8288, 'FN': 14705}
[Wed Dec 11 21:16:23 2024] >> 
[Wed Dec 11 21:16:23 2024] >> dataset/fa_i-3-fa_j-4-t_index-0.txt
[Wed Dec 11 21:18:10 2024] >> {'A': ['x', 'x', 'x', 'x', 'x', 'x', 'b', 'b'], 'B': ['b', 'b', 'x', 'x', 'x', 'x', 'x', 'x'], 'accu': 0.696044921875, 'TP': 13296, 'TN': 32320, 'FP': 3088, 'FN': 16832}
[Wed Dec 11 21:18:10 2024] >> 
[Wed Dec 11 21:18:10 2024] >> dataset/fa_i-3-fa_j-4-t_index-1.txt
[Wed Dec 11 21:19:55 2024] >> {'A': ['x', 'x', 'x', 'x', 'x', 'x', 'b', 'b'], 'B': ['x', 'x', 'b', 'b', 'x', 'x', 'x', 'x'], 'accu': 0.6865386962890625, 'TP': 32433, 'TN': 12560, 'FP': 12623, 'FN': 7920}
[Wed Dec 11 21:19:55 2024] >> 
[Wed Dec 11 21:19:55 2024] >> dataset/fa_i-3-fa_j-4-t_index-2.txt
[Wed Dec 11 21:21:42 2024] >> {'A': ['x', 'x', 'x', 'x', 'x', 'x', 'b', 'b'], 'B': ['b', 'b', 'x', 'x', 'x', 'x', 'x', 'x'], 'accu': 0.6708984375, 'TP': 17328, 'TN': 26640, 'FP': 7248, 'FN': 14320}
[Wed Dec 11 21:21:42 2024] >> 
[Wed Dec 11 21:21:42 2024] >> dataset/fa_i-3-fa_j-4-t_index-3.txt
[Wed Dec 11 21:23:27 2024] >> {'A': ['x', 'x', 'x', 'x', 'x', 'x', 'b', 'b'], 'B': ['x', 'b', 'b', 'x', 'x', 'x', 'x', 'x'], 'accu': 0.6572418212890625, 'TP': 32273, 'TN': 10800, 'FP': 16879, 'FN': 5584}
[Wed Dec 11 21:23:27 2024] >> 
[Wed Dec 11 21:23:27 2024] >> dataset/fa_i-3-fa_j-4-t_index-4.txt
[Wed Dec 11 21:25:14 2024] >> {'A': ['x', 'x', 'x', 'x', 'x', 'x', 'b', 'b'], 'B': ['x', 'b', 'b', 'x', 'x', 'x', 'x', 'x'], 'accu': 0.6572418212890625, 'TP': 32273, 'TN': 10800, 'FP': 16879, 'FN': 5584}
[Wed Dec 11 21:25:14 2024] >> 
[Wed Dec 11 21:25:14 2024] >> dataset/fa_i-3-fa_j-4-t_index-5.txt
[Wed Dec 11 21:27:01 2024] >> {'A': ['x', 'x', 'x', 'x', 'x', 'x', 'b', 'b'], 'B': ['b', 'b', 'x', 'x', 'x', 'x', 'x', 'x'], 'accu': 0.6708984375, 'TP': 17328, 'TN': 26640, 'FP': 7248, 'FN': 14320}
[Wed Dec 11 21:27:01 2024] >> 
[Wed Dec 11 21:27:01 2024] >> dataset/fa_i-3-fa_j-5-t_index-0.txt
[Wed Dec 11 21:28:48 2024] >> {'A': ['x', 'x', 'x', 'x', 'x', 'x', 'b', 'b'], 'B': ['x', 'x', 'b', 'b', 'x', 'x', 'x', 'x'], 'accu': 0.758056640625, 'TP': 22720, 'TN': 26960, 'FP': 10048, 'FN': 5808}
[Wed Dec 11 21:28:48 2024] >> 
[Wed Dec 11 21:28:48 2024] >> dataset/fa_i-3-fa_j-5-t_index-1.txt
[Wed Dec 11 21:30:34 2024] >> {'A': ['x', 'x', 'x', 'x', 'x', 'b', 'b', 'x'], 'B': ['x', 'x', 'b', 'b', 'x', 'x', 'x', 'x'], 'accu': 0.7326507568359375, 'TP': 34144, 'TN': 13871, 'FP': 10912, 'FN': 6609}
[Wed Dec 11 21:30:34 2024] >> 
[Wed Dec 11 21:30:34 2024] >> dataset/fa_i-3-fa_j-5-t_index-2.txt
[Wed Dec 11 21:32:21 2024] >> {'A': ['x', 'x', 'x', 'x', 'x', 'b', 'x', 'b'], 'B': ['x', 'x', 'b', 'x', 'b', 'x', 'x', 'x'], 'accu': 0.7115478515625, 'TP': 24536, 'TN': 22096, 'FP': 12328, 'FN': 6576}
[Wed Dec 11 21:32:21 2024] >> 
[Wed Dec 11 21:32:21 2024] >> dataset/fa_i-3-fa_j-5-t_index-3.txt
[Wed Dec 11 21:34:06 2024] >> {'A': ['x', 'x', 'x', 'x', 'x', 'b', 'b', 'x'], 'B': ['x', 'x', 'b', 'b', 'x', 'x', 'x', 'x'], 'accu': 0.6910247802734375, 'TP': 29632, 'TN': 15655, 'FP': 11328, 'FN': 8921}
[Wed Dec 11 21:34:06 2024] >> 
[Wed Dec 11 21:34:06 2024] >> dataset/fa_i-3-fa_j-5-t_index-4.txt
[Wed Dec 11 21:35:53 2024] >> {'A': ['x', 'x', 'x', 'x', 'x', 'b', 'b', 'x'], 'B': ['x', 'x', 'b', 'b', 'x', 'x', 'x', 'x'], 'accu': 0.6910247802734375, 'TP': 29632, 'TN': 15655, 'FP': 11328, 'FN': 8921}
[Wed Dec 11 21:35:53 2024] >> 
[Wed Dec 11 21:35:53 2024] >> dataset/fa_i-3-fa_j-5-t_index-5.txt
[Wed Dec 11 21:37:39 2024] >> {'A': ['x', 'x', 'x', 'x', 'x', 'b', 'x', 'b'], 'B': ['x', 'x', 'b', 'x', 'b', 'x', 'x', 'x'], 'accu': 0.7115478515625, 'TP': 24536, 'TN': 22096, 'FP': 12328, 'FN': 6576}
[Wed Dec 11 21:37:39 2024] >> 
[Wed Dec 11 21:37:39 2024] >> dataset/fa_i-3-fa_j-6-t_index-0.txt
[Wed Dec 11 21:39:27 2024] >> {'A': ['x', 'x', 'x', 'x', 'x', 'x', 'b', 'b'], 'B': ['x', 'b', 'x', 'b', 'x', 'x', 'x', 'x'], 'accu': 0.841064453125, 'TP': 23984, 'TN': 31136, 'FP': 8784, 'FN': 1632}
[Wed Dec 11 21:39:27 2024] >> 
[Wed Dec 11 21:39:27 2024] >> dataset/fa_i-3-fa_j-6-t_index-1.txt
[Wed Dec 11 21:41:13 2024] >> {'A': ['x', 'x', 'x', 'x', 'x', 'x', 'b', 'b'], 'B': ['x', 'x', 'b', 'b', 'x', 'x', 'x', 'x'], 'accu': 0.7675628662109375, 'TP': 34752, 'TN': 15551, 'FP': 6208, 'FN': 9025}
[Wed Dec 11 21:41:13 2024] >> 
[Wed Dec 11 21:41:13 2024] >> dataset/fa_i-3-fa_j-6-t_index-2.txt
[Wed Dec 11 21:43:00 2024] >> {'A': ['x', 'x', 'x', 'x', 'x', 'x', 'b', 'b'], 'B': ['x', 'x', 'x', 'b', 'b', 'x', 'x', 'x'], 'accu': 0.8233642578125, 'TP': 22112, 'TN': 31848, 'FP': 6560, 'FN': 5016}
[Wed Dec 11 21:43:00 2024] >> 
[Wed Dec 11 21:43:00 2024] >> dataset/fa_i-3-fa_j-6-t_index-3.txt
[Wed Dec 11 21:44:46 2024] >> {'A': ['x', 'x', 'x', 'x', 'x', 'x', 'b', 'x'], 'B': ['x', 'x', 'x', 'b', 'b', 'x', 'x', 'x'], 'accu': 0.7872467041015625, 'TP': 38905, 'TN': 12688, 'FP': 10247, 'FN': 3696}
[Wed Dec 11 21:44:46 2024] >> 
[Wed Dec 11 21:44:46 2024] >> dataset/fa_i-3-fa_j-6-t_index-4.txt
[Wed Dec 11 21:46:32 2024] >> {'A': ['x', 'x', 'x', 'x', 'x', 'x', 'b', 'x'], 'B': ['x', 'x', 'x', 'b', 'b', 'x', 'x', 'x'], 'accu': 0.7872467041015625, 'TP': 38905, 'TN': 12688, 'FP': 10247, 'FN': 3696}
[Wed Dec 11 21:46:32 2024] >> 
[Wed Dec 11 21:46:32 2024] >> dataset/fa_i-3-fa_j-6-t_index-5.txt
[Wed Dec 11 21:48:19 2024] >> {'A': ['x', 'x', 'x', 'x', 'x', 'x', 'b', 'b'], 'B': ['x', 'x', 'x', 'b', 'b', 'x', 'x', 'x'], 'accu': 0.8233642578125, 'TP': 22112, 'TN': 31848, 'FP': 6560, 'FN': 5016}
[Wed Dec 11 21:48:19 2024] >> 
[Wed Dec 11 21:48:19 2024] >> dataset/fa_i-3-fa_j-7-t_index-0.txt
[Wed Dec 11 21:50:04 2024] >> {'A': ['x', 'x', 'x', 'x', 'x', 'x', 'b', 'b'], 'B': ['b', 'b', 'x', 'x', 'x', 'x', 'x', 'x'], 'accu': 0.8571929931640625, 'TP': 43201, 'TN': 12976, 'FP': 1855, 'FN': 7504}
[Wed Dec 11 21:50:04 2024] >> 
[Wed Dec 11 21:50:04 2024] >> dataset/fa_i-3-fa_j-7-t_index-1.txt
[Wed Dec 11 21:51:48 2024] >> {'A': ['x', 'x', 'x', 'x', 'x', 'x', 'b', 'b'], 'B': ['x', 'x', 'b', 'b', 'x', 'x', 'x', 'x'], 'accu': 0.9018096923828125, 'TP': 56425, 'TN': 2676, 'FP': 5015, 'FN': 1420}
[Wed Dec 11 21:51:48 2024] >> 
[Wed Dec 11 21:51:48 2024] >> dataset/fa_i-3-fa_j-7-t_index-2.txt
[Wed Dec 11 21:53:36 2024] >> {'A': ['x', 'x', 'x', 'x', 'x', 'x', 'b', 'b'], 'B': ['x', 'x', 'x', 'b', 'b', 'x', 'x', 'x'], 'accu': 0.90966796875, 'TP': 13360, 'TN': 46256, 'FP': 3024, 'FN': 2896}
[Wed Dec 11 21:53:36 2024] >> 
[Wed Dec 11 21:53:36 2024] >> dataset/fa_i-3-fa_j-7-t_index-3.txt
[Wed Dec 11 21:55:24 2024] >> {'A': ['x', 'x', 'x', 'x', 'x', 'x', 'b', 'b'], 'B': ['b', 'b', 'x', 'x', 'x', 'x', 'x', 'x'], 'accu': 0.9931640625, 'TP': 24256, 'TN': 40832, 'FP': 320, 'FN': 128}
[Wed Dec 11 21:55:24 2024] >> 
[Wed Dec 11 21:55:24 2024] >> dataset/fa_i-3-fa_j-7-t_index-4.txt
[Wed Dec 11 21:57:11 2024] >> {'A': ['x', 'x', 'x', 'x', 'x', 'x', 'b', 'b'], 'B': ['b', 'b', 'x', 'x', 'x', 'x', 'x', 'x'], 'accu': 0.9931640625, 'TP': 24256, 'TN': 40832, 'FP': 320, 'FN': 128}
[Wed Dec 11 21:57:11 2024] >> 
[Wed Dec 11 21:57:11 2024] >> dataset/fa_i-3-fa_j-7-t_index-5.txt
[Wed Dec 11 21:58:59 2024] >> {'A': ['x', 'x', 'x', 'x', 'x', 'x', 'b', 'b'], 'B': ['x', 'x', 'x', 'b', 'b', 'x', 'x', 'x'], 'accu': 0.90966796875, 'TP': 13360, 'TN': 46256, 'FP': 3024, 'FN': 2896}
[Wed Dec 11 21:58:59 2024] >> 
[Wed Dec 11 21:58:59 2024] >> dataset/fa_i-4-fa_j-0-t_index-0.txt
[Wed Dec 11 22:00:46 2024] >> {'A': ['x', 'x', 'x', 'x', 'x', 'b', 'x', 'b'], 'B': ['b', 'b', 'x', 'x', 'x', 'x', 'x', 'x'], 'accu': 0.632080078125, 'TP': 17264, 'TN': 24160, 'FP': 7312, 'FN': 16800}
[Wed Dec 11 22:00:46 2024] >> 
[Wed Dec 11 22:00:46 2024] >> dataset/fa_i-4-fa_j-0-t_index-1.txt
[Wed Dec 11 22:02:32 2024] >> {'A': ['x', 'x', 'x', 'x', 'x', 'b', 'x', 'b'], 'B': ['b', 'b', 'x', 'x', 'x', 'x', 'x', 'x'], 'accu': 0.6286773681640625, 'TP': 26193, 'TN': 15008, 'FP': 14767, 'FN': 9568}
[Wed Dec 11 22:02:32 2024] >> 
[Wed Dec 11 22:02:32 2024] >> dataset/fa_i-4-fa_j-0-t_index-2.txt
[Wed Dec 11 22:04:19 2024] >> {'A': ['x', 'x', 'x', 'x', 'x', 'b', 'b', 'x'], 'B': ['b', 'b', 'x', 'x', 'x', 'x', 'x', 'x'], 'accu': 0.65625, 'TP': 15040, 'TN': 27968, 'FP': 5440, 'FN': 17088}
[Wed Dec 11 22:04:19 2024] >> 
[Wed Dec 11 22:04:19 2024] >> dataset/fa_i-4-fa_j-0-t_index-3.txt
[Wed Dec 11 22:06:06 2024] >> {'A': ['x', 'x', 'b', 'x', 'x', 'x', 'x', 'b'], 'B': ['x', 'b', 'x', 'x', 'x', 'b', 'x', 'x'], 'accu': 0.6562652587890625, 'TP': 25665, 'TN': 17344, 'FP': 15295, 'FN': 7232}
[Wed Dec 11 22:06:06 2024] >> 
[Wed Dec 11 22:06:06 2024] >> dataset/fa_i-4-fa_j-0-t_index-4.txt
[Wed Dec 11 22:07:52 2024] >> {'A': ['x', 'x', 'b', 'x', 'x', 'x', 'x', 'b'], 'B': ['x', 'b', 'x', 'x', 'x', 'b', 'x', 'x'], 'accu': 0.6562652587890625, 'TP': 25665, 'TN': 17344, 'FP': 15295, 'FN': 7232}
[Wed Dec 11 22:07:52 2024] >> 
[Wed Dec 11 22:07:52 2024] >> dataset/fa_i-4-fa_j-0-t_index-5.txt
[Wed Dec 11 22:09:39 2024] >> {'A': ['x', 'x', 'x', 'x', 'x', 'b', 'x', 'b'], 'B': ['b', 'b', 'x', 'x', 'x', 'x', 'x', 'x'], 'accu': 0.65625, 'TP': 15040, 'TN': 27968, 'FP': 5440, 'FN': 17088}
[Wed Dec 11 22:09:39 2024] >> 
[Wed Dec 11 22:09:39 2024] >> dataset/fa_i-4-fa_j-1-t_index-0.txt
[Wed Dec 11 22:11:26 2024] >> {'A': ['x', 'x', 'x', 'x', 'x', 'x', 'b', 'b'], 'B': ['b', 'b', 'x', 'x', 'x', 'x', 'x', 'x'], 'accu': 0.640380859375, 'TP': 15456, 'TN': 26512, 'FP': 5024, 'FN': 18544}
[Wed Dec 11 22:11:26 2024] >> 
[Wed Dec 11 22:11:26 2024] >> dataset/fa_i-4-fa_j-1-t_index-1.txt
[Wed Dec 11 22:13:12 2024] >> {'A': ['x', 'x', 'x', 'x', 'b', 'x', 'b', 'x'], 'B': ['x', 'b', 'b', 'x', 'x', 'x', 'x', 'x'], 'accu': 0.6384429931640625, 'TP': 28593, 'TN': 13248, 'FP': 16463, 'FN': 7232}
[Wed Dec 11 22:13:12 2024] >> 
[Wed Dec 11 22:13:12 2024] >> dataset/fa_i-4-fa_j-1-t_index-2.txt
[Wed Dec 11 22:14:59 2024] >> {'A': ['x', 'x', 'x', 'x', 'x', 'b', 'b', 'x'], 'B': ['b', 'b', 'x', 'x', 'x', 'x', 'x', 'x'], 'accu': 0.63800048828125, 'TP': 14992, 'TN': 26820, 'FP': 5488, 'FN': 18236}
[Wed Dec 11 22:14:59 2024] >> 
[Wed Dec 11 22:14:59 2024] >> dataset/fa_i-4-fa_j-1-t_index-3.txt
[Wed Dec 11 22:16:46 2024] >> {'A': ['x', 'x', 'x', 'x', 'x', 'x', 'b', 'b'], 'B': ['x', 'b', 'x', 'x', 'x', 'b', 'x', 'x'], 'accu': 0.6393585205078125, 'TP': 23713, 'TN': 18188, 'FP': 13151, 'FN': 10484}
[Wed Dec 11 22:16:46 2024] >> 
[Wed Dec 11 22:16:46 2024] >> dataset/fa_i-4-fa_j-1-t_index-4.txt
[Wed Dec 11 22:18:33 2024] >> {'A': ['x', 'x', 'x', 'x', 'x', 'x', 'b', 'b'], 'B': ['x', 'b', 'x', 'x', 'x', 'b', 'x', 'x'], 'accu': 0.6393585205078125, 'TP': 23713, 'TN': 18188, 'FP': 13151, 'FN': 10484}
[Wed Dec 11 22:18:33 2024] >> 
[Wed Dec 11 22:18:33 2024] >> dataset/fa_i-4-fa_j-1-t_index-5.txt
[Wed Dec 11 22:20:19 2024] >> {'A': ['x', 'x', 'x', 'x', 'x', 'b', 'b', 'x'], 'B': ['b', 'b', 'x', 'x', 'x', 'x', 'x', 'x'], 'accu': 0.63800048828125, 'TP': 14992, 'TN': 26820, 'FP': 5488, 'FN': 18236}
[Wed Dec 11 22:20:19 2024] >> 
[Wed Dec 11 22:20:19 2024] >> dataset/fa_i-4-fa_j-2-t_index-0.txt
[Wed Dec 11 22:22:06 2024] >> {'A': ['x', 'x', 'x', 'x', 'x', 'b', 'b', 'x'], 'B': ['b', 'b', 'x', 'x', 'x', 'x', 'x', 'x'], 'accu': 0.6559906005859375, 'TP': 20680, 'TN': 22311, 'FP': 7992, 'FN': 14553}
[Wed Dec 11 22:22:06 2024] >> 
[Wed Dec 11 22:22:06 2024] >> dataset/fa_i-4-fa_j-2-t_index-1.txt
[Wed Dec 11 22:23:52 2024] >> {'A': ['x', 'x', 'x', 'x', 'x', 'b', 'x', 'b'], 'B': ['b', 'b', 'x', 'x', 'x', 'x', 'x', 'x'], 'accu': 0.6668701171875, 'TP': 22744, 'TN': 20960, 'FP': 10024, 'FN': 11808}
[Wed Dec 11 22:23:52 2024] >> 
[Wed Dec 11 22:23:52 2024] >> dataset/fa_i-4-fa_j-2-t_index-2.txt
[Wed Dec 11 22:25:39 2024] >> {'A': ['x', 'x', 'x', 'x', 'x', 'b', 'b', 'x'], 'B': ['b', 'b', 'x', 'x', 'x', 'x', 'x', 'x'], 'accu': 0.6352996826171875, 'TP': 19648, 'TN': 21987, 'FP': 9024, 'FN': 14877}
[Wed Dec 11 22:25:39 2024] >> 
[Wed Dec 11 22:25:39 2024] >> dataset/fa_i-4-fa_j-2-t_index-3.txt
[Wed Dec 11 22:27:25 2024] >> {'A': ['x', 'x', 'x', 'x', 'x', 'x', 'b', 'b'], 'B': ['b', 'b', 'x', 'x', 'x', 'x', 'x', 'x'], 'accu': 0.64031982421875, 'TP': 19592, 'TN': 22372, 'FP': 9080, 'FN': 14492}
[Wed Dec 11 22:27:25 2024] >> 
[Wed Dec 11 22:27:25 2024] >> dataset/fa_i-4-fa_j-2-t_index-4.txt
[Wed Dec 11 22:29:12 2024] >> {'A': ['x', 'x', 'x', 'x', 'x', 'x', 'b', 'b'], 'B': ['b', 'b', 'x', 'x', 'x', 'x', 'x', 'x'], 'accu': 0.64031982421875, 'TP': 19592, 'TN': 22372, 'FP': 9080, 'FN': 14492}
[Wed Dec 11 22:29:12 2024] >> 
[Wed Dec 11 22:29:12 2024] >> dataset/fa_i-4-fa_j-2-t_index-5.txt
[Wed Dec 11 22:30:59 2024] >> {'A': ['x', 'x', 'x', 'x', 'x', 'b', 'b', 'x'], 'B': ['b', 'b', 'x', 'x', 'x', 'x', 'x', 'x'], 'accu': 0.6352996826171875, 'TP': 19648, 'TN': 21987, 'FP': 9024, 'FN': 14877}
[Wed Dec 11 22:30:59 2024] >> 
[Wed Dec 11 22:30:59 2024] >> dataset/fa_i-4-fa_j-3-t_index-0.txt
[Wed Dec 11 22:32:46 2024] >> {'A': ['x', 'x', 'x', 'x', 'x', 'x', 'b', 'b'], 'B': ['b', 'b', 'x', 'x', 'x', 'x', 'x', 'x'], 'accu': 0.65966796875, 'TP': 13192, 'TN': 30040, 'FP': 3192, 'FN': 19112}
[Wed Dec 11 22:32:46 2024] >> 
[Wed Dec 11 22:32:46 2024] >> dataset/fa_i-4-fa_j-3-t_index-1.txt
[Wed Dec 11 22:34:32 2024] >> {'A': ['x', 'x', 'x', 'x', 'x', 'x', 'b', 'b'], 'B': ['x', 'b', 'b', 'x', 'x', 'x', 'x', 'x'], 'accu': 0.6468658447265625, 'TP': 29729, 'TN': 12664, 'FP': 15327, 'FN': 7816}
[Wed Dec 11 22:34:32 2024] >> 
[Wed Dec 11 22:34:32 2024] >> dataset/fa_i-4-fa_j-3-t_index-2.txt
[Wed Dec 11 22:36:20 2024] >> {'A': ['x', 'x', 'x', 'x', 'x', 'b', 'x', 'b'], 'B': ['b', 'b', 'x', 'x', 'x', 'x', 'x', 'x'], 'accu': 0.64422607421875, 'TP': 17112, 'TN': 25108, 'FP': 7464, 'FN': 15852}
[Wed Dec 11 22:36:20 2024] >> 
[Wed Dec 11 22:36:20 2024] >> dataset/fa_i-4-fa_j-3-t_index-3.txt
[Wed Dec 11 22:38:06 2024] >> {'A': ['x', 'x', 'x', 'x', 'x', 'x', 'b', 'b'], 'B': ['x', 'b', 'b', 'x', 'x', 'x', 'x', 'x'], 'accu': 0.6305694580078125, 'TP': 30597, 'TN': 10728, 'FP': 18555, 'FN': 5656}
[Wed Dec 11 22:38:06 2024] >> 
[Wed Dec 11 22:38:06 2024] >> dataset/fa_i-4-fa_j-3-t_index-4.txt
[Wed Dec 11 22:39:53 2024] >> {'A': ['x', 'x', 'x', 'x', 'x', 'x', 'b', 'b'], 'B': ['x', 'b', 'b', 'x', 'x', 'x', 'x', 'x'], 'accu': 0.6305694580078125, 'TP': 30597, 'TN': 10728, 'FP': 18555, 'FN': 5656}
[Wed Dec 11 22:39:53 2024] >> 
[Wed Dec 11 22:39:53 2024] >> dataset/fa_i-4-fa_j-3-t_index-5.txt
[Wed Dec 11 22:41:39 2024] >> {'A': ['x', 'x', 'x', 'x', 'x', 'b', 'x', 'b'], 'B': ['b', 'b', 'x', 'x', 'x', 'x', 'x', 'x'], 'accu': 0.64422607421875, 'TP': 17112, 'TN': 25108, 'FP': 7464, 'FN': 15852}
[Wed Dec 11 22:41:39 2024] >> 
[Wed Dec 11 22:41:39 2024] >> dataset/fa_i-4-fa_j-4-t_index-0.txt
[Wed Dec 11 22:43:26 2024] >> {'A': ['x', 'x', 'x', 'x', 'x', 'x', 'b', 'b'], 'B': ['x', 'x', 'b', 'b', 'x', 'x', 'x', 'x'], 'accu': 0.6849365234375, 'TP': 21944, 'TN': 22944, 'FP': 10824, 'FN': 9824}
[Wed Dec 11 22:43:26 2024] >> 
[Wed Dec 11 22:43:26 2024] >> dataset/fa_i-4-fa_j-4-t_index-1.txt
[Wed Dec 11 22:45:12 2024] >> {'A': ['x', 'x', 'x', 'x', 'x', 'b', 'b', 'x'], 'B': ['x', 'x', 'b', 'b', 'x', 'x', 'x', 'x'], 'accu': 0.6605072021484375, 'TP': 30424, 'TN': 12863, 'FP': 14632, 'FN': 7617}
[Wed Dec 11 22:45:12 2024] >> 
[Wed Dec 11 22:45:12 2024] >> dataset/fa_i-4-fa_j-4-t_index-2.txt
[Wed Dec 11 22:46:59 2024] >> {'A': ['x', 'x', 'x', 'x', 'x', 'x', 'b', 'b'], 'B': ['x', 'b', 'x', 'b', 'x', 'x', 'x', 'x'], 'accu': 0.66290283203125, 'TP': 21760, 'TN': 21684, 'FP': 11008, 'FN': 11084}
[Wed Dec 11 22:46:59 2024] >> 
[Wed Dec 11 22:46:59 2024] >> dataset/fa_i-4-fa_j-4-t_index-3.txt
[Wed Dec 11 22:48:45 2024] >> {'A': ['x', 'x', 'x', 'x', 'x', 'b', 'b', 'x'], 'B': ['b', 'b', 'x', 'x', 'x', 'x', 'x', 'x'], 'accu': 0.6471405029296875, 'TP': 23152, 'TN': 19259, 'FP': 9616, 'FN': 13509}
[Wed Dec 11 22:48:45 2024] >> 
[Wed Dec 11 22:48:45 2024] >> dataset/fa_i-4-fa_j-4-t_index-4.txt
[Wed Dec 11 22:50:32 2024] >> {'A': ['x', 'x', 'x', 'x', 'x', 'b', 'b', 'x'], 'B': ['b', 'b', 'x', 'x', 'x', 'x', 'x', 'x'], 'accu': 0.6471405029296875, 'TP': 23152, 'TN': 19259, 'FP': 9616, 'FN': 13509}
[Wed Dec 11 22:50:32 2024] >> 
[Wed Dec 11 22:50:32 2024] >> dataset/fa_i-4-fa_j-4-t_index-5.txt
[Wed Dec 11 22:52:19 2024] >> {'A': ['x', 'x', 'x', 'x', 'x', 'x', 'b', 'b'], 'B': ['x', 'b', 'x', 'b', 'x', 'x', 'x', 'x'], 'accu': 0.66290283203125, 'TP': 21760, 'TN': 21684, 'FP': 11008, 'FN': 11084}
[Wed Dec 11 22:52:19 2024] >> 
[Wed Dec 11 22:52:19 2024] >> dataset/fa_i-4-fa_j-5-t_index-0.txt
[Wed Dec 11 22:54:06 2024] >> {'A': ['x', 'x', 'x', 'x', 'x', 'x', 'b', 'b'], 'B': ['x', 'x', 'x', 'b', 'b', 'x', 'x', 'x'], 'accu': 0.7674560546875, 'TP': 24048, 'TN': 26248, 'FP': 8720, 'FN': 6520}
[Wed Dec 11 22:54:06 2024] >> 
[Wed Dec 11 22:54:06 2024] >> dataset/fa_i-4-fa_j-5-t_index-1.txt
[Wed Dec 11 22:55:52 2024] >> {'A': ['x', 'x', 'x', 'x', 'x', 'b', 'b', 'x'], 'B': ['x', 'x', 'x', 'b', 'b', 'x', 'x', 'x'], 'accu': 0.7486419677734375, 'TP': 31664, 'TN': 17399, 'FP': 9296, 'FN': 7177}
[Wed Dec 11 22:55:52 2024] >> 
[Wed Dec 11 22:55:52 2024] >> dataset/fa_i-4-fa_j-5-t_index-2.txt
[Wed Dec 11 22:57:39 2024] >> {'A': ['x', 'x', 'x', 'x', 'x', 'b', 'x', 'b'], 'B': ['x', 'x', 'x', 'b', 'x', 'b', 'x', 'x'], 'accu': 0.7320556640625, 'TP': 23316, 'TN': 24660, 'FP': 9452, 'FN': 8108}
[Wed Dec 11 22:57:39 2024] >> 
[Wed Dec 11 22:57:39 2024] >> dataset/fa_i-4-fa_j-5-t_index-3.txt
[Wed Dec 11 22:59:25 2024] >> {'A': ['x', 'x', 'x', 'x', 'x', 'b', 'b', 'x'], 'B': ['x', 'x', 'x', 'b', 'x', 'b', 'x', 'x'], 'accu': 0.6838531494140625, 'TP': 29241, 'TN': 15576, 'FP': 11719, 'FN': 9000}
[Wed Dec 11 22:59:25 2024] >> 
[Wed Dec 11 22:59:25 2024] >> dataset/fa_i-4-fa_j-5-t_index-4.txt
[Wed Dec 11 23:01:11 2024] >> {'A': ['x', 'x', 'x', 'x', 'x', 'b', 'b', 'x'], 'B': ['x', 'x', 'x', 'b', 'x', 'b', 'x', 'x'], 'accu': 0.6838531494140625, 'TP': 29241, 'TN': 15576, 'FP': 11719, 'FN': 9000}
[Wed Dec 11 23:01:11 2024] >> 
[Wed Dec 11 23:01:11 2024] >> dataset/fa_i-4-fa_j-5-t_index-5.txt
[Wed Dec 11 23:02:58 2024] >> {'A': ['x', 'x', 'x', 'x', 'x', 'b', 'x', 'b'], 'B': ['x', 'x', 'x', 'b', 'x', 'b', 'x', 'x'], 'accu': 0.7320556640625, 'TP': 23316, 'TN': 24660, 'FP': 9452, 'FN': 8108}
[Wed Dec 11 23:02:58 2024] >> 
[Wed Dec 11 23:02:58 2024] >> dataset/fa_i-4-fa_j-6-t_index-0.txt
[Wed Dec 11 23:04:45 2024] >> {'A': ['x', 'x', 'x', 'x', 'x', 'x', 'b', 'b'], 'B': ['x', 'b', 'x', 'x', 'b', 'x', 'x', 'x'], 'accu': 0.8682861328125, 'TP': 28328, 'TN': 28576, 'FP': 8536, 'FN': 96}
[Wed Dec 11 23:04:45 2024] >> 
[Wed Dec 11 23:04:45 2024] >> dataset/fa_i-4-fa_j-6-t_index-1.txt
[Wed Dec 11 23:06:31 2024] >> {'A': ['x', 'x', 'x', 'x', 'x', 'x', 'b', 'b'], 'B': ['b', 'b', 'x', 'x', 'x', 'x', 'x', 'x'], 'accu': 0.7852935791015625, 'TP': 31929, 'TN': 19536, 'FP': 4935, 'FN': 9136}
[Wed Dec 11 23:06:31 2024] >> 
[Wed Dec 11 23:06:31 2024] >> dataset/fa_i-4-fa_j-6-t_index-2.txt
[Wed Dec 11 23:08:19 2024] >> {'A': ['x', 'x', 'x', 'x', 'x', 'x', 'b', 'b'], 'B': ['x', 'x', 'x', 'x', 'b', 'b', 'x', 'x'], 'accu': 0.84271240234375, 'TP': 22944, 'TN': 32284, 'FP': 5728, 'FN': 4580}
[Wed Dec 11 23:08:19 2024] >> 
[Wed Dec 11 23:08:19 2024] >> dataset/fa_i-4-fa_j-6-t_index-3.txt
[Wed Dec 11 23:10:04 2024] >> {'A': ['x', 'x', 'x', 'x', 'x', 'x', 'b', 'b'], 'B': ['x', 'x', 'x', 'x', 'b', 'b', 'x', 'x'], 'accu': 0.7815704345703125, 'TP': 38521, 'TN': 12700, 'FP': 10631, 'FN': 3684}
[Wed Dec 11 23:10:04 2024] >> 
[Wed Dec 11 23:10:04 2024] >> dataset/fa_i-4-fa_j-6-t_index-4.txt
[Wed Dec 11 23:11:50 2024] >> {'A': ['x', 'x', 'x', 'x', 'x', 'x', 'b', 'b'], 'B': ['x', 'x', 'x', 'x', 'b', 'b', 'x', 'x'], 'accu': 0.7815704345703125, 'TP': 38521, 'TN': 12700, 'FP': 10631, 'FN': 3684}
[Wed Dec 11 23:11:50 2024] >> 
[Wed Dec 11 23:11:50 2024] >> dataset/fa_i-4-fa_j-6-t_index-5.txt
[Wed Dec 11 23:13:37 2024] >> {'A': ['x', 'x', 'x', 'x', 'x', 'x', 'b', 'b'], 'B': ['x', 'x', 'x', 'x', 'b', 'b', 'x', 'x'], 'accu': 0.84271240234375, 'TP': 22944, 'TN': 32284, 'FP': 5728, 'FN': 4580}
[Wed Dec 11 23:13:37 2024] >> 
[Wed Dec 11 23:13:37 2024] >> dataset/fa_i-4-fa_j-7-t_index-0.txt
[Wed Dec 11 23:15:22 2024] >> {'A': ['x', 'x', 'x', 'x', 'x', 'x', 'b', 'b'], 'B': ['b', 'b', 'x', 'x', 'x', 'x', 'x', 'x'], 'accu': 0.8985748291015625, 'TP': 42713, 'TN': 16176, 'FP': 2343, 'FN': 4304}
[Wed Dec 11 23:15:22 2024] >> 
[Wed Dec 11 23:15:22 2024] >> dataset/fa_i-4-fa_j-7-t_index-1.txt
[Wed Dec 11 23:17:06 2024] >> {'A': ['x', 'x', 'x', 'x', 'x', 'x', 'x', 'x'], 'B': ['x', 'x', 'x', 'x', 'x', 'x', 'x', 'x'], 'accu': 0.9389190673828125, 'TP': 61533, 'TN': 0, 'FP': 4003, 'FN': 0}
[Wed Dec 11 23:17:06 2024] >> 
[Wed Dec 11 23:17:06 2024] >> dataset/fa_i-4-fa_j-7-t_index-2.txt
[Wed Dec 11 23:18:55 2024] >> {'A': ['x', 'x', 'x', 'x', 'x', 'x', 'x', 'b'], 'B': ['x', 'x', 'x', 'x', 'x', 'b', 'x', 'x'], 'accu': 0.936767578125, 'TP': 14248, 'TN': 47144, 'FP': 2136, 'FN': 2008}
[Wed Dec 11 23:18:55 2024] >> 
[Wed Dec 11 23:18:55 2024] >> dataset/fa_i-4-fa_j-7-t_index-3.txt
[Wed Dec 11 23:20:42 2024] >> {'A': ['x', 'x', 'x', 'x', 'x', 'x', 'b', 'b'], 'B': ['b', 'b', 'x', 'x', 'x', 'x', 'x', 'x'], 'accu': 0.9931640625, 'TP': 24256, 'TN': 40832, 'FP': 320, 'FN': 128}
[Wed Dec 11 23:20:42 2024] >> 
[Wed Dec 11 23:20:42 2024] >> dataset/fa_i-4-fa_j-7-t_index-4.txt
[Wed Dec 11 23:22:30 2024] >> {'A': ['x', 'x', 'x', 'x', 'x', 'x', 'b', 'b'], 'B': ['b', 'b', 'x', 'x', 'x', 'x', 'x', 'x'], 'accu': 0.9931640625, 'TP': 24256, 'TN': 40832, 'FP': 320, 'FN': 128}
[Wed Dec 11 23:22:30 2024] >> 
[Wed Dec 11 23:22:30 2024] >> dataset/fa_i-4-fa_j-7-t_index-5.txt
[Wed Dec 11 23:24:19 2024] >> {'A': ['x', 'x', 'x', 'x', 'x', 'x', 'x', 'b'], 'B': ['x', 'x', 'x', 'x', 'x', 'b', 'x', 'x'], 'accu': 0.936767578125, 'TP': 14248, 'TN': 47144, 'FP': 2136, 'FN': 2008}
[Wed Dec 11 23:24:19 2024] >> 
[Wed Dec 11 23:24:19 2024] >> dataset/fa_i-5-fa_j-0-t_index-0.txt
[Wed Dec 11 23:26:07 2024] >> {'A': ['b', 'x', 'x', 'x', 'x', 'x', 'b', 'x'], 'B': ['b', 'b', 'x', 'x', 'x', 'x', 'x', 'x'], 'accu': 0.6279296875, 'TP': 19424, 'TN': 21728, 'FP': 9248, 'FN': 15136}
[Wed Dec 11 23:26:07 2024] >> 
[Wed Dec 11 23:26:07 2024] >> dataset/fa_i-5-fa_j-0-t_index-1.txt
[Wed Dec 11 23:27:53 2024] >> {'A': ['x', 'x', 'x', 'x', 'x', 'b', 'b', 'x'], 'B': ['b', 'b', 'x', 'x', 'x', 'x', 'x', 'x'], 'accu': 0.6230621337890625, 'TP': 25761, 'TN': 15072, 'FP': 15199, 'FN': 9504}
[Wed Dec 11 23:27:53 2024] >> 
[Wed Dec 11 23:27:53 2024] >> dataset/fa_i-5-fa_j-0-t_index-2.txt
[Wed Dec 11 23:29:41 2024] >> {'A': ['x', 'x', 'x', 'x', 'x', 'x', 'b', 'b'], 'B': ['x', 'b', 'x', 'x', 'x', 'x', 'b', 'x'], 'accu': 0.650634765625, 'TP': 23144, 'TN': 19496, 'FP': 13720, 'FN': 9176}
[Wed Dec 11 23:29:41 2024] >> 
[Wed Dec 11 23:29:41 2024] >> dataset/fa_i-5-fa_j-0-t_index-3.txt
[Wed Dec 11 23:31:28 2024] >> {'A': ['x', 'x', 'x', 'x', 'x', 'x', 'b', 'b'], 'B': ['x', 'b', 'x', 'x', 'x', 'x', 'b', 'x'], 'accu': 0.6545562744140625, 'TP': 23465, 'TN': 19432, 'FP': 13399, 'FN': 9240}
[Wed Dec 11 23:31:28 2024] >> 
[Wed Dec 11 23:31:28 2024] >> dataset/fa_i-5-fa_j-0-t_index-4.txt
[Wed Dec 11 23:33:15 2024] >> {'A': ['x', 'x', 'x', 'x', 'x', 'x', 'b', 'b'], 'B': ['x', 'b', 'x', 'x', 'x', 'x', 'b', 'x'], 'accu': 0.6545562744140625, 'TP': 23465, 'TN': 19432, 'FP': 13399, 'FN': 9240}
[Wed Dec 11 23:33:15 2024] >> 
[Wed Dec 11 23:33:15 2024] >> dataset/fa_i-5-fa_j-0-t_index-5.txt
[Wed Dec 11 23:35:02 2024] >> {'A': ['x', 'x', 'x', 'x', 'x', 'x', 'b', 'b'], 'B': ['x', 'b', 'x', 'x', 'x', 'x', 'b', 'x'], 'accu': 0.650634765625, 'TP': 23144, 'TN': 19496, 'FP': 13720, 'FN': 9176}
[Wed Dec 11 23:35:02 2024] >> 
[Wed Dec 11 23:35:02 2024] >> dataset/fa_i-5-fa_j-1-t_index-0.txt
[Wed Dec 11 23:36:49 2024] >> {'A': ['x', 'x', 'x', 'x', 'x', 'b', 'b', 'x'], 'B': ['b', 'b', 'x', 'x', 'x', 'x', 'x', 'x'], 'accu': 0.6346282958984375, 'TP': 19804, 'TN': 21787, 'FP': 8868, 'FN': 15077}
[Wed Dec 11 23:36:49 2024] >> 
[Wed Dec 11 23:36:49 2024] >> dataset/fa_i-5-fa_j-1-t_index-1.txt
[Wed Dec 11 23:38:35 2024] >> {'A': ['x', 'x', 'x', 'x', 'x', 'b', 'x', 'b'], 'B': ['b', 'b', 'x', 'x', 'x', 'x', 'x', 'x'], 'accu': 0.64013671875, 'TP': 22036, 'TN': 19916, 'FP': 10732, 'FN': 12852}
[Wed Dec 11 23:38:35 2024] >> 
[Wed Dec 11 23:38:35 2024] >> dataset/fa_i-5-fa_j-1-t_index-2.txt
[Wed Dec 11 23:40:23 2024] >> {'A': ['x', 'x', 'x', 'x', 'x', 'x', 'b', 'b'], 'B': ['b', 'b', 'x', 'x', 'x', 'x', 'x', 'x'], 'accu': 0.6335906982421875, 'TP': 15060, 'TN': 26463, 'FP': 5420, 'FN': 18593}
[Wed Dec 11 23:40:23 2024] >> 
[Wed Dec 11 23:40:23 2024] >> dataset/fa_i-5-fa_j-1-t_index-3.txt
[Wed Dec 11 23:42:10 2024] >> {'A': ['x', 'x', 'x', 'x', 'x', 'b', 'x', 'b'], 'B': ['b', 'b', 'x', 'x', 'x', 'x', 'x', 'x'], 'accu': 0.63629150390625, 'TP': 19304, 'TN': 22396, 'FP': 9368, 'FN': 14468}
[Wed Dec 11 23:42:10 2024] >> 
[Wed Dec 11 23:42:10 2024] >> dataset/fa_i-5-fa_j-1-t_index-4.txt
[Wed Dec 11 23:43:57 2024] >> {'A': ['x', 'x', 'x', 'x', 'x', 'b', 'x', 'b'], 'B': ['b', 'b', 'x', 'x', 'x', 'x', 'x', 'x'], 'accu': 0.63629150390625, 'TP': 19304, 'TN': 22396, 'FP': 9368, 'FN': 14468}
[Wed Dec 11 23:43:57 2024] >> 
[Wed Dec 11 23:43:57 2024] >> dataset/fa_i-5-fa_j-1-t_index-5.txt
[Wed Dec 11 23:45:44 2024] >> {'A': ['x', 'x', 'x', 'x', 'x', 'x', 'b', 'b'], 'B': ['b', 'b', 'x', 'x', 'x', 'x', 'x', 'x'], 'accu': 0.6335906982421875, 'TP': 15060, 'TN': 26463, 'FP': 5420, 'FN': 18593}
[Wed Dec 11 23:45:44 2024] >> 
[Wed Dec 11 23:45:44 2024] >> dataset/fa_i-5-fa_j-2-t_index-0.txt
[Wed Dec 11 23:47:31 2024] >> {'A': ['x', 'x', 'x', 'x', 'x', 'x', 'b', 'b'], 'B': ['b', 'b', 'x', 'x', 'x', 'x', 'x', 'x'], 'accu': 0.635986328125, 'TP': 13068, 'TN': 28612, 'FP': 3316, 'FN': 20540}
[Wed Dec 11 23:47:31 2024] >> 
[Wed Dec 11 23:47:31 2024] >> dataset/fa_i-5-fa_j-2-t_index-1.txt
[Wed Dec 11 23:49:18 2024] >> {'A': ['x', 'x', 'x', 'x', 'x', 'x', 'b', 'b'], 'B': ['x', 'b', 'b', 'x', 'x', 'x', 'x', 'x'], 'accu': 0.6266326904296875, 'TP': 26384, 'TN': 14683, 'FP': 14576, 'FN': 9893}
[Wed Dec 11 23:49:18 2024] >> 
[Wed Dec 11 23:49:18 2024] >> dataset/fa_i-5-fa_j-2-t_index-2.txt
[Wed Dec 11 23:51:06 2024] >> {'A': ['x', 'x', 'x', 'x', 'x', 'x', 'b', 'b'], 'B': ['b', 'b', 'x', 'x', 'x', 'x', 'x', 'x'], 'accu': 0.63494873046875, 'TP': 15036, 'TN': 26576, 'FP': 5444, 'FN': 18480}
[Wed Dec 11 23:51:06 2024] >> 
[Wed Dec 11 23:51:06 2024] >> dataset/fa_i-5-fa_j-2-t_index-3.txt
[Wed Dec 11 23:52:53 2024] >> {'A': ['x', 'x', 'x', 'x', 'x', 'b', 'b', 'x'], 'B': ['b', 'b', 'x', 'x', 'x', 'x', 'x', 'x'], 'accu': 0.6287078857421875, 'TP': 19716, 'TN': 21487, 'FP': 8956, 'FN': 15377}
[Wed Dec 11 23:52:53 2024] >> 
[Wed Dec 11 23:52:53 2024] >> dataset/fa_i-5-fa_j-2-t_index-4.txt
[Wed Dec 11 23:54:40 2024] >> {'A': ['x', 'x', 'x', 'x', 'x', 'b', 'b', 'x'], 'B': ['b', 'b', 'x', 'x', 'x', 'x', 'x', 'x'], 'accu': 0.6287078857421875, 'TP': 19716, 'TN': 21487, 'FP': 8956, 'FN': 15377}
[Wed Dec 11 23:54:40 2024] >> 
[Wed Dec 11 23:54:40 2024] >> dataset/fa_i-5-fa_j-2-t_index-5.txt
[Wed Dec 11 23:56:27 2024] >> {'A': ['x', 'x', 'x', 'x', 'x', 'x', 'b', 'b'], 'B': ['b', 'b', 'x', 'x', 'x', 'x', 'x', 'x'], 'accu': 0.63494873046875, 'TP': 15036, 'TN': 26576, 'FP': 5444, 'FN': 18480}
[Wed Dec 11 23:56:27 2024] >> 
[Wed Dec 11 23:56:27 2024] >> dataset/fa_i-5-fa_j-3-t_index-0.txt
[Wed Dec 11 23:58:15 2024] >> {'A': ['x', 'x', 'x', 'b', 'x', 'x', 'x', 'b'], 'B': ['b', 'b', 'x', 'x', 'x', 'x', 'x', 'x'], 'accu': 0.6497802734375, 'TP': 17456, 'TN': 25128, 'FP': 7120, 'FN': 15832}
[Wed Dec 11 23:58:15 2024] >> 
[Wed Dec 11 23:58:15 2024] >> dataset/fa_i-5-fa_j-3-t_index-1.txt
[Thu Dec 12 00:00:01 2024] >> {'A': ['x', 'x', 'x', 'x', 'x', 'x', 'b', 'b'], 'B': ['x', 'b', 'x', 'b', 'x', 'x', 'x', 'x'], 'accu': 0.6311798095703125, 'TP': 28613, 'TN': 12752, 'FP': 16443, 'FN': 7728}
[Thu Dec 12 00:00:01 2024] >> 
[Thu Dec 12 00:00:01 2024] >> dataset/fa_i-5-fa_j-3-t_index-2.txt
[Thu Dec 12 00:01:49 2024] >> {'A': ['x', 'x', 'x', 'b', 'x', 'x', 'x', 'b'], 'B': ['b', 'b', 'x', 'x', 'x', 'x', 'x', 'x'], 'accu': 0.643524169921875, 'TP': 17468, 'TN': 24706, 'FP': 7108, 'FN': 16254}
[Thu Dec 12 00:01:49 2024] >> 
[Thu Dec 12 00:01:49 2024] >> dataset/fa_i-5-fa_j-3-t_index-3.txt
[Thu Dec 12 00:03:36 2024] >> {'A': ['x', 'x', 'x', 'x', 'x', 'b', 'b', 'x'], 'B': ['b', 'b', 'x', 'x', 'x', 'x', 'x', 'x'], 'accu': 0.6361236572265625, 'TP': 20160, 'TN': 21529, 'FP': 8512, 'FN': 15335}
[Thu Dec 12 00:03:36 2024] >> 
[Thu Dec 12 00:03:36 2024] >> dataset/fa_i-5-fa_j-3-t_index-4.txt
[Thu Dec 12 00:05:23 2024] >> {'A': ['x', 'x', 'x', 'x', 'x', 'b', 'b', 'x'], 'B': ['b', 'b', 'x', 'x', 'x', 'x', 'x', 'x'], 'accu': 0.6361236572265625, 'TP': 20160, 'TN': 21529, 'FP': 8512, 'FN': 15335}
[Thu Dec 12 00:05:23 2024] >> 
[Thu Dec 12 00:05:23 2024] >> dataset/fa_i-5-fa_j-3-t_index-5.txt
[Thu Dec 12 00:07:10 2024] >> {'A': ['x', 'x', 'x', 'b', 'x', 'x', 'x', 'b'], 'B': ['b', 'b', 'x', 'x', 'x', 'x', 'x', 'x'], 'accu': 0.643524169921875, 'TP': 17468, 'TN': 24706, 'FP': 7108, 'FN': 16254}
[Thu Dec 12 00:07:10 2024] >> 
[Thu Dec 12 00:07:10 2024] >> dataset/fa_i-5-fa_j-4-t_index-0.txt
[Thu Dec 12 00:08:57 2024] >> {'A': ['x', 'x', 'x', 'x', 'x', 'x', 'b', 'b'], 'B': ['x', 'x', 'x', 'b', 'b', 'x', 'x', 'x'], 'accu': 0.69732666015625, 'TP': 24940, 'TN': 20760, 'FP': 11924, 'FN': 7912}
[Thu Dec 12 00:08:57 2024] >> 
[Thu Dec 12 00:08:57 2024] >> dataset/fa_i-5-fa_j-4-t_index-1.txt
[Thu Dec 12 00:10:44 2024] >> {'A': ['x', 'x', 'x', 'x', 'x', 'b', 'b', 'x'], 'B': ['x', 'x', 'x', 'b', 'b', 'x', 'x', 'x'], 'accu': 0.6715545654296875, 'TP': 30276, 'TN': 13735, 'FP': 14780, 'FN': 6745}
[Thu Dec 12 00:10:44 2024] >> 
[Thu Dec 12 00:10:44 2024] >> dataset/fa_i-5-fa_j-4-t_index-2.txt
[Thu Dec 12 00:12:32 2024] >> {'A': ['x', 'x', 'x', 'x', 'x', 'x', 'b', 'b'], 'B': ['x', 'x', 'x', 'x', 'b', 'x', 'b', 'x'], 'accu': 0.673828125, 'TP': 20184, 'TN': 23976, 'FP': 8488, 'FN': 12888}
[Thu Dec 12 00:12:32 2024] >> 
[Thu Dec 12 00:12:32 2024] >> dataset/fa_i-5-fa_j-4-t_index-3.txt
[Thu Dec 12 00:14:18 2024] >> {'A': ['x', 'x', 'x', 'x', 'x', 'b', 'b', 'x'], 'B': ['b', 'b', 'x', 'x', 'x', 'x', 'x', 'x'], 'accu': 0.6512298583984375, 'TP': 21124, 'TN': 21555, 'FP': 7548, 'FN': 15309}
[Thu Dec 12 00:14:18 2024] >> 
[Thu Dec 12 00:14:18 2024] >> dataset/fa_i-5-fa_j-4-t_index-4.txt
[Thu Dec 12 00:16:05 2024] >> {'A': ['x', 'x', 'x', 'x', 'x', 'b', 'b', 'x'], 'B': ['b', 'b', 'x', 'x', 'x', 'x', 'x', 'x'], 'accu': 0.6512298583984375, 'TP': 21124, 'TN': 21555, 'FP': 7548, 'FN': 15309}
[Thu Dec 12 00:16:05 2024] >> 
[Thu Dec 12 00:16:05 2024] >> dataset/fa_i-5-fa_j-4-t_index-5.txt
[Thu Dec 12 00:17:53 2024] >> {'A': ['x', 'x', 'x', 'x', 'x', 'x', 'b', 'b'], 'B': ['x', 'x', 'x', 'x', 'b', 'x', 'b', 'x'], 'accu': 0.673828125, 'TP': 20184, 'TN': 23976, 'FP': 8488, 'FN': 12888}
[Thu Dec 12 00:17:53 2024] >> 
[Thu Dec 12 00:17:53 2024] >> dataset/fa_i-5-fa_j-5-t_index-0.txt
[Thu Dec 12 00:19:40 2024] >> {'A': ['x', 'x', 'x', 'x', 'x', 'b', 'x', 'b'], 'B': ['x', 'b', 'x', 'x', 'b', 'x', 'x', 'x'], 'accu': 0.7823486328125, 'TP': 27276, 'TN': 23996, 'FP': 9588, 'FN': 4676}
[Thu Dec 12 00:19:40 2024] >> 
[Thu Dec 12 00:19:40 2024] >> dataset/fa_i-5-fa_j-5-t_index-1.txt
[Thu Dec 12 00:21:27 2024] >> {'A': ['x', 'x', 'x', 'x', 'x', 'b', 'b', 'x'], 'B': ['x', 'x', 'x', 'x', 'b', 'b', 'x', 'x'], 'accu': 0.7531585693359375, 'TP': 31156, 'TN': 18203, 'FP': 9804, 'FN': 6373}
[Thu Dec 12 00:21:27 2024] >> 
[Thu Dec 12 00:21:27 2024] >> dataset/fa_i-5-fa_j-5-t_index-2.txt
[Thu Dec 12 00:23:15 2024] >> {'A': ['x', 'x', 'x', 'x', 'x', 'b', 'x', 'b'], 'B': ['x', 'x', 'x', 'x', 'b', 'x', 'b', 'x'], 'accu': 0.745086669921875, 'TP': 23828, 'TN': 25002, 'FP': 8940, 'FN': 7766}
[Thu Dec 12 00:23:15 2024] >> 
[Thu Dec 12 00:23:15 2024] >> dataset/fa_i-5-fa_j-5-t_index-3.txt
[Thu Dec 12 00:25:01 2024] >> {'A': ['x', 'x', 'x', 'x', 'x', 'x', 'b', 'b'], 'B': ['x', 'x', 'x', 'x', 'b', 'x', 'b', 'x'], 'accu': 0.6804046630859375, 'TP': 31091, 'TN': 13500, 'FP': 13965, 'FN': 6980}
[Thu Dec 12 00:25:01 2024] >> 
[Thu Dec 12 00:25:01 2024] >> dataset/fa_i-5-fa_j-5-t_index-4.txt
[Thu Dec 12 00:26:48 2024] >> {'A': ['x', 'x', 'x', 'x', 'x', 'x', 'b', 'b'], 'B': ['x', 'x', 'x', 'x', 'b', 'x', 'b', 'x'], 'accu': 0.6804046630859375, 'TP': 31091, 'TN': 13500, 'FP': 13965, 'FN': 6980}
[Thu Dec 12 00:26:48 2024] >> 
[Thu Dec 12 00:26:48 2024] >> dataset/fa_i-5-fa_j-5-t_index-5.txt
[Thu Dec 12 00:28:35 2024] >> {'A': ['x', 'x', 'x', 'x', 'x', 'b', 'x', 'b'], 'B': ['x', 'x', 'x', 'x', 'b', 'x', 'b', 'x'], 'accu': 0.745086669921875, 'TP': 23828, 'TN': 25002, 'FP': 8940, 'FN': 7766}
[Thu Dec 12 00:28:35 2024] >> 
[Thu Dec 12 00:28:35 2024] >> dataset/fa_i-5-fa_j-6-t_index-0.txt
[Thu Dec 12 00:30:23 2024] >> {'A': ['x', 'x', 'x', 'x', 'x', 'x', 'b', 'b'], 'B': ['x', 'b', 'x', 'x', 'x', 'b', 'x', 'x'], 'accu': 0.8970947265625, 'TP': 30148, 'TN': 28644, 'FP': 6716, 'FN': 28}
[Thu Dec 12 00:30:23 2024] >> 
[Thu Dec 12 00:30:23 2024] >> dataset/fa_i-5-fa_j-6-t_index-1.txt
[Thu Dec 12 00:32:10 2024] >> {'A': ['x', 'x', 'x', 'x', 'x', 'x', 'b', 'b'], 'B': ['b', 'b', 'x', 'x', 'x', 'x', 'x', 'x'], 'accu': 0.8106842041015625, 'TP': 29857, 'TN': 23272, 'FP': 2911, 'FN': 9496}
[Thu Dec 12 00:32:10 2024] >> 
[Thu Dec 12 00:32:10 2024] >> dataset/fa_i-5-fa_j-6-t_index-2.txt
[Thu Dec 12 00:33:57 2024] >> {'A': ['x', 'x', 'x', 'x', 'x', 'x', 'b', 'b'], 'B': ['x', 'x', 'x', 'x', 'x', 'b', 'b', 'x'], 'accu': 0.868927001953125, 'TP': 23904, 'TN': 33042, 'FP': 4768, 'FN': 3822}
[Thu Dec 12 00:33:57 2024] >> 
[Thu Dec 12 00:33:57 2024] >> dataset/fa_i-5-fa_j-6-t_index-3.txt
[Thu Dec 12 00:35:44 2024] >> {'A': ['x', 'x', 'x', 'x', 'x', 'x', 'b', 'b'], 'B': ['x', 'x', 'x', 'x', 'x', 'b', 'b', 'x'], 'accu': 0.7945404052734375, 'TP': 38845, 'TN': 13226, 'FP': 10307, 'FN': 3158}
[Thu Dec 12 00:35:44 2024] >> 
[Thu Dec 12 00:35:44 2024] >> dataset/fa_i-5-fa_j-6-t_index-4.txt
[Thu Dec 12 00:37:30 2024] >> {'A': ['x', 'x', 'x', 'x', 'x', 'x', 'b', 'b'], 'B': ['x', 'x', 'x', 'x', 'x', 'b', 'b', 'x'], 'accu': 0.7945404052734375, 'TP': 38845, 'TN': 13226, 'FP': 10307, 'FN': 3158}
[Thu Dec 12 00:37:30 2024] >> 
[Thu Dec 12 00:37:30 2024] >> dataset/fa_i-5-fa_j-6-t_index-5.txt
[Thu Dec 12 00:39:18 2024] >> {'A': ['x', 'x', 'x', 'x', 'x', 'x', 'b', 'b'], 'B': ['x', 'x', 'x', 'x', 'x', 'b', 'b', 'x'], 'accu': 0.868927001953125, 'TP': 23904, 'TN': 33042, 'FP': 4768, 'FN': 3822}
[Thu Dec 12 00:39:18 2024] >> 
[Thu Dec 12 00:39:18 2024] >> dataset/fa_i-5-fa_j-7-t_index-0.txt
[Thu Dec 12 00:41:04 2024] >> {'A': ['x', 'x', 'x', 'x', 'x', 'x', 'b', 'b'], 'B': ['b', 'b', 'x', 'x', 'x', 'x', 'x', 'x'], 'accu': 0.9278106689453125, 'TP': 40517, 'TN': 20288, 'FP': 443, 'FN': 4288}
[Thu Dec 12 00:41:04 2024] >> 
[Thu Dec 12 00:41:04 2024] >> dataset/fa_i-5-fa_j-7-t_index-1.txt
[Thu Dec 12 00:42:48 2024] >> {'A': ['x', 'x', 'x', 'x', 'x', 'x', 'x', 'x'], 'B': ['x', 'x', 'x', 'x', 'x', 'x', 'x', 'x'], 'accu': 0.9726715087890625, 'TP': 63745, 'TN': 0, 'FP': 1791, 'FN': 0}
[Thu Dec 12 00:42:48 2024] >> 
[Thu Dec 12 00:42:48 2024] >> dataset/fa_i-5-fa_j-7-t_index-2.txt
[Thu Dec 12 00:44:36 2024] >> {'A': ['x', 'x', 'x', 'x', 'x', 'x', 'x', 'b'], 'B': ['x', 'x', 'x', 'x', 'x', 'x', 'b', 'x'], 'accu': 0.9627685546875, 'TP': 15100, 'TN': 47996, 'FP': 1284, 'FN': 1156}
[Thu Dec 12 00:44:36 2024] >> 
[Thu Dec 12 00:44:36 2024] >> dataset/fa_i-5-fa_j-7-t_index-3.txt
[Thu Dec 12 00:46:23 2024] >> {'A': ['x', 'x', 'x', 'x', 'x', 'x', 'b', 'b'], 'B': ['b', 'b', 'x', 'x', 'x', 'x', 'x', 'x'], 'accu': 0.9931640625, 'TP': 24256, 'TN': 40832, 'FP': 320, 'FN': 128}
[Thu Dec 12 00:46:23 2024] >> 
[Thu Dec 12 00:46:23 2024] >> dataset/fa_i-5-fa_j-7-t_index-4.txt
[Thu Dec 12 00:48:12 2024] >> {'A': ['x', 'x', 'x', 'x', 'x', 'x', 'b', 'b'], 'B': ['b', 'b', 'x', 'x', 'x', 'x', 'x', 'x'], 'accu': 0.9931640625, 'TP': 24256, 'TN': 40832, 'FP': 320, 'FN': 128}
[Thu Dec 12 00:48:12 2024] >> 
[Thu Dec 12 00:48:12 2024] >> dataset/fa_i-5-fa_j-7-t_index-5.txt
[Thu Dec 12 00:50:01 2024] >> {'A': ['x', 'x', 'x', 'x', 'x', 'x', 'x', 'b'], 'B': ['x', 'x', 'x', 'x', 'x', 'x', 'b', 'x'], 'accu': 0.9627685546875, 'TP': 15100, 'TN': 47996, 'FP': 1284, 'FN': 1156}
[Thu Dec 12 00:50:01 2024] >> 
[Thu Dec 12 00:50:01 2024] >> dataset/fa_i-6-fa_j-0-t_index-0.txt
[Thu Dec 12 00:51:48 2024] >> {'A': ['x', 'x', 'x', 'x', 'b', 'x', 'b', 'x'], 'B': ['b', 'b', 'x', 'x', 'x', 'x', 'x', 'x'], 'accu': 0.6224822998046875, 'TP': 21436, 'TN': 19359, 'FP': 11332, 'FN': 13409}
[Thu Dec 12 00:51:48 2024] >> 
[Thu Dec 12 00:51:48 2024] >> dataset/fa_i-6-fa_j-0-t_index-1.txt
[Thu Dec 12 00:53:35 2024] >> {'A': ['x', 'x', 'x', 'x', 'b', 'x', 'x', 'b'], 'B': ['b', 'b', 'x', 'x', 'x', 'x', 'x', 'x'], 'accu': 0.62310791015625, 'TP': 21524, 'TN': 19312, 'FP': 11244, 'FN': 13456}
[Thu Dec 12 00:53:35 2024] >> 
[Thu Dec 12 00:53:35 2024] >> dataset/fa_i-6-fa_j-0-t_index-2.txt
[Thu Dec 12 00:55:22 2024] >> {'A': ['x', 'x', 'x', 'x', 'x', 'b', 'b', 'x'], 'B': ['b', 'b', 'x', 'x', 'x', 'x', 'x', 'x'], 'accu': 0.65234375, 'TP': 15072, 'TN': 27680, 'FP': 5408, 'FN': 17376}
[Thu Dec 12 00:55:22 2024] >> 
[Thu Dec 12 00:55:22 2024] >> dataset/fa_i-6-fa_j-0-t_index-3.txt
[Thu Dec 12 00:57:09 2024] >> {'A': ['x', 'x', 'x', 'x', 'x', 'x', 'b', 'b'], 'B': ['b', 'x', 'x', 'x', 'x', 'x', 'x', 'b'], 'accu': 0.6528167724609375, 'TP': 21296, 'TN': 21487, 'FP': 11472, 'FN': 11281}
[Thu Dec 12 00:57:09 2024] >> 
[Thu Dec 12 00:57:09 2024] >> dataset/fa_i-6-fa_j-0-t_index-4.txt
[Thu Dec 12 00:58:57 2024] >> {'A': ['x', 'x', 'x', 'x', 'x', 'x', 'b', 'b'], 'B': ['b', 'x', 'x', 'x', 'x', 'x', 'x', 'b'], 'accu': 0.6528167724609375, 'TP': 21296, 'TN': 21487, 'FP': 11472, 'FN': 11281}
[Thu Dec 12 00:58:57 2024] >> 
[Thu Dec 12 00:58:57 2024] >> dataset/fa_i-6-fa_j-0-t_index-5.txt
[Thu Dec 12 01:00:44 2024] >> {'A': ['x', 'x', 'x', 'x', 'x', 'b', 'b', 'x'], 'B': ['b', 'b', 'x', 'x', 'x', 'x', 'x', 'x'], 'accu': 0.65234375, 'TP': 15072, 'TN': 27680, 'FP': 5408, 'FN': 17376}
[Thu Dec 12 01:00:44 2024] >> 
[Thu Dec 12 01:00:44 2024] >> dataset/fa_i-6-fa_j-1-t_index-0.txt
[Thu Dec 12 01:02:32 2024] >> {'A': ['x', 'x', 'x', 'x', 'x', 'x', 'b', 'b'], 'B': ['b', 'b', 'x', 'x', 'x', 'x', 'x', 'x'], 'accu': 0.623199462890625, 'TP': 12998, 'TN': 27844, 'FP': 3386, 'FN': 21308}
[Thu Dec 12 01:02:32 2024] >> 
[Thu Dec 12 01:02:32 2024] >> dataset/fa_i-6-fa_j-1-t_index-1.txt
[Thu Dec 12 01:04:19 2024] >> {'A': ['x', 'x', 'x', 'x', 'x', 'x', 'b', 'b'], 'B': ['b', 'b', 'x', 'x', 'x', 'x', 'x', 'x'], 'accu': 0.6178741455078125, 'TP': 23674, 'TN': 16819, 'FP': 13190, 'FN': 11853}
[Thu Dec 12 01:04:19 2024] >> 
[Thu Dec 12 01:04:19 2024] >> dataset/fa_i-6-fa_j-1-t_index-2.txt
[Thu Dec 12 01:06:06 2024] >> {'A': ['x', 'x', 'x', 'x', 'x', 'b', 'b', 'x'], 'B': ['b', 'b', 'x', 'x', 'x', 'x', 'x', 'x'], 'accu': 0.632293701171875, 'TP': 19360, 'TN': 22078, 'FP': 9312, 'FN': 14786}
[Thu Dec 12 01:06:06 2024] >> 
[Thu Dec 12 01:06:06 2024] >> dataset/fa_i-6-fa_j-1-t_index-3.txt
[Thu Dec 12 01:07:54 2024] >> {'A': ['x', 'x', 'x', 'x', 'x', 'x', 'b', 'b'], 'B': ['b', 'b', 'x', 'x', 'x', 'x', 'x', 'x'], 'accu': 0.6369171142578125, 'TP': 14982, 'TN': 26759, 'FP': 5498, 'FN': 18297}
[Thu Dec 12 01:07:54 2024] >> 
[Thu Dec 12 01:07:54 2024] >> dataset/fa_i-6-fa_j-1-t_index-4.txt
[Thu Dec 12 01:09:41 2024] >> {'A': ['x', 'x', 'x', 'x', 'x', 'x', 'b', 'b'], 'B': ['b', 'b', 'x', 'x', 'x', 'x', 'x', 'x'], 'accu': 0.6369171142578125, 'TP': 14982, 'TN': 26759, 'FP': 5498, 'FN': 18297}
[Thu Dec 12 01:09:41 2024] >> 
[Thu Dec 12 01:09:41 2024] >> dataset/fa_i-6-fa_j-1-t_index-5.txt
[Thu Dec 12 01:11:28 2024] >> {'A': ['x', 'x', 'x', 'x', 'x', 'b', 'b', 'x'], 'B': ['b', 'b', 'x', 'x', 'x', 'x', 'x', 'x'], 'accu': 0.632293701171875, 'TP': 19360, 'TN': 22078, 'FP': 9312, 'FN': 14786}
[Thu Dec 12 01:11:28 2024] >> 
[Thu Dec 12 01:11:28 2024] >> dataset/fa_i-6-fa_j-2-t_index-0.txt
[Thu Dec 12 01:13:15 2024] >> {'A': ['x', 'x', 'x', 'x', 'x', 'x', 'b', 'b'], 'B': ['x', 'b', 'x', 'b', 'x', 'x', 'x', 'x'], 'accu': 0.63165283203125, 'TP': 21398, 'TN': 19998, 'FP': 11370, 'FN': 12770}
[Thu Dec 12 01:13:15 2024] >> 
[Thu Dec 12 01:13:15 2024] >> dataset/fa_i-6-fa_j-2-t_index-1.txt
[Thu Dec 12 01:15:02 2024] >> {'A': ['x', 'x', 'x', 'x', 'x', 'b', 'b', 'x'], 'B': ['b', 'b', 'x', 'x', 'x', 'x', 'x', 'x'], 'accu': 0.6220550537109375, 'TP': 19756, 'TN': 21011, 'FP': 8916, 'FN': 15853}
[Thu Dec 12 01:15:02 2024] >> 
[Thu Dec 12 01:15:02 2024] >> dataset/fa_i-6-fa_j-2-t_index-2.txt
[Thu Dec 12 01:16:50 2024] >> {'A': ['x', 'x', 'x', 'x', 'x', 'b', 'b', 'x'], 'B': ['b', 'b', 'x', 'x', 'x', 'x', 'x', 'x'], 'accu': 0.6292266845703125, 'TP': 21664, 'TN': 19573, 'FP': 11104, 'FN': 13195}
[Thu Dec 12 01:16:50 2024] >> 
[Thu Dec 12 01:16:50 2024] >> dataset/fa_i-6-fa_j-2-t_index-3.txt
[Thu Dec 12 01:18:37 2024] >> {'A': ['x', 'x', 'b', 'x', 'x', 'x', 'x', 'b'], 'B': ['b', 'b', 'x', 'x', 'x', 'x', 'x', 'x'], 'accu': 0.634857177734375, 'TP': 17198, 'TN': 24408, 'FP': 7378, 'FN': 16552}
[Thu Dec 12 01:18:37 2024] >> 
[Thu Dec 12 01:18:37 2024] >> dataset/fa_i-6-fa_j-2-t_index-4.txt
[Thu Dec 12 01:20:24 2024] >> {'A': ['x', 'x', 'b', 'x', 'x', 'x', 'x', 'b'], 'B': ['b', 'b', 'x', 'x', 'x', 'x', 'x', 'x'], 'accu': 0.634857177734375, 'TP': 17198, 'TN': 24408, 'FP': 7378, 'FN': 16552}
[Thu Dec 12 01:20:24 2024] >> 
[Thu Dec 12 01:20:24 2024] >> dataset/fa_i-6-fa_j-2-t_index-5.txt
[Thu Dec 12 01:22:12 2024] >> {'A': ['x', 'x', 'x', 'x', 'x', 'b', 'b', 'x'], 'B': ['b', 'b', 'x', 'x', 'x', 'x', 'x', 'x'], 'accu': 0.6292266845703125, 'TP': 21664, 'TN': 19573, 'FP': 11104, 'FN': 13195}
[Thu Dec 12 01:22:12 2024] >> 
[Thu Dec 12 01:22:12 2024] >> dataset/fa_i-6-fa_j-3-t_index-0.txt
[Thu Dec 12 01:23:59 2024] >> {'A': ['x', 'x', 'x', 'x', 'x', 'x', 'b', 'b'], 'B': ['x', 'b', 'x', 'b', 'x', 'x', 'x', 'x'], 'accu': 0.661651611328125, 'TP': 24278, 'TN': 19084, 'FP': 12586, 'FN': 9588}
[Thu Dec 12 01:23:59 2024] >> 
[Thu Dec 12 01:23:59 2024] >> dataset/fa_i-6-fa_j-3-t_index-1.txt
[Thu Dec 12 01:25:46 2024] >> {'A': ['x', 'x', 'x', 'x', 'x', 'b', 'b', 'x'], 'B': ['b', 'b', 'x', 'x', 'x', 'x', 'x', 'x'], 'accu': 0.6444244384765625, 'TP': 22658, 'TN': 19575, 'FP': 10110, 'FN': 13193}
[Thu Dec 12 01:25:46 2024] >> 
[Thu Dec 12 01:25:46 2024] >> dataset/fa_i-6-fa_j-3-t_index-2.txt
[Thu Dec 12 01:27:33 2024] >> {'A': ['x', 'x', 'x', 'x', 'x', 'b', 'b', 'x'], 'B': ['b', 'b', 'x', 'x', 'x', 'x', 'x', 'x'], 'accu': 0.6360015869140625, 'TP': 20170, 'TN': 21511, 'FP': 8502, 'FN': 15353}
[Thu Dec 12 01:27:33 2024] >> 
[Thu Dec 12 01:27:33 2024] >> dataset/fa_i-6-fa_j-3-t_index-3.txt
[Thu Dec 12 01:29:20 2024] >> {'A': ['x', 'x', 'x', 'b', 'x', 'x', 'x', 'b'], 'B': ['b', 'b', 'x', 'x', 'x', 'x', 'x', 'x'], 'accu': 0.646820068359375, 'TP': 17562, 'TN': 24828, 'FP': 7014, 'FN': 16132}
[Thu Dec 12 01:29:20 2024] >> 
[Thu Dec 12 01:29:20 2024] >> dataset/fa_i-6-fa_j-3-t_index-4.txt
[Thu Dec 12 01:31:08 2024] >> {'A': ['x', 'x', 'x', 'b', 'x', 'x', 'x', 'b'], 'B': ['b', 'b', 'x', 'x', 'x', 'x', 'x', 'x'], 'accu': 0.646820068359375, 'TP': 17562, 'TN': 24828, 'FP': 7014, 'FN': 16132}
[Thu Dec 12 01:31:08 2024] >> 
[Thu Dec 12 01:31:08 2024] >> dataset/fa_i-6-fa_j-3-t_index-5.txt
[Thu Dec 12 01:32:54 2024] >> {'A': ['x', 'x', 'x', 'x', 'x', 'b', 'b', 'x'], 'B': ['b', 'b', 'x', 'x', 'x', 'x', 'x', 'x'], 'accu': 0.6360015869140625, 'TP': 20170, 'TN': 21511, 'FP': 8502, 'FN': 15353}
[Thu Dec 12 01:32:54 2024] >> 
[Thu Dec 12 01:32:54 2024] >> dataset/fa_i-6-fa_j-4-t_index-0.txt
[Thu Dec 12 01:34:42 2024] >> {'A': ['x', 'x', 'x', 'x', 'x', 'x', 'b', 'b'], 'B': ['x', 'b', 'x', 'x', 'b', 'x', 'x', 'x'], 'accu': 0.710418701171875, 'TP': 25704, 'TN': 20854, 'FP': 11160, 'FN': 7818}
[Thu Dec 12 01:34:42 2024] >> 
[Thu Dec 12 01:34:42 2024] >> dataset/fa_i-6-fa_j-4-t_index-1.txt
[Thu Dec 12 01:36:29 2024] >> {'A': ['x', 'x', 'x', 'x', 'x', 'b', 'b', 'x'], 'B': ['b', 'b', 'x', 'x', 'x', 'x', 'x', 'x'], 'accu': 0.6774444580078125, 'TP': 24000, 'TN': 20397, 'FP': 8768, 'FN': 12371}
[Thu Dec 12 01:36:29 2024] >> 
[Thu Dec 12 01:36:29 2024] >> dataset/fa_i-6-fa_j-4-t_index-2.txt
[Thu Dec 12 01:38:17 2024] >> {'A': ['x', 'x', 'x', 'x', 'x', 'b', 'b', 'x'], 'B': ['b', 'b', 'x', 'x', 'x', 'x', 'x', 'x'], 'accu': 0.651611328125, 'TP': 23214, 'TN': 19490, 'FP': 9554, 'FN': 13278}
[Thu Dec 12 01:38:17 2024] >> 
[Thu Dec 12 01:38:17 2024] >> dataset/fa_i-6-fa_j-4-t_index-3.txt
[Thu Dec 12 01:40:04 2024] >> {'A': ['x', 'x', 'x', 'x', 'x', 'x', 'b', 'b'], 'B': ['x', 'x', 'x', 'x', 'x', 'b', 'x', 'b'], 'accu': 0.6801300048828125, 'TP': 22409, 'TN': 22164, 'FP': 10359, 'FN': 10604}
[Thu Dec 12 01:40:04 2024] >> 
[Thu Dec 12 01:40:04 2024] >> dataset/fa_i-6-fa_j-4-t_index-4.txt
[Thu Dec 12 01:41:52 2024] >> {'A': ['x', 'x', 'x', 'x', 'x', 'x', 'b', 'b'], 'B': ['x', 'x', 'x', 'x', 'x', 'b', 'x', 'b'], 'accu': 0.6801300048828125, 'TP': 22409, 'TN': 22164, 'FP': 10359, 'FN': 10604}
[Thu Dec 12 01:41:52 2024] >> 
[Thu Dec 12 01:41:52 2024] >> dataset/fa_i-6-fa_j-4-t_index-5.txt
[Thu Dec 12 01:43:39 2024] >> {'A': ['x', 'x', 'x', 'x', 'x', 'b', 'b', 'x'], 'B': ['b', 'b', 'x', 'x', 'x', 'x', 'x', 'x'], 'accu': 0.651611328125, 'TP': 23214, 'TN': 19490, 'FP': 9554, 'FN': 13278}
[Thu Dec 12 01:43:39 2024] >> 
[Thu Dec 12 01:43:39 2024] >> dataset/fa_i-6-fa_j-5-t_index-0.txt
[Thu Dec 12 01:45:26 2024] >> {'A': ['x', 'x', 'x', 'x', 'x', 'b', 'x', 'b'], 'B': ['x', 'b', 'x', 'x', 'x', 'b', 'x', 'x'], 'accu': 0.7989501953125, 'TP': 28240, 'TN': 24120, 'FP': 8624, 'FN': 4552}
[Thu Dec 12 01:45:26 2024] >> 
[Thu Dec 12 01:45:26 2024] >> dataset/fa_i-6-fa_j-5-t_index-1.txt
[Thu Dec 12 01:47:13 2024] >> {'A': ['x', 'x', 'x', 'x', 'x', 'b', 'b', 'x'], 'B': ['x', 'x', 'x', 'x', 'x', 'b', 'b', 'x'], 'accu': 0.7506866455078125, 'TP': 30664, 'TN': 18533, 'FP': 10296, 'FN': 6043}
[Thu Dec 12 01:47:13 2024] >> 
[Thu Dec 12 01:47:13 2024] >> dataset/fa_i-6-fa_j-5-t_index-2.txt
[Thu Dec 12 01:48:59 2024] >> {'A': ['x', 'x', 'x', 'x', 'x', 'x', 'b', 'b'], 'B': ['x', 'x', 'x', 'x', 'x', 'b', 'x', 'b'], 'accu': 0.693084716796875, 'TP': 31536, 'TN': 13886, 'FP': 13520, 'FN': 6594}
[Thu Dec 12 01:48:59 2024] >> 
[Thu Dec 12 01:48:59 2024] >> dataset/fa_i-6-fa_j-5-t_index-3.txt
[Thu Dec 12 01:50:47 2024] >> {'A': ['x', 'x', 'x', 'x', 'x', 'b', 'x', 'b'], 'B': ['x', 'x', 'x', 'x', 'x', 'b', 'x', 'b'], 'accu': 0.7545318603515625, 'TP': 22060, 'TN': 27389, 'FP': 6612, 'FN': 9475}
[Thu Dec 12 01:50:47 2024] >> 
[Thu Dec 12 01:50:47 2024] >> dataset/fa_i-6-fa_j-5-t_index-4.txt
[Thu Dec 12 01:52:34 2024] >> {'A': ['x', 'x', 'x', 'x', 'x', 'b', 'x', 'b'], 'B': ['x', 'x', 'x', 'x', 'x', 'b', 'x', 'b'], 'accu': 0.7545318603515625, 'TP': 22060, 'TN': 27389, 'FP': 6612, 'FN': 9475}
[Thu Dec 12 01:52:34 2024] >> 
[Thu Dec 12 01:52:34 2024] >> dataset/fa_i-6-fa_j-5-t_index-5.txt
[Thu Dec 12 01:54:21 2024] >> {'A': ['x', 'x', 'x', 'x', 'x', 'x', 'b', 'b'], 'B': ['x', 'x', 'x', 'x', 'x', 'b', 'x', 'b'], 'accu': 0.693084716796875, 'TP': 31536, 'TN': 13886, 'FP': 13520, 'FN': 6594}
[Thu Dec 12 01:54:21 2024] >> 
[Thu Dec 12 01:54:21 2024] >> dataset/fa_i-6-fa_j-6-t_index-0.txt
[Thu Dec 12 01:56:09 2024] >> {'A': ['x', 'x', 'x', 'x', 'x', 'x', 'b', 'b'], 'B': ['x', 'b', 'x', 'x', 'x', 'x', 'b', 'x'], 'accu': 0.91363525390625, 'TP': 31212, 'TN': 28664, 'FP': 5652, 'FN': 8}
[Thu Dec 12 01:56:09 2024] >> 
[Thu Dec 12 01:56:09 2024] >> dataset/fa_i-6-fa_j-6-t_index-1.txt
[Thu Dec 12 01:57:56 2024] >> {'A': ['x', 'x', 'x', 'x', 'x', 'x', 'b', 'b'], 'B': ['b', 'b', 'x', 'x', 'x', 'x', 'x', 'x'], 'accu': 0.8281402587890625, 'TP': 29907, 'TN': 24366, 'FP': 2861, 'FN': 8402}
[Thu Dec 12 01:57:56 2024] >> 
[Thu Dec 12 01:57:56 2024] >> dataset/fa_i-6-fa_j-6-t_index-2.txt
[Thu Dec 12 01:59:42 2024] >> {'A': ['x', 'x', 'x', 'x', 'x', 'x', 'b', 'b'], 'B': ['x', 'x', 'x', 'x', 'x', 'x', 'b', 'b'], 'accu': 0.8057098388671875, 'TP': 39229, 'TN': 13574, 'FP': 9923, 'FN': 2810}
[Thu Dec 12 01:59:42 2024] >> 
[Thu Dec 12 01:59:42 2024] >> dataset/fa_i-6-fa_j-6-t_index-3.txt
[Thu Dec 12 02:01:30 2024] >> {'A': ['x', 'x', 'x', 'x', 'x', 'x', 'b', 'b'], 'B': ['x', 'x', 'x', 'x', 'x', 'x', 'b', 'b'], 'accu': 0.884307861328125, 'TP': 24390, 'TN': 33564, 'FP': 4282, 'FN': 3300}
[Thu Dec 12 02:01:30 2024] >> 
[Thu Dec 12 02:01:30 2024] >> dataset/fa_i-6-fa_j-6-t_index-4.txt
[Thu Dec 12 02:03:19 2024] >> {'A': ['x', 'x', 'x', 'x', 'x', 'x', 'b', 'b'], 'B': ['x', 'x', 'x', 'x', 'x', 'x', 'b', 'b'], 'accu': 0.884307861328125, 'TP': 24390, 'TN': 33564, 'FP': 4282, 'FN': 3300}
[Thu Dec 12 02:03:19 2024] >> 
[Thu Dec 12 02:03:19 2024] >> dataset/fa_i-6-fa_j-6-t_index-5.txt
[Thu Dec 12 02:05:05 2024] >> {'A': ['x', 'x', 'x', 'x', 'x', 'x', 'b', 'b'], 'B': ['x', 'x', 'x', 'x', 'x', 'x', 'b', 'b'], 'accu': 0.8057098388671875, 'TP': 39229, 'TN': 13574, 'FP': 9923, 'FN': 2810}
[Thu Dec 12 02:05:05 2024] >> 
[Thu Dec 12 02:05:05 2024] >> dataset/fa_i-6-fa_j-7-t_index-0.txt
[Thu Dec 12 02:06:51 2024] >> {'A': ['x', 'x', 'x', 'x', 'x', 'x', 'b', 'b'], 'B': ['b', 'b', 'x', 'x', 'x', 'x', 'x', 'x'], 'accu': 0.9472808837890625, 'TP': 40515, 'TN': 21566, 'FP': 445, 'FN': 3010}
[Thu Dec 12 02:06:51 2024] >> 
[Thu Dec 12 02:06:51 2024] >> dataset/fa_i-6-fa_j-7-t_index-1.txt
[Thu Dec 12 02:08:39 2024] >> {'A': ['x', 'x', 'x', 'x', 'x', 'x', 'b', 'b'], 'B': ['b', 'b', 'x', 'x', 'x', 'x', 'x', 'x'], 'accu': 0.9931640625, 'TP': 24256, 'TN': 40832, 'FP': 320, 'FN': 128}
[Thu Dec 12 02:08:39 2024] >> 
[Thu Dec 12 02:08:39 2024] >> dataset/fa_i-6-fa_j-7-t_index-2.txt
[Thu Dec 12 02:10:27 2024] >> {'A': ['x', 'x', 'x', 'x', 'x', 'x', 'b', 'b'], 'B': ['b', 'b', 'x', 'x', 'x', 'x', 'x', 'x'], 'accu': 0.9931640625, 'TP': 24256, 'TN': 40832, 'FP': 320, 'FN': 128}
[Thu Dec 12 02:10:27 2024] >> 
[Thu Dec 12 02:10:27 2024] >> dataset/fa_i-6-fa_j-7-t_index-3.txt
[Thu Dec 12 02:12:16 2024] >> {'A': ['x', 'x', 'x', 'x', 'x', 'x', 'x', 'b'], 'B': ['x', 'x', 'x', 'x', 'x', 'x', 'x', 'b'], 'accu': 0.9764862060546875, 'TP': 15486, 'TN': 48509, 'FP': 898, 'FN': 643}
[Thu Dec 12 02:12:16 2024] >> 
[Thu Dec 12 02:12:16 2024] >> dataset/fa_i-6-fa_j-7-t_index-4.txt
[Thu Dec 12 02:14:05 2024] >> {'A': ['x', 'x', 'x', 'x', 'x', 'x', 'x', 'b'], 'B': ['x', 'x', 'x', 'x', 'x', 'x', 'x', 'b'], 'accu': 0.9764862060546875, 'TP': 15486, 'TN': 48509, 'FP': 898, 'FN': 643}
[Thu Dec 12 02:14:05 2024] >> 
[Thu Dec 12 02:14:05 2024] >> dataset/fa_i-6-fa_j-7-t_index-5.txt
[Thu Dec 12 02:15:54 2024] >> {'A': ['x', 'x', 'x', 'x', 'x', 'x', 'b', 'b'], 'B': ['b', 'b', 'x', 'x', 'x', 'x', 'x', 'x'], 'accu': 0.9931640625, 'TP': 24256, 'TN': 40832, 'FP': 320, 'FN': 128}
[Thu Dec 12 02:15:54 2024] >> 