[Mon Dec 16 13:00:34 2024] >> dataset/fa_i-0-fa_j-0-t_index-0.txt
[Mon Dec 16 13:00:35 2024] >> {'A': ['b', 'x', 'x', 'x', 'x', 'x', 'x', 'x'], 'B': ['x', 'x', 'x', 'x', 'x', 'x', 'x', 'x'], 'accu': 0.875, 'TP': 0, 'TN': 57344, 'FP': 0, 'FN': 8192}
[Mon Dec 16 13:00:35 2024] >> max bit:	1
[Mon Dec 16 13:00:35 2024] >> accuracy:	0.875	+0.84[TRUE]
[Mon Dec 16 13:00:35 2024] >> exe time:	1.43s 

[Mon Dec 16 13:00:35 2024] >> dataset/fa_i-0-fa_j-0-t_index-1.txt
[Mon Dec 16 13:00:43 2024] >> {'A': ['x', 'x', 'x', 'x', 'x', 'x', 'b', 'x'], 'B': ['b', 'x', 'x', 'x', 'x', 'x', 'x', 'x'], 'accu': 0.8701171875, 'TP': 16128, 'TN': 40896, 'FP': 256, 'FN': 8256}
[Mon Dec 16 13:00:43 2024] >> max bit:	2
[Mon Dec 16 13:00:43 2024] >> accuracy:	0.8701171875	+0.84[TRUE]
[Mon Dec 16 13:00:43 2024] >> exe time:	7.26s 

[Mon Dec 16 13:00:43 2024] >> dataset/fa_i-0-fa_j-0-t_index-2.txt
[Mon Dec 16 13:00:44 2024] >> {'A': ['b', 'x', 'x', 'x', 'x', 'x', 'x', 'x'], 'B': ['x', 'x', 'x', 'x', 'x', 'x', 'x', 'x'], 'accu': 1.0, 'TP': 0, 'TN': 65536, 'FP': 0, 'FN': 0}
[Mon Dec 16 13:00:44 2024] >> max bit:	1
[Mon Dec 16 13:00:44 2024] >> accuracy:	1.0	+0.84[TRUE]
[Mon Dec 16 13:00:44 2024] >> exe time:	1.52s 

[Mon Dec 16 13:00:44 2024] >> dataset/fa_i-0-fa_j-0-t_index-3.txt
[Mon Dec 16 13:00:52 2024] >> {'A': ['x', 'x', 'x', 'x', 'x', 'x', 'b', 'x'], 'B': ['b', 'x', 'x', 'x', 'x', 'x', 'x', 'x'], 'accu': 0.8701171875, 'TP': 16128, 'TN': 40896, 'FP': 256, 'FN': 8256}
[Mon Dec 16 13:00:52 2024] >> max bit:	2
[Mon Dec 16 13:00:52 2024] >> accuracy:	0.8701171875	+0.84[TRUE]
[Mon Dec 16 13:00:52 2024] >> exe time:	7.37s 

[Mon Dec 16 13:00:52 2024] >> dataset/fa_i-0-fa_j-0-t_index-4.txt
[Mon Dec 16 13:00:59 2024] >> {'A': ['x', 'x', 'x', 'x', 'x', 'x', 'b', 'x'], 'B': ['b', 'x', 'x', 'x', 'x', 'x', 'x', 'x'], 'accu': 0.8701171875, 'TP': 16128, 'TN': 40896, 'FP': 256, 'FN': 8256}
[Mon Dec 16 13:00:59 2024] >> max bit:	2
[Mon Dec 16 13:00:59 2024] >> accuracy:	0.8701171875	+0.84[TRUE]
[Mon Dec 16 13:00:59 2024] >> exe time:	7.19s 

[Mon Dec 16 13:00:59 2024] >> dataset/fa_i-0-fa_j-0-t_index-5.txt
[Mon Dec 16 13:01:00 2024] >> {'A': ['b', 'x', 'x', 'x', 'x', 'x', 'x', 'x'], 'B': ['x', 'x', 'x', 'x', 'x', 'x', 'x', 'x'], 'accu': 1.0, 'TP': 0, 'TN': 65536, 'FP': 0, 'FN': 0}
[Mon Dec 16 13:01:00 2024] >> max bit:	1
[Mon Dec 16 13:01:00 2024] >> accuracy:	1.0	+0.84[TRUE]
[Mon Dec 16 13:01:00 2024] >> exe time:	1.53s 

[Mon Dec 16 13:01:00 2024] >> dataset/fa_i-0-fa_j-1-t_index-0.txt
[Mon Dec 16 13:01:08 2024] >> {'A': ['x', 'x', 'b', 'x', 'x', 'x', 'x', 'x'], 'B': ['b', 'x', 'x', 'x', 'x', 'x', 'x', 'x'], 'accu': 0.9375, 'TP': 12288, 'TN': 49152, 'FP': 4096, 'FN': 0}
[Mon Dec 16 13:01:08 2024] >> max bit:	2
[Mon Dec 16 13:01:08 2024] >> accuracy:	0.9375	+0.84[TRUE]
[Mon Dec 16 13:01:08 2024] >> exe time:	7.29s 

[Mon Dec 16 13:01:08 2024] >> dataset/fa_i-0-fa_j-1-t_index-1.txt
[Mon Dec 16 13:01:15 2024] >> {'A': ['x', 'x', 'x', 'x', 'x', 'x', 'b', 'x'], 'B': ['b', 'x', 'x', 'x', 'x', 'x', 'x', 'x'], 'accu': 0.8701171875, 'TP': 16128, 'TN': 40896, 'FP': 256, 'FN': 8256}
[Mon Dec 16 13:01:15 2024] >> max bit:	2
[Mon Dec 16 13:01:15 2024] >> accuracy:	0.8701171875	+0.84[TRUE]
[Mon Dec 16 13:01:15 2024] >> exe time:	7.26s 

[Mon Dec 16 13:01:15 2024] >> dataset/fa_i-0-fa_j-1-t_index-2.txt
[Mon Dec 16 13:22:39 2024] >> {'A': ['b', 'b', 'b', 'x', 'x', 'x', 'x', 'x'], 'B': ['b', 'b', 'x', 'x', 'x', 'x', 'x', 'x'], 'accu': 0.8818359375, 'TP': 21440, 'TN': 36352, 'FP': 3136, 'FN': 4608}
[Mon Dec 16 13:22:39 2024] >> max bit:	5
[Mon Dec 16 13:22:39 2024] >> accuracy:	0.8818359375	+0.84[TRUE]
[Mon Dec 16 13:22:39 2024] >> exe time:	1284.46s 

[Mon Dec 16 13:22:39 2024] >> dataset/fa_i-0-fa_j-1-t_index-3.txt
[Mon Dec 16 13:22:46 2024] >> {'A': ['x', 'x', 'x', 'x', 'x', 'x', 'b', 'x'], 'B': ['b', 'x', 'x', 'x', 'x', 'x', 'x', 'x'], 'accu': 0.8701171875, 'TP': 16128, 'TN': 40896, 'FP': 256, 'FN': 8256}
[Mon Dec 16 13:22:46 2024] >> max bit:	2
[Mon Dec 16 13:22:46 2024] >> accuracy:	0.8701171875	+0.84[TRUE]
[Mon Dec 16 13:22:46 2024] >> exe time:	6.87s 

[Mon Dec 16 13:22:46 2024] >> dataset/fa_i-0-fa_j-1-t_index-4.txt
[Mon Dec 16 13:22:53 2024] >> {'A': ['x', 'x', 'x', 'x', 'x', 'x', 'b', 'x'], 'B': ['b', 'x', 'x', 'x', 'x', 'x', 'x', 'x'], 'accu': 0.8701171875, 'TP': 16128, 'TN': 40896, 'FP': 256, 'FN': 8256}
[Mon Dec 16 13:22:53 2024] >> max bit:	2
[Mon Dec 16 13:22:53 2024] >> accuracy:	0.8701171875	+0.84[TRUE]
[Mon Dec 16 13:22:53 2024] >> exe time:	6.96s 

[Mon Dec 16 13:22:53 2024] >> dataset/fa_i-0-fa_j-1-t_index-5.txt
[Mon Dec 16 13:44:15 2024] >> {'A': ['b', 'b', 'b', 'x', 'x', 'x', 'x', 'x'], 'B': ['b', 'b', 'x', 'x', 'x', 'x', 'x', 'x'], 'accu': 0.8818359375, 'TP': 21440, 'TN': 36352, 'FP': 3136, 'FN': 4608}
[Mon Dec 16 13:44:15 2024] >> max bit:	5
[Mon Dec 16 13:44:15 2024] >> accuracy:	0.8818359375	+0.84[TRUE]
[Mon Dec 16 13:44:15 2024] >> exe time:	1281.81s 

[Mon Dec 16 13:44:15 2024] >> dataset/fa_i-0-fa_j-2-t_index-0.txt
[Mon Dec 16 13:44:22 2024] >> {'A': ['x', 'x', 'x', 'b', 'x', 'x', 'x', 'x'], 'B': ['b', 'x', 'x', 'x', 'x', 'x', 'x', 'x'], 'accu': 0.8466796875, 'TP': 14656, 'TN': 40832, 'FP': 1728, 'FN': 8320}
[Mon Dec 16 13:44:22 2024] >> max bit:	2
[Mon Dec 16 13:44:22 2024] >> accuracy:	0.8466796875	+0.84[TRUE]
[Mon Dec 16 13:44:22 2024] >> exe time:	7.22s 

[Mon Dec 16 13:44:22 2024] >> dataset/fa_i-0-fa_j-2-t_index-1.txt
[Mon Dec 16 13:44:30 2024] >> {'A': ['x', 'x', 'x', 'x', 'x', 'x', 'b', 'x'], 'B': ['b', 'x', 'x', 'x', 'x', 'x', 'x', 'x'], 'accu': 0.8701171875, 'TP': 16128, 'TN': 40896, 'FP': 256, 'FN': 8256}
[Mon Dec 16 13:44:30 2024] >> max bit:	2
[Mon Dec 16 13:44:30 2024] >> accuracy:	0.8701171875	+0.84[TRUE]
[Mon Dec 16 13:44:30 2024] >> exe time:	7.29s 

[Mon Dec 16 13:44:30 2024] >> dataset/fa_i-0-fa_j-2-t_index-2.txt
[Mon Dec 16 14:05:51 2024] >> {'A': ['x', 'x', 'b', 'b', 'x', 'x', 'x', 'b'], 'B': ['b', 'b', 'x', 'x', 'x', 'x', 'x', 'x'], 'accu': 0.8720703125, 'TP': 24704, 'TN': 32448, 'FP': 6016, 'FN': 2368}
[Mon Dec 16 14:05:51 2024] >> max bit:	5
[Mon Dec 16 14:05:51 2024] >> accuracy:	0.8720703125	+0.84[TRUE]
[Mon Dec 16 14:05:51 2024] >> exe time:	1281.00s 

[Mon Dec 16 14:05:51 2024] >> dataset/fa_i-0-fa_j-2-t_index-3.txt
[Mon Dec 16 14:05:58 2024] >> {'A': ['x', 'x', 'x', 'x', 'x', 'x', 'b', 'x'], 'B': ['b', 'x', 'x', 'x', 'x', 'x', 'x', 'x'], 'accu': 0.8701171875, 'TP': 16128, 'TN': 40896, 'FP': 256, 'FN': 8256}
[Mon Dec 16 14:05:58 2024] >> max bit:	2
[Mon Dec 16 14:05:58 2024] >> accuracy:	0.8701171875	+0.84[TRUE]
[Mon Dec 16 14:05:58 2024] >> exe time:	7.33s 

[Mon Dec 16 14:05:58 2024] >> dataset/fa_i-0-fa_j-2-t_index-4.txt
[Mon Dec 16 14:06:05 2024] >> {'A': ['x', 'x', 'x', 'x', 'x', 'x', 'b', 'x'], 'B': ['b', 'x', 'x', 'x', 'x', 'x', 'x', 'x'], 'accu': 0.8701171875, 'TP': 16128, 'TN': 40896, 'FP': 256, 'FN': 8256}
[Mon Dec 16 14:06:05 2024] >> max bit:	2
[Mon Dec 16 14:06:05 2024] >> accuracy:	0.8701171875	+0.84[TRUE]
[Mon Dec 16 14:06:05 2024] >> exe time:	6.91s 

[Mon Dec 16 14:06:05 2024] >> dataset/fa_i-0-fa_j-2-t_index-5.txt
[Mon Dec 16 14:27:26 2024] >> {'A': ['x', 'x', 'b', 'b', 'x', 'x', 'x', 'b'], 'B': ['b', 'b', 'x', 'x', 'x', 'x', 'x', 'x'], 'accu': 0.8720703125, 'TP': 24704, 'TN': 32448, 'FP': 6016, 'FN': 2368}
[Mon Dec 16 14:27:26 2024] >> max bit:	5
[Mon Dec 16 14:27:26 2024] >> accuracy:	0.8720703125	+0.84[TRUE]
[Mon Dec 16 14:27:26 2024] >> exe time:	1280.95s 

[Mon Dec 16 14:27:26 2024] >> dataset/fa_i-0-fa_j-3-t_index-0.txt
[Mon Dec 16 14:27:33 2024] >> {'A': ['x', 'x', 'x', 'x', 'b', 'x', 'x', 'x'], 'B': ['b', 'x', 'x', 'x', 'x', 'x', 'x', 'x'], 'accu': 0.8681640625, 'TP': 15488, 'TN': 41408, 'FP': 896, 'FN': 7744}
[Mon Dec 16 14:27:33 2024] >> max bit:	2
[Mon Dec 16 14:27:33 2024] >> accuracy:	0.8681640625	+0.84[TRUE]
[Mon Dec 16 14:27:33 2024] >> exe time:	7.41s 

[Mon Dec 16 14:27:33 2024] >> dataset/fa_i-0-fa_j-3-t_index-1.txt
[Mon Dec 16 14:27:40 2024] >> {'A': ['x', 'x', 'x', 'x', 'x', 'x', 'b', 'x'], 'B': ['b', 'x', 'x', 'x', 'x', 'x', 'x', 'x'], 'accu': 0.8701171875, 'TP': 16128, 'TN': 40896, 'FP': 256, 'FN': 8256}
[Mon Dec 16 14:27:40 2024] >> max bit:	2
[Mon Dec 16 14:27:40 2024] >> accuracy:	0.8701171875	+0.84[TRUE]
[Mon Dec 16 14:27:40 2024] >> exe time:	7.03s 

[Mon Dec 16 14:27:40 2024] >> dataset/fa_i-0-fa_j-3-t_index-2.txt
[Mon Dec 16 14:32:21 2024] >> {'A': ['x', 'x', 'x', 'b', 'b', 'x', 'x', 'x'], 'B': ['b', 'b', 'x', 'x', 'x', 'x', 'x', 'x'], 'accu': 0.8623046875, 'TP': 21312, 'TN': 35200, 'FP': 3264, 'FN': 5760}
[Mon Dec 16 14:32:21 2024] >> max bit:	4
[Mon Dec 16 14:32:21 2024] >> accuracy:	0.8623046875	+0.84[TRUE]
[Mon Dec 16 14:32:21 2024] >> exe time:	280.82s 

[Mon Dec 16 14:32:21 2024] >> dataset/fa_i-0-fa_j-3-t_index-3.txt
[Mon Dec 16 14:32:28 2024] >> {'A': ['x', 'x', 'x', 'x', 'x', 'x', 'b', 'x'], 'B': ['b', 'x', 'x', 'x', 'x', 'x', 'x', 'x'], 'accu': 0.8701171875, 'TP': 16128, 'TN': 40896, 'FP': 256, 'FN': 8256}
[Mon Dec 16 14:32:28 2024] >> max bit:	2
[Mon Dec 16 14:32:28 2024] >> accuracy:	0.8701171875	+0.84[TRUE]
[Mon Dec 16 14:32:28 2024] >> exe time:	7.50s 

[Mon Dec 16 14:32:28 2024] >> dataset/fa_i-0-fa_j-3-t_index-4.txt
[Mon Dec 16 14:32:35 2024] >> {'A': ['x', 'x', 'x', 'x', 'x', 'x', 'b', 'x'], 'B': ['b', 'x', 'x', 'x', 'x', 'x', 'x', 'x'], 'accu': 0.8701171875, 'TP': 16128, 'TN': 40896, 'FP': 256, 'FN': 8256}
[Mon Dec 16 14:32:35 2024] >> max bit:	2
[Mon Dec 16 14:32:35 2024] >> accuracy:	0.8701171875	+0.84[TRUE]
[Mon Dec 16 14:32:35 2024] >> exe time:	7.01s 

[Mon Dec 16 14:32:35 2024] >> dataset/fa_i-0-fa_j-3-t_index-5.txt
[Mon Dec 16 14:37:17 2024] >> {'A': ['x', 'x', 'x', 'b', 'b', 'x', 'x', 'x'], 'B': ['b', 'b', 'x', 'x', 'x', 'x', 'x', 'x'], 'accu': 0.8623046875, 'TP': 21312, 'TN': 35200, 'FP': 3264, 'FN': 5760}
[Mon Dec 16 14:37:17 2024] >> max bit:	4
[Mon Dec 16 14:37:17 2024] >> accuracy:	0.8623046875	+0.84[TRUE]
[Mon Dec 16 14:37:17 2024] >> exe time:	281.13s 

[Mon Dec 16 14:37:17 2024] >> dataset/fa_i-0-fa_j-4-t_index-0.txt
[Mon Dec 16 14:37:24 2024] >> {'A': ['x', 'x', 'x', 'x', 'x', 'b', 'x', 'x'], 'B': ['b', 'x', 'x', 'x', 'x', 'x', 'x', 'x'], 'accu': 0.8740234375, 'TP': 15936, 'TN': 41344, 'FP': 448, 'FN': 7808}
[Mon Dec 16 14:37:24 2024] >> max bit:	2
[Mon Dec 16 14:37:24 2024] >> accuracy:	0.8740234375	+0.84[TRUE]
[Mon Dec 16 14:37:24 2024] >> exe time:	6.88s 

[Mon Dec 16 14:37:24 2024] >> dataset/fa_i-0-fa_j-4-t_index-1.txt
[Mon Dec 16 14:37:30 2024] >> {'A': ['x', 'x', 'x', 'x', 'x', 'x', 'b', 'x'], 'B': ['b', 'x', 'x', 'x', 'x', 'x', 'x', 'x'], 'accu': 0.8701171875, 'TP': 16128, 'TN': 40896, 'FP': 256, 'FN': 8256}
[Mon Dec 16 14:37:30 2024] >> max bit:	2
[Mon Dec 16 14:37:30 2024] >> accuracy:	0.8701171875	+0.84[TRUE]
[Mon Dec 16 14:37:30 2024] >> exe time:	6.94s 

[Mon Dec 16 14:37:30 2024] >> dataset/fa_i-0-fa_j-4-t_index-2.txt
[Mon Dec 16 14:42:12 2024] >> {'A': ['x', 'x', 'x', 'x', 'b', 'b', 'x', 'x'], 'B': ['b', 'b', 'x', 'x', 'x', 'x', 'x', 'x'], 'accu': 0.8818359375, 'TP': 24448, 'TN': 33344, 'FP': 4224, 'FN': 3520}
[Mon Dec 16 14:42:12 2024] >> max bit:	4
[Mon Dec 16 14:42:12 2024] >> accuracy:	0.8818359375	+0.84[TRUE]
[Mon Dec 16 14:42:12 2024] >> exe time:	281.13s 

[Mon Dec 16 14:42:12 2024] >> dataset/fa_i-0-fa_j-4-t_index-3.txt
[Mon Dec 16 14:42:19 2024] >> {'A': ['x', 'x', 'x', 'x', 'x', 'x', 'b', 'x'], 'B': ['b', 'x', 'x', 'x', 'x', 'x', 'x', 'x'], 'accu': 0.8701171875, 'TP': 16128, 'TN': 40896, 'FP': 256, 'FN': 8256}
[Mon Dec 16 14:42:19 2024] >> max bit:	2
[Mon Dec 16 14:42:19 2024] >> accuracy:	0.8701171875	+0.84[TRUE]
[Mon Dec 16 14:42:19 2024] >> exe time:	7.31s 

[Mon Dec 16 14:42:19 2024] >> dataset/fa_i-0-fa_j-4-t_index-4.txt
[Mon Dec 16 14:42:26 2024] >> {'A': ['x', 'x', 'x', 'x', 'x', 'x', 'b', 'x'], 'B': ['b', 'x', 'x', 'x', 'x', 'x', 'x', 'x'], 'accu': 0.8701171875, 'TP': 16128, 'TN': 40896, 'FP': 256, 'FN': 8256}
[Mon Dec 16 14:42:26 2024] >> max bit:	2
[Mon Dec 16 14:42:26 2024] >> accuracy:	0.8701171875	+0.84[TRUE]
[Mon Dec 16 14:42:26 2024] >> exe time:	7.21s 

[Mon Dec 16 14:42:26 2024] >> dataset/fa_i-0-fa_j-4-t_index-5.txt
[Mon Dec 16 14:47:06 2024] >> {'A': ['x', 'x', 'x', 'x', 'b', 'b', 'x', 'x'], 'B': ['b', 'b', 'x', 'x', 'x', 'x', 'x', 'x'], 'accu': 0.8818359375, 'TP': 24448, 'TN': 33344, 'FP': 4224, 'FN': 3520}
[Mon Dec 16 14:47:06 2024] >> max bit:	4
[Mon Dec 16 14:47:06 2024] >> accuracy:	0.8818359375	+0.84[TRUE]
[Mon Dec 16 14:47:06 2024] >> exe time:	279.92s 

[Mon Dec 16 14:47:06 2024] >> dataset/fa_i-0-fa_j-5-t_index-0.txt
[Mon Dec 16 14:47:13 2024] >> {'A': ['x', 'x', 'x', 'x', 'x', 'x', 'b', 'x'], 'B': ['b', 'x', 'x', 'x', 'x', 'x', 'x', 'x'], 'accu': 0.8701171875, 'TP': 16128, 'TN': 40896, 'FP': 256, 'FN': 8256}
[Mon Dec 16 14:47:13 2024] >> max bit:	2
[Mon Dec 16 14:47:13 2024] >> accuracy:	0.8701171875	+0.84[TRUE]
[Mon Dec 16 14:47:13 2024] >> exe time:	7.19s 

[Mon Dec 16 14:47:13 2024] >> dataset/fa_i-0-fa_j-5-t_index-1.txt
[Mon Dec 16 14:47:21 2024] >> {'A': ['x', 'x', 'x', 'x', 'x', 'x', 'b', 'x'], 'B': ['b', 'x', 'x', 'x', 'x', 'x', 'x', 'x'], 'accu': 0.8701171875, 'TP': 16128, 'TN': 40896, 'FP': 256, 'FN': 8256}
[Mon Dec 16 14:47:21 2024] >> max bit:	2
[Mon Dec 16 14:47:21 2024] >> accuracy:	0.8701171875	+0.84[TRUE]
[Mon Dec 16 14:47:21 2024] >> exe time:	7.39s 

[Mon Dec 16 14:47:21 2024] >> dataset/fa_i-0-fa_j-5-t_index-2.txt
[Mon Dec 16 14:52:02 2024] >> {'A': ['x', 'x', 'x', 'x', 'x', 'b', 'b', 'x'], 'B': ['b', 'b', 'x', 'x', 'x', 'x', 'x', 'x'], 'accu': 0.8984375, 'TP': 24192, 'TN': 34688, 'FP': 4480, 'FN': 2176}
[Mon Dec 16 14:52:02 2024] >> max bit:	4
[Mon Dec 16 14:52:02 2024] >> accuracy:	0.8984375	+0.84[TRUE]
[Mon Dec 16 14:52:02 2024] >> exe time:	281.48s 

[Mon Dec 16 14:52:02 2024] >> dataset/fa_i-0-fa_j-5-t_index-3.txt
[Mon Dec 16 14:52:10 2024] >> {'A': ['x', 'x', 'x', 'x', 'x', 'x', 'b', 'x'], 'B': ['b', 'x', 'x', 'x', 'x', 'x', 'x', 'x'], 'accu': 0.8701171875, 'TP': 16128, 'TN': 40896, 'FP': 256, 'FN': 8256}
[Mon Dec 16 14:52:10 2024] >> max bit:	2
[Mon Dec 16 14:52:10 2024] >> accuracy:	0.8701171875	+0.84[TRUE]
[Mon Dec 16 14:52:10 2024] >> exe time:	7.39s 

[Mon Dec 16 14:52:10 2024] >> dataset/fa_i-0-fa_j-5-t_index-4.txt
[Mon Dec 16 14:52:17 2024] >> {'A': ['x', 'x', 'x', 'x', 'x', 'x', 'b', 'x'], 'B': ['b', 'x', 'x', 'x', 'x', 'x', 'x', 'x'], 'accu': 0.8701171875, 'TP': 16128, 'TN': 40896, 'FP': 256, 'FN': 8256}
[Mon Dec 16 14:52:17 2024] >> max bit:	2
[Mon Dec 16 14:52:17 2024] >> accuracy:	0.8701171875	+0.84[TRUE]
[Mon Dec 16 14:52:17 2024] >> exe time:	7.39s 

[Mon Dec 16 14:52:17 2024] >> dataset/fa_i-0-fa_j-5-t_index-5.txt
[Mon Dec 16 14:56:57 2024] >> {'A': ['x', 'x', 'x', 'x', 'x', 'b', 'b', 'x'], 'B': ['b', 'b', 'x', 'x', 'x', 'x', 'x', 'x'], 'accu': 0.8984375, 'TP': 24192, 'TN': 34688, 'FP': 4480, 'FN': 2176}
[Mon Dec 16 14:56:57 2024] >> max bit:	4
[Mon Dec 16 14:56:57 2024] >> accuracy:	0.8984375	+0.84[TRUE]
[Mon Dec 16 14:56:57 2024] >> exe time:	280.24s 

[Mon Dec 16 14:56:57 2024] >> dataset/fa_i-0-fa_j-6-t_index-0.txt
[Mon Dec 16 14:57:05 2024] >> {'A': ['x', 'x', 'x', 'x', 'x', 'x', 'b', 'x'], 'B': ['b', 'x', 'x', 'x', 'x', 'x', 'x', 'x'], 'accu': 0.8701171875, 'TP': 16128, 'TN': 40896, 'FP': 256, 'FN': 8256}
[Mon Dec 16 14:57:05 2024] >> max bit:	2
[Mon Dec 16 14:57:05 2024] >> accuracy:	0.8701171875	+0.84[TRUE]
[Mon Dec 16 14:57:05 2024] >> exe time:	7.40s 

[Mon Dec 16 14:57:05 2024] >> dataset/fa_i-0-fa_j-6-t_index-1.txt
[Mon Dec 16 14:57:12 2024] >> {'A': ['x', 'x', 'x', 'x', 'x', 'x', 'x', 'b'], 'B': ['b', 'x', 'x', 'x', 'x', 'x', 'x', 'x'], 'accu': 0.998046875, 'TP': 16256, 'TN': 49152, 'FP': 128, 'FN': 0}
[Mon Dec 16 14:57:12 2024] >> max bit:	2
[Mon Dec 16 14:57:12 2024] >> accuracy:	0.998046875	+0.84[TRUE]
[Mon Dec 16 14:57:12 2024] >> exe time:	7.34s 

[Mon Dec 16 14:57:12 2024] >> dataset/fa_i-0-fa_j-6-t_index-2.txt
[Mon Dec 16 14:57:19 2024] >> {'A': ['x', 'x', 'x', 'x', 'x', 'x', 'b', 'x'], 'B': ['b', 'x', 'x', 'x', 'x', 'x', 'x', 'x'], 'accu': 0.8701171875, 'TP': 16128, 'TN': 40896, 'FP': 256, 'FN': 8256}
[Mon Dec 16 14:57:19 2024] >> max bit:	2
[Mon Dec 16 14:57:19 2024] >> accuracy:	0.8701171875	+0.84[TRUE]
[Mon Dec 16 14:57:19 2024] >> exe time:	7.33s 

[Mon Dec 16 14:57:19 2024] >> dataset/fa_i-0-fa_j-6-t_index-3.txt
[Mon Dec 16 15:01:59 2024] >> {'A': ['x', 'x', 'x', 'x', 'x', 'x', 'b', 'b'], 'B': ['b', 'b', 'x', 'x', 'x', 'x', 'x', 'x'], 'accu': 0.9736328125, 'TP': 28416, 'TN': 35392, 'FP': 256, 'FN': 1472}
[Mon Dec 16 15:01:59 2024] >> max bit:	4
[Mon Dec 16 15:01:59 2024] >> accuracy:	0.9736328125	+0.84[TRUE]
[Mon Dec 16 15:01:59 2024] >> exe time:	279.97s 

[Mon Dec 16 15:01:59 2024] >> dataset/fa_i-0-fa_j-6-t_index-4.txt
[Mon Dec 16 15:06:40 2024] >> {'A': ['x', 'x', 'x', 'x', 'x', 'x', 'b', 'b'], 'B': ['b', 'b', 'x', 'x', 'x', 'x', 'x', 'x'], 'accu': 0.9736328125, 'TP': 28416, 'TN': 35392, 'FP': 256, 'FN': 1472}
[Mon Dec 16 15:06:40 2024] >> max bit:	4
[Mon Dec 16 15:06:40 2024] >> accuracy:	0.9736328125	+0.84[TRUE]
[Mon Dec 16 15:06:40 2024] >> exe time:	281.24s 

[Mon Dec 16 15:06:40 2024] >> dataset/fa_i-0-fa_j-6-t_index-5.txt
[Mon Dec 16 15:06:48 2024] >> {'A': ['x', 'x', 'x', 'x', 'x', 'x', 'b', 'x'], 'B': ['b', 'x', 'x', 'x', 'x', 'x', 'x', 'x'], 'accu': 0.8701171875, 'TP': 16128, 'TN': 40896, 'FP': 256, 'FN': 8256}
[Mon Dec 16 15:06:48 2024] >> max bit:	2
[Mon Dec 16 15:06:48 2024] >> accuracy:	0.8701171875	+0.84[TRUE]
[Mon Dec 16 15:06:48 2024] >> exe time:	7.09s 

[Mon Dec 16 15:06:48 2024] >> dataset/fa_i-0-fa_j-7-t_index-0.txt
[Mon Dec 16 15:06:55 2024] >> {'A': ['x', 'x', 'x', 'x', 'x', 'x', 'b', 'x'], 'B': ['b', 'x', 'x', 'x', 'x', 'x', 'x', 'x'], 'accu': 0.8701171875, 'TP': 16128, 'TN': 40896, 'FP': 256, 'FN': 8256}
[Mon Dec 16 15:06:55 2024] >> max bit:	2
[Mon Dec 16 15:06:55 2024] >> accuracy:	0.8701171875	+0.84[TRUE]
[Mon Dec 16 15:06:55 2024] >> exe time:	7.42s 

[Mon Dec 16 15:06:55 2024] >> dataset/fa_i-0-fa_j-7-t_index-1.txt
[Mon Dec 16 15:06:56 2024] >> {'A': ['b', 'x', 'x', 'x', 'x', 'x', 'x', 'x'], 'B': ['x', 'x', 'x', 'x', 'x', 'x', 'x', 'x'], 'accu': 0.85546875, 'TP': 0, 'TN': 56064, 'FP': 0, 'FN': 9472}
[Mon Dec 16 15:06:56 2024] >> max bit:	1
[Mon Dec 16 15:06:56 2024] >> accuracy:	0.85546875	+0.84[TRUE]
[Mon Dec 16 15:06:56 2024] >> exe time:	1.25s 

[Mon Dec 16 15:06:56 2024] >> dataset/fa_i-0-fa_j-7-t_index-2.txt
[Mon Dec 16 15:07:45 2024] >> {'A': ['x', 'x', 'x', 'x', 'x', 'x', 'x', 'b'], 'B': ['b', 'b', 'x', 'x', 'x', 'x', 'x', 'x'], 'accu': 0.998046875, 'TP': 16256, 'TN': 49152, 'FP': 128, 'FN': 0}
[Mon Dec 16 15:07:45 2024] >> max bit:	3
[Mon Dec 16 15:07:45 2024] >> accuracy:	0.998046875	+0.84[TRUE]
[Mon Dec 16 15:07:45 2024] >> exe time:	48.96s 

[Mon Dec 16 15:07:45 2024] >> dataset/fa_i-0-fa_j-7-t_index-3.txt
[Mon Dec 16 15:07:53 2024] >> {'A': ['x', 'x', 'x', 'x', 'x', 'x', 'b', 'x'], 'B': ['b', 'x', 'x', 'x', 'x', 'x', 'x', 'x'], 'accu': 0.8701171875, 'TP': 16128, 'TN': 40896, 'FP': 256, 'FN': 8256}
[Mon Dec 16 15:07:53 2024] >> max bit:	2
[Mon Dec 16 15:07:53 2024] >> accuracy:	0.8701171875	+0.84[TRUE]
[Mon Dec 16 15:07:53 2024] >> exe time:	7.43s 

[Mon Dec 16 15:07:53 2024] >> dataset/fa_i-0-fa_j-7-t_index-4.txt
[Mon Dec 16 15:08:00 2024] >> {'A': ['x', 'x', 'x', 'x', 'x', 'x', 'b', 'x'], 'B': ['b', 'x', 'x', 'x', 'x', 'x', 'x', 'x'], 'accu': 0.8701171875, 'TP': 16128, 'TN': 40896, 'FP': 256, 'FN': 8256}
[Mon Dec 16 15:08:00 2024] >> max bit:	2
[Mon Dec 16 15:08:00 2024] >> accuracy:	0.8701171875	+0.84[TRUE]
[Mon Dec 16 15:08:00 2024] >> exe time:	7.31s 

[Mon Dec 16 15:08:00 2024] >> dataset/fa_i-0-fa_j-7-t_index-5.txt
[Mon Dec 16 15:08:49 2024] >> {'A': ['x', 'x', 'x', 'x', 'x', 'x', 'x', 'b'], 'B': ['b', 'b', 'x', 'x', 'x', 'x', 'x', 'x'], 'accu': 0.998046875, 'TP': 16256, 'TN': 49152, 'FP': 128, 'FN': 0}
[Mon Dec 16 15:08:49 2024] >> max bit:	3
[Mon Dec 16 15:08:49 2024] >> accuracy:	0.998046875	+0.84[TRUE]
[Mon Dec 16 15:08:49 2024] >> exe time:	49.01s 

[Mon Dec 16 15:08:49 2024] >> dataset/fa_i-1-fa_j-0-t_index-0.txt
[Mon Dec 16 15:30:10 2024] >> {'A': ['b', 'b', 'b', 'x', 'x', 'x', 'x', 'x'], 'B': ['b', 'b', 'x', 'x', 'x', 'x', 'x', 'x'], 'accu': 0.8916015625, 'TP': 22144, 'TN': 36288, 'FP': 2432, 'FN': 4672}
[Mon Dec 16 15:30:10 2024] >> max bit:	5
[Mon Dec 16 15:30:10 2024] >> accuracy:	0.8916015625	+0.84[TRUE]
[Mon Dec 16 15:30:10 2024] >> exe time:	1280.68s 

[Mon Dec 16 15:30:10 2024] >> dataset/fa_i-1-fa_j-0-t_index-1.txt
[Mon Dec 16 15:30:17 2024] >> {'A': ['x', 'x', 'x', 'x', 'x', 'x', 'b', 'x'], 'B': ['b', 'x', 'x', 'x', 'x', 'x', 'x', 'x'], 'accu': 0.8701171875, 'TP': 16128, 'TN': 40896, 'FP': 256, 'FN': 8256}
[Mon Dec 16 15:30:17 2024] >> max bit:	2
[Mon Dec 16 15:30:17 2024] >> accuracy:	0.8701171875	+0.84[TRUE]
[Mon Dec 16 15:30:17 2024] >> exe time:	7.31s 

[Mon Dec 16 15:30:17 2024] >> dataset/fa_i-1-fa_j-0-t_index-2.txt
[Mon Dec 16 15:30:18 2024] >> {'A': ['x', 'x', 'x', 'x', 'x', 'x', 'x', 'x'], 'B': ['x', 'b', 'x', 'x', 'x', 'x', 'x', 'x'], 'accu': 1.0, 'TP': 0, 'TN': 65536, 'FP': 0, 'FN': 0}
[Mon Dec 16 15:30:18 2024] >> max bit:	1
[Mon Dec 16 15:30:18 2024] >> accuracy:	1.0	+0.84[TRUE]
[Mon Dec 16 15:30:18 2024] >> exe time:	1.21s 

[Mon Dec 16 15:30:18 2024] >> dataset/fa_i-1-fa_j-0-t_index-3.txt
[Mon Dec 16 15:51:31 2024] >> {'A': ['b', 'x', 'x', 'x', 'x', 'x', 'x', 'b'], 'B': ['b', 'b', 'b', 'x', 'x', 'x', 'x', 'x'], 'accu': 0.7675933837890625, 'TP': 24993, 'TN': 25312, 'FP': 3679, 'FN': 11552}
[Mon Dec 16 15:51:31 2024] >> max bit:	5
[Mon Dec 16 15:51:31 2024] >> accuracy:	0.7675933837890625	+0.84[FALSE]
[Mon Dec 16 15:51:31 2024] >> exe time:	1273.11s 

[Mon Dec 16 15:51:31 2024] >> dataset/fa_i-1-fa_j-0-t_index-4.txt
[Mon Dec 16 16:12:42 2024] >> {'A': ['b', 'x', 'x', 'x', 'x', 'x', 'x', 'b'], 'B': ['b', 'b', 'b', 'x', 'x', 'x', 'x', 'x'], 'accu': 0.7675933837890625, 'TP': 24993, 'TN': 25312, 'FP': 3679, 'FN': 11552}
[Mon Dec 16 16:12:42 2024] >> max bit:	5
[Mon Dec 16 16:12:42 2024] >> accuracy:	0.7675933837890625	+0.84[FALSE]
[Mon Dec 16 16:12:42 2024] >> exe time:	1271.18s 

[Mon Dec 16 16:12:42 2024] >> dataset/fa_i-1-fa_j-0-t_index-5.txt
[Mon Dec 16 16:12:44 2024] >> {'A': ['b', 'x', 'x', 'x', 'x', 'x', 'x', 'x'], 'B': ['x', 'x', 'x', 'x', 'x', 'x', 'x', 'x'], 'accu': 1.0, 'TP': 0, 'TN': 65536, 'FP': 0, 'FN': 0}
[Mon Dec 16 16:12:44 2024] >> max bit:	1
[Mon Dec 16 16:12:44 2024] >> accuracy:	1.0	+0.84[TRUE]
[Mon Dec 16 16:12:44 2024] >> exe time:	1.53s 

[Mon Dec 16 16:12:44 2024] >> dataset/fa_i-1-fa_j-1-t_index-0.txt
[Mon Dec 16 16:34:02 2024] >> {'A': ['x', 'b', 'x', 'b', 'x', 'x', 'x', 'b'], 'B': ['b', 'b', 'x', 'x', 'x', 'x', 'x', 'x'], 'accu': 0.82421875, 'TP': 21184, 'TN': 32832, 'FP': 5440, 'FN': 6080}
[Mon Dec 16 16:34:02 2024] >> max bit:	5
[Mon Dec 16 16:34:02 2024] >> accuracy:	0.82421875	+0.84[FALSE]
[Mon Dec 16 16:34:02 2024] >> exe time:	1278.21s 

[Mon Dec 16 16:34:02 2024] >> dataset/fa_i-1-fa_j-1-t_index-1.txt
[Mon Dec 16 16:34:10 2024] >> {'A': ['x', 'x', 'x', 'x', 'x', 'x', 'b', 'x'], 'B': ['b', 'x', 'x', 'x', 'x', 'x', 'x', 'x'], 'accu': 0.8701171875, 'TP': 16128, 'TN': 40896, 'FP': 256, 'FN': 8256}
[Mon Dec 16 16:34:10 2024] >> max bit:	2
[Mon Dec 16 16:34:10 2024] >> accuracy:	0.8701171875	+0.84[TRUE]
[Mon Dec 16 16:34:10 2024] >> exe time:	7.33s 

[Mon Dec 16 16:34:10 2024] >> dataset/fa_i-1-fa_j-1-t_index-2.txt
[Mon Dec 16 16:55:28 2024] >> {'A': ['b', 'b', 'x', 'b', 'x', 'x', 'x', 'x'], 'B': ['b', 'x', 'b', 'x', 'x', 'x', 'x', 'x'], 'accu': 0.74169921875, 'TP': 18688, 'TN': 29920, 'FP': 5888, 'FN': 11040}
[Mon Dec 16 16:55:28 2024] >> max bit:	5
[Mon Dec 16 16:55:28 2024] >> accuracy:	0.74169921875	+0.84[FALSE]
[Mon Dec 16 16:55:28 2024] >> exe time:	1278.14s 

[Mon Dec 16 16:55:28 2024] >> dataset/fa_i-1-fa_j-1-t_index-3.txt
[Mon Dec 16 17:16:42 2024] >> {'A': ['b', 'b', 'x', 'b', 'x', 'x', 'x', 'x'], 'B': ['b', 'x', 'b', 'x', 'x', 'x', 'x', 'x'], 'accu': 0.7343902587890625, 'TP': 30625, 'TN': 17504, 'FP': 10335, 'FN': 7072}
[Mon Dec 16 17:16:42 2024] >> max bit:	5
[Mon Dec 16 17:16:42 2024] >> accuracy:	0.7343902587890625	+0.84[FALSE]
[Mon Dec 16 17:16:42 2024] >> exe time:	1273.80s 

[Mon Dec 16 17:16:42 2024] >> dataset/fa_i-1-fa_j-1-t_index-4.txt
[Mon Dec 16 17:37:59 2024] >> {'A': ['b', 'b', 'x', 'b', 'x', 'x', 'x', 'x'], 'B': ['b', 'x', 'b', 'x', 'x', 'x', 'x', 'x'], 'accu': 0.7343902587890625, 'TP': 30625, 'TN': 17504, 'FP': 10335, 'FN': 7072}
[Mon Dec 16 17:37:59 2024] >> max bit:	5
[Mon Dec 16 17:37:59 2024] >> accuracy:	0.7343902587890625	+0.84[FALSE]
[Mon Dec 16 17:37:59 2024] >> exe time:	1277.64s 

[Mon Dec 16 17:37:59 2024] >> dataset/fa_i-1-fa_j-1-t_index-5.txt
[Mon Dec 16 17:59:28 2024] >> {'A': ['b', 'b', 'x', 'b', 'x', 'x', 'x', 'x'], 'B': ['b', 'x', 'b', 'x', 'x', 'x', 'x', 'x'], 'accu': 0.74169921875, 'TP': 18688, 'TN': 29920, 'FP': 5888, 'FN': 11040}
[Mon Dec 16 17:59:28 2024] >> max bit:	5
[Mon Dec 16 17:59:28 2024] >> accuracy:	0.74169921875	+0.84[FALSE]
[Mon Dec 16 17:59:28 2024] >> exe time:	1288.93s 

[Mon Dec 16 17:59:28 2024] >> dataset/fa_i-1-fa_j-2-t_index-0.txt
[Mon Dec 16 18:20:53 2024] >> {'A': ['x', 'x', 'x', 'b', 'b', 'x', 'x', 'b'], 'B': ['b', 'b', 'x', 'x', 'x', 'x', 'x', 'x'], 'accu': 0.8603515625, 'TP': 25728, 'TN': 30656, 'FP': 7040, 'FN': 2112}
[Mon Dec 16 18:20:53 2024] >> max bit:	5
[Mon Dec 16 18:20:53 2024] >> accuracy:	0.8603515625	+0.84[TRUE]
[Mon Dec 16 18:20:53 2024] >> exe time:	1285.07s 

[Mon Dec 16 18:20:53 2024] >> dataset/fa_i-1-fa_j-2-t_index-1.txt
[Mon Dec 16 18:21:01 2024] >> {'A': ['x', 'x', 'x', 'x', 'x', 'x', 'b', 'x'], 'B': ['b', 'x', 'x', 'x', 'x', 'x', 'x', 'x'], 'accu': 0.8701171875, 'TP': 16128, 'TN': 40896, 'FP': 256, 'FN': 8256}
[Mon Dec 16 18:21:01 2024] >> max bit:	2
[Mon Dec 16 18:21:01 2024] >> accuracy:	0.8701171875	+0.84[TRUE]
[Mon Dec 16 18:21:01 2024] >> exe time:	7.37s 

[Mon Dec 16 18:21:01 2024] >> dataset/fa_i-1-fa_j-2-t_index-2.txt
[Mon Dec 16 18:42:24 2024] >> {'A': ['x', 'x', 'x', 'x', 'b', 'x', 'x', 'b'], 'B': ['b', 'b', 'b', 'x', 'x', 'x', 'x', 'x'], 'accu': 0.728515625, 'TP': 19488, 'TN': 28256, 'FP': 7136, 'FN': 10656}
[Mon Dec 16 18:42:24 2024] >> max bit:	5
[Mon Dec 16 18:42:24 2024] >> accuracy:	0.728515625	+0.84[FALSE]
[Mon Dec 16 18:42:24 2024] >> exe time:	1283.88s 

[Mon Dec 16 18:42:24 2024] >> dataset/fa_i-1-fa_j-2-t_index-3.txt
[Mon Dec 16 19:03:40 2024] >> {'A': ['x', 'x', 'x', 'x', 'b', 'x', 'x', 'b'], 'B': ['b', 'b', 'b', 'x', 'x', 'x', 'x', 'x'], 'accu': 0.7314605712890625, 'TP': 27841, 'TN': 20096, 'FP': 6975, 'FN': 10624}
[Mon Dec 16 19:03:40 2024] >> max bit:	5
[Mon Dec 16 19:03:40 2024] >> accuracy:	0.7314605712890625	+0.84[FALSE]
[Mon Dec 16 19:03:40 2024] >> exe time:	1275.31s 

[Mon Dec 16 19:03:40 2024] >> dataset/fa_i-1-fa_j-2-t_index-4.txt
[Mon Dec 16 19:24:54 2024] >> {'A': ['x', 'x', 'x', 'x', 'b', 'x', 'x', 'b'], 'B': ['b', 'b', 'b', 'x', 'x', 'x', 'x', 'x'], 'accu': 0.7314605712890625, 'TP': 27841, 'TN': 20096, 'FP': 6975, 'FN': 10624}
[Mon Dec 16 19:24:54 2024] >> max bit:	5
[Mon Dec 16 19:24:54 2024] >> accuracy:	0.7314605712890625	+0.84[FALSE]
[Mon Dec 16 19:24:54 2024] >> exe time:	1274.08s 

[Mon Dec 16 19:24:54 2024] >> dataset/fa_i-1-fa_j-2-t_index-5.txt
[Mon Dec 16 19:46:16 2024] >> {'A': ['x', 'x', 'x', 'x', 'b', 'x', 'x', 'b'], 'B': ['b', 'b', 'b', 'x', 'x', 'x', 'x', 'x'], 'accu': 0.728515625, 'TP': 19488, 'TN': 28256, 'FP': 7136, 'FN': 10656}
[Mon Dec 16 19:46:16 2024] >> max bit:	5
[Mon Dec 16 19:46:16 2024] >> accuracy:	0.728515625	+0.84[FALSE]
[Mon Dec 16 19:46:16 2024] >> exe time:	1282.55s 

[Mon Dec 16 19:46:16 2024] >> dataset/fa_i-1-fa_j-3-t_index-0.txt
[Mon Dec 16 19:50:57 2024] >> {'A': ['x', 'x', 'x', 'x', 'b', 'b', 'x', 'x'], 'B': ['b', 'b', 'x', 'x', 'x', 'x', 'x', 'x'], 'accu': 0.845703125, 'TP': 25152, 'TN': 30272, 'FP': 7616, 'FN': 2496}
[Mon Dec 16 19:50:57 2024] >> max bit:	4
[Mon Dec 16 19:50:57 2024] >> accuracy:	0.845703125	+0.84[TRUE]
[Mon Dec 16 19:50:57 2024] >> exe time:	280.29s 

[Mon Dec 16 19:50:57 2024] >> dataset/fa_i-1-fa_j-3-t_index-1.txt
[Mon Dec 16 19:51:04 2024] >> {'A': ['x', 'x', 'x', 'x', 'x', 'x', 'b', 'x'], 'B': ['b', 'x', 'x', 'x', 'x', 'x', 'x', 'x'], 'accu': 0.8701171875, 'TP': 16128, 'TN': 40896, 'FP': 256, 'FN': 8256}
[Mon Dec 16 19:51:04 2024] >> max bit:	2
[Mon Dec 16 19:51:04 2024] >> accuracy:	0.8701171875	+0.84[TRUE]
[Mon Dec 16 19:51:04 2024] >> exe time:	7.27s 

[Mon Dec 16 19:51:04 2024] >> dataset/fa_i-1-fa_j-3-t_index-2.txt
[Mon Dec 16 20:12:25 2024] >> {'A': ['x', 'x', 'x', 'b', 'x', 'b', 'x', 'x'], 'B': ['b', 'b', 'b', 'x', 'x', 'x', 'x', 'x'], 'accu': 0.75537109375, 'TP': 24704, 'TN': 24800, 'FP': 10112, 'FN': 5920}
[Mon Dec 16 20:12:25 2024] >> max bit:	5
[Mon Dec 16 20:12:25 2024] >> accuracy:	0.75537109375	+0.84[FALSE]
[Mon Dec 16 20:12:25 2024] >> exe time:	1280.88s 

[Mon Dec 16 20:12:25 2024] >> dataset/fa_i-1-fa_j-3-t_index-3.txt
[Mon Dec 16 20:33:38 2024] >> {'A': ['x', 'x', 'x', 'b', 'x', 'b', 'x', 'x'], 'B': ['b', 'b', 'b', 'x', 'x', 'x', 'x', 'x'], 'accu': 0.7529449462890625, 'TP': 32705, 'TN': 16640, 'FP': 10303, 'FN': 5888}
[Mon Dec 16 20:33:38 2024] >> max bit:	5
[Mon Dec 16 20:33:38 2024] >> accuracy:	0.7529449462890625	+0.84[FALSE]
[Mon Dec 16 20:33:38 2024] >> exe time:	1273.64s 

[Mon Dec 16 20:33:38 2024] >> dataset/fa_i-1-fa_j-3-t_index-4.txt
[Mon Dec 16 20:54:50 2024] >> {'A': ['x', 'x', 'x', 'b', 'x', 'b', 'x', 'x'], 'B': ['b', 'b', 'b', 'x', 'x', 'x', 'x', 'x'], 'accu': 0.7529449462890625, 'TP': 32705, 'TN': 16640, 'FP': 10303, 'FN': 5888}
[Mon Dec 16 20:54:50 2024] >> max bit:	5
[Mon Dec 16 20:54:50 2024] >> accuracy:	0.7529449462890625	+0.84[FALSE]
[Mon Dec 16 20:54:50 2024] >> exe time:	1271.66s 

[Mon Dec 16 20:54:50 2024] >> dataset/fa_i-1-fa_j-3-t_index-5.txt
[Mon Dec 16 21:16:15 2024] >> {'A': ['x', 'x', 'x', 'b', 'x', 'b', 'x', 'x'], 'B': ['b', 'b', 'b', 'x', 'x', 'x', 'x', 'x'], 'accu': 0.75537109375, 'TP': 24704, 'TN': 24800, 'FP': 10112, 'FN': 5920}
[Mon Dec 16 21:16:15 2024] >> max bit:	5
[Mon Dec 16 21:16:15 2024] >> accuracy:	0.75537109375	+0.84[FALSE]
[Mon Dec 16 21:16:15 2024] >> exe time:	1285.27s 

[Mon Dec 16 21:16:15 2024] >> dataset/fa_i-1-fa_j-4-t_index-0.txt
[Mon Dec 16 21:20:56 2024] >> {'A': ['x', 'x', 'x', 'x', 'x', 'b', 'b', 'x'], 'B': ['b', 'b', 'x', 'x', 'x', 'x', 'x', 'x'], 'accu': 0.857421875, 'TP': 27648, 'TN': 28544, 'FP': 9216, 'FN': 128}
[Mon Dec 16 21:20:56 2024] >> max bit:	4
[Mon Dec 16 21:20:56 2024] >> accuracy:	0.857421875	+0.84[TRUE]
[Mon Dec 16 21:20:56 2024] >> exe time:	280.80s 

[Mon Dec 16 21:20:56 2024] >> dataset/fa_i-1-fa_j-4-t_index-1.txt
[Mon Dec 16 21:21:04 2024] >> {'A': ['x', 'x', 'x', 'x', 'x', 'x', 'b', 'x'], 'B': ['b', 'x', 'x', 'x', 'x', 'x', 'x', 'x'], 'accu': 0.8701171875, 'TP': 16128, 'TN': 40896, 'FP': 256, 'FN': 8256}
[Mon Dec 16 21:21:04 2024] >> max bit:	2
[Mon Dec 16 21:21:04 2024] >> accuracy:	0.8701171875	+0.84[TRUE]
[Mon Dec 16 21:21:04 2024] >> exe time:	7.34s 

[Mon Dec 16 21:21:04 2024] >> dataset/fa_i-1-fa_j-4-t_index-2.txt
[Mon Dec 16 21:42:26 2024] >> {'A': ['x', 'x', 'x', 'x', 'b', 'x', 'b', 'x'], 'B': ['b', 'b', 'b', 'x', 'x', 'x', 'x', 'x'], 'accu': 0.798828125, 'TP': 25856, 'TN': 26496, 'FP': 8960, 'FN': 4224}
[Mon Dec 16 21:42:26 2024] >> max bit:	5
[Mon Dec 16 21:42:26 2024] >> accuracy:	0.798828125	+0.84[FALSE]
[Mon Dec 16 21:42:26 2024] >> exe time:	1282.68s 

[Mon Dec 16 21:42:26 2024] >> dataset/fa_i-1-fa_j-4-t_index-3.txt
[Mon Dec 16 21:42:34 2024] >> {'A': ['x', 'x', 'x', 'x', 'x', 'x', 'b', 'x'], 'B': ['b', 'x', 'x', 'x', 'x', 'x', 'x', 'x'], 'accu': 0.8701171875, 'TP': 16128, 'TN': 40896, 'FP': 256, 'FN': 8256}
[Mon Dec 16 21:42:34 2024] >> max bit:	2
[Mon Dec 16 21:42:34 2024] >> accuracy:	0.8701171875	+0.84[TRUE]
[Mon Dec 16 21:42:34 2024] >> exe time:	7.45s 

[Mon Dec 16 21:42:34 2024] >> dataset/fa_i-1-fa_j-4-t_index-4.txt
[Mon Dec 16 21:42:41 2024] >> {'A': ['x', 'x', 'x', 'x', 'x', 'x', 'b', 'x'], 'B': ['b', 'x', 'x', 'x', 'x', 'x', 'x', 'x'], 'accu': 0.8701171875, 'TP': 16128, 'TN': 40896, 'FP': 256, 'FN': 8256}
[Mon Dec 16 21:42:41 2024] >> max bit:	2
[Mon Dec 16 21:42:41 2024] >> accuracy:	0.8701171875	+0.84[TRUE]
[Mon Dec 16 21:42:41 2024] >> exe time:	7.26s 

[Mon Dec 16 21:42:41 2024] >> dataset/fa_i-1-fa_j-4-t_index-5.txt
[Mon Dec 16 22:04:02 2024] >> {'A': ['x', 'x', 'x', 'x', 'b', 'x', 'b', 'x'], 'B': ['b', 'b', 'b', 'x', 'x', 'x', 'x', 'x'], 'accu': 0.798828125, 'TP': 25856, 'TN': 26496, 'FP': 8960, 'FN': 4224}
[Mon Dec 16 22:04:02 2024] >> max bit:	5
[Mon Dec 16 22:04:02 2024] >> accuracy:	0.798828125	+0.84[FALSE]
[Mon Dec 16 22:04:02 2024] >> exe time:	1281.46s 

[Mon Dec 16 22:04:02 2024] >> dataset/fa_i-1-fa_j-5-t_index-0.txt
[Mon Dec 16 22:04:10 2024] >> {'A': ['x', 'x', 'x', 'x', 'x', 'x', 'b', 'x'], 'B': ['b', 'x', 'x', 'x', 'x', 'x', 'x', 'x'], 'accu': 0.8701171875, 'TP': 16128, 'TN': 40896, 'FP': 256, 'FN': 8256}
[Mon Dec 16 22:04:10 2024] >> max bit:	2
[Mon Dec 16 22:04:10 2024] >> accuracy:	0.8701171875	+0.84[TRUE]
[Mon Dec 16 22:04:10 2024] >> exe time:	7.46s 

[Mon Dec 16 22:04:10 2024] >> dataset/fa_i-1-fa_j-5-t_index-1.txt
[Mon Dec 16 22:04:58 2024] >> {'A': ['x', 'x', 'x', 'x', 'x', 'x', 'x', 'b'], 'B': ['b', 'b', 'x', 'x', 'x', 'x', 'x', 'x'], 'accu': 0.892578125, 'TP': 24384, 'TN': 34112, 'FP': 192, 'FN': 6848}
[Mon Dec 16 22:04:58 2024] >> max bit:	3
[Mon Dec 16 22:04:58 2024] >> accuracy:	0.892578125	+0.84[TRUE]
[Mon Dec 16 22:04:58 2024] >> exe time:	48.27s 

[Mon Dec 16 22:04:58 2024] >> dataset/fa_i-1-fa_j-5-t_index-2.txt
[Mon Dec 16 22:05:05 2024] >> {'A': ['x', 'x', 'x', 'x', 'x', 'x', 'b', 'x'], 'B': ['b', 'x', 'x', 'x', 'x', 'x', 'x', 'x'], 'accu': 0.8701171875, 'TP': 16128, 'TN': 40896, 'FP': 256, 'FN': 8256}
[Mon Dec 16 22:05:05 2024] >> max bit:	2
[Mon Dec 16 22:05:05 2024] >> accuracy:	0.8701171875	+0.84[TRUE]
[Mon Dec 16 22:05:05 2024] >> exe time:	7.14s 

[Mon Dec 16 22:05:05 2024] >> dataset/fa_i-1-fa_j-5-t_index-3.txt
[Mon Dec 16 22:26:23 2024] >> {'A': ['x', 'x', 'x', 'x', 'x', 'b', 'x', 'b'], 'B': ['b', 'b', 'b', 'x', 'x', 'x', 'x', 'x'], 'accu': 0.85546875, 'TP': 23520, 'TN': 32544, 'FP': 1056, 'FN': 8416}
[Mon Dec 16 22:26:23 2024] >> max bit:	5
[Mon Dec 16 22:26:23 2024] >> accuracy:	0.85546875	+0.84[TRUE]
[Mon Dec 16 22:26:23 2024] >> exe time:	1277.50s 

[Mon Dec 16 22:26:23 2024] >> dataset/fa_i-1-fa_j-5-t_index-4.txt
[Mon Dec 16 22:47:38 2024] >> {'A': ['x', 'x', 'x', 'x', 'x', 'b', 'x', 'b'], 'B': ['b', 'b', 'b', 'x', 'x', 'x', 'x', 'x'], 'accu': 0.85546875, 'TP': 23520, 'TN': 32544, 'FP': 1056, 'FN': 8416}
[Mon Dec 16 22:47:38 2024] >> max bit:	5
[Mon Dec 16 22:47:38 2024] >> accuracy:	0.85546875	+0.84[TRUE]
[Mon Dec 16 22:47:38 2024] >> exe time:	1275.27s 

[Mon Dec 16 22:47:38 2024] >> dataset/fa_i-1-fa_j-5-t_index-5.txt
[Mon Dec 16 22:47:45 2024] >> {'A': ['x', 'x', 'x', 'x', 'x', 'x', 'b', 'x'], 'B': ['b', 'x', 'x', 'x', 'x', 'x', 'x', 'x'], 'accu': 0.8701171875, 'TP': 16128, 'TN': 40896, 'FP': 256, 'FN': 8256}
[Mon Dec 16 22:47:45 2024] >> max bit:	2
[Mon Dec 16 22:47:45 2024] >> accuracy:	0.8701171875	+0.84[TRUE]
[Mon Dec 16 22:47:45 2024] >> exe time:	7.21s 

[Mon Dec 16 22:47:45 2024] >> dataset/fa_i-1-fa_j-6-t_index-0.txt
[Mon Dec 16 22:47:53 2024] >> {'A': ['x', 'x', 'x', 'x', 'x', 'x', 'x', 'x'], 'B': ['b', 'b', 'x', 'x', 'x', 'x', 'x', 'x'], 'accu': 0.9150390625, 'TP': 10880, 'TN': 49088, 'FP': 5504, 'FN': 64}
[Mon Dec 16 22:47:53 2024] >> max bit:	2
[Mon Dec 16 22:47:53 2024] >> accuracy:	0.9150390625	+0.84[TRUE]
[Mon Dec 16 22:47:53 2024] >> exe time:	7.57s 

[Mon Dec 16 22:47:53 2024] >> dataset/fa_i-1-fa_j-6-t_index-1.txt
[Mon Dec 16 22:48:00 2024] >> {'A': ['x', 'x', 'x', 'x', 'x', 'x', 'b', 'x'], 'B': ['b', 'x', 'x', 'x', 'x', 'x', 'x', 'x'], 'accu': 0.8701171875, 'TP': 16128, 'TN': 40896, 'FP': 256, 'FN': 8256}
[Mon Dec 16 22:48:00 2024] >> max bit:	2
[Mon Dec 16 22:48:00 2024] >> accuracy:	0.8701171875	+0.84[TRUE]
[Mon Dec 16 22:48:00 2024] >> exe time:	6.88s 

[Mon Dec 16 22:48:00 2024] >> dataset/fa_i-1-fa_j-6-t_index-2.txt
[Mon Dec 16 23:09:19 2024] >> {'A': ['x', 'x', 'x', 'x', 'x', 'x', 'b', 'b'], 'B': ['b', 'b', 'b', 'x', 'x', 'x', 'x', 'x'], 'accu': 0.96337890625, 'TP': 20256, 'TN': 42880, 'FP': 224, 'FN': 2176}
[Mon Dec 16 23:09:19 2024] >> max bit:	5
[Mon Dec 16 23:09:19 2024] >> accuracy:	0.96337890625	+0.84[TRUE]
[Mon Dec 16 23:09:19 2024] >> exe time:	1279.47s 

[Mon Dec 16 23:09:19 2024] >> dataset/fa_i-1-fa_j-6-t_index-3.txt
[Mon Dec 16 23:10:06 2024] >> {'A': ['x', 'x', 'x', 'x', 'x', 'x', 'b', 'x'], 'B': ['x', 'b', 'b', 'x', 'x', 'x', 'x', 'x'], 'accu': 0.8447418212890625, 'TP': 43137, 'TN': 12224, 'FP': 6015, 'FN': 4160}
[Mon Dec 16 23:10:06 2024] >> max bit:	3
[Mon Dec 16 23:10:06 2024] >> accuracy:	0.8447418212890625	+0.84[TRUE]
[Mon Dec 16 23:10:06 2024] >> exe time:	46.77s 

[Mon Dec 16 23:10:06 2024] >> dataset/fa_i-1-fa_j-6-t_index-4.txt
[Mon Dec 16 23:10:53 2024] >> {'A': ['x', 'x', 'x', 'x', 'x', 'x', 'b', 'x'], 'B': ['x', 'b', 'b', 'x', 'x', 'x', 'x', 'x'], 'accu': 0.8447418212890625, 'TP': 43137, 'TN': 12224, 'FP': 6015, 'FN': 4160}
[Mon Dec 16 23:10:53 2024] >> max bit:	3
[Mon Dec 16 23:10:53 2024] >> accuracy:	0.8447418212890625	+0.84[TRUE]
[Mon Dec 16 23:10:53 2024] >> exe time:	47.07s 

[Mon Dec 16 23:10:53 2024] >> dataset/fa_i-1-fa_j-6-t_index-5.txt
[Mon Dec 16 23:32:22 2024] >> {'A': ['x', 'x', 'x', 'x', 'x', 'x', 'b', 'b'], 'B': ['b', 'b', 'b', 'x', 'x', 'x', 'x', 'x'], 'accu': 0.96337890625, 'TP': 20256, 'TN': 42880, 'FP': 224, 'FN': 2176}
[Mon Dec 16 23:32:22 2024] >> max bit:	5
[Mon Dec 16 23:32:22 2024] >> accuracy:	0.96337890625	+0.84[TRUE]
[Mon Dec 16 23:32:22 2024] >> exe time:	1288.94s 

[Mon Dec 16 23:32:22 2024] >> dataset/fa_i-1-fa_j-7-t_index-0.txt
[Mon Dec 16 23:32:30 2024] >> {'A': ['x', 'x', 'x', 'x', 'x', 'x', 'b', 'x'], 'B': ['b', 'x', 'x', 'x', 'x', 'x', 'x', 'x'], 'accu': 0.8701171875, 'TP': 16128, 'TN': 40896, 'FP': 256, 'FN': 8256}
[Mon Dec 16 23:32:30 2024] >> max bit:	2
[Mon Dec 16 23:32:30 2024] >> accuracy:	0.8701171875	+0.84[TRUE]
[Mon Dec 16 23:32:30 2024] >> exe time:	7.41s 

[Mon Dec 16 23:32:30 2024] >> dataset/fa_i-1-fa_j-7-t_index-1.txt
[Mon Dec 16 23:32:31 2024] >> {'A': ['b', 'x', 'x', 'x', 'x', 'x', 'x', 'x'], 'B': ['x', 'x', 'x', 'x', 'x', 'x', 'x', 'x'], 'accu': 0.85546875, 'TP': 0, 'TN': 56064, 'FP': 0, 'FN': 9472}
[Mon Dec 16 23:32:31 2024] >> max bit:	1
[Mon Dec 16 23:32:31 2024] >> accuracy:	0.85546875	+0.84[TRUE]
[Mon Dec 16 23:32:31 2024] >> exe time:	1.55s 

[Mon Dec 16 23:32:31 2024] >> dataset/fa_i-1-fa_j-7-t_index-2.txt
[Mon Dec 16 23:33:20 2024] >> {'A': ['x', 'x', 'x', 'x', 'x', 'x', 'x', 'b'], 'B': ['x', 'b', 'b', 'x', 'x', 'x', 'x', 'x'], 'accu': 0.8955078125, 'TP': 12896, 'TN': 45792, 'FP': 3488, 'FN': 3360}
[Mon Dec 16 23:33:20 2024] >> max bit:	3
[Mon Dec 16 23:33:20 2024] >> accuracy:	0.8955078125	+0.84[TRUE]
[Mon Dec 16 23:33:20 2024] >> exe time:	48.80s 

[Mon Dec 16 23:33:20 2024] >> dataset/fa_i-1-fa_j-7-t_index-3.txt
[Mon Dec 16 23:33:27 2024] >> {'A': ['x', 'x', 'x', 'x', 'x', 'x', 'b', 'x'], 'B': ['b', 'x', 'x', 'x', 'x', 'x', 'x', 'x'], 'accu': 0.8701171875, 'TP': 16128, 'TN': 40896, 'FP': 256, 'FN': 8256}
[Mon Dec 16 23:33:27 2024] >> max bit:	2
[Mon Dec 16 23:33:27 2024] >> accuracy:	0.8701171875	+0.84[TRUE]
[Mon Dec 16 23:33:27 2024] >> exe time:	7.19s 

[Mon Dec 16 23:33:27 2024] >> dataset/fa_i-1-fa_j-7-t_index-4.txt
[Mon Dec 16 23:33:34 2024] >> {'A': ['x', 'x', 'x', 'x', 'x', 'x', 'b', 'x'], 'B': ['b', 'x', 'x', 'x', 'x', 'x', 'x', 'x'], 'accu': 0.8701171875, 'TP': 16128, 'TN': 40896, 'FP': 256, 'FN': 8256}
[Mon Dec 16 23:33:34 2024] >> max bit:	2
[Mon Dec 16 23:33:34 2024] >> accuracy:	0.8701171875	+0.84[TRUE]
[Mon Dec 16 23:33:34 2024] >> exe time:	7.30s 

[Mon Dec 16 23:33:34 2024] >> dataset/fa_i-1-fa_j-7-t_index-5.txt
[Mon Dec 16 23:34:23 2024] >> {'A': ['x', 'x', 'x', 'x', 'x', 'x', 'x', 'b'], 'B': ['x', 'b', 'b', 'x', 'x', 'x', 'x', 'x'], 'accu': 0.8955078125, 'TP': 12896, 'TN': 45792, 'FP': 3488, 'FN': 3360}
[Mon Dec 16 23:34:23 2024] >> max bit:	3
[Mon Dec 16 23:34:23 2024] >> accuracy:	0.8955078125	+0.84[TRUE]
[Mon Dec 16 23:34:23 2024] >> exe time:	48.87s 

[Mon Dec 16 23:34:23 2024] >> dataset/fa_i-2-fa_j-0-t_index-0.txt
[Mon Dec 16 23:55:46 2024] >> {'A': ['b', 'b', 'x', 'b', 'x', 'x', 'x', 'x'], 'B': ['b', 'x', 'b', 'x', 'x', 'x', 'x', 'x'], 'accu': 0.7333984375, 'TP': 19040, 'TN': 29024, 'FP': 5536, 'FN': 11936}
[Mon Dec 16 23:55:46 2024] >> max bit:	5
[Mon Dec 16 23:55:46 2024] >> accuracy:	0.7333984375	+0.84[FALSE]
[Mon Dec 16 23:55:46 2024] >> exe time:	1282.27s 

[Mon Dec 16 23:55:46 2024] >> dataset/fa_i-2-fa_j-0-t_index-1.txt
[Tue Dec 17 00:17:01 2024] >> {'A': ['b', 'b', 'x', 'b', 'x', 'x', 'x', 'x'], 'B': ['b', 'x', 'b', 'x', 'x', 'x', 'x', 'x'], 'accu': 0.7422027587890625, 'TP': 31457, 'TN': 17184, 'FP': 9503, 'FN': 7392}
[Tue Dec 17 00:17:01 2024] >> max bit:	5
[Tue Dec 17 00:17:01 2024] >> accuracy:	0.7422027587890625	+0.84[FALSE]
[Tue Dec 17 00:17:01 2024] >> exe time:	1275.34s 

[Tue Dec 17 00:17:01 2024] >> dataset/fa_i-2-fa_j-0-t_index-2.txt
[Tue Dec 17 00:38:19 2024] >> {'A': ['b', 'x', 'x', 'x', 'x', 'x', 'b', 'x'], 'B': ['b', 'b', 'x', 'b', 'x', 'x', 'x', 'x'], 'accu': 0.70703125, 'TP': 20032, 'TN': 26304, 'FP': 8640, 'FN': 10560}
[Tue Dec 17 00:38:19 2024] >> max bit:	5
[Tue Dec 17 00:38:19 2024] >> accuracy:	0.70703125	+0.84[FALSE]
[Tue Dec 17 00:38:19 2024] >> exe time:	1278.38s 

[Tue Dec 17 00:38:19 2024] >> dataset/fa_i-2-fa_j-0-t_index-3.txt
[Tue Dec 17 00:59:39 2024] >> {'A': ['b', 'x', 'x', 'x', 'x', 'x', 'x', 'b'], 'B': ['b', 'b', 'x', 'b', 'x', 'x', 'x', 'x'], 'accu': 0.7050933837890625, 'TP': 21889, 'TN': 24320, 'FP': 6783, 'FN': 12544}
[Tue Dec 17 00:59:39 2024] >> max bit:	5
[Tue Dec 17 00:59:39 2024] >> accuracy:	0.7050933837890625	+0.84[FALSE]
[Tue Dec 17 00:59:39 2024] >> exe time:	1279.83s 

[Tue Dec 17 00:59:39 2024] >> dataset/fa_i-2-fa_j-0-t_index-4.txt
[Tue Dec 17 01:20:52 2024] >> {'A': ['b', 'x', 'x', 'x', 'x', 'x', 'x', 'b'], 'B': ['b', 'b', 'x', 'b', 'x', 'x', 'x', 'x'], 'accu': 0.7050933837890625, 'TP': 21889, 'TN': 24320, 'FP': 6783, 'FN': 12544}
[Tue Dec 17 01:20:52 2024] >> max bit:	5
[Tue Dec 17 01:20:52 2024] >> accuracy:	0.7050933837890625	+0.84[FALSE]
[Tue Dec 17 01:20:52 2024] >> exe time:	1273.11s 

[Tue Dec 17 01:20:52 2024] >> dataset/fa_i-2-fa_j-0-t_index-5.txt
[Tue Dec 17 01:42:09 2024] >> {'A': ['b', 'x', 'x', 'x', 'x', 'x', 'b', 'x'], 'B': ['b', 'b', 'x', 'b', 'x', 'x', 'x', 'x'], 'accu': 0.70703125, 'TP': 20032, 'TN': 26304, 'FP': 8640, 'FN': 10560}
[Tue Dec 17 01:42:09 2024] >> max bit:	5
[Tue Dec 17 01:42:09 2024] >> accuracy:	0.70703125	+0.84[FALSE]
[Tue Dec 17 01:42:09 2024] >> exe time:	1277.13s 

[Tue Dec 17 01:42:09 2024] >> dataset/fa_i-2-fa_j-1-t_index-0.txt
[Tue Dec 17 02:03:26 2024] >> {'A': ['x', 'b', 'x', 'x', 'b', 'x', 'x', 'b'], 'B': ['b', 'b', 'x', 'x', 'x', 'x', 'x', 'x'], 'accu': 0.7294921875, 'TP': 19872, 'TN': 27936, 'FP': 6752, 'FN': 10976}
[Tue Dec 17 02:03:26 2024] >> max bit:	5
[Tue Dec 17 02:03:26 2024] >> accuracy:	0.7294921875	+0.84[FALSE]
[Tue Dec 17 02:03:26 2024] >> exe time:	1276.71s 

[Tue Dec 17 02:03:26 2024] >> dataset/fa_i-2-fa_j-1-t_index-1.txt
[Tue Dec 17 02:24:34 2024] >> {'A': ['x', 'x', 'x', 'b', 'b', 'x', 'x', 'b'], 'B': ['b', 'b', 'x', 'x', 'x', 'x', 'x', 'x'], 'accu': 0.7275543212890625, 'TP': 35137, 'TN': 12544, 'FP': 14015, 'FN': 3840}
[Tue Dec 17 02:24:34 2024] >> max bit:	5
[Tue Dec 17 02:24:34 2024] >> accuracy:	0.7275543212890625	+0.84[FALSE]
[Tue Dec 17 02:24:34 2024] >> exe time:	1267.52s 

[Tue Dec 17 02:24:34 2024] >> dataset/fa_i-2-fa_j-1-t_index-2.txt
[Tue Dec 17 02:45:54 2024] >> {'A': ['x', 'x', 'x', 'x', 'b', 'x', 'x', 'b'], 'B': ['b', 'b', 'x', 'b', 'x', 'x', 'x', 'x'], 'accu': 0.68896484375, 'TP': 17920, 'TN': 27232, 'FP': 6656, 'FN': 13728}
[Tue Dec 17 02:45:54 2024] >> max bit:	5
[Tue Dec 17 02:45:54 2024] >> accuracy:	0.68896484375	+0.84[FALSE]
[Tue Dec 17 02:45:54 2024] >> exe time:	1280.19s 

[Tue Dec 17 02:45:54 2024] >> dataset/fa_i-2-fa_j-1-t_index-3.txt
[Tue Dec 17 03:07:09 2024] >> {'A': ['x', 'x', 'x', 'x', 'b', 'x', 'x', 'b'], 'B': ['b', 'b', 'x', 'b', 'x', 'x', 'x', 'x'], 'accu': 0.6865386962890625, 'TP': 24001, 'TN': 20992, 'FP': 8767, 'FN': 11776}
[Tue Dec 17 03:07:09 2024] >> max bit:	5
[Tue Dec 17 03:07:09 2024] >> accuracy:	0.6865386962890625	+0.84[FALSE]
[Tue Dec 17 03:07:09 2024] >> exe time:	1274.83s 

[Tue Dec 17 03:07:09 2024] >> dataset/fa_i-2-fa_j-1-t_index-4.txt
[Tue Dec 17 03:28:22 2024] >> {'A': ['x', 'x', 'x', 'x', 'b', 'x', 'x', 'b'], 'B': ['b', 'b', 'x', 'b', 'x', 'x', 'x', 'x'], 'accu': 0.6865386962890625, 'TP': 24001, 'TN': 20992, 'FP': 8767, 'FN': 11776}
[Tue Dec 17 03:28:22 2024] >> max bit:	5
[Tue Dec 17 03:28:22 2024] >> accuracy:	0.6865386962890625	+0.84[FALSE]
[Tue Dec 17 03:28:22 2024] >> exe time:	1273.75s 

[Tue Dec 17 03:28:22 2024] >> dataset/fa_i-2-fa_j-1-t_index-5.txt
[Tue Dec 17 03:49:38 2024] >> {'A': ['x', 'x', 'x', 'x', 'b', 'x', 'x', 'b'], 'B': ['b', 'b', 'x', 'b', 'x', 'x', 'x', 'x'], 'accu': 0.68896484375, 'TP': 17920, 'TN': 27232, 'FP': 6656, 'FN': 13728}
[Tue Dec 17 03:49:38 2024] >> max bit:	5
[Tue Dec 17 03:49:38 2024] >> accuracy:	0.68896484375	+0.84[FALSE]
[Tue Dec 17 03:49:38 2024] >> exe time:	1275.25s 

[Tue Dec 17 03:49:38 2024] >> dataset/fa_i-2-fa_j-2-t_index-0.txt
[Tue Dec 17 04:10:54 2024] >> {'A': ['x', 'x', 'x', 'x', 'b', 'b', 'x', 'b'], 'B': ['b', 'b', 'x', 'x', 'x', 'x', 'x', 'x'], 'accu': 0.7392578125, 'TP': 22336, 'TN': 26112, 'FP': 8384, 'FN': 8704}
[Tue Dec 17 04:10:54 2024] >> max bit:	5
[Tue Dec 17 04:10:54 2024] >> accuracy:	0.7392578125	+0.84[FALSE]
[Tue Dec 17 04:10:54 2024] >> exe time:	1276.63s 

[Tue Dec 17 04:10:54 2024] >> dataset/fa_i-2-fa_j-2-t_index-1.txt
[Tue Dec 17 04:32:06 2024] >> {'A': ['x', 'x', 'x', 'x', 'b', 'b', 'b', 'x'], 'B': ['b', 'b', 'x', 'x', 'x', 'x', 'x', 'x'], 'accu': 0.7436676025390625, 'TP': 35809, 'TN': 12928, 'FP': 13343, 'FN': 3456}
[Tue Dec 17 04:32:06 2024] >> max bit:	5
[Tue Dec 17 04:32:06 2024] >> accuracy:	0.7436676025390625	+0.84[FALSE]
[Tue Dec 17 04:32:06 2024] >> exe time:	1271.49s 

[Tue Dec 17 04:32:06 2024] >> dataset/fa_i-2-fa_j-2-t_index-2.txt
[Tue Dec 17 04:53:23 2024] >> {'A': ['x', 'x', 'x', 'x', 'b', 'b', 'x', 'b'], 'B': ['b', 'b', 'x', 'x', 'x', 'x', 'x', 'x'], 'accu': 0.677490234375, 'TP': 17920, 'TN': 26480, 'FP': 6656, 'FN': 14480}
[Tue Dec 17 04:53:23 2024] >> max bit:	5
[Tue Dec 17 04:53:23 2024] >> accuracy:	0.677490234375	+0.84[FALSE]
[Tue Dec 17 04:53:23 2024] >> exe time:	1277.68s 

[Tue Dec 17 04:53:23 2024] >> dataset/fa_i-2-fa_j-2-t_index-3.txt
[Tue Dec 17 05:14:37 2024] >> {'A': ['x', 'x', 'x', 'x', 'x', 'b', 'x', 'b'], 'B': ['b', 'b', 'x', 'b', 'x', 'x', 'x', 'x'], 'accu': 0.6750640869140625, 'TP': 24865, 'TN': 19376, 'FP': 9951, 'FN': 11344}
[Tue Dec 17 05:14:37 2024] >> max bit:	5
[Tue Dec 17 05:14:37 2024] >> accuracy:	0.6750640869140625	+0.84[FALSE]
[Tue Dec 17 05:14:37 2024] >> exe time:	1273.46s 

[Tue Dec 17 05:14:37 2024] >> dataset/fa_i-2-fa_j-2-t_index-4.txt
[Tue Dec 17 05:35:52 2024] >> {'A': ['x', 'x', 'x', 'x', 'x', 'b', 'x', 'b'], 'B': ['b', 'b', 'x', 'b', 'x', 'x', 'x', 'x'], 'accu': 0.6750640869140625, 'TP': 24865, 'TN': 19376, 'FP': 9951, 'FN': 11344}
[Tue Dec 17 05:35:53 2024] >> max bit:	5
[Tue Dec 17 05:35:53 2024] >> accuracy:	0.6750640869140625	+0.84[FALSE]
[Tue Dec 17 05:35:53 2024] >> exe time:	1275.52s 

[Tue Dec 17 05:35:53 2024] >> dataset/fa_i-2-fa_j-2-t_index-5.txt
[Tue Dec 17 05:57:10 2024] >> {'A': ['x', 'x', 'x', 'x', 'b', 'b', 'x', 'b'], 'B': ['b', 'b', 'x', 'x', 'x', 'x', 'x', 'x'], 'accu': 0.677490234375, 'TP': 17920, 'TN': 26480, 'FP': 6656, 'FN': 14480}
[Tue Dec 17 05:57:10 2024] >> max bit:	5
[Tue Dec 17 05:57:10 2024] >> accuracy:	0.677490234375	+0.84[FALSE]
[Tue Dec 17 05:57:10 2024] >> exe time:	1277.59s 

[Tue Dec 17 05:57:10 2024] >> dataset/fa_i-2-fa_j-3-t_index-0.txt
[Tue Dec 17 06:18:26 2024] >> {'A': ['x', 'x', 'x', 'x', 'x', 'b', 'b', 'b'], 'B': ['b', 'b', 'x', 'x', 'x', 'x', 'x', 'x'], 'accu': 0.765625, 'TP': 21152, 'TN': 29024, 'FP': 5472, 'FN': 9888}
[Tue Dec 17 06:18:26 2024] >> max bit:	5
[Tue Dec 17 06:18:26 2024] >> accuracy:	0.765625	+0.84[FALSE]
[Tue Dec 17 06:18:26 2024] >> exe time:	1276.12s 

[Tue Dec 17 06:18:26 2024] >> dataset/fa_i-2-fa_j-3-t_index-1.txt
[Tue Dec 17 06:18:33 2024] >> {'A': ['x', 'x', 'x', 'x', 'x', 'x', 'b', 'x'], 'B': ['b', 'x', 'x', 'x', 'x', 'x', 'x', 'x'], 'accu': 0.8701171875, 'TP': 16128, 'TN': 40896, 'FP': 256, 'FN': 8256}
[Tue Dec 17 06:18:34 2024] >> max bit:	2
[Tue Dec 17 06:18:34 2024] >> accuracy:	0.8701171875	+0.84[TRUE]
[Tue Dec 17 06:18:34 2024] >> exe time:	7.27s 

[Tue Dec 17 06:18:34 2024] >> dataset/fa_i-2-fa_j-3-t_index-2.txt
[Tue Dec 17 06:39:54 2024] >> {'A': ['x', 'x', 'x', 'x', 'x', 'b', 'b', 'b'], 'B': ['b', 'b', 'x', 'x', 'x', 'x', 'x', 'x'], 'accu': 0.695068359375, 'TP': 17408, 'TN': 28144, 'FP': 5120, 'FN': 14864}
[Tue Dec 17 06:39:54 2024] >> max bit:	5
[Tue Dec 17 06:39:54 2024] >> accuracy:	0.695068359375	+0.84[FALSE]
[Tue Dec 17 06:39:54 2024] >> exe time:	1280.11s 

[Tue Dec 17 06:39:54 2024] >> dataset/fa_i-2-fa_j-3-t_index-3.txt
[Tue Dec 17 07:01:14 2024] >> {'A': ['x', 'x', 'x', 'b', 'x', 'x', 'b', 'x'], 'B': ['b', 'b', 'x', 'b', 'x', 'x', 'x', 'x'], 'accu': 0.7068023681640625, 'TP': 30369, 'TN': 15952, 'FP': 12639, 'FN': 6576}
[Tue Dec 17 07:01:14 2024] >> max bit:	5
[Tue Dec 17 07:01:14 2024] >> accuracy:	0.7068023681640625	+0.84[FALSE]
[Tue Dec 17 07:01:14 2024] >> exe time:	1280.04s 

[Tue Dec 17 07:01:14 2024] >> dataset/fa_i-2-fa_j-3-t_index-4.txt
[Tue Dec 17 07:22:32 2024] >> {'A': ['x', 'x', 'x', 'b', 'x', 'x', 'b', 'x'], 'B': ['b', 'b', 'x', 'b', 'x', 'x', 'x', 'x'], 'accu': 0.7068023681640625, 'TP': 30369, 'TN': 15952, 'FP': 12639, 'FN': 6576}
[Tue Dec 17 07:22:32 2024] >> max bit:	5
[Tue Dec 17 07:22:32 2024] >> accuracy:	0.7068023681640625	+0.84[FALSE]
[Tue Dec 17 07:22:32 2024] >> exe time:	1278.07s 

[Tue Dec 17 07:22:32 2024] >> dataset/fa_i-2-fa_j-3-t_index-5.txt
[Tue Dec 17 07:43:53 2024] >> {'A': ['x', 'x', 'x', 'x', 'x', 'b', 'b', 'b'], 'B': ['b', 'b', 'x', 'x', 'x', 'x', 'x', 'x'], 'accu': 0.695068359375, 'TP': 17408, 'TN': 28144, 'FP': 5120, 'FN': 14864}
[Tue Dec 17 07:43:53 2024] >> max bit:	5
[Tue Dec 17 07:43:53 2024] >> accuracy:	0.695068359375	+0.84[FALSE]
[Tue Dec 17 07:43:53 2024] >> exe time:	1280.86s 

[Tue Dec 17 07:43:53 2024] >> dataset/fa_i-2-fa_j-4-t_index-0.txt
[Tue Dec 17 07:44:00 2024] >> {'A': ['x', 'x', 'x', 'x', 'x', 'x', 'b', 'x'], 'B': ['b', 'x', 'x', 'x', 'x', 'x', 'x', 'x'], 'accu': 0.8701171875, 'TP': 16128, 'TN': 40896, 'FP': 256, 'FN': 8256}
[Tue Dec 17 07:44:00 2024] >> max bit:	2
[Tue Dec 17 07:44:00 2024] >> accuracy:	0.8701171875	+0.84[TRUE]
[Tue Dec 17 07:44:00 2024] >> exe time:	7.30s 

[Tue Dec 17 07:44:00 2024] >> dataset/fa_i-2-fa_j-4-t_index-1.txt
[Tue Dec 17 08:05:21 2024] >> {'A': ['x', 'x', 'x', 'x', 'x', 'b', 'x', 'b'], 'B': ['b', 'b', 'b', 'x', 'x', 'x', 'x', 'x'], 'accu': 0.83154296875, 'TP': 25440, 'TN': 29056, 'FP': 3232, 'FN': 7808}
[Tue Dec 17 08:05:21 2024] >> max bit:	5
[Tue Dec 17 08:05:21 2024] >> accuracy:	0.83154296875	+0.84[FALSE]
[Tue Dec 17 08:05:21 2024] >> exe time:	1281.26s 

[Tue Dec 17 08:05:21 2024] >> dataset/fa_i-2-fa_j-4-t_index-2.txt
[Tue Dec 17 08:26:39 2024] >> {'A': ['x', 'x', 'x', 'x', 'b', 'x', 'b', 'b'], 'B': ['x', 'b', 'x', 'b', 'x', 'x', 'x', 'x'], 'accu': 0.7263031005859375, 'TP': 30640, 'TN': 16959, 'FP': 12368, 'FN': 5569}
[Tue Dec 17 08:26:39 2024] >> max bit:	5
[Tue Dec 17 08:26:39 2024] >> accuracy:	0.7263031005859375	+0.84[FALSE]
[Tue Dec 17 08:26:39 2024] >> exe time:	1277.40s 

[Tue Dec 17 08:26:39 2024] >> dataset/fa_i-2-fa_j-4-t_index-3.txt
[Tue Dec 17 08:47:55 2024] >> {'A': ['x', 'x', 'x', 'x', 'b', 'x', 'x', 'b'], 'B': ['b', 'b', 'x', 'b', 'x', 'x', 'x', 'x'], 'accu': 0.743896484375, 'TP': 22592, 'TN': 26160, 'FP': 6080, 'FN': 10704}
[Tue Dec 17 08:47:55 2024] >> max bit:	5
[Tue Dec 17 08:47:55 2024] >> accuracy:	0.743896484375	+0.84[FALSE]
[Tue Dec 17 08:47:55 2024] >> exe time:	1276.47s 

[Tue Dec 17 08:47:55 2024] >> dataset/fa_i-2-fa_j-4-t_index-4.txt
[Tue Dec 17 09:09:17 2024] >> {'A': ['x', 'x', 'x', 'x', 'b', 'x', 'x', 'b'], 'B': ['b', 'b', 'x', 'b', 'x', 'x', 'x', 'x'], 'accu': 0.743896484375, 'TP': 22592, 'TN': 26160, 'FP': 6080, 'FN': 10704}
[Tue Dec 17 09:09:17 2024] >> max bit:	5
[Tue Dec 17 09:09:17 2024] >> accuracy:	0.743896484375	+0.84[FALSE]
[Tue Dec 17 09:09:17 2024] >> exe time:	1281.64s 

[Tue Dec 17 09:09:17 2024] >> dataset/fa_i-2-fa_j-4-t_index-5.txt
[Tue Dec 17 09:30:33 2024] >> {'A': ['x', 'x', 'x', 'x', 'b', 'x', 'b', 'b'], 'B': ['x', 'b', 'x', 'b', 'x', 'x', 'x', 'x'], 'accu': 0.7263031005859375, 'TP': 30640, 'TN': 16959, 'FP': 12368, 'FN': 5569}
[Tue Dec 17 09:30:33 2024] >> max bit:	5
[Tue Dec 17 09:30:33 2024] >> accuracy:	0.7263031005859375	+0.84[FALSE]
[Tue Dec 17 09:30:33 2024] >> exe time:	1276.07s 

[Tue Dec 17 09:30:33 2024] >> dataset/fa_i-2-fa_j-5-t_index-0.txt
[Tue Dec 17 09:51:52 2024] >> {'A': ['x', 'x', 'x', 'x', 'x', 'x', 'b', 'b'], 'B': ['b', 'b', 'b', 'x', 'x', 'x', 'x', 'x'], 'accu': 0.82080078125, 'TP': 21280, 'TN': 32512, 'FP': 7392, 'FN': 4352}
[Tue Dec 17 09:51:52 2024] >> max bit:	5
[Tue Dec 17 09:51:52 2024] >> accuracy:	0.82080078125	+0.84[FALSE]
[Tue Dec 17 09:51:52 2024] >> exe time:	1279.27s 

[Tue Dec 17 09:51:52 2024] >> dataset/fa_i-2-fa_j-5-t_index-1.txt
[Tue Dec 17 10:12:54 2024] >> {'A': ['x', 'x', 'x', 'x', 'x', 'b', 'b', 'b'], 'B': ['x', 'b', 'b', 'x', 'x', 'x', 'x', 'x'], 'accu': 0.8339691162109375, 'TP': 40736, 'TN': 13919, 'FP': 6368, 'FN': 4513}
[Tue Dec 17 10:12:54 2024] >> max bit:	5
[Tue Dec 17 10:12:54 2024] >> accuracy:	0.8339691162109375	+0.84[FALSE]
[Tue Dec 17 10:12:54 2024] >> exe time:	1262.12s 

[Tue Dec 17 10:12:54 2024] >> dataset/fa_i-2-fa_j-5-t_index-2.txt
[Tue Dec 17 10:34:17 2024] >> {'A': ['x', 'x', 'x', 'x', 'x', 'x', 'b', 'b'], 'B': ['b', 'b', 'b', 'x', 'x', 'x', 'x', 'x'], 'accu': 0.7802734375, 'TP': 18368, 'TN': 32768, 'FP': 4160, 'FN': 10240}
[Tue Dec 17 10:34:17 2024] >> max bit:	5
[Tue Dec 17 10:34:17 2024] >> accuracy:	0.7802734375	+0.84[FALSE]
[Tue Dec 17 10:34:17 2024] >> exe time:	1282.33s 

[Tue Dec 17 10:34:17 2024] >> dataset/fa_i-2-fa_j-5-t_index-3.txt
[Tue Dec 17 10:55:28 2024] >> {'A': ['x', 'x', 'x', 'x', 'x', 'b', 'b', 'x'], 'B': ['x', 'b', 'b', 'b', 'x', 'x', 'x', 'x'], 'accu': 0.8047027587890625, 'TP': 34609, 'TN': 18128, 'FP': 6351, 'FN': 6448}
[Tue Dec 17 10:55:28 2024] >> max bit:	5
[Tue Dec 17 10:55:28 2024] >> accuracy:	0.8047027587890625	+0.84[FALSE]
[Tue Dec 17 10:55:28 2024] >> exe time:	1271.09s 

[Tue Dec 17 10:55:28 2024] >> dataset/fa_i-2-fa_j-5-t_index-4.txt
[Tue Dec 17 11:16:36 2024] >> {'A': ['x', 'x', 'x', 'x', 'x', 'b', 'b', 'x'], 'B': ['x', 'b', 'b', 'b', 'x', 'x', 'x', 'x'], 'accu': 0.8047027587890625, 'TP': 34609, 'TN': 18128, 'FP': 6351, 'FN': 6448}
[Tue Dec 17 11:16:36 2024] >> max bit:	5
[Tue Dec 17 11:16:36 2024] >> accuracy:	0.8047027587890625	+0.84[FALSE]
[Tue Dec 17 11:16:36 2024] >> exe time:	1268.47s 

[Tue Dec 17 11:16:36 2024] >> dataset/fa_i-2-fa_j-5-t_index-5.txt
[Tue Dec 17 11:37:51 2024] >> {'A': ['x', 'x', 'x', 'x', 'x', 'x', 'b', 'b'], 'B': ['b', 'b', 'b', 'x', 'x', 'x', 'x', 'x'], 'accu': 0.7802734375, 'TP': 18368, 'TN': 32768, 'FP': 4160, 'FN': 10240}
[Tue Dec 17 11:37:51 2024] >> max bit:	5
[Tue Dec 17 11:37:51 2024] >> accuracy:	0.7802734375	+0.84[FALSE]
[Tue Dec 17 11:37:51 2024] >> exe time:	1274.72s 

[Tue Dec 17 11:37:51 2024] >> dataset/fa_i-2-fa_j-6-t_index-0.txt
[Tue Dec 17 11:38:40 2024] >> {'A': ['x', 'x', 'x', 'x', 'x', 'x', 'x', 'b'], 'B': ['x', 'b', 'b', 'x', 'x', 'x', 'x', 'x'], 'accu': 0.84716796875, 'TP': 5984, 'TN': 49536, 'FP': 2208, 'FN': 7808}
[Tue Dec 17 11:38:40 2024] >> max bit:	3
[Tue Dec 17 11:38:40 2024] >> accuracy:	0.84716796875	+0.84[TRUE]
[Tue Dec 17 11:38:40 2024] >> exe time:	48.87s 

[Tue Dec 17 11:38:40 2024] >> dataset/fa_i-2-fa_j-6-t_index-1.txt
[Tue Dec 17 11:38:47 2024] >> {'A': ['x', 'x', 'x', 'x', 'x', 'x', 'b', 'x'], 'B': ['b', 'x', 'x', 'x', 'x', 'x', 'x', 'x'], 'accu': 0.8701171875, 'TP': 16128, 'TN': 40896, 'FP': 256, 'FN': 8256}
[Tue Dec 17 11:38:47 2024] >> max bit:	2
[Tue Dec 17 11:38:47 2024] >> accuracy:	0.8701171875	+0.84[TRUE]
[Tue Dec 17 11:38:47 2024] >> exe time:	7.32s 

[Tue Dec 17 11:38:47 2024] >> dataset/fa_i-2-fa_j-6-t_index-2.txt
[Tue Dec 17 12:00:03 2024] >> {'A': ['x', 'x', 'x', 'x', 'x', 'x', 'b', 'b'], 'B': ['x', 'b', 'b', 'b', 'x', 'x', 'x', 'x'], 'accu': 0.842529296875, 'TP': 20288, 'TN': 34928, 'FP': 4288, 'FN': 6032}
[Tue Dec 17 12:00:03 2024] >> max bit:	5
[Tue Dec 17 12:00:03 2024] >> accuracy:	0.842529296875	+0.84[TRUE]
[Tue Dec 17 12:00:03 2024] >> exe time:	1275.69s 

[Tue Dec 17 12:00:03 2024] >> dataset/fa_i-2-fa_j-6-t_index-3.txt
[Tue Dec 17 12:21:12 2024] >> {'A': ['x', 'x', 'x', 'x', 'x', 'b', 'b', 'b'], 'B': ['x', 'x', 'b', 'b', 'x', 'x', 'x', 'x'], 'accu': 0.8342437744140625, 'TP': 39825, 'TN': 14848, 'FP': 7279, 'FN': 3584}
[Tue Dec 17 12:21:12 2024] >> max bit:	5
[Tue Dec 17 12:21:12 2024] >> accuracy:	0.8342437744140625	+0.84[FALSE]
[Tue Dec 17 12:21:12 2024] >> exe time:	1268.79s 

[Tue Dec 17 12:21:12 2024] >> dataset/fa_i-2-fa_j-6-t_index-4.txt
[Tue Dec 17 12:42:21 2024] >> {'A': ['x', 'x', 'x', 'x', 'x', 'b', 'b', 'b'], 'B': ['x', 'x', 'b', 'b', 'x', 'x', 'x', 'x'], 'accu': 0.8342437744140625, 'TP': 39825, 'TN': 14848, 'FP': 7279, 'FN': 3584}
[Tue Dec 17 12:42:21 2024] >> max bit:	5
[Tue Dec 17 12:42:21 2024] >> accuracy:	0.8342437744140625	+0.84[FALSE]
[Tue Dec 17 12:42:21 2024] >> exe time:	1269.54s 

[Tue Dec 17 12:42:21 2024] >> dataset/fa_i-2-fa_j-6-t_index-5.txt
[Tue Dec 17 13:03:40 2024] >> {'A': ['x', 'x', 'x', 'x', 'x', 'x', 'b', 'b'], 'B': ['x', 'b', 'b', 'b', 'x', 'x', 'x', 'x'], 'accu': 0.842529296875, 'TP': 20288, 'TN': 34928, 'FP': 4288, 'FN': 6032}
[Tue Dec 17 13:03:40 2024] >> max bit:	5
[Tue Dec 17 13:03:40 2024] >> accuracy:	0.842529296875	+0.84[TRUE]
[Tue Dec 17 13:03:40 2024] >> exe time:	1278.79s 

[Tue Dec 17 13:03:40 2024] >> dataset/fa_i-2-fa_j-7-t_index-0.txt
[Tue Dec 17 13:03:47 2024] >> {'A': ['x', 'x', 'x', 'x', 'x', 'x', 'b', 'x'], 'B': ['b', 'x', 'x', 'x', 'x', 'x', 'x', 'x'], 'accu': 0.8701171875, 'TP': 16128, 'TN': 40896, 'FP': 256, 'FN': 8256}
[Tue Dec 17 13:03:47 2024] >> max bit:	2
[Tue Dec 17 13:03:47 2024] >> accuracy:	0.8701171875	+0.84[TRUE]
[Tue Dec 17 13:03:47 2024] >> exe time:	7.29s 

[Tue Dec 17 13:03:47 2024] >> dataset/fa_i-2-fa_j-7-t_index-1.txt
[Tue Dec 17 13:03:54 2024] >> {'A': ['x', 'x', 'x', 'x', 'x', 'x', 'b', 'b'], 'B': ['x', 'x', 'x', 'x', 'x', 'x', 'x', 'x'], 'accu': 0.8505859375, 'TP': 12256, 'TN': 43488, 'FP': 4128, 'FN': 5664}
[Tue Dec 17 13:03:54 2024] >> max bit:	2
[Tue Dec 17 13:03:54 2024] >> accuracy:	0.8505859375	+0.84[TRUE]
[Tue Dec 17 13:03:54 2024] >> exe time:	7.22s 

[Tue Dec 17 13:03:54 2024] >> dataset/fa_i-2-fa_j-7-t_index-2.txt
[Tue Dec 17 13:04:42 2024] >> {'A': ['x', 'x', 'x', 'x', 'x', 'x', 'b', 'b'], 'B': ['x', 'x', 'x', 'b', 'x', 'x', 'x', 'x'], 'accu': 0.84912109375, 'TP': 11376, 'TN': 44272, 'FP': 5008, 'FN': 4880}
[Tue Dec 17 13:04:42 2024] >> max bit:	3
[Tue Dec 17 13:04:42 2024] >> accuracy:	0.84912109375	+0.84[TRUE]
[Tue Dec 17 13:04:42 2024] >> exe time:	47.98s 

[Tue Dec 17 13:04:42 2024] >> dataset/fa_i-2-fa_j-7-t_index-3.txt
[Tue Dec 17 13:04:49 2024] >> {'A': ['x', 'x', 'x', 'x', 'x', 'x', 'b', 'x'], 'B': ['b', 'x', 'x', 'x', 'x', 'x', 'x', 'x'], 'accu': 0.8701171875, 'TP': 16128, 'TN': 40896, 'FP': 256, 'FN': 8256}
[Tue Dec 17 13:04:49 2024] >> max bit:	2
[Tue Dec 17 13:04:49 2024] >> accuracy:	0.8701171875	+0.84[TRUE]
[Tue Dec 17 13:04:49 2024] >> exe time:	6.90s 

[Tue Dec 17 13:04:49 2024] >> dataset/fa_i-2-fa_j-7-t_index-4.txt
[Tue Dec 17 13:04:56 2024] >> {'A': ['x', 'x', 'x', 'x', 'x', 'x', 'b', 'x'], 'B': ['b', 'x', 'x', 'x', 'x', 'x', 'x', 'x'], 'accu': 0.8701171875, 'TP': 16128, 'TN': 40896, 'FP': 256, 'FN': 8256}
[Tue Dec 17 13:04:56 2024] >> max bit:	2
[Tue Dec 17 13:04:56 2024] >> accuracy:	0.8701171875	+0.84[TRUE]
[Tue Dec 17 13:04:56 2024] >> exe time:	6.98s 

[Tue Dec 17 13:04:56 2024] >> dataset/fa_i-2-fa_j-7-t_index-5.txt
[Tue Dec 17 13:05:45 2024] >> {'A': ['x', 'x', 'x', 'x', 'x', 'x', 'b', 'b'], 'B': ['x', 'x', 'x', 'b', 'x', 'x', 'x', 'x'], 'accu': 0.84912109375, 'TP': 11376, 'TN': 44272, 'FP': 5008, 'FN': 4880}
[Tue Dec 17 13:05:45 2024] >> max bit:	3
[Tue Dec 17 13:05:45 2024] >> accuracy:	0.84912109375	+0.84[TRUE]
[Tue Dec 17 13:05:45 2024] >> exe time:	48.90s 

