[Thu May 15 13:05:35 2025] >> Critical eFA list: [(0, 0), (0, 1), (0, 2), (0, 3), (0, 4), (0, 5), (1, 4), (1, 5), (2, 4), (2, 5), (3, 4), (3, 5), (4, 4), (4, 5)]
[Thu May 15 13:05:36 2025] >> default alpha done
[Thu May 15 13:05:36 2025] >> [(0, 0, 'A', 'B', 'C')]: 0.75 == [0.75, 0.25, 0.625, 0.375, 0.375, 0.625]
[Thu May 15 13:05:37 2025] >> [(0, 0, 'A', 'C', 'B')]: 0.5 == [0.5, 0.5, 0.75, 0.25, 0.25, 0.75]
[Thu May 15 13:05:37 2025] >> [(0, 0, 'B', 'A', 'C')]: 0.75 == [0.75, 0.25, 0.625, 0.375, 0.375, 0.625]
[Thu May 15 13:05:37 2025] >> [(0, 0, 'B', 'C', 'A')]: 0.5 == [0.5, 0.5, 0.75, 0.25, 0.25, 0.75]
[Thu May 15 13:05:38 2025] >> [(0, 0, 'C', 'A', 'B')]: 1.0 == [0.75, 0.25, 0.75, 0.25, 0.25, 0.75]
[Thu May 15 13:05:38 2025] >> [(0, 0, 'C', 'B', 'A')]: 1.0 == [0.75, 0.25, 0.75, 0.25, 0.25, 0.75]
[Thu May 15 13:05:38 2025] >> >> (0, 0): 1.0 

[Thu May 15 13:05:39 2025] >> [(0, 1, 'A', 'B', 'C')]: 0.75 == [0.75, 0.25, 0.625, 0.375, 0.375, 0.625]
[Thu May 15 13:05:39 2025] >> [(0, 1, 'A', 'C', 'B')]: 1.5 == [0.9375, 0.0625, 0.8125, 0.1875, 0.1875, 0.8125]
[Thu May 15 13:05:40 2025] >> [(0, 1, 'B', 'A', 'C')]: 0.75 == [0.75, 0.25, 0.625, 0.375, 0.375, 0.625]
[Thu May 15 13:05:40 2025] >> [(0, 1, 'B', 'C', 'A')]: 1.375 == [0.9375, 0.0625, 0.75, 0.25, 0.25, 0.75]
[Thu May 15 13:05:41 2025] >> [(0, 1, 'C', 'A', 'B')]: 1.125 == [0.75, 0.25, 0.8125, 0.1875, 0.1875, 0.8125]
[Thu May 15 13:05:41 2025] >> [(0, 1, 'C', 'B', 'A')]: 1.0 == [0.75, 0.25, 0.75, 0.25, 0.25, 0.75]
[Thu May 15 13:05:41 2025] >> >> (0, 1): 1.5 

[Thu May 15 13:05:42 2025] >> [(0, 2, 'A', 'B', 'C')]: 0.75 == [0.75, 0.25, 0.625, 0.375, 0.375, 0.625]
[Thu May 15 13:05:42 2025] >> [(0, 2, 'A', 'C', 'B')]: 1.375 == [0.90625, 0.09375, 0.78125, 0.21875, 0.21875, 0.78125]
[Thu May 15 13:05:43 2025] >> [(0, 2, 'B', 'A', 'C')]: 0.75 == [0.75, 0.25, 0.625, 0.375, 0.375, 0.625]
[Thu May 15 13:05:43 2025] >> [(0, 2, 'B', 'C', 'A')]: 1.3125 == [0.90625, 0.09375, 0.75, 0.25, 0.25, 0.75]
[Thu May 15 13:05:44 2025] >> [(0, 2, 'C', 'A', 'B')]: 1.0625 == [0.75, 0.25, 0.78125, 0.21875, 0.21875, 0.78125]
[Thu May 15 13:05:44 2025] >> [(0, 2, 'C', 'B', 'A')]: 1.0 == [0.75, 0.25, 0.75, 0.25, 0.25, 0.75]
[Thu May 15 13:05:44 2025] >> >> (0, 2): 1.375 

[Thu May 15 13:05:45 2025] >> [(0, 3, 'A', 'B', 'C')]: 0.75 == [0.75, 0.25, 0.625, 0.375, 0.375, 0.625]
[Thu May 15 13:05:45 2025] >> [(0, 3, 'A', 'C', 'B')]: 1.375 == [0.890625, 0.109375, 0.796875, 0.203125, 0.203125, 0.796875]
[Thu May 15 13:05:46 2025] >> [(0, 3, 'B', 'A', 'C')]: 0.75 == [0.75, 0.25, 0.625, 0.375, 0.375, 0.625]
[Thu May 15 13:05:46 2025] >> [(0, 3, 'B', 'C', 'A')]: 1.28125 == [0.890625, 0.109375, 0.75, 0.25, 0.25, 0.75]
[Thu May 15 13:05:47 2025] >> [(0, 3, 'C', 'A', 'B')]: 1.09375 == [0.75, 0.25, 0.796875, 0.203125, 0.203125, 0.796875]
[Thu May 15 13:05:47 2025] >> [(0, 3, 'C', 'B', 'A')]: 1.0 == [0.75, 0.25, 0.75, 0.25, 0.25, 0.75]
[Thu May 15 13:05:47 2025] >> >> (0, 3): 1.375 

[Thu May 15 13:05:47 2025] >> [(0, 4, 'A', 'B', 'C')]: 0.75 == [0.25, 0.75, 0.375, 0.625, 0.625, 0.375]
[Thu May 15 13:05:48 2025] >> [(0, 4, 'A', 'C', 'B')]: 1.34375 == [0.8828125, 0.1171875, 0.7890625, 0.2109375, 0.2109375, 0.7890625]
[Thu May 15 13:05:48 2025] >> [(0, 4, 'B', 'A', 'C')]: 0.75 == [0.75, 0.25, 0.375, 0.625, 0.625, 0.375]
[Thu May 15 13:05:49 2025] >> [(0, 4, 'B', 'C', 'A')]: 1.265625 == [0.8828125, 0.1171875, 0.25, 0.75, 0.75, 0.25]
[Thu May 15 13:05:49 2025] >> [(0, 4, 'C', 'A', 'B')]: 1.078125 == [0.75, 0.25, 0.7890625, 0.2109375, 0.2109375, 0.7890625]
[Thu May 15 13:05:50 2025] >> [(0, 4, 'C', 'B', 'A')]: 1.0 == [0.25, 0.75, 0.25, 0.75, 0.75, 0.25]
[Thu May 15 13:05:50 2025] >> >> (0, 4): 1.34375 

[Thu May 15 13:05:50 2025] >> [(0, 5, 'A', 'B', 'C')]: 0.5 == [0.5, 0.5, 0.75, 0.25, 0.25, 0.75]
[Thu May 15 13:05:51 2025] >> [(0, 5, 'A', 'C', 'B')]: 0.921875 == [0.75390625, 0.24609375, 0.29296875, 0.70703125, 0.70703125, 0.29296875]
[Thu May 15 13:05:51 2025] >> [(0, 5, 'B', 'A', 'C')]: 1.0 == [0.25, 0.75, 0.75, 0.25, 0.25, 0.75]
[Thu May 15 13:05:52 2025] >> [(0, 5, 'B', 'C', 'A')]: 1.015625 == [0.75390625, 0.24609375, 0.24609375, 0.75390625, 0.75390625, 0.24609375]
[Thu May 15 13:05:52 2025] >> [(0, 5, 'C', 'A', 'B')]: 0.9140625 == [0.25, 0.75, 0.29296875, 0.70703125, 0.70703125, 0.29296875]
[Thu May 15 13:05:53 2025] >> [(0, 5, 'C', 'B', 'A')]: 0.5078125 == [0.5, 0.5, 0.24609375, 0.75390625, 0.75390625, 0.24609375]
[Thu May 15 13:05:53 2025] >> >> (0, 5): 1.015625 

[Thu May 15 13:05:53 2025] >> [(1, 4, 'A', 'B', 'C')]: 0.625 == [0.70703125, 0.29296875, 0.60546875, 0.39453125, 0.39453125, 0.60546875]
[Thu May 15 13:05:54 2025] >> [(1, 4, 'A', 'C', 'B')]: 1.015625 == [0.76171875, 0.23828125, 0.74609375, 0.25390625, 0.25390625, 0.74609375]
[Thu May 15 13:05:54 2025] >> [(1, 4, 'B', 'A', 'C')]: 0.7109375 == [0.75, 0.25, 0.60546875, 0.39453125, 0.39453125, 0.60546875]
[Thu May 15 13:05:55 2025] >> [(1, 4, 'B', 'C', 'A')]: 0.734375 == [0.76171875, 0.23828125, 0.60546875, 0.39453125, 0.39453125, 0.60546875]
[Thu May 15 13:05:55 2025] >> [(1, 4, 'C', 'A', 'B')]: 0.9921875 == [0.75, 0.25, 0.74609375, 0.25390625, 0.25390625, 0.74609375]
[Thu May 15 13:05:56 2025] >> [(1, 4, 'C', 'B', 'A')]: 0.625 == [0.70703125, 0.29296875, 0.60546875, 0.39453125, 0.39453125, 0.60546875]
[Thu May 15 13:05:56 2025] >> >> (1, 4): 1.015625 

[Thu May 15 13:05:56 2025] >> [(1, 5, 'A', 'B', 'C')]: 1.203125 == [0.1484375, 0.8515625, 0.75, 0.25, 0.25, 0.75]
[Thu May 15 13:05:57 2025] >> [(1, 5, 'A', 'C', 'B')]: 1.078125 == [0.806640625, 0.193359375, 0.267578125, 0.732421875, 0.732421875, 0.267578125]
[Thu May 15 13:05:57 2025] >> [(1, 5, 'B', 'A', 'C')]: 1.0 == [0.25, 0.75, 0.75, 0.25, 0.25, 0.75]
[Thu May 15 13:05:58 2025] >> [(1, 5, 'B', 'C', 'A')]: 1.1015625 == [0.806640625, 0.193359375, 0.255859375, 0.744140625, 0.744140625, 0.255859375]
[Thu May 15 13:05:58 2025] >> [(1, 5, 'C', 'A', 'B')]: 0.96484375 == [0.25, 0.75, 0.267578125, 0.732421875, 0.732421875, 0.267578125]
[Thu May 15 13:05:58 2025] >> [(1, 5, 'C', 'B', 'A')]: 1.19140625 == [0.1484375, 0.8515625, 0.255859375, 0.744140625, 0.744140625, 0.255859375]
[Thu May 15 13:05:58 2025] >> >> (1, 5): 1.203125 

[Thu May 15 13:05:59 2025] >> [(2, 4, 'A', 'B', 'C')]: 0.47265625 == [0.646484375, 0.353515625, 0.58984375, 0.41015625, 0.41015625, 0.58984375]
[Thu May 15 13:05:59 2025] >> [(2, 4, 'A', 'C', 'B')]: 1.06640625 == [0.7890625, 0.2109375, 0.744140625, 0.255859375, 0.255859375, 0.744140625]
[Thu May 15 13:06:00 2025] >> [(2, 4, 'B', 'A', 'C')]: 0.6796875 == [0.75, 0.25, 0.58984375, 0.41015625, 0.41015625, 0.58984375]
[Thu May 15 13:06:00 2025] >> [(2, 4, 'B', 'C', 'A')]: 0.8046875 == [0.7890625, 0.2109375, 0.61328125, 0.38671875, 0.38671875, 0.61328125]
[Thu May 15 13:06:01 2025] >> [(2, 4, 'C', 'A', 'B')]: 0.98828125 == [0.75, 0.25, 0.744140625, 0.255859375, 0.255859375, 0.744140625]
[Thu May 15 13:06:01 2025] >> [(2, 4, 'C', 'B', 'A')]: 0.51953125 == [0.646484375, 0.353515625, 0.61328125, 0.38671875, 0.38671875, 0.61328125]
[Thu May 15 13:06:01 2025] >> >> (2, 4): 1.06640625 

[Thu May 15 13:06:02 2025] >> [(2, 5, 'A', 'B', 'C')]: 0.94140625 == [0.279296875, 0.720703125, 0.75, 0.25, 0.25, 0.75]
[Thu May 15 13:06:02 2025] >> [(2, 5, 'A', 'C', 'B')]: 1.14453125 == [0.8037109375, 0.1962890625, 0.2314453125, 0.7685546875, 0.7685546875, 0.2314453125]
[Thu May 15 13:06:03 2025] >> [(2, 5, 'B', 'A', 'C')]: 1.0 == [0.25, 0.75, 0.75, 0.25, 0.25, 0.75]
[Thu May 15 13:06:03 2025] >> [(2, 5, 'B', 'C', 'A')]: 1.0078125 == [0.8037109375, 0.1962890625, 0.2998046875, 0.7001953125, 0.7001953125, 0.2998046875]
[Thu May 15 13:06:04 2025] >> [(2, 5, 'C', 'A', 'B')]: 1.037109375 == [0.25, 0.75, 0.2314453125, 0.7685546875, 0.7685546875, 0.2314453125]
[Thu May 15 13:06:04 2025] >> [(2, 5, 'C', 'B', 'A')]: 0.841796875 == [0.279296875, 0.720703125, 0.2998046875, 0.7001953125, 0.7001953125, 0.2998046875]
[Thu May 15 13:06:04 2025] >> >> (2, 5): 1.14453125 

[Thu May 15 13:06:05 2025] >> [(3, 4, 'A', 'B', 'C')]: 0.349609375 == [0.5927734375, 0.4072265625, 0.58203125, 0.41796875, 0.41796875, 0.58203125]
[Thu May 15 13:06:05 2025] >> [(3, 4, 'A', 'C', 'B')]: 1.099609375 == [0.79052734375, 0.20947265625, 0.75927734375, 0.24072265625, 0.24072265625, 0.75927734375]
[Thu May 15 13:06:06 2025] >> [(3, 4, 'B', 'A', 'C')]: 0.6640625 == [0.75, 0.25, 0.58203125, 0.41796875, 0.41796875, 0.58203125]
[Thu May 15 13:06:06 2025] >> [(3, 4, 'B', 'C', 'A')]: 0.775390625 == [0.79052734375, 0.20947265625, 0.59716796875, 0.40283203125, 0.40283203125, 0.59716796875]
[Thu May 15 13:06:07 2025] >> [(3, 4, 'C', 'A', 'B')]: 1.0185546875 == [0.75, 0.25, 0.75927734375, 0.24072265625, 0.24072265625, 0.75927734375]
[Thu May 15 13:06:07 2025] >> [(3, 4, 'C', 'B', 'A')]: 0.3798828125 == [0.5927734375, 0.4072265625, 0.59716796875, 0.40283203125, 0.40283203125, 0.59716796875]
[Thu May 15 13:06:07 2025] >> >> (3, 4): 1.099609375 

[Thu May 15 13:06:08 2025] >> [(3, 5, 'A', 'B', 'C')]: 0.759765625 == [0.3701171875, 0.6298828125, 0.75, 0.25, 0.25, 0.75]
[Thu May 15 13:06:08 2025] >> [(3, 5, 'A', 'C', 'B')]: 1.17578125 == [0.7919921875, 0.2080078125, 0.2041015625, 0.7958984375, 0.7958984375, 0.2041015625]
[Thu May 15 13:06:09 2025] >> [(3, 5, 'B', 'A', 'C')]: 1.0 == [0.25, 0.75, 0.75, 0.25, 0.25, 0.75]
[Thu May 15 13:06:09 2025] >> [(3, 5, 'B', 'C', 'A')]: 0.90234375 == [0.7919921875, 0.2080078125, 0.3408203125, 0.6591796875, 0.6591796875, 0.3408203125]
[Thu May 15 13:06:10 2025] >> [(3, 5, 'C', 'A', 'B')]: 1.091796875 == [0.25, 0.75, 0.2041015625, 0.7958984375, 0.7958984375, 0.2041015625]
[Thu May 15 13:06:10 2025] >> [(3, 5, 'C', 'B', 'A')]: 0.578125 == [0.3701171875, 0.6298828125, 0.3408203125, 0.6591796875, 0.6591796875, 0.3408203125]
[Thu May 15 13:06:10 2025] >> >> (3, 5): 1.17578125 

[Thu May 15 13:06:11 2025] >> [(4, 4, 'A', 'B', 'C')]: 0.28125 == [0.55859375, 0.44140625, 0.41796875, 0.58203125, 0.58203125, 0.41796875]
[Thu May 15 13:06:11 2025] >> [(4, 4, 'A', 'C', 'B')]: 0.6435546875 == [0.3212890625, 0.6787109375, 0.64306640625, 0.35693359375, 0.35693359375, 0.64306640625]
[Thu May 15 13:06:12 2025] >> [(4, 4, 'B', 'A', 'C')]: 0.6640625 == [0.25, 0.75, 0.41796875, 0.58203125, 0.58203125, 0.41796875]
[Thu May 15 13:06:12 2025] >> [(4, 4, 'B', 'C', 'A')]: 0.478515625 == [0.3212890625, 0.6787109375, 0.560546875, 0.439453125, 0.439453125, 0.560546875]
[Thu May 15 13:06:13 2025] >> [(4, 4, 'C', 'A', 'B')]: 0.7861328125 == [0.25, 0.75, 0.64306640625, 0.35693359375, 0.35693359375, 0.64306640625]
[Thu May 15 13:06:13 2025] >> [(4, 4, 'C', 'B', 'A')]: 0.23828125 == [0.55859375, 0.44140625, 0.560546875, 0.439453125, 0.439453125, 0.560546875]
[Thu May 15 13:06:13 2025] >> >> (4, 4): 0.7861328125 

[Thu May 15 13:06:14 2025] >> [(4, 5, 'A', 'B', 'C')]: 0.646484375 == [0.4267578125, 0.5732421875, 0.25, 0.75, 0.75, 0.25]
[Thu May 15 13:06:14 2025] >> [(4, 5, 'A', 'C', 'B')]: 0.416015625 == [0.307373046875, 0.692626953125, 0.484619140625, 0.515380859375, 0.515380859375, 0.484619140625]
[Thu May 15 13:06:14 2025] >> [(4, 5, 'B', 'A', 'C')]: 1.0 == [0.75, 0.25, 0.25, 0.75, 0.75, 0.25]
[Thu May 15 13:06:15 2025] >> [(4, 5, 'B', 'C', 'A')]: 0.853515625 == [0.307373046875, 0.692626953125, 0.265869140625, 0.734130859375, 0.734130859375, 0.265869140625]
[Thu May 15 13:06:15 2025] >> [(4, 5, 'C', 'A', 'B')]: 0.53076171875 == [0.75, 0.25, 0.484619140625, 0.515380859375, 0.515380859375, 0.484619140625]
[Thu May 15 13:06:16 2025] >> [(4, 5, 'C', 'B', 'A')]: 0.61474609375 == [0.4267578125, 0.5732421875, 0.265869140625, 0.734130859375, 0.734130859375, 0.265869140625]
[Thu May 15 13:06:16 2025] >> >> (4, 5): 1.0 

