[Mon Jul  7 13:03:03 2025] >> Critical eFA list: [(0, 0), (0, 1), (0, 2), (0, 3), (0, 4), (0, 5), (0, 6), (0, 7), (1, 6), (1, 7), (2, 6), (2, 7), (3, 6), (3, 7), (4, 6), (4, 7), (5, 6), (5, 7), (6, 6), (6, 7)]
[Mon Jul  7 13:07:05 2025] >> [(0, 0, 'C', 'A', 'B', 0.06047137087990345), (0, 1, 'A', 'C', 'B', 0.28976406320693054), (0, 2, 'A', 'C', 'B', 0.26259279119258666), (0, 3, 'A', 'C', 'B', 0.25481341220235604), (0, 4, 'A', 'C', 'B', 0.2315129781993061), (0, 5, 'A', 'C', 'B', 0.22822863079578365), (0, 6, 'A', 'C', 'B', 0.22620104898034382), (0, 7, 'B', 'A', 'C', 0.10020910946188893), (1, 6, 'A', 'C', 'B', 0.08965346783517958), (1, 7, 'A', 'B', 'C', 0), (2, 6, 'A', 'C', 'B', 0.1469926371678449), (2, 7, 'A', 'C', 'B', 0.06554451463712985), (3, 6, 'A', 'C', 'B', 0.17180177234504546), (3, 7, 'A', 'C', 'B', 0.11787204450625888), (4, 6, 'A', 'C', 'B', 0.18361880328982083), (4, 7, 'A', 'C', 'B', 0.14765893785803158), (5, 6, 'A', 'C', 'B', 0.19532684423652524), (5, 7, 'A', 'C', 'B', 0.16337776734791393), (6, 6, 'C', 'A', 'B', 0.1222909697594673), (6, 7, 'B', 'A', 'C', 0.09435069207269803)]
[Mon Jul  7 13:07:05 2025] >> aging log for following wire comb 
[(0, 0, 'C', 'A', 'B', 0.06047137087990345), (0, 1, 'A', 'C', 'B', 0.28976406320693054), (0, 2, 'A', 'C', 'B', 0.26259279119258666), (0, 3, 'A', 'C', 'B', 0.25481341220235604), (0, 4, 'A', 'C', 'B', 0.2315129781993061), (0, 5, 'A', 'C', 'B', 0.22822863079578365), (0, 6, 'A', 'C', 'B', 0.22620104898034382), (0, 7, 'B', 'A', 'C', 0.10020910946188893), (1, 6, 'A', 'C', 'B', 0.08965346783517958), (1, 7, 'A', 'B', 'C', 0), (2, 6, 'A', 'C', 'B', 0.1469926371678449), (2, 7, 'A', 'C', 'B', 0.06554451463712985), (3, 6, 'A', 'C', 'B', 0.17180177234504546), (3, 7, 'A', 'C', 'B', 0.11787204450625888), (4, 6, 'A', 'C', 'B', 0.18361880328982083), (4, 7, 'A', 'C', 'B', 0.14765893785803158), (5, 6, 'A', 'C', 'B', 0.19532684423652524), (5, 7, 'A', 'C', 'B', 0.16337776734791393), (6, 6, 'C', 'A', 'B', 0.1222909697594673), (6, 7, 'B', 'A', 'C', 0.09435069207269803)]
[Mon Jul  7 13:07:08 2025] >> alpha: 
[[[0.75, 0.25, 0.75, 0.25, 0.25, 0.75, 1.0, 0.75, 0.75, 0.625, 0.9375], [0.9375, 0.0625, 0.8125, 0.1875, 0.1875, 0.8125, 0.75, 0.9375, 0.75, 0.625, 0.90625], [0.90625, 0.09375, 0.78125, 0.21875, 0.21875, 0.78125, 0.75, 0.90625, 0.75, 0.625, 0.890625], [0.890625, 0.109375, 0.796875, 0.203125, 0.203125, 0.796875, 0.75, 0.890625, 0.75, 0.625, 0.8828125], [0.8828125, 0.1171875, 0.7890625, 0.2109375, 0.2109375, 0.7890625, 0.75, 0.8828125, 0.75, 0.625, 0.87890625], [0.87890625, 0.12109375, 0.79296875, 0.20703125, 0.20703125, 0.79296875, 0.75, 0.87890625, 0.75, 0.625, 0.876953125], [0.876953125, 0.123046875, 0.791015625, 0.208984375, 0.208984375, 0.791015625, 0.75, 0.876953125, 0.25, 0.375, 0.7509765625], [0.25, 0.75, 0.75, 0.25, 0.25, 0.75, 0.0, 0.25, 0.7509765625, 0.7080078125, 0.146484375]], [[0.625, 0.375, 0.5625, 0.4375, 0.4375, 0.5625, 0.75, 0.625, 1.0, 0.5625, 0.90625], [0.625, 0.375, 0.5625, 0.4375, 0.4375, 0.5625, 0.75, 0.625, 0.90625, 0.5625, 0.859375], [0.625, 0.375, 0.5625, 0.4375, 0.4375, 0.5625, 0.75, 0.625, 0.859375, 0.5625, 0.8359375], [0.625, 0.375, 0.5625, 0.4375, 0.4375, 0.5625, 0.75, 0.625, 0.8359375, 0.5625, 0.82421875], [0.625, 0.375, 0.5625, 0.4375, 0.4375, 0.5625, 0.75, 0.625, 0.82421875, 0.5625, 0.818359375], [0.375, 0.625, 0.4375, 0.5625, 0.5625, 0.4375, 0.75, 0.375, 0.818359375, 0.4375, 0.7529296875], [0.7529296875, 0.2470703125, 0.7451171875, 0.2548828125, 0.2548828125, 0.7451171875, 0.75, 0.7529296875, 0.7080078125, 0.6083984375, 0.80126953125], [0.146484375, 0.853515625, 0.75, 0.25, 0.25, 0.75, 0.25, 0.146484375, 0.80126953125, 0.64501953125, 0.2763671875]], [[0.5625, 0.4375, 0.53125, 0.46875, 0.46875, 0.53125, 0.75, 0.5625, 1.0, 0.53125, 0.890625], [0.5625, 0.4375, 0.53125, 0.46875, 0.46875, 0.53125, 0.75, 0.5625, 0.890625, 0.53125, 0.8359375], [0.5625, 0.4375, 0.53125, 0.46875, 0.46875, 0.53125, 0.75, 0.5625, 0.8359375, 0.53125, 0.80859375], [0.5625, 0.4375, 0.53125, 0.46875, 0.46875, 0.53125, 0.75, 0.5625, 0.80859375, 0.53125, 0.794921875], [0.4375, 0.5625, 0.46875, 0.53125, 0.53125, 0.46875, 0.75, 0.4375, 0.794921875, 0.46875, 0.7568359375], [0.6083984375, 0.3916015625, 0.5546875, 0.4453125, 0.4453125, 0.5546875, 0.75, 0.6083984375, 0.7568359375, 0.5556640625, 0.77978515625], [0.77978515625, 0.22021484375, 0.7470703125, 0.2529296875, 0.2529296875, 0.7470703125, 0.75, 0.77978515625, 0.64501953125, 0.5751953125, 0.7998046875], [0.7998046875, 0.2001953125, 0.2314453125, 0.7685546875, 0.7685546875, 0.2314453125, 0.25, 0.7998046875, 0.2763671875, 0.59326171875, 0.366455078125]], [[0.53125, 0.46875, 0.515625, 0.484375, 0.484375, 0.515625, 0.75, 0.53125, 1.0, 0.515625, 0.8828125], [0.53125, 0.46875, 0.515625, 0.484375, 0.484375, 0.515625, 0.75, 0.53125, 0.8828125, 0.515625, 0.82421875], [0.53125, 0.46875, 0.515625, 0.484375, 0.484375, 0.515625, 0.75, 0.53125, 0.82421875, 0.515625, 0.794921875], [0.46875, 0.53125, 0.484375, 0.515625, 0.515625, 0.484375, 0.75, 0.46875, 0.794921875, 0.484375, 0.7646484375], [0.5556640625, 0.4443359375, 0.5283203125, 0.4716796875, 0.4716796875, 0.5283203125, 0.75, 0.5556640625, 0.7646484375, 0.52783203125, 0.771240234375], [0.5751953125, 0.4248046875, 0.547607421875, 0.452392578125, 0.452392578125, 0.547607421875, 0.75, 0.5751953125, 0.771240234375, 0.539306640625, 0.778564453125], [0.778564453125, 0.221435546875, 0.75634765625, 0.24365234375, 0.24365234375, 0.75634765625, 0.75, 0.778564453125, 0.59326171875, 0.5478515625, 0.7869873046875], [0.7869873046875, 0.2130126953125, 0.2032470703125, 0.7967529296875, 0.7967529296875, 0.2032470703125, 0.25, 0.7869873046875, 0.366455078125, 0.5574951171875, 0.4229736328125]], [[0.515625, 0.484375, 0.5078125, 0.4921875, 0.4921875, 0.5078125, 0.75, 0.515625, 1.0, 0.5078125, 0.87890625], [0.515625, 0.484375, 0.5078125, 0.4921875, 0.4921875, 0.5078125, 0.75, 0.515625, 0.87890625, 0.5078125, 0.818359375], [0.484375, 0.515625, 0.4921875, 0.5078125, 0.5078125, 0.4921875, 0.75, 0.484375, 0.818359375, 0.4921875, 0.7802734375], [0.52783203125, 0.47216796875, 0.514404296875, 0.485595703125, 0.485595703125, 0.514404296875, 0.75, 0.52783203125, 0.7802734375, 0.51513671875, 0.771484375], [0.539306640625, 0.460693359375, 0.5242919921875, 0.4757080078125, 0.4757080078125, 0.5242919921875, 0.75, 0.539306640625, 0.771484375, 0.520751953125, 0.77001953125], [0.5478515625, 0.4521484375, 0.543212890625, 0.456787109375, 0.456787109375, 0.543212890625, 0.75, 0.5478515625, 0.77001953125, 0.5244140625, 0.771728515625], [0.771728515625, 0.228271484375, 0.7647705078125, 0.2352294921875, 0.2352294921875, 0.7647705078125, 0.75, 0.771728515625, 0.5574951171875, 0.5294189453125, 0.77490234375], [0.77490234375, 0.22509765625, 0.183349609375, 0.816650390625, 0.816650390625, 0.183349609375, 0.25, 0.77490234375, 0.4229736328125, 0.5341796875, 0.45684814453125]], [[0.5078125, 0.4921875, 0.50390625, 0.49609375, 0.49609375, 0.50390625, 0.75, 0.5078125, 1.0, 0.50390625, 0.876953125], [0.4921875, 0.5078125, 0.49609375, 0.50390625, 0.50390625, 0.49609375, 0.75, 0.4921875, 0.876953125, 0.49609375, 0.8115234375], [0.51513671875, 0.48486328125, 0.508056640625, 0.491943359375, 0.491943359375, 0.508056640625, 0.75, 0.51513671875, 0.8115234375, 0.5059814453125, 0.78533935546875], [0.520751953125, 0.479248046875, 0.5130615234375, 0.4869384765625, 0.4869384765625, 0.5130615234375, 0.75, 0.520751953125, 0.78533935546875, 0.51068115234375, 0.772705078125], [0.5244140625, 0.4755859375, 0.5225830078125, 0.4774169921875, 0.4774169921875, 0.5225830078125, 0.75, 0.5244140625, 0.772705078125, 0.5125732421875, 0.76727294921875], [0.5294189453125, 0.4705810546875, 0.54254150390625, 0.45745849609375, 0.45745849609375, 0.54254150390625, 0.75, 0.5294189453125, 0.76727294921875, 0.515380859375, 0.765655517578125], [0.765655517578125, 0.234344482421875, 0.772735595703125, 0.227264404296875, 0.227264404296875, 0.772735595703125, 0.75, 0.765655517578125, 0.5341796875, 0.517852783203125, 0.7659912109375], [0.7659912109375, 0.2340087890625, 0.171142578125, 0.828857421875, 0.828857421875, 0.171142578125, 0.25, 0.7659912109375, 0.45684814453125, 0.51995849609375, 0.4764404296875]], [[0.49609375, 0.50390625, 0.501953125, 0.498046875, 0.498046875, 0.501953125, 0.25, 0.49609375, 1.0, 0.501953125, 0.6220703125], [0.5059814453125, 0.4940185546875, 0.49652099609375, 0.50347900390625, 0.50347900390625, 0.49652099609375, 0.25, 0.5059814453125, 0.6220703125, 0.5029296875, 0.43756103515625], [0.51068115234375, 0.48931884765625, 0.492645263671875, 0.507354736328125, 0.507354736328125, 0.492645263671875, 0.25, 0.51068115234375, 0.43756103515625, 0.50341796875, 0.347412109375], [0.5125732421875, 0.4874267578125, 0.4884033203125, 0.5115966796875, 0.5115966796875, 0.4884033203125, 0.25, 0.5125732421875, 0.347412109375, 0.503662109375, 0.30316162109375], [0.515380859375, 0.484619140625, 0.4775390625, 0.5224609375, 0.5224609375, 0.4775390625, 0.25, 0.515380859375, 0.30316162109375, 0.5037841796875, 0.282379150390625], [0.517852783203125, 0.482147216796875, 0.45782470703125, 0.54217529296875, 0.54217529296875, 0.45782470703125, 0.25, 0.517852783203125, 0.282379150390625, 0.50384521484375, 0.273193359375], [0.25, 0.75, 0.650482177734375, 0.349517822265625, 0.349517822265625, 0.650482177734375, 0.273193359375, 0.25, 0.51995849609375, 0.503875732421875, 0.2696380615234375], [0.75, 0.25, 0.25, 0.75, 0.75, 0.25, 0.4764404296875, 0.75, 0.2696380615234375, 0.5038909912109375, 0.49609375]]]
[Mon Jul  7 13:07:08 2025] >> week 000:   477.90 [0.00%]
[Mon Jul  7 13:07:08 2025] >> week 001:   547.38 [14.54%]
[Mon Jul  7 13:07:08 2025] >> week 002:   565.18 [18.26%]
[Mon Jul  7 13:07:08 2025] >> week 003:   577.82 [20.91%]
[Mon Jul  7 13:07:08 2025] >> week 004:   588.31 [23.10%]
[Mon Jul  7 13:07:08 2025] >> week 005:   597.38 [25.00%]
[Mon Jul  7 13:07:08 2025] >> week 006:   605.16 [26.63%]
[Mon Jul  7 13:07:08 2025] >> week 007:   612.25 [28.11%]
[Mon Jul  7 13:07:08 2025] >> week 008:   618.87 [29.50%]
[Mon Jul  7 13:07:08 2025] >> week 009:   625.48 [30.88%]
[Mon Jul  7 13:07:08 2025] >> week 010:   631.29 [32.10%]
[Mon Jul  7 13:07:08 2025] >> week 011:   637.39 [33.37%]
[Mon Jul  7 13:07:08 2025] >> week 012:   642.72 [34.49%]
[Mon Jul  7 13:07:08 2025] >> week 013:   647.38 [35.46%]
[Mon Jul  7 13:07:08 2025] >> week 014:   652.49 [36.53%]
[Mon Jul  7 13:07:08 2025] >> week 015:   657.37 [37.55%]
[Mon Jul  7 13:07:08 2025] >> week 016:   661.81 [38.48%]
[Mon Jul  7 13:07:08 2025] >> week 017:   665.93 [39.34%]
[Mon Jul  7 13:07:08 2025] >> week 018:   670.56 [40.31%]
[Mon Jul  7 13:07:08 2025] >> week 019:   674.66 [41.17%]
[Mon Jul  7 13:07:08 2025] >> week 020:   678.78 [42.03%]
[Mon Jul  7 13:07:08 2025] >> week 021:   682.84 [42.88%]
[Mon Jul  7 13:07:08 2025] >> week 022:   686.82 [43.71%]
[Mon Jul  7 13:07:08 2025] >> week 023:   690.46 [44.48%]
[Mon Jul  7 13:07:08 2025] >> week 024:   694.59 [45.34%]
[Mon Jul  7 13:07:08 2025] >> week 025:   698.30 [46.12%]
[Mon Jul  7 13:07:08 2025] >> week 026:   702.09 [46.91%]
[Mon Jul  7 13:07:08 2025] >> week 027:   705.64 [47.65%]
[Mon Jul  7 13:07:08 2025] >> week 028:   708.79 [48.31%]
[Mon Jul  7 13:07:08 2025] >> week 029:   712.12 [49.01%]
[Mon Jul  7 13:07:08 2025] >> week 030:   715.82 [49.78%]
[Mon Jul  7 13:07:08 2025] >> week 031:   718.99 [50.45%]
[Mon Jul  7 13:07:08 2025] >> week 032:   722.53 [51.19%]
[Mon Jul  7 13:07:08 2025] >> week 033:   725.70 [51.85%]
[Mon Jul  7 13:07:08 2025] >> week 034:   728.71 [52.48%]
[Mon Jul  7 13:07:08 2025] >> week 035:   731.98 [53.17%]
[Mon Jul  7 13:07:08 2025] >> week 036:   734.67 [53.73%]
[Mon Jul  7 13:07:08 2025] >> week 037:   738.16 [54.46%]
[Mon Jul  7 13:07:08 2025] >> week 038:   741.38 [55.13%]
[Mon Jul  7 13:07:08 2025] >> week 039:   743.83 [55.64%]
[Mon Jul  7 13:07:08 2025] >> week 040:   747.19 [56.35%]
[Mon Jul  7 13:07:08 2025] >> week 041:   749.90 [56.91%]
[Mon Jul  7 13:07:08 2025] >> week 042:   752.68 [57.50%]
[Mon Jul  7 13:07:08 2025] >> week 043:   755.43 [58.07%]
[Mon Jul  7 13:07:08 2025] >> week 044:   758.39 [58.69%]
[Mon Jul  7 13:07:08 2025] >> week 045:   761.52 [59.35%]
[Mon Jul  7 13:07:08 2025] >> week 046:   764.13 [59.89%]
[Mon Jul  7 13:07:08 2025] >> week 047:   766.50 [60.39%]
[Mon Jul  7 13:07:08 2025] >> week 048:   769.41 [61.00%]
[Mon Jul  7 13:07:08 2025] >> week 049:   772.47 [61.64%]
[Mon Jul  7 13:07:08 2025] >> week 050:   774.95 [62.16%]
[Mon Jul  7 13:07:08 2025] >> week 051:   777.47 [62.68%]
[Mon Jul  7 13:07:08 2025] >> week 052:   779.94 [63.20%]
[Mon Jul  7 13:07:08 2025] >> week 053:   783.04 [63.85%]
[Mon Jul  7 13:07:08 2025] >> week 054:   785.46 [64.35%]
[Mon Jul  7 13:07:08 2025] >> week 055:   788.11 [64.91%]
[Mon Jul  7 13:07:08 2025] >> week 056:   790.64 [65.44%]
[Mon Jul  7 13:07:08 2025] >> week 057:   792.93 [65.92%]
[Mon Jul  7 13:07:08 2025] >> week 058:   795.31 [66.42%]
[Mon Jul  7 13:07:08 2025] >> week 059:   797.62 [66.90%]
[Mon Jul  7 13:07:08 2025] >> week 060:   800.73 [67.55%]
[Mon Jul  7 13:07:08 2025] >> week 061:   803.27 [68.08%]
[Mon Jul  7 13:07:08 2025] >> week 062:   805.52 [68.55%]
[Mon Jul  7 13:07:08 2025] >> week 063:   807.86 [69.04%]
[Mon Jul  7 13:07:08 2025] >> week 064:   809.91 [69.47%]
[Mon Jul  7 13:07:08 2025] >> week 065:   812.71 [70.06%]
[Mon Jul  7 13:07:08 2025] >> week 066:   814.99 [70.53%]
[Mon Jul  7 13:07:08 2025] >> week 067:   817.26 [71.01%]
[Mon Jul  7 13:07:08 2025] >> week 068:   819.43 [71.46%]
[Mon Jul  7 13:07:08 2025] >> week 069:   821.73 [71.95%]
[Mon Jul  7 13:07:08 2025] >> week 070:   824.13 [72.45%]
[Mon Jul  7 13:07:08 2025] >> week 071:   826.48 [72.94%]
[Mon Jul  7 13:07:08 2025] >> week 072:   828.86 [73.44%]
[Mon Jul  7 13:07:08 2025] >> week 073:   831.00 [73.89%]
[Mon Jul  7 13:07:08 2025] >> week 074:   832.51 [74.20%]
[Mon Jul  7 13:07:08 2025] >> week 075:   834.83 [74.69%]
[Mon Jul  7 13:07:08 2025] >> week 076:   837.00 [75.14%]
[Mon Jul  7 13:07:08 2025] >> week 077:   839.04 [75.57%]
[Mon Jul  7 13:07:08 2025] >> week 078:   841.41 [76.06%]
[Mon Jul  7 13:07:08 2025] >> week 079:   843.86 [76.58%]
[Mon Jul  7 13:07:08 2025] >> week 080:   845.86 [76.99%]
[Mon Jul  7 13:07:08 2025] >> week 081:   848.02 [77.45%]
[Mon Jul  7 13:07:08 2025] >> week 082:   849.98 [77.86%]
[Mon Jul  7 13:07:08 2025] >> week 083:   851.52 [78.18%]
[Mon Jul  7 13:07:08 2025] >> week 084:   853.48 [78.59%]
[Mon Jul  7 13:07:08 2025] >> week 085:   855.53 [79.02%]
[Mon Jul  7 13:07:08 2025] >> week 086:   858.05 [79.54%]
[Mon Jul  7 13:07:08 2025] >> week 087:   860.35 [80.03%]
[Mon Jul  7 13:07:08 2025] >> week 088:   862.43 [80.46%]
[Mon Jul  7 13:07:08 2025] >> week 089:   863.92 [80.77%]
[Mon Jul  7 13:07:08 2025] >> week 090:   865.95 [81.20%]
[Mon Jul  7 13:07:08 2025] >> week 091:   867.96 [81.62%]
[Mon Jul  7 13:07:08 2025] >> week 092:   869.97 [82.04%]
[Mon Jul  7 13:07:08 2025] >> week 093:   871.71 [82.40%]
[Mon Jul  7 13:07:08 2025] >> week 094:   874.02 [82.89%]
[Mon Jul  7 13:07:08 2025] >> week 095:   875.84 [83.27%]
[Mon Jul  7 13:07:08 2025] >> week 096:   877.91 [83.70%]
[Mon Jul  7 13:07:08 2025] >> week 097:   879.89 [84.11%]
[Mon Jul  7 13:07:08 2025] >> week 098:   881.43 [84.44%]
[Mon Jul  7 13:07:08 2025] >> week 099:   883.37 [84.84%]
[Mon Jul  7 13:07:08 2025] >> week 100:   885.17 [85.22%]
[Mon Jul  7 13:07:08 2025] >> week 101:   887.45 [85.70%]
[Mon Jul  7 13:07:08 2025] >> week 102:   889.08 [86.04%]
[Mon Jul  7 13:07:08 2025] >> week 103:   891.21 [86.48%]
[Mon Jul  7 13:07:08 2025] >> week 104:   892.71 [86.80%]
[Mon Jul  7 13:07:08 2025] >> week 105:   894.09 [87.09%]
[Mon Jul  7 13:07:08 2025] >> week 106:   895.98 [87.48%]
[Mon Jul  7 13:07:08 2025] >> week 107:   898.02 [87.91%]
[Mon Jul  7 13:07:08 2025] >> week 108:   899.80 [88.28%]
[Mon Jul  7 13:07:08 2025] >> week 109:   901.06 [88.54%]
[Mon Jul  7 13:07:08 2025] >> week 110:   902.90 [88.93%]
[Mon Jul  7 13:07:08 2025] >> week 111:   905.36 [89.44%]
[Mon Jul  7 13:07:08 2025] >> week 112:   906.52 [89.69%]
[Mon Jul  7 13:07:08 2025] >> week 113:   908.59 [90.12%]
[Mon Jul  7 13:07:08 2025] >> week 114:   910.24 [90.46%]
[Mon Jul  7 13:07:08 2025] >> week 115:   911.77 [90.79%]
[Mon Jul  7 13:07:08 2025] >> week 116:   913.59 [91.17%]
[Mon Jul  7 13:07:08 2025] >> week 117:   915.09 [91.48%]
[Mon Jul  7 13:07:08 2025] >> week 118:   916.61 [91.80%]
[Mon Jul  7 13:07:08 2025] >> week 119:   918.36 [92.17%]
[Mon Jul  7 13:07:08 2025] >> week 120:   920.44 [92.60%]
[Mon Jul  7 13:07:08 2025] >> week 121:   922.02 [92.93%]
[Mon Jul  7 13:07:08 2025] >> week 122:   923.65 [93.27%]
[Mon Jul  7 13:07:08 2025] >> week 123:   924.83 [93.52%]
[Mon Jul  7 13:07:08 2025] >> week 124:   926.61 [93.89%]
[Mon Jul  7 13:07:08 2025] >> week 125:   928.50 [94.29%]
[Mon Jul  7 13:07:08 2025] >> week 126:   929.75 [94.55%]
[Mon Jul  7 13:07:08 2025] >> week 127:   931.69 [94.95%]
[Mon Jul  7 13:07:08 2025] >> week 128:   932.92 [95.21%]
[Mon Jul  7 13:07:08 2025] >> week 129:   934.22 [95.48%]
[Mon Jul  7 13:07:08 2025] >> week 130:   936.28 [95.91%]
[Mon Jul  7 13:07:08 2025] >> week 131:   937.31 [96.13%]
[Mon Jul  7 13:07:08 2025] >> week 132:   939.64 [96.62%]
[Mon Jul  7 13:07:08 2025] >> week 133:   940.96 [96.89%]
[Mon Jul  7 13:07:08 2025] >> week 134:   942.40 [97.19%]
[Mon Jul  7 13:07:08 2025] >> week 135:   944.18 [97.57%]
[Mon Jul  7 13:07:08 2025] >> week 136:   945.07 [97.75%]
[Mon Jul  7 13:07:08 2025] >> week 137:   946.95 [98.15%]
[Mon Jul  7 13:07:08 2025] >> week 138:   948.27 [98.42%]
[Mon Jul  7 13:07:08 2025] >> week 139:   949.69 [98.72%]
[Mon Jul  7 13:07:08 2025] >> week 140:   951.42 [99.08%]
[Mon Jul  7 13:07:08 2025] >> week 141:   952.25 [99.26%]
[Mon Jul  7 13:07:08 2025] >> week 142:   954.77 [99.78%]
[Mon Jul  7 13:07:08 2025] >> week 143:   956.05 [100.05%]
[Mon Jul  7 13:07:08 2025] >> week 144:   957.47 [100.35%]
[Mon Jul  7 13:07:08 2025] >> week 145:   958.75 [100.62%]
[Mon Jul  7 13:07:08 2025] >> week 146:   960.09 [100.90%]
[Mon Jul  7 13:07:08 2025] >> week 147:   961.86 [101.27%]
[Mon Jul  7 13:07:08 2025] >> week 148:   963.00 [101.51%]
[Mon Jul  7 13:07:08 2025] >> week 149:   964.26 [101.77%]
[Mon Jul  7 13:07:08 2025] >> week 150:   965.80 [102.09%]
[Mon Jul  7 13:07:08 2025] >> week 151:   966.93 [102.33%]
[Mon Jul  7 13:07:08 2025] >> week 152:   968.37 [102.63%]
[Mon Jul  7 13:07:08 2025] >> week 153:   969.72 [102.91%]
[Mon Jul  7 13:07:08 2025] >> week 154:   970.85 [103.15%]
[Mon Jul  7 13:07:08 2025] >> week 155:   972.92 [103.58%]
[Mon Jul  7 13:07:08 2025] >> week 156:   973.91 [103.79%]
[Mon Jul  7 13:07:08 2025] >> week 157:   975.38 [104.10%]
[Mon Jul  7 13:07:08 2025] >> week 158:   976.25 [104.28%]
[Mon Jul  7 13:07:08 2025] >> week 159:   977.83 [104.61%]
[Mon Jul  7 13:07:08 2025] >> week 160:   978.63 [104.78%]
[Mon Jul  7 13:07:08 2025] >> week 161:   980.53 [105.17%]
[Mon Jul  7 13:07:08 2025] >> week 162:   981.60 [105.40%]
[Mon Jul  7 13:07:08 2025] >> week 163:   982.89 [105.67%]
[Mon Jul  7 13:07:08 2025] >> week 164:   984.47 [106.00%]
[Mon Jul  7 13:07:08 2025] >> week 165:   985.49 [106.21%]
[Mon Jul  7 13:07:08 2025] >> week 166:   987.35 [106.60%]
[Mon Jul  7 13:07:08 2025] >> week 167:   988.40 [106.82%]
[Mon Jul  7 13:07:08 2025] >> week 168:   989.68 [107.09%]
[Mon Jul  7 13:07:08 2025] >> week 169:   990.75 [107.31%]
[Mon Jul  7 13:07:08 2025] >> week 170:   992.10 [107.59%]
[Mon Jul  7 13:07:08 2025] >> week 171:   992.96 [107.77%]
[Mon Jul  7 13:07:08 2025] >> week 172:   994.71 [108.14%]
[Mon Jul  7 13:07:08 2025] >> week 173:   995.60 [108.33%]
[Mon Jul  7 13:07:08 2025] >> week 174:   996.60 [108.54%]
[Mon Jul  7 13:07:08 2025] >> week 175:   997.91 [108.81%]
[Mon Jul  7 13:07:08 2025] >> week 176:   999.05 [109.05%]
[Mon Jul  7 13:07:08 2025] >> week 177:  1000.12 [109.27%]
[Mon Jul  7 13:07:08 2025] >> week 178:  1001.31 [109.52%]
[Mon Jul  7 13:07:08 2025] >> week 179:  1002.70 [109.81%]
[Mon Jul  7 13:07:08 2025] >> week 180:  1003.83 [110.05%]
[Mon Jul  7 13:07:08 2025] >> week 181:  1005.29 [110.36%]
[Mon Jul  7 13:07:08 2025] >> week 182:  1006.41 [110.59%]
[Mon Jul  7 13:07:08 2025] >> week 183:  1007.66 [110.85%]
[Mon Jul  7 13:07:08 2025] >> week 184:  1008.69 [111.07%]
[Mon Jul  7 13:07:08 2025] >> week 185:  1010.01 [111.34%]
[Mon Jul  7 13:07:08 2025] >> week 186:  1011.18 [111.59%]
[Mon Jul  7 13:07:08 2025] >> week 187:  1012.40 [111.84%]
[Mon Jul  7 13:07:08 2025] >> week 188:  1013.36 [112.04%]
[Mon Jul  7 13:07:08 2025] >> week 189:  1014.58 [112.30%]
[Mon Jul  7 13:07:08 2025] >> week 190:  1015.47 [112.48%]
[Mon Jul  7 13:07:08 2025] >> week 191:  1016.19 [112.64%]
[Mon Jul  7 13:07:08 2025] >> week 192:  1017.86 [112.98%]
[Mon Jul  7 13:07:08 2025] >> week 193:  1018.48 [113.12%]
[Mon Jul  7 13:07:08 2025] >> week 194:  1020.59 [113.56%]
[Mon Jul  7 13:07:08 2025] >> week 195:  1021.09 [113.66%]
[Mon Jul  7 13:07:08 2025] >> week 196:  1022.62 [113.98%]
[Mon Jul  7 13:07:08 2025] >> week 197:  1023.30 [114.12%]
[Mon Jul  7 13:07:08 2025] >> week 198:  1024.89 [114.45%]
[Mon Jul  7 13:07:08 2025] >> week 199:  1025.64 [114.61%]
[Mon Jul  7 13:07:09 2025] >> aging log for following wire comb 
[]
[Mon Jul  7 13:07:11 2025] >> alpha: 
[[[0.75, 0.25, 0.625, 0.375, 0.375, 0.625, 0.75, 0.75, 1.0, 0.625, 0.9375], [0.75, 0.25, 0.625, 0.375, 0.375, 0.625, 0.75, 0.75, 0.9375, 0.625, 0.90625], [0.75, 0.25, 0.625, 0.375, 0.375, 0.625, 0.75, 0.75, 0.90625, 0.625, 0.890625], [0.75, 0.25, 0.625, 0.375, 0.375, 0.625, 0.75, 0.75, 0.890625, 0.625, 0.8828125], [0.75, 0.25, 0.625, 0.375, 0.375, 0.625, 0.75, 0.75, 0.8828125, 0.625, 0.87890625], [0.75, 0.25, 0.625, 0.375, 0.375, 0.625, 0.75, 0.75, 0.87890625, 0.625, 0.876953125], [0.25, 0.75, 0.375, 0.625, 0.625, 0.375, 0.75, 0.25, 0.876953125, 0.375, 0.7509765625], [0.0, 1.0, 0.75, 0.25, 0.25, 0.75, 0.25, 0.0, 0.7509765625, 0.7080078125, 0.146484375]], [[0.625, 0.375, 0.5625, 0.4375, 0.4375, 0.5625, 0.75, 0.625, 1.0, 0.5625, 0.90625], [0.625, 0.375, 0.5625, 0.4375, 0.4375, 0.5625, 0.75, 0.625, 0.90625, 0.5625, 0.859375], [0.625, 0.375, 0.5625, 0.4375, 0.4375, 0.5625, 0.75, 0.625, 0.859375, 0.5625, 0.8359375], [0.625, 0.375, 0.5625, 0.4375, 0.4375, 0.5625, 0.75, 0.625, 0.8359375, 0.5625, 0.82421875], [0.625, 0.375, 0.5625, 0.4375, 0.4375, 0.5625, 0.75, 0.625, 0.82421875, 0.5625, 0.818359375], [0.375, 0.625, 0.4375, 0.5625, 0.5625, 0.4375, 0.75, 0.375, 0.818359375, 0.4375, 0.7529296875], [0.7080078125, 0.2919921875, 0.6044921875, 0.3955078125, 0.3955078125, 0.6044921875, 0.75, 0.7080078125, 0.7529296875, 0.6083984375, 0.80126953125], [0.146484375, 0.853515625, 0.75, 0.25, 0.25, 0.75, 0.25, 0.146484375, 0.80126953125, 0.64501953125, 0.2763671875]], [[0.5625, 0.4375, 0.53125, 0.46875, 0.46875, 0.53125, 0.75, 0.5625, 1.0, 0.53125, 0.890625], [0.5625, 0.4375, 0.53125, 0.46875, 0.46875, 0.53125, 0.75, 0.5625, 0.890625, 0.53125, 0.8359375], [0.5625, 0.4375, 0.53125, 0.46875, 0.46875, 0.53125, 0.75, 0.5625, 0.8359375, 0.53125, 0.80859375], [0.5625, 0.4375, 0.53125, 0.46875, 0.46875, 0.53125, 0.75, 0.5625, 0.80859375, 0.53125, 0.794921875], [0.4375, 0.5625, 0.46875, 0.53125, 0.53125, 0.46875, 0.75, 0.4375, 0.794921875, 0.46875, 0.7568359375], [0.6083984375, 0.3916015625, 0.5546875, 0.4453125, 0.4453125, 0.5546875, 0.75, 0.6083984375, 0.7568359375, 0.5556640625, 0.77978515625], [0.64501953125, 0.35498046875, 0.5869140625, 0.4130859375, 0.4130859375, 0.5869140625, 0.75, 0.64501953125, 0.77978515625, 0.5751953125, 0.7998046875], [0.2763671875, 0.7236328125, 0.75, 0.25, 0.25, 0.75, 0.25, 0.2763671875, 0.7998046875, 0.59326171875, 0.366455078125]], [[0.53125, 0.46875, 0.515625, 0.484375, 0.484375, 0.515625, 0.75, 0.53125, 1.0, 0.515625, 0.8828125], [0.53125, 0.46875, 0.515625, 0.484375, 0.484375, 0.515625, 0.75, 0.53125, 0.8828125, 0.515625, 0.82421875], [0.53125, 0.46875, 0.515625, 0.484375, 0.484375, 0.515625, 0.75, 0.53125, 0.82421875, 0.515625, 0.794921875], [0.46875, 0.53125, 0.484375, 0.515625, 0.515625, 0.484375, 0.75, 0.46875, 0.794921875, 0.484375, 0.7646484375], [0.5556640625, 0.4443359375, 0.5283203125, 0.4716796875, 0.4716796875, 0.5283203125, 0.75, 0.5556640625, 0.7646484375, 0.52783203125, 0.771240234375], [0.5751953125, 0.4248046875, 0.547607421875, 0.452392578125, 0.452392578125, 0.547607421875, 0.75, 0.5751953125, 0.771240234375, 0.539306640625, 0.778564453125], [0.59326171875, 0.40673828125, 0.580810546875, 0.419189453125, 0.419189453125, 0.580810546875, 0.75, 0.59326171875, 0.778564453125, 0.5478515625, 0.7869873046875], [0.366455078125, 0.633544921875, 0.75, 0.25, 0.25, 0.75, 0.25, 0.366455078125, 0.7869873046875, 0.5574951171875, 0.4229736328125]], [[0.515625, 0.484375, 0.5078125, 0.4921875, 0.4921875, 0.5078125, 0.75, 0.515625, 1.0, 0.5078125, 0.87890625], [0.515625, 0.484375, 0.5078125, 0.4921875, 0.4921875, 0.5078125, 0.75, 0.515625, 0.87890625, 0.5078125, 0.818359375], [0.484375, 0.515625, 0.4921875, 0.5078125, 0.5078125, 0.4921875, 0.75, 0.484375, 0.818359375, 0.4921875, 0.7802734375], [0.52783203125, 0.47216796875, 0.514404296875, 0.485595703125, 0.485595703125, 0.514404296875, 0.75, 0.52783203125, 0.7802734375, 0.51513671875, 0.771484375], [0.539306640625, 0.460693359375, 0.5242919921875, 0.4757080078125, 0.4757080078125, 0.5242919921875, 0.75, 0.539306640625, 0.771484375, 0.520751953125, 0.77001953125], [0.5478515625, 0.4521484375, 0.543212890625, 0.456787109375, 0.456787109375, 0.543212890625, 0.75, 0.5478515625, 0.77001953125, 0.5244140625, 0.771728515625], [0.5574951171875, 0.4425048828125, 0.5789794921875, 0.4210205078125, 0.4210205078125, 0.5789794921875, 0.75, 0.5574951171875, 0.771728515625, 0.5294189453125, 0.77490234375], [0.4229736328125, 0.5770263671875, 0.75, 0.25, 0.25, 0.75, 0.25, 0.4229736328125, 0.77490234375, 0.5341796875, 0.45684814453125]], [[0.5078125, 0.4921875, 0.50390625, 0.49609375, 0.49609375, 0.50390625, 0.75, 0.5078125, 1.0, 0.50390625, 0.876953125], [0.4921875, 0.5078125, 0.49609375, 0.50390625, 0.50390625, 0.49609375, 0.75, 0.4921875, 0.876953125, 0.49609375, 0.8115234375], [0.51513671875, 0.48486328125, 0.508056640625, 0.491943359375, 0.491943359375, 0.508056640625, 0.75, 0.51513671875, 0.8115234375, 0.5059814453125, 0.78533935546875], [0.520751953125, 0.479248046875, 0.5130615234375, 0.4869384765625, 0.4869384765625, 0.5130615234375, 0.75, 0.520751953125, 0.78533935546875, 0.51068115234375, 0.772705078125], [0.5244140625, 0.4755859375, 0.5225830078125, 0.4774169921875, 0.4774169921875, 0.5225830078125, 0.75, 0.5244140625, 0.772705078125, 0.5125732421875, 0.76727294921875], [0.5294189453125, 0.4705810546875, 0.54254150390625, 0.45745849609375, 0.45745849609375, 0.54254150390625, 0.75, 0.5294189453125, 0.76727294921875, 0.515380859375, 0.765655517578125], [0.5341796875, 0.4658203125, 0.5780029296875, 0.4219970703125, 0.4219970703125, 0.5780029296875, 0.75, 0.5341796875, 0.765655517578125, 0.517852783203125, 0.7659912109375], [0.45684814453125, 0.54315185546875, 0.75, 0.25, 0.25, 0.75, 0.25, 0.45684814453125, 0.7659912109375, 0.51995849609375, 0.4764404296875]], [[0.49609375, 0.50390625, 0.501953125, 0.498046875, 0.498046875, 0.501953125, 0.25, 0.49609375, 1.0, 0.501953125, 0.6220703125], [0.5059814453125, 0.4940185546875, 0.49652099609375, 0.50347900390625, 0.50347900390625, 0.49652099609375, 0.25, 0.5059814453125, 0.6220703125, 0.5029296875, 0.43756103515625], [0.51068115234375, 0.48931884765625, 0.492645263671875, 0.507354736328125, 0.507354736328125, 0.492645263671875, 0.25, 0.51068115234375, 0.43756103515625, 0.50341796875, 0.347412109375], [0.5125732421875, 0.4874267578125, 0.4884033203125, 0.5115966796875, 0.5115966796875, 0.4884033203125, 0.25, 0.5125732421875, 0.347412109375, 0.503662109375, 0.30316162109375], [0.515380859375, 0.484619140625, 0.4775390625, 0.5224609375, 0.5224609375, 0.4775390625, 0.25, 0.515380859375, 0.30316162109375, 0.5037841796875, 0.282379150390625], [0.517852783203125, 0.482147216796875, 0.45782470703125, 0.54217529296875, 0.54217529296875, 0.45782470703125, 0.25, 0.517852783203125, 0.282379150390625, 0.50384521484375, 0.273193359375], [0.51995849609375, 0.48004150390625, 0.422119140625, 0.577880859375, 0.577880859375, 0.422119140625, 0.25, 0.51995849609375, 0.273193359375, 0.503875732421875, 0.2696380615234375], [0.4764404296875, 0.5235595703125, 0.25, 0.75, 0.75, 0.25, 0.75, 0.4764404296875, 0.2696380615234375, 0.5038909912109375, 0.49609375]]]
[Mon Jul  7 13:07:11 2025] >> week 000:   477.35 [0.00%]
[Mon Jul  7 13:07:11 2025] >> week 001:   534.24 [11.92%]
[Mon Jul  7 13:07:11 2025] >> week 002:   547.87 [14.77%]
[Mon Jul  7 13:07:11 2025] >> week 003:   557.69 [16.83%]
[Mon Jul  7 13:07:11 2025] >> week 004:   565.89 [18.55%]
[Mon Jul  7 13:07:11 2025] >> week 005:   572.82 [20.00%]
[Mon Jul  7 13:07:11 2025] >> week 006:   578.58 [21.21%]
[Mon Jul  7 13:07:11 2025] >> week 007:   584.18 [22.38%]
[Mon Jul  7 13:07:11 2025] >> week 008:   589.20 [23.43%]
[Mon Jul  7 13:07:11 2025] >> week 009:   593.94 [24.43%]
[Mon Jul  7 13:07:11 2025] >> week 010:   598.05 [25.29%]
[Mon Jul  7 13:07:11 2025] >> week 011:   602.76 [26.27%]
[Mon Jul  7 13:07:11 2025] >> week 012:   606.66 [27.09%]
[Mon Jul  7 13:07:11 2025] >> week 013:   609.88 [27.76%]
[Mon Jul  7 13:07:11 2025] >> week 014:   613.92 [28.61%]
[Mon Jul  7 13:07:11 2025] >> week 015:   617.52 [29.37%]
[Mon Jul  7 13:07:11 2025] >> week 016:   620.78 [30.05%]
[Mon Jul  7 13:07:11 2025] >> week 017:   623.65 [30.65%]
[Mon Jul  7 13:07:11 2025] >> week 018:   626.86 [31.32%]
[Mon Jul  7 13:07:11 2025] >> week 019:   629.78 [31.93%]
[Mon Jul  7 13:07:11 2025] >> week 020:   632.75 [32.55%]
[Mon Jul  7 13:07:11 2025] >> week 021:   635.52 [33.14%]
[Mon Jul  7 13:07:11 2025] >> week 022:   638.58 [33.78%]
[Mon Jul  7 13:07:11 2025] >> week 023:   640.86 [34.25%]
[Mon Jul  7 13:07:11 2025] >> week 024:   643.97 [34.90%]
[Mon Jul  7 13:07:11 2025] >> week 025:   646.78 [35.49%]
[Mon Jul  7 13:07:11 2025] >> week 026:   649.78 [36.12%]
[Mon Jul  7 13:07:11 2025] >> week 027:   652.22 [36.63%]
[Mon Jul  7 13:07:11 2025] >> week 028:   654.19 [37.05%]
[Mon Jul  7 13:07:11 2025] >> week 029:   656.48 [37.53%]
[Mon Jul  7 13:07:11 2025] >> week 030:   659.25 [38.11%]
[Mon Jul  7 13:07:11 2025] >> week 031:   661.44 [38.57%]
[Mon Jul  7 13:07:11 2025] >> week 032:   663.93 [39.09%]
[Mon Jul  7 13:07:11 2025] >> week 033:   666.52 [39.63%]
[Mon Jul  7 13:07:11 2025] >> week 034:   668.34 [40.01%]
[Mon Jul  7 13:07:11 2025] >> week 035:   670.71 [40.51%]
[Mon Jul  7 13:07:11 2025] >> week 036:   672.82 [40.95%]
[Mon Jul  7 13:07:11 2025] >> week 037:   674.94 [41.39%]
[Mon Jul  7 13:07:11 2025] >> week 038:   677.14 [41.85%]
[Mon Jul  7 13:07:11 2025] >> week 039:   678.88 [42.22%]
[Mon Jul  7 13:07:11 2025] >> week 040:   681.72 [42.81%]
[Mon Jul  7 13:07:11 2025] >> week 041:   683.27 [43.14%]
[Mon Jul  7 13:07:11 2025] >> week 042:   684.79 [43.46%]
[Mon Jul  7 13:07:11 2025] >> week 043:   687.20 [43.96%]
[Mon Jul  7 13:07:11 2025] >> week 044:   689.24 [44.39%]
[Mon Jul  7 13:07:11 2025] >> week 045:   691.50 [44.86%]
[Mon Jul  7 13:07:11 2025] >> week 046:   693.09 [45.20%]
[Mon Jul  7 13:07:11 2025] >> week 047:   694.91 [45.58%]
[Mon Jul  7 13:07:11 2025] >> week 048:   696.45 [45.90%]
[Mon Jul  7 13:07:11 2025] >> week 049:   699.09 [46.45%]
[Mon Jul  7 13:07:11 2025] >> week 050:   700.70 [46.79%]
[Mon Jul  7 13:07:11 2025] >> week 051:   702.25 [47.11%]
[Mon Jul  7 13:07:11 2025] >> week 052:   703.91 [47.46%]
[Mon Jul  7 13:07:11 2025] >> week 053:   706.24 [47.95%]
[Mon Jul  7 13:07:11 2025] >> week 054:   708.40 [48.40%]
[Mon Jul  7 13:07:11 2025] >> week 055:   709.93 [48.72%]
[Mon Jul  7 13:07:11 2025] >> week 056:   711.43 [49.04%]
[Mon Jul  7 13:07:11 2025] >> week 057:   713.06 [49.38%]
[Mon Jul  7 13:07:11 2025] >> week 058:   714.63 [49.71%]
[Mon Jul  7 13:07:11 2025] >> week 059:   716.28 [50.05%]
[Mon Jul  7 13:07:11 2025] >> week 060:   719.04 [50.63%]
[Mon Jul  7 13:07:11 2025] >> week 061:   720.58 [50.95%]
[Mon Jul  7 13:07:11 2025] >> week 062:   722.27 [51.31%]
[Mon Jul  7 13:07:11 2025] >> week 063:   723.74 [51.62%]
[Mon Jul  7 13:07:11 2025] >> week 064:   725.56 [52.00%]
[Mon Jul  7 13:07:11 2025] >> week 065:   727.66 [52.44%]
[Mon Jul  7 13:07:11 2025] >> week 066:   729.31 [52.78%]
[Mon Jul  7 13:07:11 2025] >> week 067:   730.46 [53.02%]
[Mon Jul  7 13:07:11 2025] >> week 068:   732.06 [53.36%]
[Mon Jul  7 13:07:11 2025] >> week 069:   733.47 [53.65%]
[Mon Jul  7 13:07:11 2025] >> week 070:   735.05 [53.98%]
[Mon Jul  7 13:07:11 2025] >> week 071:   737.62 [54.52%]
[Mon Jul  7 13:07:11 2025] >> week 072:   739.16 [54.85%]
[Mon Jul  7 13:07:11 2025] >> week 073:   740.23 [55.07%]
[Mon Jul  7 13:07:11 2025] >> week 074:   741.18 [55.27%]
[Mon Jul  7 13:07:11 2025] >> week 075:   742.74 [55.60%]
[Mon Jul  7 13:07:11 2025] >> week 076:   744.20 [55.90%]
[Mon Jul  7 13:07:11 2025] >> week 077:   745.59 [56.19%]
[Mon Jul  7 13:07:11 2025] >> week 078:   747.61 [56.62%]
[Mon Jul  7 13:07:11 2025] >> week 079:   749.34 [56.98%]
[Mon Jul  7 13:07:11 2025] >> week 080:   750.78 [57.28%]
[Mon Jul  7 13:07:11 2025] >> week 081:   752.32 [57.60%]
[Mon Jul  7 13:07:11 2025] >> week 082:   753.55 [57.86%]
[Mon Jul  7 13:07:11 2025] >> week 083:   754.30 [58.02%]
[Mon Jul  7 13:07:11 2025] >> week 084:   755.81 [58.34%]
[Mon Jul  7 13:07:11 2025] >> week 085:   756.99 [58.58%]
[Mon Jul  7 13:07:11 2025] >> week 086:   759.17 [59.04%]
[Mon Jul  7 13:07:11 2025] >> week 087:   761.05 [59.43%]
[Mon Jul  7 13:07:11 2025] >> week 088:   762.68 [59.77%]
[Mon Jul  7 13:07:11 2025] >> week 089:   763.30 [59.90%]
[Mon Jul  7 13:07:11 2025] >> week 090:   764.85 [60.23%]
[Mon Jul  7 13:07:11 2025] >> week 091:   766.36 [60.54%]
[Mon Jul  7 13:07:11 2025] >> week 092:   767.60 [60.80%]
[Mon Jul  7 13:07:11 2025] >> week 093:   768.44 [60.98%]
[Mon Jul  7 13:07:11 2025] >> week 094:   770.63 [61.44%]
[Mon Jul  7 13:07:11 2025] >> week 095:   771.92 [61.71%]
[Mon Jul  7 13:07:11 2025] >> week 096:   773.57 [62.05%]
[Mon Jul  7 13:07:11 2025] >> week 097:   775.31 [62.42%]
[Mon Jul  7 13:07:11 2025] >> week 098:   775.93 [62.55%]
[Mon Jul  7 13:07:11 2025] >> week 099:   777.53 [62.88%]
[Mon Jul  7 13:07:11 2025] >> week 100:   779.02 [63.20%]
[Mon Jul  7 13:07:11 2025] >> week 101:   780.96 [63.60%]
[Mon Jul  7 13:07:11 2025] >> week 102:   781.68 [63.75%]
[Mon Jul  7 13:07:11 2025] >> week 103:   782.89 [64.01%]
[Mon Jul  7 13:07:11 2025] >> week 104:   784.46 [64.34%]
[Mon Jul  7 13:07:11 2025] >> week 105:   785.18 [64.49%]
[Mon Jul  7 13:07:11 2025] >> week 106:   786.66 [64.80%]
[Mon Jul  7 13:07:11 2025] >> week 107:   788.52 [65.19%]
[Mon Jul  7 13:07:11 2025] >> week 108:   790.01 [65.50%]
[Mon Jul  7 13:07:11 2025] >> week 109:   790.58 [65.62%]
[Mon Jul  7 13:07:11 2025] >> week 110:   791.98 [65.91%]
[Mon Jul  7 13:07:11 2025] >> week 111:   794.01 [66.34%]
[Mon Jul  7 13:07:11 2025] >> week 112:   794.70 [66.48%]
[Mon Jul  7 13:07:11 2025] >> week 113:   795.93 [66.74%]
[Mon Jul  7 13:07:11 2025] >> week 114:   797.28 [67.02%]
[Mon Jul  7 13:07:11 2025] >> week 115:   798.12 [67.20%]
[Mon Jul  7 13:07:11 2025] >> week 116:   799.60 [67.51%]
[Mon Jul  7 13:07:11 2025] >> week 117:   801.31 [67.87%]
[Mon Jul  7 13:07:11 2025] >> week 118:   801.97 [68.01%]
[Mon Jul  7 13:07:11 2025] >> week 119:   803.37 [68.30%]
[Mon Jul  7 13:07:11 2025] >> week 120:   805.24 [68.69%]
[Mon Jul  7 13:07:11 2025] >> week 121:   805.96 [68.84%]
[Mon Jul  7 13:07:11 2025] >> week 122:   807.49 [69.16%]
[Mon Jul  7 13:07:11 2025] >> week 123:   807.95 [69.26%]
[Mon Jul  7 13:07:11 2025] >> week 124:   809.46 [69.57%]
[Mon Jul  7 13:07:11 2025] >> week 125:   810.75 [69.84%]
[Mon Jul  7 13:07:11 2025] >> week 126:   811.61 [70.02%]
[Mon Jul  7 13:07:11 2025] >> week 127:   812.66 [70.24%]
[Mon Jul  7 13:07:11 2025] >> week 128:   814.70 [70.67%]
[Mon Jul  7 13:07:11 2025] >> week 129:   815.21 [70.78%]
[Mon Jul  7 13:07:11 2025] >> week 130:   816.79 [71.11%]
[Mon Jul  7 13:07:11 2025] >> week 131:   817.22 [71.20%]
[Mon Jul  7 13:07:11 2025] >> week 132:   819.62 [71.70%]
[Mon Jul  7 13:07:11 2025] >> week 133:   820.79 [71.95%]
[Mon Jul  7 13:07:11 2025] >> week 134:   821.65 [72.13%]
[Mon Jul  7 13:07:11 2025] >> week 135:   822.80 [72.37%]
[Mon Jul  7 13:07:11 2025] >> week 136:   823.60 [72.54%]
[Mon Jul  7 13:07:11 2025] >> week 137:   824.66 [72.76%]
[Mon Jul  7 13:07:11 2025] >> week 138:   825.64 [72.96%]
[Mon Jul  7 13:07:11 2025] >> week 139:   826.72 [73.19%]
[Mon Jul  7 13:07:11 2025] >> week 140:   828.61 [73.59%]
[Mon Jul  7 13:07:11 2025] >> week 141:   829.14 [73.70%]
[Mon Jul  7 13:07:11 2025] >> week 142:   831.59 [74.21%]
[Mon Jul  7 13:07:11 2025] >> week 143:   832.03 [74.30%]
[Mon Jul  7 13:07:11 2025] >> week 144:   833.48 [74.60%]
[Mon Jul  7 13:07:11 2025] >> week 145:   834.01 [74.72%]
[Mon Jul  7 13:07:11 2025] >> week 146:   835.42 [75.01%]
[Mon Jul  7 13:07:11 2025] >> week 147:   836.76 [75.29%]
[Mon Jul  7 13:07:11 2025] >> week 148:   837.43 [75.43%]
[Mon Jul  7 13:07:11 2025] >> week 149:   838.73 [75.70%]
[Mon Jul  7 13:07:11 2025] >> week 150:   839.48 [75.86%]
[Mon Jul  7 13:07:11 2025] >> week 151:   840.67 [76.11%]
[Mon Jul  7 13:07:11 2025] >> week 152:   841.45 [76.28%]
[Mon Jul  7 13:07:11 2025] >> week 153:   842.67 [76.53%]
[Mon Jul  7 13:07:11 2025] >> week 154:   843.78 [76.76%]
[Mon Jul  7 13:07:11 2025] >> week 155:   845.82 [77.19%]
[Mon Jul  7 13:07:11 2025] >> week 156:   846.22 [77.27%]
[Mon Jul  7 13:07:11 2025] >> week 157:   847.90 [77.63%]
[Mon Jul  7 13:07:11 2025] >> week 158:   848.13 [77.67%]
[Mon Jul  7 13:07:11 2025] >> week 159:   849.72 [78.01%]
[Mon Jul  7 13:07:11 2025] >> week 160:   850.03 [78.07%]
[Mon Jul  7 13:07:11 2025] >> week 161:   851.54 [78.39%]
[Mon Jul  7 13:07:11 2025] >> week 162:   852.76 [78.64%]
[Mon Jul  7 13:07:11 2025] >> week 163:   853.60 [78.82%]
[Mon Jul  7 13:07:11 2025] >> week 164:   854.99 [79.11%]
[Mon Jul  7 13:07:11 2025] >> week 165:   855.28 [79.17%]
[Mon Jul  7 13:07:11 2025] >> week 166:   857.41 [79.62%]
[Mon Jul  7 13:07:11 2025] >> week 167:   857.96 [79.73%]
[Mon Jul  7 13:07:11 2025] >> week 168:   859.71 [80.10%]
[Mon Jul  7 13:07:11 2025] >> week 169:   860.36 [80.24%]
[Mon Jul  7 13:07:11 2025] >> week 170:   861.79 [80.54%]
[Mon Jul  7 13:07:11 2025] >> week 171:   862.26 [80.64%]
[Mon Jul  7 13:07:11 2025] >> week 172:   863.38 [80.87%]
[Mon Jul  7 13:07:11 2025] >> week 173:   864.08 [81.02%]
[Mon Jul  7 13:07:11 2025] >> week 174:   864.49 [81.10%]
[Mon Jul  7 13:07:11 2025] >> week 175:   865.87 [81.39%]
[Mon Jul  7 13:07:11 2025] >> week 176:   866.41 [81.50%]
[Mon Jul  7 13:07:11 2025] >> week 177:   867.89 [81.81%]
[Mon Jul  7 13:07:11 2025] >> week 178:   868.35 [81.91%]
[Mon Jul  7 13:07:11 2025] >> week 179:   869.44 [82.14%]
[Mon Jul  7 13:07:11 2025] >> week 180:   870.29 [82.32%]
[Mon Jul  7 13:07:11 2025] >> week 181:   872.14 [82.70%]
[Mon Jul  7 13:07:11 2025] >> week 182:   873.12 [82.91%]
[Mon Jul  7 13:07:11 2025] >> week 183:   874.48 [83.20%]
[Mon Jul  7 13:07:11 2025] >> week 184:   874.78 [83.26%]
[Mon Jul  7 13:07:11 2025] >> week 185:   876.40 [83.60%]
[Mon Jul  7 13:07:11 2025] >> week 186:   876.87 [83.69%]
[Mon Jul  7 13:07:11 2025] >> week 187:   878.40 [84.02%]
[Mon Jul  7 13:07:11 2025] >> week 188:   878.93 [84.13%]
[Mon Jul  7 13:07:11 2025] >> week 189:   880.13 [84.38%]
[Mon Jul  7 13:07:11 2025] >> week 190:   880.71 [84.50%]
[Mon Jul  7 13:07:11 2025] >> week 191:   881.39 [84.64%]
[Mon Jul  7 13:07:11 2025] >> week 192:   882.74 [84.92%]
[Mon Jul  7 13:07:11 2025] >> week 193:   883.22 [85.02%]
[Mon Jul  7 13:07:11 2025] >> week 194:   885.30 [85.46%]
[Mon Jul  7 13:07:11 2025] >> week 195:   885.88 [85.58%]
[Mon Jul  7 13:07:11 2025] >> week 196:   887.16 [85.85%]
[Mon Jul  7 13:07:11 2025] >> week 197:   887.87 [86.00%]
[Mon Jul  7 13:07:11 2025] >> week 198:   889.01 [86.24%]
[Mon Jul  7 13:07:11 2025] >> week 199:   889.44 [86.33%]
[Mon Jul  7 13:07:11 2025] >> aging log for following wire comb 
[(0, 0, 'A', 'C', 'B', -0.03970541414615347), (0, 1, 'A', 'B', 'C', 0), (0, 2, 'A', 'B', 'C', 0), (0, 3, 'A', 'B', 'C', 0), (0, 4, 'A', 'B', 'C', 0), (0, 5, 'A', 'B', 'C', 0), (0, 6, 'A', 'B', 'C', 0), (0, 7, 'A', 'B', 'C', 0), (1, 6, 'A', 'B', 'C', 0), (1, 7, 'C', 'A', 'B', -0.10706322812741831), (2, 6, 'A', 'B', 'C', 0), (2, 7, 'C', 'B', 'A', -0.028448983695561036), (3, 6, 'A', 'B', 'C', 0), (3, 7, 'C', 'B', 'A', -0.04617356770615133), (4, 6, 'A', 'B', 'C', 0), (4, 7, 'C', 'B', 'A', -0.0562458356206863), (5, 6, 'C', 'B', 'A', -0.001345607283885386), (5, 7, 'C', 'B', 'A', -0.06329856556775915), (6, 6, 'C', 'B', 'A', -0.0013456072838854416), (6, 7, 'A', 'C', 'B', -0.016703613528837813)]
[Mon Jul  7 13:07:14 2025] >> alpha: 
[[[1.0, 0.0, 0.75, 0.25, 0.25, 0.75, 0.75, 1.0, 0.75, 0.625, 0.9375], [0.75, 0.25, 0.625, 0.375, 0.375, 0.625, 0.75, 0.75, 0.9375, 0.625, 0.90625], [0.75, 0.25, 0.625, 0.375, 0.375, 0.625, 0.75, 0.75, 0.90625, 0.625, 0.890625], [0.75, 0.25, 0.625, 0.375, 0.375, 0.625, 0.75, 0.75, 0.890625, 0.625, 0.8828125], [0.75, 0.25, 0.625, 0.375, 0.375, 0.625, 0.75, 0.75, 0.8828125, 0.625, 0.87890625], [0.75, 0.25, 0.625, 0.375, 0.375, 0.625, 0.75, 0.75, 0.87890625, 0.625, 0.876953125], [0.25, 0.75, 0.375, 0.625, 0.625, 0.375, 0.75, 0.25, 0.876953125, 0.375, 0.7509765625], [0.0, 1.0, 0.75, 0.25, 0.25, 0.75, 0.25, 0.0, 0.7509765625, 0.7080078125, 0.146484375]], [[0.625, 0.375, 0.5625, 0.4375, 0.4375, 0.5625, 0.75, 0.625, 1.0, 0.5625, 0.90625], [0.625, 0.375, 0.5625, 0.4375, 0.4375, 0.5625, 0.75, 0.625, 0.90625, 0.5625, 0.859375], [0.625, 0.375, 0.5625, 0.4375, 0.4375, 0.5625, 0.75, 0.625, 0.859375, 0.5625, 0.8359375], [0.625, 0.375, 0.5625, 0.4375, 0.4375, 0.5625, 0.75, 0.625, 0.8359375, 0.5625, 0.82421875], [0.625, 0.375, 0.5625, 0.4375, 0.4375, 0.5625, 0.75, 0.625, 0.82421875, 0.5625, 0.818359375], [0.375, 0.625, 0.4375, 0.5625, 0.5625, 0.4375, 0.75, 0.375, 0.818359375, 0.4375, 0.7529296875], [0.7080078125, 0.2919921875, 0.6044921875, 0.3955078125, 0.3955078125, 0.6044921875, 0.75, 0.7080078125, 0.7529296875, 0.6083984375, 0.80126953125], [0.25, 0.75, 0.26611328125, 0.73388671875, 0.73388671875, 0.26611328125, 0.80126953125, 0.25, 0.146484375, 0.64501953125, 0.2763671875]], [[0.5625, 0.4375, 0.53125, 0.46875, 0.46875, 0.53125, 0.75, 0.5625, 1.0, 0.53125, 0.890625], [0.5625, 0.4375, 0.53125, 0.46875, 0.46875, 0.53125, 0.75, 0.5625, 0.890625, 0.53125, 0.8359375], [0.5625, 0.4375, 0.53125, 0.46875, 0.46875, 0.53125, 0.75, 0.5625, 0.8359375, 0.53125, 0.80859375], [0.5625, 0.4375, 0.53125, 0.46875, 0.46875, 0.53125, 0.75, 0.5625, 0.80859375, 0.53125, 0.794921875], [0.4375, 0.5625, 0.46875, 0.53125, 0.53125, 0.46875, 0.75, 0.4375, 0.794921875, 0.46875, 0.7568359375], [0.6083984375, 0.3916015625, 0.5546875, 0.4453125, 0.4453125, 0.5546875, 0.75, 0.6083984375, 0.7568359375, 0.5556640625, 0.77978515625], [0.64501953125, 0.35498046875, 0.5869140625, 0.4130859375, 0.4130859375, 0.5869140625, 0.75, 0.64501953125, 0.77978515625, 0.5751953125, 0.7998046875], [0.2763671875, 0.7236328125, 0.30126953125, 0.69873046875, 0.69873046875, 0.30126953125, 0.7998046875, 0.2763671875, 0.25, 0.59326171875, 0.366455078125]], [[0.53125, 0.46875, 0.515625, 0.484375, 0.484375, 0.515625, 0.75, 0.53125, 1.0, 0.515625, 0.8828125], [0.53125, 0.46875, 0.515625, 0.484375, 0.484375, 0.515625, 0.75, 0.53125, 0.8828125, 0.515625, 0.82421875], [0.53125, 0.46875, 0.515625, 0.484375, 0.484375, 0.515625, 0.75, 0.53125, 0.82421875, 0.515625, 0.794921875], [0.46875, 0.53125, 0.484375, 0.515625, 0.515625, 0.484375, 0.75, 0.46875, 0.794921875, 0.484375, 0.7646484375], [0.5556640625, 0.4443359375, 0.5283203125, 0.4716796875, 0.4716796875, 0.5283203125, 0.75, 0.5556640625, 0.7646484375, 0.52783203125, 0.771240234375], [0.5751953125, 0.4248046875, 0.547607421875, 0.452392578125, 0.452392578125, 0.547607421875, 0.75, 0.5751953125, 0.771240234375, 0.539306640625, 0.778564453125], [0.59326171875, 0.40673828125, 0.580810546875, 0.419189453125, 0.419189453125, 0.580810546875, 0.75, 0.59326171875, 0.778564453125, 0.5478515625, 0.7869873046875], [0.366455078125, 0.633544921875, 0.3402099609375, 0.6597900390625, 0.6597900390625, 0.3402099609375, 0.7869873046875, 0.366455078125, 0.25, 0.5574951171875, 0.4229736328125]], [[0.515625, 0.484375, 0.5078125, 0.4921875, 0.4921875, 0.5078125, 0.75, 0.515625, 1.0, 0.5078125, 0.87890625], [0.515625, 0.484375, 0.5078125, 0.4921875, 0.4921875, 0.5078125, 0.75, 0.515625, 0.87890625, 0.5078125, 0.818359375], [0.484375, 0.515625, 0.4921875, 0.5078125, 0.5078125, 0.4921875, 0.75, 0.484375, 0.818359375, 0.4921875, 0.7802734375], [0.52783203125, 0.47216796875, 0.514404296875, 0.485595703125, 0.485595703125, 0.514404296875, 0.75, 0.52783203125, 0.7802734375, 0.51513671875, 0.771484375], [0.539306640625, 0.460693359375, 0.5242919921875, 0.4757080078125, 0.4757080078125, 0.5242919921875, 0.75, 0.539306640625, 0.771484375, 0.520751953125, 0.77001953125], [0.5478515625, 0.4521484375, 0.543212890625, 0.456787109375, 0.456787109375, 0.543212890625, 0.75, 0.5478515625, 0.77001953125, 0.5244140625, 0.771728515625], [0.5574951171875, 0.4425048828125, 0.5789794921875, 0.4210205078125, 0.4210205078125, 0.5789794921875, 0.75, 0.5574951171875, 0.771728515625, 0.5294189453125, 0.77490234375], [0.4229736328125, 0.5770263671875, 0.3656005859375, 0.6343994140625, 0.6343994140625, 0.3656005859375, 0.77490234375, 0.4229736328125, 0.25, 0.5341796875, 0.45684814453125]], [[0.5078125, 0.4921875, 0.50390625, 0.49609375, 0.49609375, 0.50390625, 0.75, 0.5078125, 1.0, 0.50390625, 0.876953125], [0.4921875, 0.5078125, 0.49609375, 0.50390625, 0.50390625, 0.49609375, 0.75, 0.4921875, 0.876953125, 0.49609375, 0.8115234375], [0.51513671875, 0.48486328125, 0.508056640625, 0.491943359375, 0.491943359375, 0.508056640625, 0.75, 0.51513671875, 0.8115234375, 0.5059814453125, 0.78533935546875], [0.520751953125, 0.479248046875, 0.5130615234375, 0.4869384765625, 0.4869384765625, 0.5130615234375, 0.75, 0.520751953125, 0.78533935546875, 0.51068115234375, 0.772705078125], [0.5244140625, 0.4755859375, 0.5225830078125, 0.4774169921875, 0.4774169921875, 0.5225830078125, 0.75, 0.5244140625, 0.772705078125, 0.5125732421875, 0.76727294921875], [0.5294189453125, 0.4705810546875, 0.54254150390625, 0.45745849609375, 0.45745849609375, 0.54254150390625, 0.75, 0.5294189453125, 0.76727294921875, 0.515380859375, 0.765655517578125], [0.5341796875, 0.4658203125, 0.571197509765625, 0.428802490234375, 0.428802490234375, 0.571197509765625, 0.765655517578125, 0.5341796875, 0.75, 0.517852783203125, 0.7659912109375], [0.45684814453125, 0.54315185546875, 0.3819580078125, 0.6180419921875, 0.6180419921875, 0.3819580078125, 0.7659912109375, 0.45684814453125, 0.25, 0.51995849609375, 0.4764404296875]], [[0.49609375, 0.50390625, 0.501953125, 0.498046875, 0.498046875, 0.501953125, 0.25, 0.49609375, 1.0, 0.501953125, 0.6220703125], [0.5059814453125, 0.4940185546875, 0.49652099609375, 0.50347900390625, 0.50347900390625, 0.49652099609375, 0.25, 0.5059814453125, 0.6220703125, 0.5029296875, 0.43756103515625], [0.51068115234375, 0.48931884765625, 0.492645263671875, 0.507354736328125, 0.507354736328125, 0.492645263671875, 0.25, 0.51068115234375, 0.43756103515625, 0.50341796875, 0.347412109375], [0.5125732421875, 0.4874267578125, 0.4884033203125, 0.5115966796875, 0.5115966796875, 0.4884033203125, 0.25, 0.5125732421875, 0.347412109375, 0.503662109375, 0.30316162109375], [0.515380859375, 0.484619140625, 0.4775390625, 0.5224609375, 0.5224609375, 0.4775390625, 0.25, 0.515380859375, 0.30316162109375, 0.5037841796875, 0.282379150390625], [0.517852783203125, 0.482147216796875, 0.45782470703125, 0.54217529296875, 0.54217529296875, 0.45782470703125, 0.25, 0.517852783203125, 0.282379150390625, 0.50384521484375, 0.273193359375], [0.51995849609375, 0.48004150390625, 0.57257080078125, 0.42742919921875, 0.42742919921875, 0.57257080078125, 0.273193359375, 0.51995849609375, 0.25, 0.503875732421875, 0.2696380615234375], [0.2696380615234375, 0.7303619384765625, 0.4961090087890625, 0.5038909912109375, 0.5038909912109375, 0.4961090087890625, 0.75, 0.2696380615234375, 0.4764404296875, 0.5038909912109375, 0.49609375]]]
[Mon Jul  7 13:07:14 2025] >> week 000:   477.31 [0.00%]
[Mon Jul  7 13:07:14 2025] >> week 001:   532.63 [11.59%]
[Mon Jul  7 13:07:14 2025] >> week 002:   545.86 [14.36%]
[Mon Jul  7 13:07:14 2025] >> week 003:   555.32 [16.34%]
[Mon Jul  7 13:07:14 2025] >> week 004:   563.25 [18.00%]
[Mon Jul  7 13:07:14 2025] >> week 005:   569.86 [19.39%]
[Mon Jul  7 13:07:14 2025] >> week 006:   575.51 [20.57%]
[Mon Jul  7 13:07:14 2025] >> week 007:   580.91 [21.71%]
[Mon Jul  7 13:07:14 2025] >> week 008:   585.73 [22.72%]
[Mon Jul  7 13:07:14 2025] >> week 009:   590.21 [23.65%]
[Mon Jul  7 13:07:14 2025] >> week 010:   594.29 [24.51%]
[Mon Jul  7 13:07:14 2025] >> week 011:   598.59 [25.41%]
[Mon Jul  7 13:07:14 2025] >> week 012:   602.42 [26.21%]
[Mon Jul  7 13:07:14 2025] >> week 013:   605.66 [26.89%]
[Mon Jul  7 13:07:14 2025] >> week 014:   609.36 [27.66%]
[Mon Jul  7 13:07:14 2025] >> week 015:   612.75 [28.38%]
[Mon Jul  7 13:07:14 2025] >> week 016:   615.94 [29.04%]
[Mon Jul  7 13:07:14 2025] >> week 017:   618.80 [29.64%]
[Mon Jul  7 13:07:14 2025] >> week 018:   621.82 [30.28%]
[Mon Jul  7 13:07:14 2025] >> week 019:   624.70 [30.88%]
[Mon Jul  7 13:07:14 2025] >> week 020:   627.46 [31.46%]
[Mon Jul  7 13:07:14 2025] >> week 021:   630.12 [32.02%]
[Mon Jul  7 13:07:14 2025] >> week 022:   633.02 [32.62%]
[Mon Jul  7 13:07:14 2025] >> week 023:   635.31 [33.10%]
[Mon Jul  7 13:07:14 2025] >> week 024:   638.11 [33.69%]
[Mon Jul  7 13:07:14 2025] >> week 025:   640.82 [34.26%]
[Mon Jul  7 13:07:14 2025] >> week 026:   643.54 [34.83%]
[Mon Jul  7 13:07:14 2025] >> week 027:   645.96 [35.33%]
[Mon Jul  7 13:07:14 2025] >> week 028:   647.82 [35.72%]
[Mon Jul  7 13:07:14 2025] >> week 029:   650.21 [36.22%]
[Mon Jul  7 13:07:14 2025] >> week 030:   652.71 [36.75%]
[Mon Jul  7 13:07:14 2025] >> week 031:   654.84 [37.19%]
[Mon Jul  7 13:07:14 2025] >> week 032:   657.09 [37.67%]
[Mon Jul  7 13:07:14 2025] >> week 033:   659.61 [38.19%]
[Mon Jul  7 13:07:14 2025] >> week 034:   661.41 [38.57%]
[Mon Jul  7 13:07:14 2025] >> week 035:   663.48 [39.00%]
[Mon Jul  7 13:07:14 2025] >> week 036:   665.68 [39.46%]
[Mon Jul  7 13:07:14 2025] >> week 037:   667.66 [39.88%]
[Mon Jul  7 13:07:14 2025] >> week 038:   669.78 [40.32%]
[Mon Jul  7 13:07:14 2025] >> week 039:   671.45 [40.67%]
[Mon Jul  7 13:07:14 2025] >> week 040:   673.99 [41.21%]
[Mon Jul  7 13:07:14 2025] >> week 041:   675.60 [41.54%]
[Mon Jul  7 13:07:14 2025] >> week 042:   677.17 [41.87%]
[Mon Jul  7 13:07:14 2025] >> week 043:   679.37 [42.33%]
[Mon Jul  7 13:07:14 2025] >> week 044:   681.30 [42.74%]
[Mon Jul  7 13:07:14 2025] >> week 045:   683.41 [43.18%]
[Mon Jul  7 13:07:14 2025] >> week 046:   685.00 [43.51%]
[Mon Jul  7 13:07:14 2025] >> week 047:   686.74 [43.88%]
[Mon Jul  7 13:07:14 2025] >> week 048:   688.19 [44.18%]
[Mon Jul  7 13:07:14 2025] >> week 049:   690.60 [44.69%]
[Mon Jul  7 13:07:14 2025] >> week 050:   692.16 [45.01%]
[Mon Jul  7 13:07:14 2025] >> week 051:   693.78 [45.35%]
[Mon Jul  7 13:07:14 2025] >> week 052:   695.25 [45.66%]
[Mon Jul  7 13:07:14 2025] >> week 053:   697.34 [46.10%]
[Mon Jul  7 13:07:14 2025] >> week 054:   699.42 [46.53%]
[Mon Jul  7 13:07:14 2025] >> week 055:   700.94 [46.85%]
[Mon Jul  7 13:07:14 2025] >> week 056:   702.43 [47.17%]
[Mon Jul  7 13:07:14 2025] >> week 057:   704.05 [47.50%]
[Mon Jul  7 13:07:14 2025] >> week 058:   705.41 [47.79%]
[Mon Jul  7 13:07:14 2025] >> week 059:   707.07 [48.14%]
[Mon Jul  7 13:07:14 2025] >> week 060:   709.41 [48.63%]
[Mon Jul  7 13:07:14 2025] >> week 061:   710.93 [48.94%]
[Mon Jul  7 13:07:14 2025] >> week 062:   712.56 [49.29%]
[Mon Jul  7 13:07:14 2025] >> week 063:   714.09 [49.61%]
[Mon Jul  7 13:07:14 2025] >> week 064:   715.73 [49.95%]
[Mon Jul  7 13:07:14 2025] >> week 065:   717.54 [50.33%]
[Mon Jul  7 13:07:14 2025] >> week 066:   719.16 [50.67%]
[Mon Jul  7 13:07:14 2025] >> week 067:   720.37 [50.92%]
[Mon Jul  7 13:07:14 2025] >> week 068:   721.95 [51.25%]
[Mon Jul  7 13:07:14 2025] >> week 069:   723.18 [51.51%]
[Mon Jul  7 13:07:14 2025] >> week 070:   724.79 [51.85%]
[Mon Jul  7 13:07:14 2025] >> week 071:   727.01 [52.31%]
[Mon Jul  7 13:07:14 2025] >> week 072:   728.53 [52.63%]
[Mon Jul  7 13:07:14 2025] >> week 073:   729.61 [52.86%]
[Mon Jul  7 13:07:14 2025] >> week 074:   730.62 [53.07%]
[Mon Jul  7 13:07:14 2025] >> week 075:   732.04 [53.37%]
[Mon Jul  7 13:07:14 2025] >> week 076:   733.58 [53.69%]
[Mon Jul  7 13:07:14 2025] >> week 077:   734.96 [53.98%]
[Mon Jul  7 13:07:14 2025] >> week 078:   736.67 [54.34%]
[Mon Jul  7 13:07:14 2025] >> week 079:   738.26 [54.67%]
[Mon Jul  7 13:07:14 2025] >> week 080:   739.68 [54.97%]
[Mon Jul  7 13:07:14 2025] >> week 081:   741.16 [55.28%]
[Mon Jul  7 13:07:14 2025] >> week 082:   742.27 [55.51%]
[Mon Jul  7 13:07:14 2025] >> week 083:   743.20 [55.71%]
[Mon Jul  7 13:07:14 2025] >> week 084:   744.70 [56.02%]
[Mon Jul  7 13:07:14 2025] >> week 085:   745.85 [56.26%]
[Mon Jul  7 13:07:14 2025] >> week 086:   747.80 [56.67%]
[Mon Jul  7 13:07:14 2025] >> week 087:   749.37 [57.00%]
[Mon Jul  7 13:07:14 2025] >> week 088:   750.97 [57.33%]
[Mon Jul  7 13:07:14 2025] >> week 089:   751.78 [57.50%]
[Mon Jul  7 13:07:14 2025] >> week 090:   753.11 [57.78%]
[Mon Jul  7 13:07:14 2025] >> week 091:   754.53 [58.08%]
[Mon Jul  7 13:07:14 2025] >> week 092:   755.84 [58.35%]
[Mon Jul  7 13:07:14 2025] >> week 093:   756.70 [58.53%]
[Mon Jul  7 13:07:14 2025] >> week 094:   758.51 [58.91%]
[Mon Jul  7 13:07:14 2025] >> week 095:   759.87 [59.20%]
[Mon Jul  7 13:07:14 2025] >> week 096:   761.38 [59.52%]
[Mon Jul  7 13:07:14 2025] >> week 097:   762.72 [59.80%]
[Mon Jul  7 13:07:14 2025] >> week 098:   763.75 [60.01%]
[Mon Jul  7 13:07:14 2025] >> week 099:   765.20 [60.32%]
[Mon Jul  7 13:07:14 2025] >> week 100:   766.53 [60.59%]
[Mon Jul  7 13:07:14 2025] >> week 101:   768.18 [60.94%]
[Mon Jul  7 13:07:14 2025] >> week 102:   769.01 [61.11%]
[Mon Jul  7 13:07:14 2025] >> week 103:   770.34 [61.39%]
[Mon Jul  7 13:07:14 2025] >> week 104:   771.74 [61.69%]
[Mon Jul  7 13:07:14 2025] >> week 105:   772.66 [61.88%]
[Mon Jul  7 13:07:14 2025] >> week 106:   773.87 [62.13%]
[Mon Jul  7 13:07:14 2025] >> week 107:   775.58 [62.49%]
[Mon Jul  7 13:07:14 2025] >> week 108:   776.86 [62.76%]
[Mon Jul  7 13:07:14 2025] >> week 109:   777.64 [62.92%]
[Mon Jul  7 13:07:14 2025] >> week 110:   779.09 [63.23%]
[Mon Jul  7 13:07:14 2025] >> week 111:   780.68 [63.56%]
[Mon Jul  7 13:07:14 2025] >> week 112:   781.71 [63.77%]
[Mon Jul  7 13:07:14 2025] >> week 113:   782.78 [64.00%]
[Mon Jul  7 13:07:14 2025] >> week 114:   784.06 [64.27%]
[Mon Jul  7 13:07:14 2025] >> week 115:   784.95 [64.45%]
[Mon Jul  7 13:07:14 2025] >> week 116:   786.21 [64.72%]
[Mon Jul  7 13:07:14 2025] >> week 117:   787.80 [65.05%]
[Mon Jul  7 13:07:14 2025] >> week 118:   788.49 [65.20%]
[Mon Jul  7 13:07:14 2025] >> week 119:   789.80 [65.47%]
[Mon Jul  7 13:07:14 2025] >> week 120:   791.30 [65.78%]
[Mon Jul  7 13:07:14 2025] >> week 121:   792.34 [66.00%]
[Mon Jul  7 13:07:14 2025] >> week 122:   793.75 [66.30%]
[Mon Jul  7 13:07:14 2025] >> week 123:   794.49 [66.45%]
[Mon Jul  7 13:07:14 2025] >> week 124:   795.80 [66.73%]
[Mon Jul  7 13:07:14 2025] >> week 125:   796.96 [66.97%]
[Mon Jul  7 13:07:14 2025] >> week 126:   797.79 [67.14%]
[Mon Jul  7 13:07:14 2025] >> week 127:   798.83 [67.36%]
[Mon Jul  7 13:07:14 2025] >> week 128:   800.55 [67.72%]
[Mon Jul  7 13:07:14 2025] >> week 129:   801.36 [67.89%]
[Mon Jul  7 13:07:14 2025] >> week 130:   802.59 [68.15%]
[Mon Jul  7 13:07:14 2025] >> week 131:   803.40 [68.32%]
[Mon Jul  7 13:07:14 2025] >> week 132:   805.17 [68.69%]
[Mon Jul  7 13:07:14 2025] >> week 133:   806.41 [68.95%]
[Mon Jul  7 13:07:14 2025] >> week 134:   807.37 [69.15%]
[Mon Jul  7 13:07:14 2025] >> week 135:   808.42 [69.37%]
[Mon Jul  7 13:07:14 2025] >> week 136:   809.27 [69.55%]
[Mon Jul  7 13:07:14 2025] >> week 137:   810.20 [69.74%]
[Mon Jul  7 13:07:14 2025] >> week 138:   811.30 [69.97%]
[Mon Jul  7 13:07:14 2025] >> week 139:   812.15 [70.15%]
[Mon Jul  7 13:07:14 2025] >> week 140:   813.97 [70.53%]
[Mon Jul  7 13:07:14 2025] >> week 141:   814.54 [70.65%]
[Mon Jul  7 13:07:14 2025] >> week 142:   816.57 [71.08%]
[Mon Jul  7 13:07:14 2025] >> week 143:   817.12 [71.19%]
[Mon Jul  7 13:07:14 2025] >> week 144:   818.52 [71.49%]
[Mon Jul  7 13:07:14 2025] >> week 145:   819.09 [71.61%]
[Mon Jul  7 13:07:14 2025] >> week 146:   820.66 [71.93%]
[Mon Jul  7 13:07:14 2025] >> week 147:   821.64 [72.14%]
[Mon Jul  7 13:07:14 2025] >> week 148:   822.55 [72.33%]
[Mon Jul  7 13:07:14 2025] >> week 149:   823.67 [72.57%]
[Mon Jul  7 13:07:14 2025] >> week 150:   824.57 [72.75%]
[Mon Jul  7 13:07:14 2025] >> week 151:   825.50 [72.95%]
[Mon Jul  7 13:07:14 2025] >> week 152:   826.47 [73.15%]
[Mon Jul  7 13:07:14 2025] >> week 153:   827.43 [73.35%]
[Mon Jul  7 13:07:14 2025] >> week 154:   828.60 [73.60%]
[Mon Jul  7 13:07:14 2025] >> week 155:   830.39 [73.97%]
[Mon Jul  7 13:07:14 2025] >> week 156:   830.72 [74.04%]
[Mon Jul  7 13:07:14 2025] >> week 157:   832.47 [74.41%]
[Mon Jul  7 13:07:14 2025] >> week 158:   832.71 [74.46%]
[Mon Jul  7 13:07:14 2025] >> week 159:   834.36 [74.80%]
[Mon Jul  7 13:07:14 2025] >> week 160:   834.77 [74.89%]
[Mon Jul  7 13:07:14 2025] >> week 161:   836.17 [75.18%]
[Mon Jul  7 13:07:14 2025] >> week 162:   837.36 [75.43%]
[Mon Jul  7 13:07:14 2025] >> week 163:   838.12 [75.59%]
[Mon Jul  7 13:07:14 2025] >> week 164:   839.45 [75.87%]
[Mon Jul  7 13:07:14 2025] >> week 165:   839.80 [75.94%]
[Mon Jul  7 13:07:14 2025] >> week 166:   841.56 [76.31%]
[Mon Jul  7 13:07:14 2025] >> week 167:   842.21 [76.45%]
[Mon Jul  7 13:07:14 2025] >> week 168:   843.81 [76.78%]
[Mon Jul  7 13:07:14 2025] >> week 169:   844.46 [76.92%]
[Mon Jul  7 13:07:14 2025] >> week 170:   845.79 [77.20%]
[Mon Jul  7 13:07:14 2025] >> week 171:   846.41 [77.33%]
[Mon Jul  7 13:07:14 2025] >> week 172:   847.48 [77.55%]
[Mon Jul  7 13:07:14 2025] >> week 173:   848.27 [77.72%]
[Mon Jul  7 13:07:14 2025] >> week 174:   848.72 [77.81%]
[Mon Jul  7 13:07:14 2025] >> week 175:   850.13 [78.11%]
[Mon Jul  7 13:07:14 2025] >> week 176:   850.72 [78.23%]
[Mon Jul  7 13:07:14 2025] >> week 177:   852.01 [78.50%]
[Mon Jul  7 13:07:14 2025] >> week 178:   852.61 [78.63%]
[Mon Jul  7 13:07:14 2025] >> week 179:   853.64 [78.84%]
[Mon Jul  7 13:07:14 2025] >> week 180:   854.53 [79.03%]
[Mon Jul  7 13:07:14 2025] >> week 181:   856.08 [79.36%]
[Mon Jul  7 13:07:14 2025] >> week 182:   857.06 [79.56%]
[Mon Jul  7 13:07:14 2025] >> week 183:   858.13 [79.79%]
[Mon Jul  7 13:07:14 2025] >> week 184:   858.73 [79.91%]
[Mon Jul  7 13:07:14 2025] >> week 185:   860.03 [80.18%]
[Mon Jul  7 13:07:14 2025] >> week 186:   860.79 [80.34%]
[Mon Jul  7 13:07:14 2025] >> week 187:   861.98 [80.59%]
[Mon Jul  7 13:07:14 2025] >> week 188:   862.53 [80.71%]
[Mon Jul  7 13:07:14 2025] >> week 189:   863.61 [80.93%]
[Mon Jul  7 13:07:14 2025] >> week 190:   864.29 [81.08%]
[Mon Jul  7 13:07:14 2025] >> week 191:   864.99 [81.22%]
[Mon Jul  7 13:07:14 2025] >> week 192:   866.37 [81.51%]
[Mon Jul  7 13:07:14 2025] >> week 193:   867.01 [81.65%]
[Mon Jul  7 13:07:14 2025] >> week 194:   868.44 [81.94%]
[Mon Jul  7 13:07:14 2025] >> week 195:   869.30 [82.13%]
[Mon Jul  7 13:07:14 2025] >> week 196:   870.30 [82.34%]
[Mon Jul  7 13:07:14 2025] >> week 197:   871.14 [82.51%]
[Mon Jul  7 13:07:14 2025] >> week 198:   872.24 [82.74%]
[Mon Jul  7 13:07:14 2025] >> week 199:   872.68 [82.83%]
[Mon Jul  7 13:07:15 2025] >> plot saved in fig-07,07-13:07:14.892854.jpg
